[2024-09-13T02:44:42.806+0000] {processor.py:157} INFO - Started process (PID=90) to work on /home/airflow/.local/lib/python3.7/site-packages/airflow/example_dags/example_latest_only_with_trigger.py
[2024-09-13T02:44:42.823+0000] {processor.py:826} INFO - Processing file /home/airflow/.local/lib/python3.7/site-packages/airflow/example_dags/example_latest_only_with_trigger.py for tasks to queue
[2024-09-13T02:44:42.963+0000] {logging_mixin.py:149} INFO - [2024-09-13T02:44:42.963+0000] {dagbag.py:541} INFO - Filling up the DagBag from /home/airflow/.local/lib/python3.7/site-packages/airflow/example_dags/example_latest_only_with_trigger.py
[2024-09-13T02:44:43.021+0000] {processor.py:836} INFO - DAG(s) dict_keys(['latest_only_with_trigger']) retrieved from /home/airflow/.local/lib/python3.7/site-packages/airflow/example_dags/example_latest_only_with_trigger.py
[2024-09-13T02:44:44.197+0000] {logging_mixin.py:149} INFO - [2024-09-13T02:44:44.194+0000] {dag.py:2726} INFO - Sync 1 DAGs
[2024-09-13T02:44:45.924+0000] {logging_mixin.py:149} INFO - [2024-09-13T02:44:45.921+0000] {dag.py:3490} INFO - Setting next_dagrun for latest_only_with_trigger to 2024-09-12T22:44:45.874229+00:00, run_after=2024-09-13T02:44:45.874229+00:00
[2024-09-13T02:44:46.361+0000] {processor.py:179} INFO - Processing /home/airflow/.local/lib/python3.7/site-packages/airflow/example_dags/example_latest_only_with_trigger.py took 3.590 seconds
[2024-09-13T02:47:29.377+0000] {processor.py:157} INFO - Started process (PID=187) to work on /home/airflow/.local/lib/python3.7/site-packages/airflow/example_dags/example_latest_only_with_trigger.py
[2024-09-13T02:47:29.381+0000] {processor.py:826} INFO - Processing file /home/airflow/.local/lib/python3.7/site-packages/airflow/example_dags/example_latest_only_with_trigger.py for tasks to queue
[2024-09-13T02:47:29.383+0000] {logging_mixin.py:149} INFO - [2024-09-13T02:47:29.383+0000] {dagbag.py:541} INFO - Filling up the DagBag from /home/airflow/.local/lib/python3.7/site-packages/airflow/example_dags/example_latest_only_with_trigger.py
[2024-09-13T02:47:29.399+0000] {processor.py:836} INFO - DAG(s) dict_keys(['latest_only_with_trigger']) retrieved from /home/airflow/.local/lib/python3.7/site-packages/airflow/example_dags/example_latest_only_with_trigger.py
[2024-09-13T02:47:29.450+0000] {logging_mixin.py:149} INFO - [2024-09-13T02:47:29.450+0000] {dag.py:2726} INFO - Sync 1 DAGs
[2024-09-13T02:47:29.514+0000] {logging_mixin.py:149} INFO - [2024-09-13T02:47:29.514+0000] {dag.py:3490} INFO - Setting next_dagrun for latest_only_with_trigger to 2024-09-12T22:47:29.513895+00:00, run_after=2024-09-13T02:47:29.513895+00:00
[2024-09-13T02:47:29.566+0000] {processor.py:179} INFO - Processing /home/airflow/.local/lib/python3.7/site-packages/airflow/example_dags/example_latest_only_with_trigger.py took 0.196 seconds
[2024-09-13T02:48:00.889+0000] {processor.py:157} INFO - Started process (PID=256) to work on /home/airflow/.local/lib/python3.7/site-packages/airflow/example_dags/example_latest_only_with_trigger.py
[2024-09-13T02:48:00.891+0000] {processor.py:826} INFO - Processing file /home/airflow/.local/lib/python3.7/site-packages/airflow/example_dags/example_latest_only_with_trigger.py for tasks to queue
[2024-09-13T02:48:00.893+0000] {logging_mixin.py:149} INFO - [2024-09-13T02:48:00.893+0000] {dagbag.py:541} INFO - Filling up the DagBag from /home/airflow/.local/lib/python3.7/site-packages/airflow/example_dags/example_latest_only_with_trigger.py
[2024-09-13T02:48:00.909+0000] {processor.py:836} INFO - DAG(s) dict_keys(['latest_only_with_trigger']) retrieved from /home/airflow/.local/lib/python3.7/site-packages/airflow/example_dags/example_latest_only_with_trigger.py
[2024-09-13T02:48:00.963+0000] {logging_mixin.py:149} INFO - [2024-09-13T02:48:00.962+0000] {dag.py:2726} INFO - Sync 1 DAGs
[2024-09-13T02:48:01.045+0000] {logging_mixin.py:149} INFO - [2024-09-13T02:48:01.044+0000] {dag.py:3490} INFO - Setting next_dagrun for latest_only_with_trigger to 2024-09-12T22:48:01.043740+00:00, run_after=2024-09-13T02:48:01.043740+00:00
[2024-09-13T02:48:01.117+0000] {processor.py:179} INFO - Processing /home/airflow/.local/lib/python3.7/site-packages/airflow/example_dags/example_latest_only_with_trigger.py took 0.233 seconds
[2024-09-13T02:48:32.090+0000] {processor.py:157} INFO - Started process (PID=325) to work on /home/airflow/.local/lib/python3.7/site-packages/airflow/example_dags/example_latest_only_with_trigger.py
[2024-09-13T02:48:32.093+0000] {processor.py:826} INFO - Processing file /home/airflow/.local/lib/python3.7/site-packages/airflow/example_dags/example_latest_only_with_trigger.py for tasks to queue
[2024-09-13T02:48:32.095+0000] {logging_mixin.py:149} INFO - [2024-09-13T02:48:32.094+0000] {dagbag.py:541} INFO - Filling up the DagBag from /home/airflow/.local/lib/python3.7/site-packages/airflow/example_dags/example_latest_only_with_trigger.py
[2024-09-13T02:48:32.110+0000] {processor.py:836} INFO - DAG(s) dict_keys(['latest_only_with_trigger']) retrieved from /home/airflow/.local/lib/python3.7/site-packages/airflow/example_dags/example_latest_only_with_trigger.py
[2024-09-13T02:48:32.168+0000] {logging_mixin.py:149} INFO - [2024-09-13T02:48:32.168+0000] {dag.py:2726} INFO - Sync 1 DAGs
[2024-09-13T02:48:32.225+0000] {logging_mixin.py:149} INFO - [2024-09-13T02:48:32.224+0000] {dag.py:3490} INFO - Setting next_dagrun for latest_only_with_trigger to 2024-09-12T22:48:32.223639+00:00, run_after=2024-09-13T02:48:32.223639+00:00
[2024-09-13T02:48:32.286+0000] {processor.py:179} INFO - Processing /home/airflow/.local/lib/python3.7/site-packages/airflow/example_dags/example_latest_only_with_trigger.py took 0.206 seconds
[2024-09-13T02:49:08.987+0000] {processor.py:157} INFO - Started process (PID=394) to work on /home/airflow/.local/lib/python3.7/site-packages/airflow/example_dags/example_latest_only_with_trigger.py
[2024-09-13T02:49:08.991+0000] {processor.py:826} INFO - Processing file /home/airflow/.local/lib/python3.7/site-packages/airflow/example_dags/example_latest_only_with_trigger.py for tasks to queue
[2024-09-13T02:49:08.993+0000] {logging_mixin.py:149} INFO - [2024-09-13T02:49:08.993+0000] {dagbag.py:541} INFO - Filling up the DagBag from /home/airflow/.local/lib/python3.7/site-packages/airflow/example_dags/example_latest_only_with_trigger.py
[2024-09-13T02:49:09.014+0000] {processor.py:836} INFO - DAG(s) dict_keys(['latest_only_with_trigger']) retrieved from /home/airflow/.local/lib/python3.7/site-packages/airflow/example_dags/example_latest_only_with_trigger.py
[2024-09-13T02:49:09.185+0000] {logging_mixin.py:149} INFO - [2024-09-13T02:49:09.184+0000] {dag.py:2726} INFO - Sync 1 DAGs
[2024-09-13T02:49:09.292+0000] {logging_mixin.py:149} INFO - [2024-09-13T02:49:09.292+0000] {dag.py:3490} INFO - Setting next_dagrun for latest_only_with_trigger to 2024-09-12T22:49:09.291168+00:00, run_after=2024-09-13T02:49:09.291168+00:00
[2024-09-13T02:49:09.474+0000] {processor.py:179} INFO - Processing /home/airflow/.local/lib/python3.7/site-packages/airflow/example_dags/example_latest_only_with_trigger.py took 0.501 seconds
[2024-09-13T02:49:40.270+0000] {processor.py:157} INFO - Started process (PID=462) to work on /home/airflow/.local/lib/python3.7/site-packages/airflow/example_dags/example_latest_only_with_trigger.py
[2024-09-13T02:49:40.275+0000] {processor.py:826} INFO - Processing file /home/airflow/.local/lib/python3.7/site-packages/airflow/example_dags/example_latest_only_with_trigger.py for tasks to queue
[2024-09-13T02:49:40.277+0000] {logging_mixin.py:149} INFO - [2024-09-13T02:49:40.277+0000] {dagbag.py:541} INFO - Filling up the DagBag from /home/airflow/.local/lib/python3.7/site-packages/airflow/example_dags/example_latest_only_with_trigger.py
[2024-09-13T02:49:40.297+0000] {processor.py:836} INFO - DAG(s) dict_keys(['latest_only_with_trigger']) retrieved from /home/airflow/.local/lib/python3.7/site-packages/airflow/example_dags/example_latest_only_with_trigger.py
[2024-09-13T02:49:40.371+0000] {logging_mixin.py:149} INFO - [2024-09-13T02:49:40.371+0000] {dag.py:2726} INFO - Sync 1 DAGs
[2024-09-13T02:49:40.410+0000] {logging_mixin.py:149} INFO - [2024-09-13T02:49:40.409+0000] {dag.py:3490} INFO - Setting next_dagrun for latest_only_with_trigger to 2024-09-12T22:49:40.409202+00:00, run_after=2024-09-13T02:49:40.409202+00:00
[2024-09-13T02:49:40.437+0000] {processor.py:179} INFO - Processing /home/airflow/.local/lib/python3.7/site-packages/airflow/example_dags/example_latest_only_with_trigger.py took 0.175 seconds
[2024-09-13T02:50:14.571+0000] {processor.py:157} INFO - Started process (PID=538) to work on /home/airflow/.local/lib/python3.7/site-packages/airflow/example_dags/example_latest_only_with_trigger.py
[2024-09-13T02:50:14.574+0000] {processor.py:826} INFO - Processing file /home/airflow/.local/lib/python3.7/site-packages/airflow/example_dags/example_latest_only_with_trigger.py for tasks to queue
[2024-09-13T02:50:14.577+0000] {logging_mixin.py:149} INFO - [2024-09-13T02:50:14.577+0000] {dagbag.py:541} INFO - Filling up the DagBag from /home/airflow/.local/lib/python3.7/site-packages/airflow/example_dags/example_latest_only_with_trigger.py
[2024-09-13T02:50:14.601+0000] {processor.py:836} INFO - DAG(s) dict_keys(['latest_only_with_trigger']) retrieved from /home/airflow/.local/lib/python3.7/site-packages/airflow/example_dags/example_latest_only_with_trigger.py
[2024-09-13T02:50:14.684+0000] {logging_mixin.py:149} INFO - [2024-09-13T02:50:14.683+0000] {dag.py:2726} INFO - Sync 1 DAGs
[2024-09-13T02:50:14.800+0000] {logging_mixin.py:149} INFO - [2024-09-13T02:50:14.800+0000] {dag.py:3490} INFO - Setting next_dagrun for latest_only_with_trigger to 2024-09-12T22:50:14.798492+00:00, run_after=2024-09-13T02:50:14.798492+00:00
[2024-09-13T02:50:14.850+0000] {processor.py:179} INFO - Processing /home/airflow/.local/lib/python3.7/site-packages/airflow/example_dags/example_latest_only_with_trigger.py took 0.296 seconds
[2024-09-13T02:50:47.178+0000] {processor.py:157} INFO - Started process (PID=607) to work on /home/airflow/.local/lib/python3.7/site-packages/airflow/example_dags/example_latest_only_with_trigger.py
[2024-09-13T02:50:47.181+0000] {processor.py:826} INFO - Processing file /home/airflow/.local/lib/python3.7/site-packages/airflow/example_dags/example_latest_only_with_trigger.py for tasks to queue
[2024-09-13T02:50:47.184+0000] {logging_mixin.py:149} INFO - [2024-09-13T02:50:47.184+0000] {dagbag.py:541} INFO - Filling up the DagBag from /home/airflow/.local/lib/python3.7/site-packages/airflow/example_dags/example_latest_only_with_trigger.py
[2024-09-13T02:50:47.207+0000] {processor.py:836} INFO - DAG(s) dict_keys(['latest_only_with_trigger']) retrieved from /home/airflow/.local/lib/python3.7/site-packages/airflow/example_dags/example_latest_only_with_trigger.py
[2024-09-13T02:50:47.304+0000] {logging_mixin.py:149} INFO - [2024-09-13T02:50:47.303+0000] {dag.py:2726} INFO - Sync 1 DAGs
[2024-09-13T02:50:47.432+0000] {logging_mixin.py:149} INFO - [2024-09-13T02:50:47.432+0000] {dag.py:3490} INFO - Setting next_dagrun for latest_only_with_trigger to 2024-09-12T22:50:47.428088+00:00, run_after=2024-09-13T02:50:47.428088+00:00
[2024-09-13T02:50:47.494+0000] {processor.py:179} INFO - Processing /home/airflow/.local/lib/python3.7/site-packages/airflow/example_dags/example_latest_only_with_trigger.py took 0.326 seconds
[2024-09-13T02:51:19.473+0000] {processor.py:157} INFO - Started process (PID=676) to work on /home/airflow/.local/lib/python3.7/site-packages/airflow/example_dags/example_latest_only_with_trigger.py
[2024-09-13T02:51:19.475+0000] {processor.py:826} INFO - Processing file /home/airflow/.local/lib/python3.7/site-packages/airflow/example_dags/example_latest_only_with_trigger.py for tasks to queue
[2024-09-13T02:51:19.478+0000] {logging_mixin.py:149} INFO - [2024-09-13T02:51:19.477+0000] {dagbag.py:541} INFO - Filling up the DagBag from /home/airflow/.local/lib/python3.7/site-packages/airflow/example_dags/example_latest_only_with_trigger.py
[2024-09-13T02:51:19.499+0000] {processor.py:836} INFO - DAG(s) dict_keys(['latest_only_with_trigger']) retrieved from /home/airflow/.local/lib/python3.7/site-packages/airflow/example_dags/example_latest_only_with_trigger.py
[2024-09-13T02:51:19.571+0000] {logging_mixin.py:149} INFO - [2024-09-13T02:51:19.571+0000] {dag.py:2726} INFO - Sync 1 DAGs
[2024-09-13T02:51:19.634+0000] {logging_mixin.py:149} INFO - [2024-09-13T02:51:19.634+0000] {dag.py:3490} INFO - Setting next_dagrun for latest_only_with_trigger to 2024-09-12T22:51:19.633277+00:00, run_after=2024-09-13T02:51:19.633277+00:00
[2024-09-13T02:51:19.675+0000] {processor.py:179} INFO - Processing /home/airflow/.local/lib/python3.7/site-packages/airflow/example_dags/example_latest_only_with_trigger.py took 0.212 seconds
[2024-09-13T02:51:50.856+0000] {processor.py:157} INFO - Started process (PID=747) to work on /home/airflow/.local/lib/python3.7/site-packages/airflow/example_dags/example_latest_only_with_trigger.py
[2024-09-13T02:51:50.858+0000] {processor.py:826} INFO - Processing file /home/airflow/.local/lib/python3.7/site-packages/airflow/example_dags/example_latest_only_with_trigger.py for tasks to queue
[2024-09-13T02:51:50.860+0000] {logging_mixin.py:149} INFO - [2024-09-13T02:51:50.860+0000] {dagbag.py:541} INFO - Filling up the DagBag from /home/airflow/.local/lib/python3.7/site-packages/airflow/example_dags/example_latest_only_with_trigger.py
[2024-09-13T02:51:50.873+0000] {processor.py:836} INFO - DAG(s) dict_keys(['latest_only_with_trigger']) retrieved from /home/airflow/.local/lib/python3.7/site-packages/airflow/example_dags/example_latest_only_with_trigger.py
[2024-09-13T02:51:50.959+0000] {logging_mixin.py:149} INFO - [2024-09-13T02:51:50.959+0000] {dag.py:2726} INFO - Sync 1 DAGs
[2024-09-13T02:51:51.057+0000] {logging_mixin.py:149} INFO - [2024-09-13T02:51:51.056+0000] {dag.py:3490} INFO - Setting next_dagrun for latest_only_with_trigger to 2024-09-12T22:51:51.054062+00:00, run_after=2024-09-13T02:51:51.054062+00:00
[2024-09-13T02:51:51.163+0000] {processor.py:179} INFO - Processing /home/airflow/.local/lib/python3.7/site-packages/airflow/example_dags/example_latest_only_with_trigger.py took 0.314 seconds
[2024-09-13T02:52:24.904+0000] {processor.py:157} INFO - Started process (PID=822) to work on /home/airflow/.local/lib/python3.7/site-packages/airflow/example_dags/example_latest_only_with_trigger.py
[2024-09-13T02:52:24.908+0000] {processor.py:826} INFO - Processing file /home/airflow/.local/lib/python3.7/site-packages/airflow/example_dags/example_latest_only_with_trigger.py for tasks to queue
[2024-09-13T02:52:24.910+0000] {logging_mixin.py:149} INFO - [2024-09-13T02:52:24.910+0000] {dagbag.py:541} INFO - Filling up the DagBag from /home/airflow/.local/lib/python3.7/site-packages/airflow/example_dags/example_latest_only_with_trigger.py
[2024-09-13T02:52:24.934+0000] {processor.py:836} INFO - DAG(s) dict_keys(['latest_only_with_trigger']) retrieved from /home/airflow/.local/lib/python3.7/site-packages/airflow/example_dags/example_latest_only_with_trigger.py
[2024-09-13T02:52:25.030+0000] {logging_mixin.py:149} INFO - [2024-09-13T02:52:25.029+0000] {dag.py:2726} INFO - Sync 1 DAGs
[2024-09-13T02:52:25.122+0000] {logging_mixin.py:149} INFO - [2024-09-13T02:52:25.121+0000] {dag.py:3490} INFO - Setting next_dagrun for latest_only_with_trigger to 2024-09-12T22:52:25.120326+00:00, run_after=2024-09-13T02:52:25.120326+00:00
[2024-09-13T02:52:25.179+0000] {processor.py:179} INFO - Processing /home/airflow/.local/lib/python3.7/site-packages/airflow/example_dags/example_latest_only_with_trigger.py took 0.285 seconds
[2024-09-13T02:52:56.517+0000] {processor.py:157} INFO - Started process (PID=893) to work on /home/airflow/.local/lib/python3.7/site-packages/airflow/example_dags/example_latest_only_with_trigger.py
[2024-09-13T02:52:56.527+0000] {processor.py:826} INFO - Processing file /home/airflow/.local/lib/python3.7/site-packages/airflow/example_dags/example_latest_only_with_trigger.py for tasks to queue
[2024-09-13T02:52:56.532+0000] {logging_mixin.py:149} INFO - [2024-09-13T02:52:56.532+0000] {dagbag.py:541} INFO - Filling up the DagBag from /home/airflow/.local/lib/python3.7/site-packages/airflow/example_dags/example_latest_only_with_trigger.py
[2024-09-13T02:52:56.593+0000] {processor.py:836} INFO - DAG(s) dict_keys(['latest_only_with_trigger']) retrieved from /home/airflow/.local/lib/python3.7/site-packages/airflow/example_dags/example_latest_only_with_trigger.py
[2024-09-13T02:52:56.828+0000] {logging_mixin.py:149} INFO - [2024-09-13T02:52:56.826+0000] {dag.py:2726} INFO - Sync 1 DAGs
[2024-09-13T02:52:57.078+0000] {logging_mixin.py:149} INFO - [2024-09-13T02:52:57.077+0000] {dag.py:3490} INFO - Setting next_dagrun for latest_only_with_trigger to 2024-09-12T22:52:57.066303+00:00, run_after=2024-09-13T02:52:57.066303+00:00
[2024-09-13T02:52:57.168+0000] {processor.py:179} INFO - Processing /home/airflow/.local/lib/python3.7/site-packages/airflow/example_dags/example_latest_only_with_trigger.py took 0.669 seconds
[2024-09-13T02:53:28.884+0000] {processor.py:157} INFO - Started process (PID=962) to work on /home/airflow/.local/lib/python3.7/site-packages/airflow/example_dags/example_latest_only_with_trigger.py
[2024-09-13T02:53:28.886+0000] {processor.py:826} INFO - Processing file /home/airflow/.local/lib/python3.7/site-packages/airflow/example_dags/example_latest_only_with_trigger.py for tasks to queue
[2024-09-13T02:53:28.888+0000] {logging_mixin.py:149} INFO - [2024-09-13T02:53:28.888+0000] {dagbag.py:541} INFO - Filling up the DagBag from /home/airflow/.local/lib/python3.7/site-packages/airflow/example_dags/example_latest_only_with_trigger.py
[2024-09-13T02:53:28.905+0000] {processor.py:836} INFO - DAG(s) dict_keys(['latest_only_with_trigger']) retrieved from /home/airflow/.local/lib/python3.7/site-packages/airflow/example_dags/example_latest_only_with_trigger.py
[2024-09-13T02:53:28.963+0000] {logging_mixin.py:149} INFO - [2024-09-13T02:53:28.963+0000] {dag.py:2726} INFO - Sync 1 DAGs
[2024-09-13T02:53:29.048+0000] {logging_mixin.py:149} INFO - [2024-09-13T02:53:29.047+0000] {dag.py:3490} INFO - Setting next_dagrun for latest_only_with_trigger to 2024-09-12T22:53:29.047022+00:00, run_after=2024-09-13T02:53:29.047022+00:00
[2024-09-13T02:53:29.121+0000] {processor.py:179} INFO - Processing /home/airflow/.local/lib/python3.7/site-packages/airflow/example_dags/example_latest_only_with_trigger.py took 0.243 seconds
[2024-09-13T02:54:04.785+0000] {processor.py:157} INFO - Started process (PID=1031) to work on /home/airflow/.local/lib/python3.7/site-packages/airflow/example_dags/example_latest_only_with_trigger.py
[2024-09-13T02:54:04.787+0000] {processor.py:826} INFO - Processing file /home/airflow/.local/lib/python3.7/site-packages/airflow/example_dags/example_latest_only_with_trigger.py for tasks to queue
[2024-09-13T02:54:04.789+0000] {logging_mixin.py:149} INFO - [2024-09-13T02:54:04.789+0000] {dagbag.py:541} INFO - Filling up the DagBag from /home/airflow/.local/lib/python3.7/site-packages/airflow/example_dags/example_latest_only_with_trigger.py
[2024-09-13T02:54:04.806+0000] {processor.py:836} INFO - DAG(s) dict_keys(['latest_only_with_trigger']) retrieved from /home/airflow/.local/lib/python3.7/site-packages/airflow/example_dags/example_latest_only_with_trigger.py
[2024-09-13T02:54:04.897+0000] {logging_mixin.py:149} INFO - [2024-09-13T02:54:04.896+0000] {dag.py:2726} INFO - Sync 1 DAGs
[2024-09-13T02:54:04.994+0000] {logging_mixin.py:149} INFO - [2024-09-13T02:54:04.994+0000] {dag.py:3490} INFO - Setting next_dagrun for latest_only_with_trigger to 2024-09-12T22:54:04.992682+00:00, run_after=2024-09-13T02:54:04.992682+00:00
[2024-09-13T02:54:05.146+0000] {processor.py:179} INFO - Processing /home/airflow/.local/lib/python3.7/site-packages/airflow/example_dags/example_latest_only_with_trigger.py took 0.369 seconds
[2024-09-13T02:54:36.050+0000] {processor.py:157} INFO - Started process (PID=1100) to work on /home/airflow/.local/lib/python3.7/site-packages/airflow/example_dags/example_latest_only_with_trigger.py
[2024-09-13T02:54:36.054+0000] {processor.py:826} INFO - Processing file /home/airflow/.local/lib/python3.7/site-packages/airflow/example_dags/example_latest_only_with_trigger.py for tasks to queue
[2024-09-13T02:54:36.059+0000] {logging_mixin.py:149} INFO - [2024-09-13T02:54:36.058+0000] {dagbag.py:541} INFO - Filling up the DagBag from /home/airflow/.local/lib/python3.7/site-packages/airflow/example_dags/example_latest_only_with_trigger.py
[2024-09-13T02:54:36.087+0000] {processor.py:836} INFO - DAG(s) dict_keys(['latest_only_with_trigger']) retrieved from /home/airflow/.local/lib/python3.7/site-packages/airflow/example_dags/example_latest_only_with_trigger.py
[2024-09-13T02:54:36.150+0000] {logging_mixin.py:149} INFO - [2024-09-13T02:54:36.150+0000] {dag.py:2726} INFO - Sync 1 DAGs
[2024-09-13T02:54:36.208+0000] {logging_mixin.py:149} INFO - [2024-09-13T02:54:36.208+0000] {dag.py:3490} INFO - Setting next_dagrun for latest_only_with_trigger to 2024-09-12T22:54:36.207881+00:00, run_after=2024-09-13T02:54:36.207881+00:00
[2024-09-13T02:54:36.276+0000] {processor.py:179} INFO - Processing /home/airflow/.local/lib/python3.7/site-packages/airflow/example_dags/example_latest_only_with_trigger.py took 0.235 seconds
[2024-09-13T02:55:14.369+0000] {processor.py:157} INFO - Started process (PID=1173) to work on /home/airflow/.local/lib/python3.7/site-packages/airflow/example_dags/example_latest_only_with_trigger.py
[2024-09-13T02:55:14.379+0000] {processor.py:826} INFO - Processing file /home/airflow/.local/lib/python3.7/site-packages/airflow/example_dags/example_latest_only_with_trigger.py for tasks to queue
[2024-09-13T02:55:14.389+0000] {logging_mixin.py:149} INFO - [2024-09-13T02:55:14.388+0000] {dagbag.py:541} INFO - Filling up the DagBag from /home/airflow/.local/lib/python3.7/site-packages/airflow/example_dags/example_latest_only_with_trigger.py
[2024-09-13T02:55:14.412+0000] {processor.py:836} INFO - DAG(s) dict_keys(['latest_only_with_trigger']) retrieved from /home/airflow/.local/lib/python3.7/site-packages/airflow/example_dags/example_latest_only_with_trigger.py
[2024-09-13T02:55:14.526+0000] {logging_mixin.py:149} INFO - [2024-09-13T02:55:14.526+0000] {dag.py:2726} INFO - Sync 1 DAGs
[2024-09-13T02:55:14.659+0000] {logging_mixin.py:149} INFO - [2024-09-13T02:55:14.658+0000] {dag.py:3490} INFO - Setting next_dagrun for latest_only_with_trigger to 2024-09-12T22:55:14.658146+00:00, run_after=2024-09-13T02:55:14.658146+00:00
[2024-09-13T02:55:14.747+0000] {processor.py:179} INFO - Processing /home/airflow/.local/lib/python3.7/site-packages/airflow/example_dags/example_latest_only_with_trigger.py took 0.392 seconds
[2024-09-13T02:55:50.197+0000] {processor.py:157} INFO - Started process (PID=1254) to work on /home/airflow/.local/lib/python3.7/site-packages/airflow/example_dags/example_latest_only_with_trigger.py
[2024-09-13T02:55:50.201+0000] {processor.py:826} INFO - Processing file /home/airflow/.local/lib/python3.7/site-packages/airflow/example_dags/example_latest_only_with_trigger.py for tasks to queue
[2024-09-13T02:55:50.203+0000] {logging_mixin.py:149} INFO - [2024-09-13T02:55:50.203+0000] {dagbag.py:541} INFO - Filling up the DagBag from /home/airflow/.local/lib/python3.7/site-packages/airflow/example_dags/example_latest_only_with_trigger.py
[2024-09-13T02:55:50.224+0000] {processor.py:836} INFO - DAG(s) dict_keys(['latest_only_with_trigger']) retrieved from /home/airflow/.local/lib/python3.7/site-packages/airflow/example_dags/example_latest_only_with_trigger.py
[2024-09-13T02:55:50.288+0000] {logging_mixin.py:149} INFO - [2024-09-13T02:55:50.287+0000] {dag.py:2726} INFO - Sync 1 DAGs
[2024-09-13T02:55:50.390+0000] {logging_mixin.py:149} INFO - [2024-09-13T02:55:50.390+0000] {dag.py:3490} INFO - Setting next_dagrun for latest_only_with_trigger to 2024-09-12T22:55:50.389430+00:00, run_after=2024-09-13T02:55:50.389430+00:00
[2024-09-13T02:55:50.430+0000] {processor.py:179} INFO - Processing /home/airflow/.local/lib/python3.7/site-packages/airflow/example_dags/example_latest_only_with_trigger.py took 0.244 seconds
[2024-09-13T02:56:23.877+0000] {processor.py:157} INFO - Started process (PID=1323) to work on /home/airflow/.local/lib/python3.7/site-packages/airflow/example_dags/example_latest_only_with_trigger.py
[2024-09-13T02:56:23.883+0000] {processor.py:826} INFO - Processing file /home/airflow/.local/lib/python3.7/site-packages/airflow/example_dags/example_latest_only_with_trigger.py for tasks to queue
[2024-09-13T02:56:23.889+0000] {logging_mixin.py:149} INFO - [2024-09-13T02:56:23.888+0000] {dagbag.py:541} INFO - Filling up the DagBag from /home/airflow/.local/lib/python3.7/site-packages/airflow/example_dags/example_latest_only_with_trigger.py
[2024-09-13T02:56:23.931+0000] {processor.py:836} INFO - DAG(s) dict_keys(['latest_only_with_trigger']) retrieved from /home/airflow/.local/lib/python3.7/site-packages/airflow/example_dags/example_latest_only_with_trigger.py
[2024-09-13T02:56:24.152+0000] {logging_mixin.py:149} INFO - [2024-09-13T02:56:24.152+0000] {dag.py:2726} INFO - Sync 1 DAGs
[2024-09-13T02:56:24.360+0000] {logging_mixin.py:149} INFO - [2024-09-13T02:56:24.360+0000] {dag.py:3490} INFO - Setting next_dagrun for latest_only_with_trigger to 2024-09-12T22:56:24.358975+00:00, run_after=2024-09-13T02:56:24.358975+00:00
[2024-09-13T02:56:24.438+0000] {processor.py:179} INFO - Processing /home/airflow/.local/lib/python3.7/site-packages/airflow/example_dags/example_latest_only_with_trigger.py took 0.579 seconds
[2024-09-13T02:56:54.718+0000] {processor.py:157} INFO - Started process (PID=1392) to work on /home/airflow/.local/lib/python3.7/site-packages/airflow/example_dags/example_latest_only_with_trigger.py
[2024-09-13T02:56:54.720+0000] {processor.py:826} INFO - Processing file /home/airflow/.local/lib/python3.7/site-packages/airflow/example_dags/example_latest_only_with_trigger.py for tasks to queue
[2024-09-13T02:56:54.721+0000] {logging_mixin.py:149} INFO - [2024-09-13T02:56:54.721+0000] {dagbag.py:541} INFO - Filling up the DagBag from /home/airflow/.local/lib/python3.7/site-packages/airflow/example_dags/example_latest_only_with_trigger.py
[2024-09-13T02:56:54.732+0000] {processor.py:836} INFO - DAG(s) dict_keys(['latest_only_with_trigger']) retrieved from /home/airflow/.local/lib/python3.7/site-packages/airflow/example_dags/example_latest_only_with_trigger.py
[2024-09-13T02:56:54.776+0000] {logging_mixin.py:149} INFO - [2024-09-13T02:56:54.776+0000] {dag.py:2726} INFO - Sync 1 DAGs
[2024-09-13T02:56:54.819+0000] {logging_mixin.py:149} INFO - [2024-09-13T02:56:54.818+0000] {dag.py:3490} INFO - Setting next_dagrun for latest_only_with_trigger to 2024-09-12T22:56:54.818343+00:00, run_after=2024-09-13T02:56:54.818343+00:00
[2024-09-13T02:56:54.866+0000] {processor.py:179} INFO - Processing /home/airflow/.local/lib/python3.7/site-packages/airflow/example_dags/example_latest_only_with_trigger.py took 0.154 seconds
