[2024-09-13T02:44:36.573+0000] {processor.py:157} INFO - Started process (PID=89) to work on /home/airflow/.local/lib/python3.7/site-packages/airflow/example_dags/example_trigger_controller_dag.py
[2024-09-13T02:44:36.588+0000] {processor.py:826} INFO - Processing file /home/airflow/.local/lib/python3.7/site-packages/airflow/example_dags/example_trigger_controller_dag.py for tasks to queue
[2024-09-13T02:44:36.594+0000] {logging_mixin.py:149} INFO - [2024-09-13T02:44:36.594+0000] {dagbag.py:541} INFO - Filling up the DagBag from /home/airflow/.local/lib/python3.7/site-packages/airflow/example_dags/example_trigger_controller_dag.py
[2024-09-13T02:44:37.489+0000] {processor.py:836} INFO - DAG(s) dict_keys(['example_trigger_controller_dag']) retrieved from /home/airflow/.local/lib/python3.7/site-packages/airflow/example_dags/example_trigger_controller_dag.py
[2024-09-13T02:44:40.080+0000] {logging_mixin.py:149} INFO - [2024-09-13T02:44:40.075+0000] {dag.py:2726} INFO - Sync 1 DAGs
[2024-09-13T02:44:41.040+0000] {logging_mixin.py:149} INFO - [2024-09-13T02:44:41.038+0000] {dag.py:3490} INFO - Setting next_dagrun for example_trigger_controller_dag to 2021-01-01T00:00:00+00:00, run_after=2021-01-01T00:00:00+00:00
[2024-09-13T02:44:42.074+0000] {processor.py:179} INFO - Processing /home/airflow/.local/lib/python3.7/site-packages/airflow/example_dags/example_trigger_controller_dag.py took 5.575 seconds
[2024-09-13T02:47:29.279+0000] {processor.py:157} INFO - Started process (PID=186) to work on /home/airflow/.local/lib/python3.7/site-packages/airflow/example_dags/example_trigger_controller_dag.py
[2024-09-13T02:47:29.298+0000] {processor.py:826} INFO - Processing file /home/airflow/.local/lib/python3.7/site-packages/airflow/example_dags/example_trigger_controller_dag.py for tasks to queue
[2024-09-13T02:47:29.307+0000] {logging_mixin.py:149} INFO - [2024-09-13T02:47:29.307+0000] {dagbag.py:541} INFO - Filling up the DagBag from /home/airflow/.local/lib/python3.7/site-packages/airflow/example_dags/example_trigger_controller_dag.py
[2024-09-13T02:47:29.318+0000] {processor.py:836} INFO - DAG(s) dict_keys(['example_trigger_controller_dag']) retrieved from /home/airflow/.local/lib/python3.7/site-packages/airflow/example_dags/example_trigger_controller_dag.py
[2024-09-13T02:47:29.393+0000] {logging_mixin.py:149} INFO - [2024-09-13T02:47:29.392+0000] {dag.py:2726} INFO - Sync 1 DAGs
[2024-09-13T02:47:29.449+0000] {logging_mixin.py:149} INFO - [2024-09-13T02:47:29.448+0000] {dag.py:3490} INFO - Setting next_dagrun for example_trigger_controller_dag to 2021-01-01T00:00:00+00:00, run_after=2021-01-01T00:00:00+00:00
[2024-09-13T02:47:29.488+0000] {processor.py:179} INFO - Processing /home/airflow/.local/lib/python3.7/site-packages/airflow/example_dags/example_trigger_controller_dag.py took 0.220 seconds
[2024-09-13T02:48:00.696+0000] {processor.py:157} INFO - Started process (PID=255) to work on /home/airflow/.local/lib/python3.7/site-packages/airflow/example_dags/example_trigger_controller_dag.py
[2024-09-13T02:48:00.701+0000] {processor.py:826} INFO - Processing file /home/airflow/.local/lib/python3.7/site-packages/airflow/example_dags/example_trigger_controller_dag.py for tasks to queue
[2024-09-13T02:48:00.705+0000] {logging_mixin.py:149} INFO - [2024-09-13T02:48:00.704+0000] {dagbag.py:541} INFO - Filling up the DagBag from /home/airflow/.local/lib/python3.7/site-packages/airflow/example_dags/example_trigger_controller_dag.py
[2024-09-13T02:48:00.716+0000] {processor.py:836} INFO - DAG(s) dict_keys(['example_trigger_controller_dag']) retrieved from /home/airflow/.local/lib/python3.7/site-packages/airflow/example_dags/example_trigger_controller_dag.py
[2024-09-13T02:48:00.790+0000] {logging_mixin.py:149} INFO - [2024-09-13T02:48:00.790+0000] {dag.py:2726} INFO - Sync 1 DAGs
[2024-09-13T02:48:00.873+0000] {logging_mixin.py:149} INFO - [2024-09-13T02:48:00.873+0000] {dag.py:3490} INFO - Setting next_dagrun for example_trigger_controller_dag to 2021-01-01T00:00:00+00:00, run_after=2021-01-01T00:00:00+00:00
[2024-09-13T02:48:00.923+0000] {processor.py:179} INFO - Processing /home/airflow/.local/lib/python3.7/site-packages/airflow/example_dags/example_trigger_controller_dag.py took 0.239 seconds
[2024-09-13T02:48:31.947+0000] {processor.py:157} INFO - Started process (PID=324) to work on /home/airflow/.local/lib/python3.7/site-packages/airflow/example_dags/example_trigger_controller_dag.py
[2024-09-13T02:48:31.949+0000] {processor.py:826} INFO - Processing file /home/airflow/.local/lib/python3.7/site-packages/airflow/example_dags/example_trigger_controller_dag.py for tasks to queue
[2024-09-13T02:48:31.951+0000] {logging_mixin.py:149} INFO - [2024-09-13T02:48:31.951+0000] {dagbag.py:541} INFO - Filling up the DagBag from /home/airflow/.local/lib/python3.7/site-packages/airflow/example_dags/example_trigger_controller_dag.py
[2024-09-13T02:48:31.977+0000] {processor.py:836} INFO - DAG(s) dict_keys(['example_trigger_controller_dag']) retrieved from /home/airflow/.local/lib/python3.7/site-packages/airflow/example_dags/example_trigger_controller_dag.py
[2024-09-13T02:48:32.052+0000] {logging_mixin.py:149} INFO - [2024-09-13T02:48:32.052+0000] {dag.py:2726} INFO - Sync 1 DAGs
[2024-09-13T02:48:32.131+0000] {logging_mixin.py:149} INFO - [2024-09-13T02:48:32.131+0000] {dag.py:3490} INFO - Setting next_dagrun for example_trigger_controller_dag to 2021-01-01T00:00:00+00:00, run_after=2021-01-01T00:00:00+00:00
[2024-09-13T02:48:32.171+0000] {processor.py:179} INFO - Processing /home/airflow/.local/lib/python3.7/site-packages/airflow/example_dags/example_trigger_controller_dag.py took 0.235 seconds
[2024-09-13T02:49:08.477+0000] {processor.py:157} INFO - Started process (PID=393) to work on /home/airflow/.local/lib/python3.7/site-packages/airflow/example_dags/example_trigger_controller_dag.py
[2024-09-13T02:49:08.501+0000] {processor.py:826} INFO - Processing file /home/airflow/.local/lib/python3.7/site-packages/airflow/example_dags/example_trigger_controller_dag.py for tasks to queue
[2024-09-13T02:49:08.504+0000] {logging_mixin.py:149} INFO - [2024-09-13T02:49:08.504+0000] {dagbag.py:541} INFO - Filling up the DagBag from /home/airflow/.local/lib/python3.7/site-packages/airflow/example_dags/example_trigger_controller_dag.py
[2024-09-13T02:49:08.587+0000] {processor.py:836} INFO - DAG(s) dict_keys(['example_trigger_controller_dag']) retrieved from /home/airflow/.local/lib/python3.7/site-packages/airflow/example_dags/example_trigger_controller_dag.py
[2024-09-13T02:49:08.869+0000] {logging_mixin.py:149} INFO - [2024-09-13T02:49:08.868+0000] {dag.py:2726} INFO - Sync 1 DAGs
[2024-09-13T02:49:09.025+0000] {logging_mixin.py:149} INFO - [2024-09-13T02:49:09.024+0000] {dag.py:3490} INFO - Setting next_dagrun for example_trigger_controller_dag to 2021-01-01T00:00:00+00:00, run_after=2021-01-01T00:00:00+00:00
[2024-09-13T02:49:09.119+0000] {processor.py:179} INFO - Processing /home/airflow/.local/lib/python3.7/site-packages/airflow/example_dags/example_trigger_controller_dag.py took 0.670 seconds
[2024-09-13T02:49:40.128+0000] {processor.py:157} INFO - Started process (PID=461) to work on /home/airflow/.local/lib/python3.7/site-packages/airflow/example_dags/example_trigger_controller_dag.py
[2024-09-13T02:49:40.130+0000] {processor.py:826} INFO - Processing file /home/airflow/.local/lib/python3.7/site-packages/airflow/example_dags/example_trigger_controller_dag.py for tasks to queue
[2024-09-13T02:49:40.132+0000] {logging_mixin.py:149} INFO - [2024-09-13T02:49:40.131+0000] {dagbag.py:541} INFO - Filling up the DagBag from /home/airflow/.local/lib/python3.7/site-packages/airflow/example_dags/example_trigger_controller_dag.py
[2024-09-13T02:49:40.140+0000] {processor.py:836} INFO - DAG(s) dict_keys(['example_trigger_controller_dag']) retrieved from /home/airflow/.local/lib/python3.7/site-packages/airflow/example_dags/example_trigger_controller_dag.py
[2024-09-13T02:49:40.194+0000] {logging_mixin.py:149} INFO - [2024-09-13T02:49:40.194+0000] {dag.py:2726} INFO - Sync 1 DAGs
[2024-09-13T02:49:40.257+0000] {logging_mixin.py:149} INFO - [2024-09-13T02:49:40.256+0000] {dag.py:3490} INFO - Setting next_dagrun for example_trigger_controller_dag to 2021-01-01T00:00:00+00:00, run_after=2021-01-01T00:00:00+00:00
[2024-09-13T02:49:40.311+0000] {processor.py:179} INFO - Processing /home/airflow/.local/lib/python3.7/site-packages/airflow/example_dags/example_trigger_controller_dag.py took 0.196 seconds
[2024-09-13T02:50:14.406+0000] {processor.py:157} INFO - Started process (PID=537) to work on /home/airflow/.local/lib/python3.7/site-packages/airflow/example_dags/example_trigger_controller_dag.py
[2024-09-13T02:50:14.412+0000] {processor.py:826} INFO - Processing file /home/airflow/.local/lib/python3.7/site-packages/airflow/example_dags/example_trigger_controller_dag.py for tasks to queue
[2024-09-13T02:50:14.425+0000] {logging_mixin.py:149} INFO - [2024-09-13T02:50:14.424+0000] {dagbag.py:541} INFO - Filling up the DagBag from /home/airflow/.local/lib/python3.7/site-packages/airflow/example_dags/example_trigger_controller_dag.py
[2024-09-13T02:50:14.463+0000] {processor.py:836} INFO - DAG(s) dict_keys(['example_trigger_controller_dag']) retrieved from /home/airflow/.local/lib/python3.7/site-packages/airflow/example_dags/example_trigger_controller_dag.py
[2024-09-13T02:50:14.600+0000] {logging_mixin.py:149} INFO - [2024-09-13T02:50:14.599+0000] {dag.py:2726} INFO - Sync 1 DAGs
[2024-09-13T02:50:14.684+0000] {logging_mixin.py:149} INFO - [2024-09-13T02:50:14.683+0000] {dag.py:3490} INFO - Setting next_dagrun for example_trigger_controller_dag to 2021-01-01T00:00:00+00:00, run_after=2021-01-01T00:00:00+00:00
[2024-09-13T02:50:14.763+0000] {processor.py:179} INFO - Processing /home/airflow/.local/lib/python3.7/site-packages/airflow/example_dags/example_trigger_controller_dag.py took 0.382 seconds
[2024-09-13T02:50:47.034+0000] {processor.py:157} INFO - Started process (PID=606) to work on /home/airflow/.local/lib/python3.7/site-packages/airflow/example_dags/example_trigger_controller_dag.py
[2024-09-13T02:50:47.040+0000] {processor.py:826} INFO - Processing file /home/airflow/.local/lib/python3.7/site-packages/airflow/example_dags/example_trigger_controller_dag.py for tasks to queue
[2024-09-13T02:50:47.045+0000] {logging_mixin.py:149} INFO - [2024-09-13T02:50:47.045+0000] {dagbag.py:541} INFO - Filling up the DagBag from /home/airflow/.local/lib/python3.7/site-packages/airflow/example_dags/example_trigger_controller_dag.py
[2024-09-13T02:50:47.064+0000] {processor.py:836} INFO - DAG(s) dict_keys(['example_trigger_controller_dag']) retrieved from /home/airflow/.local/lib/python3.7/site-packages/airflow/example_dags/example_trigger_controller_dag.py
[2024-09-13T02:50:47.153+0000] {logging_mixin.py:149} INFO - [2024-09-13T02:50:47.153+0000] {dag.py:2726} INFO - Sync 1 DAGs
[2024-09-13T02:50:47.234+0000] {logging_mixin.py:149} INFO - [2024-09-13T02:50:47.233+0000] {dag.py:3490} INFO - Setting next_dagrun for example_trigger_controller_dag to 2021-01-01T00:00:00+00:00, run_after=2021-01-01T00:00:00+00:00
[2024-09-13T02:50:47.329+0000] {processor.py:179} INFO - Processing /home/airflow/.local/lib/python3.7/site-packages/airflow/example_dags/example_trigger_controller_dag.py took 0.315 seconds
[2024-09-13T02:51:19.211+0000] {processor.py:157} INFO - Started process (PID=675) to work on /home/airflow/.local/lib/python3.7/site-packages/airflow/example_dags/example_trigger_controller_dag.py
[2024-09-13T02:51:19.214+0000] {processor.py:826} INFO - Processing file /home/airflow/.local/lib/python3.7/site-packages/airflow/example_dags/example_trigger_controller_dag.py for tasks to queue
[2024-09-13T02:51:19.216+0000] {logging_mixin.py:149} INFO - [2024-09-13T02:51:19.216+0000] {dagbag.py:541} INFO - Filling up the DagBag from /home/airflow/.local/lib/python3.7/site-packages/airflow/example_dags/example_trigger_controller_dag.py
[2024-09-13T02:51:19.228+0000] {processor.py:836} INFO - DAG(s) dict_keys(['example_trigger_controller_dag']) retrieved from /home/airflow/.local/lib/python3.7/site-packages/airflow/example_dags/example_trigger_controller_dag.py
[2024-09-13T02:51:19.310+0000] {logging_mixin.py:149} INFO - [2024-09-13T02:51:19.309+0000] {dag.py:2726} INFO - Sync 1 DAGs
[2024-09-13T02:51:19.414+0000] {logging_mixin.py:149} INFO - [2024-09-13T02:51:19.412+0000] {dag.py:3490} INFO - Setting next_dagrun for example_trigger_controller_dag to 2021-01-01T00:00:00+00:00, run_after=2021-01-01T00:00:00+00:00
[2024-09-13T02:51:19.481+0000] {processor.py:179} INFO - Processing /home/airflow/.local/lib/python3.7/site-packages/airflow/example_dags/example_trigger_controller_dag.py took 0.280 seconds
[2024-09-13T02:51:50.847+0000] {processor.py:157} INFO - Started process (PID=746) to work on /home/airflow/.local/lib/python3.7/site-packages/airflow/example_dags/example_trigger_controller_dag.py
[2024-09-13T02:51:50.849+0000] {processor.py:826} INFO - Processing file /home/airflow/.local/lib/python3.7/site-packages/airflow/example_dags/example_trigger_controller_dag.py for tasks to queue
[2024-09-13T02:51:50.850+0000] {logging_mixin.py:149} INFO - [2024-09-13T02:51:50.850+0000] {dagbag.py:541} INFO - Filling up the DagBag from /home/airflow/.local/lib/python3.7/site-packages/airflow/example_dags/example_trigger_controller_dag.py
[2024-09-13T02:51:50.858+0000] {processor.py:836} INFO - DAG(s) dict_keys(['example_trigger_controller_dag']) retrieved from /home/airflow/.local/lib/python3.7/site-packages/airflow/example_dags/example_trigger_controller_dag.py
[2024-09-13T02:51:50.943+0000] {logging_mixin.py:149} INFO - [2024-09-13T02:51:50.943+0000] {dag.py:2726} INFO - Sync 1 DAGs
[2024-09-13T02:51:51.045+0000] {logging_mixin.py:149} INFO - [2024-09-13T02:51:51.045+0000] {dag.py:3490} INFO - Setting next_dagrun for example_trigger_controller_dag to 2021-01-01T00:00:00+00:00, run_after=2021-01-01T00:00:00+00:00
[2024-09-13T02:51:51.155+0000] {processor.py:179} INFO - Processing /home/airflow/.local/lib/python3.7/site-packages/airflow/example_dags/example_trigger_controller_dag.py took 0.315 seconds
[2024-09-13T02:52:24.622+0000] {processor.py:157} INFO - Started process (PID=821) to work on /home/airflow/.local/lib/python3.7/site-packages/airflow/example_dags/example_trigger_controller_dag.py
[2024-09-13T02:52:24.626+0000] {processor.py:826} INFO - Processing file /home/airflow/.local/lib/python3.7/site-packages/airflow/example_dags/example_trigger_controller_dag.py for tasks to queue
[2024-09-13T02:52:24.629+0000] {logging_mixin.py:149} INFO - [2024-09-13T02:52:24.628+0000] {dagbag.py:541} INFO - Filling up the DagBag from /home/airflow/.local/lib/python3.7/site-packages/airflow/example_dags/example_trigger_controller_dag.py
[2024-09-13T02:52:24.641+0000] {processor.py:836} INFO - DAG(s) dict_keys(['example_trigger_controller_dag']) retrieved from /home/airflow/.local/lib/python3.7/site-packages/airflow/example_dags/example_trigger_controller_dag.py
[2024-09-13T02:52:24.695+0000] {logging_mixin.py:149} INFO - [2024-09-13T02:52:24.695+0000] {dag.py:2726} INFO - Sync 1 DAGs
[2024-09-13T02:52:24.755+0000] {logging_mixin.py:149} INFO - [2024-09-13T02:52:24.755+0000] {dag.py:3490} INFO - Setting next_dagrun for example_trigger_controller_dag to 2021-01-01T00:00:00+00:00, run_after=2021-01-01T00:00:00+00:00
[2024-09-13T02:52:24.882+0000] {processor.py:179} INFO - Processing /home/airflow/.local/lib/python3.7/site-packages/airflow/example_dags/example_trigger_controller_dag.py took 0.270 seconds
[2024-09-13T02:52:55.642+0000] {processor.py:157} INFO - Started process (PID=890) to work on /home/airflow/.local/lib/python3.7/site-packages/airflow/example_dags/example_trigger_controller_dag.py
[2024-09-13T02:52:55.645+0000] {processor.py:826} INFO - Processing file /home/airflow/.local/lib/python3.7/site-packages/airflow/example_dags/example_trigger_controller_dag.py for tasks to queue
[2024-09-13T02:52:55.647+0000] {logging_mixin.py:149} INFO - [2024-09-13T02:52:55.647+0000] {dagbag.py:541} INFO - Filling up the DagBag from /home/airflow/.local/lib/python3.7/site-packages/airflow/example_dags/example_trigger_controller_dag.py
[2024-09-13T02:52:55.656+0000] {processor.py:836} INFO - DAG(s) dict_keys(['example_trigger_controller_dag']) retrieved from /home/airflow/.local/lib/python3.7/site-packages/airflow/example_dags/example_trigger_controller_dag.py
[2024-09-13T02:52:55.712+0000] {logging_mixin.py:149} INFO - [2024-09-13T02:52:55.711+0000] {dag.py:2726} INFO - Sync 1 DAGs
[2024-09-13T02:52:55.773+0000] {logging_mixin.py:149} INFO - [2024-09-13T02:52:55.772+0000] {dag.py:3490} INFO - Setting next_dagrun for example_trigger_controller_dag to 2021-01-01T00:00:00+00:00, run_after=2021-01-01T00:00:00+00:00
[2024-09-13T02:52:55.816+0000] {processor.py:179} INFO - Processing /home/airflow/.local/lib/python3.7/site-packages/airflow/example_dags/example_trigger_controller_dag.py took 0.183 seconds
[2024-09-13T02:53:28.684+0000] {processor.py:157} INFO - Started process (PID=961) to work on /home/airflow/.local/lib/python3.7/site-packages/airflow/example_dags/example_trigger_controller_dag.py
[2024-09-13T02:53:28.685+0000] {processor.py:826} INFO - Processing file /home/airflow/.local/lib/python3.7/site-packages/airflow/example_dags/example_trigger_controller_dag.py for tasks to queue
[2024-09-13T02:53:28.686+0000] {logging_mixin.py:149} INFO - [2024-09-13T02:53:28.686+0000] {dagbag.py:541} INFO - Filling up the DagBag from /home/airflow/.local/lib/python3.7/site-packages/airflow/example_dags/example_trigger_controller_dag.py
[2024-09-13T02:53:28.692+0000] {processor.py:836} INFO - DAG(s) dict_keys(['example_trigger_controller_dag']) retrieved from /home/airflow/.local/lib/python3.7/site-packages/airflow/example_dags/example_trigger_controller_dag.py
[2024-09-13T02:53:28.731+0000] {logging_mixin.py:149} INFO - [2024-09-13T02:53:28.731+0000] {dag.py:2726} INFO - Sync 1 DAGs
[2024-09-13T02:53:28.789+0000] {logging_mixin.py:149} INFO - [2024-09-13T02:53:28.789+0000] {dag.py:3490} INFO - Setting next_dagrun for example_trigger_controller_dag to 2021-01-01T00:00:00+00:00, run_after=2021-01-01T00:00:00+00:00
[2024-09-13T02:53:28.836+0000] {processor.py:179} INFO - Processing /home/airflow/.local/lib/python3.7/site-packages/airflow/example_dags/example_trigger_controller_dag.py took 0.158 seconds
[2024-09-13T02:54:04.469+0000] {processor.py:157} INFO - Started process (PID=1030) to work on /home/airflow/.local/lib/python3.7/site-packages/airflow/example_dags/example_trigger_controller_dag.py
[2024-09-13T02:54:04.472+0000] {processor.py:826} INFO - Processing file /home/airflow/.local/lib/python3.7/site-packages/airflow/example_dags/example_trigger_controller_dag.py for tasks to queue
[2024-09-13T02:54:04.475+0000] {logging_mixin.py:149} INFO - [2024-09-13T02:54:04.475+0000] {dagbag.py:541} INFO - Filling up the DagBag from /home/airflow/.local/lib/python3.7/site-packages/airflow/example_dags/example_trigger_controller_dag.py
[2024-09-13T02:54:04.496+0000] {processor.py:836} INFO - DAG(s) dict_keys(['example_trigger_controller_dag']) retrieved from /home/airflow/.local/lib/python3.7/site-packages/airflow/example_dags/example_trigger_controller_dag.py
[2024-09-13T02:54:04.605+0000] {logging_mixin.py:149} INFO - [2024-09-13T02:54:04.605+0000] {dag.py:2726} INFO - Sync 1 DAGs
[2024-09-13T02:54:04.703+0000] {logging_mixin.py:149} INFO - [2024-09-13T02:54:04.703+0000] {dag.py:3490} INFO - Setting next_dagrun for example_trigger_controller_dag to 2021-01-01T00:00:00+00:00, run_after=2021-01-01T00:00:00+00:00
[2024-09-13T02:54:04.766+0000] {processor.py:179} INFO - Processing /home/airflow/.local/lib/python3.7/site-packages/airflow/example_dags/example_trigger_controller_dag.py took 0.328 seconds
[2024-09-13T02:54:35.862+0000] {processor.py:157} INFO - Started process (PID=1099) to work on /home/airflow/.local/lib/python3.7/site-packages/airflow/example_dags/example_trigger_controller_dag.py
[2024-09-13T02:54:35.865+0000] {processor.py:826} INFO - Processing file /home/airflow/.local/lib/python3.7/site-packages/airflow/example_dags/example_trigger_controller_dag.py for tasks to queue
[2024-09-13T02:54:35.867+0000] {logging_mixin.py:149} INFO - [2024-09-13T02:54:35.866+0000] {dagbag.py:541} INFO - Filling up the DagBag from /home/airflow/.local/lib/python3.7/site-packages/airflow/example_dags/example_trigger_controller_dag.py
[2024-09-13T02:54:35.878+0000] {processor.py:836} INFO - DAG(s) dict_keys(['example_trigger_controller_dag']) retrieved from /home/airflow/.local/lib/python3.7/site-packages/airflow/example_dags/example_trigger_controller_dag.py
[2024-09-13T02:54:35.933+0000] {logging_mixin.py:149} INFO - [2024-09-13T02:54:35.933+0000] {dag.py:2726} INFO - Sync 1 DAGs
[2024-09-13T02:54:35.983+0000] {logging_mixin.py:149} INFO - [2024-09-13T02:54:35.983+0000] {dag.py:3490} INFO - Setting next_dagrun for example_trigger_controller_dag to 2021-01-01T00:00:00+00:00, run_after=2021-01-01T00:00:00+00:00
[2024-09-13T02:54:36.017+0000] {processor.py:179} INFO - Processing /home/airflow/.local/lib/python3.7/site-packages/airflow/example_dags/example_trigger_controller_dag.py took 0.163 seconds
[2024-09-13T02:55:13.936+0000] {processor.py:157} INFO - Started process (PID=1172) to work on /home/airflow/.local/lib/python3.7/site-packages/airflow/example_dags/example_trigger_controller_dag.py
[2024-09-13T02:55:14.001+0000] {processor.py:826} INFO - Processing file /home/airflow/.local/lib/python3.7/site-packages/airflow/example_dags/example_trigger_controller_dag.py for tasks to queue
[2024-09-13T02:55:14.011+0000] {logging_mixin.py:149} INFO - [2024-09-13T02:55:14.010+0000] {dagbag.py:541} INFO - Filling up the DagBag from /home/airflow/.local/lib/python3.7/site-packages/airflow/example_dags/example_trigger_controller_dag.py
[2024-09-13T02:55:14.110+0000] {processor.py:836} INFO - DAG(s) dict_keys(['example_trigger_controller_dag']) retrieved from /home/airflow/.local/lib/python3.7/site-packages/airflow/example_dags/example_trigger_controller_dag.py
[2024-09-13T02:55:14.363+0000] {logging_mixin.py:149} INFO - [2024-09-13T02:55:14.362+0000] {dag.py:2726} INFO - Sync 1 DAGs
[2024-09-13T02:55:14.478+0000] {logging_mixin.py:149} INFO - [2024-09-13T02:55:14.477+0000] {dag.py:3490} INFO - Setting next_dagrun for example_trigger_controller_dag to 2021-01-01T00:00:00+00:00, run_after=2021-01-01T00:00:00+00:00
[2024-09-13T02:55:14.549+0000] {processor.py:179} INFO - Processing /home/airflow/.local/lib/python3.7/site-packages/airflow/example_dags/example_trigger_controller_dag.py took 0.680 seconds
[2024-09-13T02:55:50.169+0000] {processor.py:157} INFO - Started process (PID=1253) to work on /home/airflow/.local/lib/python3.7/site-packages/airflow/example_dags/example_trigger_controller_dag.py
[2024-09-13T02:55:50.172+0000] {processor.py:826} INFO - Processing file /home/airflow/.local/lib/python3.7/site-packages/airflow/example_dags/example_trigger_controller_dag.py for tasks to queue
[2024-09-13T02:55:50.175+0000] {logging_mixin.py:149} INFO - [2024-09-13T02:55:50.175+0000] {dagbag.py:541} INFO - Filling up the DagBag from /home/airflow/.local/lib/python3.7/site-packages/airflow/example_dags/example_trigger_controller_dag.py
[2024-09-13T02:55:50.196+0000] {processor.py:836} INFO - DAG(s) dict_keys(['example_trigger_controller_dag']) retrieved from /home/airflow/.local/lib/python3.7/site-packages/airflow/example_dags/example_trigger_controller_dag.py
[2024-09-13T02:55:50.265+0000] {logging_mixin.py:149} INFO - [2024-09-13T02:55:50.265+0000] {dag.py:2726} INFO - Sync 1 DAGs
[2024-09-13T02:55:50.358+0000] {logging_mixin.py:149} INFO - [2024-09-13T02:55:50.357+0000] {dag.py:3490} INFO - Setting next_dagrun for example_trigger_controller_dag to 2021-01-01T00:00:00+00:00, run_after=2021-01-01T00:00:00+00:00
[2024-09-13T02:55:50.403+0000] {processor.py:179} INFO - Processing /home/airflow/.local/lib/python3.7/site-packages/airflow/example_dags/example_trigger_controller_dag.py took 0.270 seconds
[2024-09-13T02:56:23.601+0000] {processor.py:157} INFO - Started process (PID=1322) to work on /home/airflow/.local/lib/python3.7/site-packages/airflow/example_dags/example_trigger_controller_dag.py
[2024-09-13T02:56:23.609+0000] {processor.py:826} INFO - Processing file /home/airflow/.local/lib/python3.7/site-packages/airflow/example_dags/example_trigger_controller_dag.py for tasks to queue
[2024-09-13T02:56:23.613+0000] {logging_mixin.py:149} INFO - [2024-09-13T02:56:23.612+0000] {dagbag.py:541} INFO - Filling up the DagBag from /home/airflow/.local/lib/python3.7/site-packages/airflow/example_dags/example_trigger_controller_dag.py
[2024-09-13T02:56:23.648+0000] {processor.py:836} INFO - DAG(s) dict_keys(['example_trigger_controller_dag']) retrieved from /home/airflow/.local/lib/python3.7/site-packages/airflow/example_dags/example_trigger_controller_dag.py
[2024-09-13T02:56:23.885+0000] {logging_mixin.py:149} INFO - [2024-09-13T02:56:23.884+0000] {dag.py:2726} INFO - Sync 1 DAGs
[2024-09-13T02:56:24.121+0000] {logging_mixin.py:149} INFO - [2024-09-13T02:56:24.121+0000] {dag.py:3490} INFO - Setting next_dagrun for example_trigger_controller_dag to 2021-01-01T00:00:00+00:00, run_after=2021-01-01T00:00:00+00:00
[2024-09-13T02:56:24.256+0000] {processor.py:179} INFO - Processing /home/airflow/.local/lib/python3.7/site-packages/airflow/example_dags/example_trigger_controller_dag.py took 0.680 seconds
[2024-09-13T02:56:54.629+0000] {processor.py:157} INFO - Started process (PID=1391) to work on /home/airflow/.local/lib/python3.7/site-packages/airflow/example_dags/example_trigger_controller_dag.py
[2024-09-13T02:56:54.631+0000] {processor.py:826} INFO - Processing file /home/airflow/.local/lib/python3.7/site-packages/airflow/example_dags/example_trigger_controller_dag.py for tasks to queue
[2024-09-13T02:56:54.632+0000] {logging_mixin.py:149} INFO - [2024-09-13T02:56:54.632+0000] {dagbag.py:541} INFO - Filling up the DagBag from /home/airflow/.local/lib/python3.7/site-packages/airflow/example_dags/example_trigger_controller_dag.py
[2024-09-13T02:56:54.644+0000] {processor.py:836} INFO - DAG(s) dict_keys(['example_trigger_controller_dag']) retrieved from /home/airflow/.local/lib/python3.7/site-packages/airflow/example_dags/example_trigger_controller_dag.py
[2024-09-13T02:56:54.695+0000] {logging_mixin.py:149} INFO - [2024-09-13T02:56:54.694+0000] {dag.py:2726} INFO - Sync 1 DAGs
[2024-09-13T02:56:54.742+0000] {logging_mixin.py:149} INFO - [2024-09-13T02:56:54.742+0000] {dag.py:3490} INFO - Setting next_dagrun for example_trigger_controller_dag to 2021-01-01T00:00:00+00:00, run_after=2021-01-01T00:00:00+00:00
[2024-09-13T02:56:54.777+0000] {processor.py:179} INFO - Processing /home/airflow/.local/lib/python3.7/site-packages/airflow/example_dags/example_trigger_controller_dag.py took 0.155 seconds
