[2024-09-13T02:43:56.028+0000] {processor.py:157} INFO - Started process (PID=72) to work on /home/airflow/.local/lib/python3.7/site-packages/airflow/example_dags/example_complex.py
[2024-09-13T02:43:56.437+0000] {processor.py:826} INFO - Processing file /home/airflow/.local/lib/python3.7/site-packages/airflow/example_dags/example_complex.py for tasks to queue
[2024-09-13T02:43:56.510+0000] {logging_mixin.py:149} INFO - [2024-09-13T02:43:56.509+0000] {dagbag.py:541} INFO - Filling up the DagBag from /home/airflow/.local/lib/python3.7/site-packages/airflow/example_dags/example_complex.py
[2024-09-13T02:43:56.863+0000] {logging_mixin.py:149} INFO - [2024-09-13T02:43:56.862+0000] {taskmixin.py:211} WARNING - Dependency <Task(BashOperator): create_entry_group>, delete_entry_group already registered for DAG: example_complex
[2024-09-13T02:43:56.865+0000] {logging_mixin.py:149} INFO - [2024-09-13T02:43:56.865+0000] {taskmixin.py:211} WARNING - Dependency <Task(BashOperator): delete_entry_group>, create_entry_group already registered for DAG: example_complex
[2024-09-13T02:43:56.867+0000] {logging_mixin.py:149} INFO - [2024-09-13T02:43:56.867+0000] {taskmixin.py:211} WARNING - Dependency <Task(BashOperator): create_entry_gcs>, delete_entry already registered for DAG: example_complex
[2024-09-13T02:43:56.868+0000] {logging_mixin.py:149} INFO - [2024-09-13T02:43:56.868+0000] {taskmixin.py:211} WARNING - Dependency <Task(BashOperator): delete_entry>, create_entry_gcs already registered for DAG: example_complex
[2024-09-13T02:43:56.873+0000] {logging_mixin.py:149} INFO - [2024-09-13T02:43:56.872+0000] {taskmixin.py:211} WARNING - Dependency <Task(BashOperator): create_tag>, delete_tag already registered for DAG: example_complex
[2024-09-13T02:43:56.875+0000] {logging_mixin.py:149} INFO - [2024-09-13T02:43:56.874+0000] {taskmixin.py:211} WARNING - Dependency <Task(BashOperator): delete_tag>, create_tag already registered for DAG: example_complex
[2024-09-13T02:43:56.887+0000] {processor.py:836} INFO - DAG(s) dict_keys(['example_complex']) retrieved from /home/airflow/.local/lib/python3.7/site-packages/airflow/example_dags/example_complex.py
[2024-09-13T02:43:57.500+0000] {logging_mixin.py:149} INFO - [2024-09-13T02:43:57.500+0000] {dag.py:2726} INFO - Sync 1 DAGs
[2024-09-13T02:43:57.699+0000] {logging_mixin.py:149} INFO - [2024-09-13T02:43:57.698+0000] {dag.py:3490} INFO - Setting next_dagrun for example_complex to None, run_after=None
[2024-09-13T02:43:57.888+0000] {processor.py:179} INFO - Processing /home/airflow/.local/lib/python3.7/site-packages/airflow/example_dags/example_complex.py took 1.891 seconds
[2024-09-13T02:47:03.139+0000] {processor.py:157} INFO - Started process (PID=168) to work on /home/airflow/.local/lib/python3.7/site-packages/airflow/example_dags/example_complex.py
[2024-09-13T02:47:03.190+0000] {processor.py:826} INFO - Processing file /home/airflow/.local/lib/python3.7/site-packages/airflow/example_dags/example_complex.py for tasks to queue
[2024-09-13T02:47:03.200+0000] {logging_mixin.py:149} INFO - [2024-09-13T02:47:03.200+0000] {dagbag.py:541} INFO - Filling up the DagBag from /home/airflow/.local/lib/python3.7/site-packages/airflow/example_dags/example_complex.py
[2024-09-13T02:47:03.252+0000] {logging_mixin.py:149} INFO - [2024-09-13T02:47:03.251+0000] {taskmixin.py:211} WARNING - Dependency <Task(BashOperator): create_entry_group>, delete_entry_group already registered for DAG: example_complex
[2024-09-13T02:47:03.253+0000] {logging_mixin.py:149} INFO - [2024-09-13T02:47:03.253+0000] {taskmixin.py:211} WARNING - Dependency <Task(BashOperator): delete_entry_group>, create_entry_group already registered for DAG: example_complex
[2024-09-13T02:47:03.254+0000] {logging_mixin.py:149} INFO - [2024-09-13T02:47:03.254+0000] {taskmixin.py:211} WARNING - Dependency <Task(BashOperator): create_entry_gcs>, delete_entry already registered for DAG: example_complex
[2024-09-13T02:47:03.255+0000] {logging_mixin.py:149} INFO - [2024-09-13T02:47:03.255+0000] {taskmixin.py:211} WARNING - Dependency <Task(BashOperator): delete_entry>, create_entry_gcs already registered for DAG: example_complex
[2024-09-13T02:47:03.262+0000] {logging_mixin.py:149} INFO - [2024-09-13T02:47:03.262+0000] {taskmixin.py:211} WARNING - Dependency <Task(BashOperator): create_tag>, delete_tag already registered for DAG: example_complex
[2024-09-13T02:47:03.265+0000] {logging_mixin.py:149} INFO - [2024-09-13T02:47:03.265+0000] {taskmixin.py:211} WARNING - Dependency <Task(BashOperator): delete_tag>, create_tag already registered for DAG: example_complex
[2024-09-13T02:47:03.312+0000] {processor.py:836} INFO - DAG(s) dict_keys(['example_complex']) retrieved from /home/airflow/.local/lib/python3.7/site-packages/airflow/example_dags/example_complex.py
[2024-09-13T02:47:05.971+0000] {logging_mixin.py:149} INFO - [2024-09-13T02:47:05.969+0000] {dag.py:2726} INFO - Sync 1 DAGs
[2024-09-13T02:47:06.209+0000] {logging_mixin.py:149} INFO - [2024-09-13T02:47:06.209+0000] {dag.py:3490} INFO - Setting next_dagrun for example_complex to None, run_after=None
[2024-09-13T02:47:06.496+0000] {processor.py:179} INFO - Processing /home/airflow/.local/lib/python3.7/site-packages/airflow/example_dags/example_complex.py took 3.427 seconds
[2024-09-13T02:47:39.553+0000] {processor.py:157} INFO - Started process (PID=244) to work on /home/airflow/.local/lib/python3.7/site-packages/airflow/example_dags/example_complex.py
[2024-09-13T02:47:39.556+0000] {processor.py:826} INFO - Processing file /home/airflow/.local/lib/python3.7/site-packages/airflow/example_dags/example_complex.py for tasks to queue
[2024-09-13T02:47:39.559+0000] {logging_mixin.py:149} INFO - [2024-09-13T02:47:39.559+0000] {dagbag.py:541} INFO - Filling up the DagBag from /home/airflow/.local/lib/python3.7/site-packages/airflow/example_dags/example_complex.py
[2024-09-13T02:47:39.612+0000] {logging_mixin.py:149} INFO - [2024-09-13T02:47:39.611+0000] {taskmixin.py:211} WARNING - Dependency <Task(BashOperator): create_entry_group>, delete_entry_group already registered for DAG: example_complex
[2024-09-13T02:47:39.619+0000] {logging_mixin.py:149} INFO - [2024-09-13T02:47:39.617+0000] {taskmixin.py:211} WARNING - Dependency <Task(BashOperator): delete_entry_group>, create_entry_group already registered for DAG: example_complex
[2024-09-13T02:47:39.623+0000] {logging_mixin.py:149} INFO - [2024-09-13T02:47:39.622+0000] {taskmixin.py:211} WARNING - Dependency <Task(BashOperator): create_entry_gcs>, delete_entry already registered for DAG: example_complex
[2024-09-13T02:47:39.627+0000] {logging_mixin.py:149} INFO - [2024-09-13T02:47:39.627+0000] {taskmixin.py:211} WARNING - Dependency <Task(BashOperator): delete_entry>, create_entry_gcs already registered for DAG: example_complex
[2024-09-13T02:47:39.629+0000] {logging_mixin.py:149} INFO - [2024-09-13T02:47:39.629+0000] {taskmixin.py:211} WARNING - Dependency <Task(BashOperator): create_tag>, delete_tag already registered for DAG: example_complex
[2024-09-13T02:47:39.631+0000] {logging_mixin.py:149} INFO - [2024-09-13T02:47:39.630+0000] {taskmixin.py:211} WARNING - Dependency <Task(BashOperator): delete_tag>, create_tag already registered for DAG: example_complex
[2024-09-13T02:47:39.636+0000] {processor.py:836} INFO - DAG(s) dict_keys(['example_complex']) retrieved from /home/airflow/.local/lib/python3.7/site-packages/airflow/example_dags/example_complex.py
[2024-09-13T02:47:39.800+0000] {logging_mixin.py:149} INFO - [2024-09-13T02:47:39.799+0000] {dag.py:2726} INFO - Sync 1 DAGs
[2024-09-13T02:47:39.897+0000] {logging_mixin.py:149} INFO - [2024-09-13T02:47:39.896+0000] {dag.py:3490} INFO - Setting next_dagrun for example_complex to None, run_after=None
[2024-09-13T02:47:40.036+0000] {processor.py:179} INFO - Processing /home/airflow/.local/lib/python3.7/site-packages/airflow/example_dags/example_complex.py took 0.495 seconds
[2024-09-13T02:48:14.806+0000] {processor.py:157} INFO - Started process (PID=299) to work on /home/airflow/.local/lib/python3.7/site-packages/airflow/example_dags/example_complex.py
[2024-09-13T02:48:14.811+0000] {processor.py:826} INFO - Processing file /home/airflow/.local/lib/python3.7/site-packages/airflow/example_dags/example_complex.py for tasks to queue
[2024-09-13T02:48:14.814+0000] {logging_mixin.py:149} INFO - [2024-09-13T02:48:14.813+0000] {dagbag.py:541} INFO - Filling up the DagBag from /home/airflow/.local/lib/python3.7/site-packages/airflow/example_dags/example_complex.py
[2024-09-13T02:48:14.887+0000] {logging_mixin.py:149} INFO - [2024-09-13T02:48:14.887+0000] {taskmixin.py:211} WARNING - Dependency <Task(BashOperator): create_entry_group>, delete_entry_group already registered for DAG: example_complex
[2024-09-13T02:48:14.890+0000] {logging_mixin.py:149} INFO - [2024-09-13T02:48:14.890+0000] {taskmixin.py:211} WARNING - Dependency <Task(BashOperator): delete_entry_group>, create_entry_group already registered for DAG: example_complex
[2024-09-13T02:48:14.894+0000] {logging_mixin.py:149} INFO - [2024-09-13T02:48:14.894+0000] {taskmixin.py:211} WARNING - Dependency <Task(BashOperator): create_entry_gcs>, delete_entry already registered for DAG: example_complex
[2024-09-13T02:48:14.898+0000] {logging_mixin.py:149} INFO - [2024-09-13T02:48:14.897+0000] {taskmixin.py:211} WARNING - Dependency <Task(BashOperator): delete_entry>, create_entry_gcs already registered for DAG: example_complex
[2024-09-13T02:48:14.902+0000] {logging_mixin.py:149} INFO - [2024-09-13T02:48:14.901+0000] {taskmixin.py:211} WARNING - Dependency <Task(BashOperator): create_tag>, delete_tag already registered for DAG: example_complex
[2024-09-13T02:48:14.904+0000] {logging_mixin.py:149} INFO - [2024-09-13T02:48:14.903+0000] {taskmixin.py:211} WARNING - Dependency <Task(BashOperator): delete_tag>, create_tag already registered for DAG: example_complex
[2024-09-13T02:48:14.916+0000] {processor.py:836} INFO - DAG(s) dict_keys(['example_complex']) retrieved from /home/airflow/.local/lib/python3.7/site-packages/airflow/example_dags/example_complex.py
[2024-09-13T02:48:15.027+0000] {logging_mixin.py:149} INFO - [2024-09-13T02:48:15.027+0000] {dag.py:2726} INFO - Sync 1 DAGs
[2024-09-13T02:48:15.248+0000] {logging_mixin.py:149} INFO - [2024-09-13T02:48:15.247+0000] {dag.py:3490} INFO - Setting next_dagrun for example_complex to None, run_after=None
[2024-09-13T02:48:15.478+0000] {processor.py:179} INFO - Processing /home/airflow/.local/lib/python3.7/site-packages/airflow/example_dags/example_complex.py took 0.684 seconds
[2024-09-13T02:48:48.175+0000] {processor.py:157} INFO - Started process (PID=368) to work on /home/airflow/.local/lib/python3.7/site-packages/airflow/example_dags/example_complex.py
[2024-09-13T02:48:48.177+0000] {processor.py:826} INFO - Processing file /home/airflow/.local/lib/python3.7/site-packages/airflow/example_dags/example_complex.py for tasks to queue
[2024-09-13T02:48:48.178+0000] {logging_mixin.py:149} INFO - [2024-09-13T02:48:48.178+0000] {dagbag.py:541} INFO - Filling up the DagBag from /home/airflow/.local/lib/python3.7/site-packages/airflow/example_dags/example_complex.py
[2024-09-13T02:48:48.200+0000] {logging_mixin.py:149} INFO - [2024-09-13T02:48:48.200+0000] {taskmixin.py:211} WARNING - Dependency <Task(BashOperator): create_entry_group>, delete_entry_group already registered for DAG: example_complex
[2024-09-13T02:48:48.201+0000] {logging_mixin.py:149} INFO - [2024-09-13T02:48:48.201+0000] {taskmixin.py:211} WARNING - Dependency <Task(BashOperator): delete_entry_group>, create_entry_group already registered for DAG: example_complex
[2024-09-13T02:48:48.202+0000] {logging_mixin.py:149} INFO - [2024-09-13T02:48:48.202+0000] {taskmixin.py:211} WARNING - Dependency <Task(BashOperator): create_entry_gcs>, delete_entry already registered for DAG: example_complex
[2024-09-13T02:48:48.204+0000] {logging_mixin.py:149} INFO - [2024-09-13T02:48:48.204+0000] {taskmixin.py:211} WARNING - Dependency <Task(BashOperator): delete_entry>, create_entry_gcs already registered for DAG: example_complex
[2024-09-13T02:48:48.206+0000] {logging_mixin.py:149} INFO - [2024-09-13T02:48:48.206+0000] {taskmixin.py:211} WARNING - Dependency <Task(BashOperator): create_tag>, delete_tag already registered for DAG: example_complex
[2024-09-13T02:48:48.207+0000] {logging_mixin.py:149} INFO - [2024-09-13T02:48:48.207+0000] {taskmixin.py:211} WARNING - Dependency <Task(BashOperator): delete_tag>, create_tag already registered for DAG: example_complex
[2024-09-13T02:48:48.215+0000] {processor.py:836} INFO - DAG(s) dict_keys(['example_complex']) retrieved from /home/airflow/.local/lib/python3.7/site-packages/airflow/example_dags/example_complex.py
[2024-09-13T02:48:48.284+0000] {logging_mixin.py:149} INFO - [2024-09-13T02:48:48.284+0000] {dag.py:2726} INFO - Sync 1 DAGs
[2024-09-13T02:48:48.345+0000] {logging_mixin.py:149} INFO - [2024-09-13T02:48:48.345+0000] {dag.py:3490} INFO - Setting next_dagrun for example_complex to None, run_after=None
[2024-09-13T02:48:48.394+0000] {processor.py:179} INFO - Processing /home/airflow/.local/lib/python3.7/site-packages/airflow/example_dags/example_complex.py took 0.227 seconds
[2024-09-13T02:49:20.015+0000] {processor.py:157} INFO - Started process (PID=435) to work on /home/airflow/.local/lib/python3.7/site-packages/airflow/example_dags/example_complex.py
[2024-09-13T02:49:20.019+0000] {processor.py:826} INFO - Processing file /home/airflow/.local/lib/python3.7/site-packages/airflow/example_dags/example_complex.py for tasks to queue
[2024-09-13T02:49:20.023+0000] {logging_mixin.py:149} INFO - [2024-09-13T02:49:20.023+0000] {dagbag.py:541} INFO - Filling up the DagBag from /home/airflow/.local/lib/python3.7/site-packages/airflow/example_dags/example_complex.py
[2024-09-13T02:49:20.091+0000] {logging_mixin.py:149} INFO - [2024-09-13T02:49:20.090+0000] {taskmixin.py:211} WARNING - Dependency <Task(BashOperator): create_entry_group>, delete_entry_group already registered for DAG: example_complex
[2024-09-13T02:49:20.094+0000] {logging_mixin.py:149} INFO - [2024-09-13T02:49:20.093+0000] {taskmixin.py:211} WARNING - Dependency <Task(BashOperator): delete_entry_group>, create_entry_group already registered for DAG: example_complex
[2024-09-13T02:49:20.096+0000] {logging_mixin.py:149} INFO - [2024-09-13T02:49:20.096+0000] {taskmixin.py:211} WARNING - Dependency <Task(BashOperator): create_entry_gcs>, delete_entry already registered for DAG: example_complex
[2024-09-13T02:49:20.097+0000] {logging_mixin.py:149} INFO - [2024-09-13T02:49:20.097+0000] {taskmixin.py:211} WARNING - Dependency <Task(BashOperator): delete_entry>, create_entry_gcs already registered for DAG: example_complex
[2024-09-13T02:49:20.103+0000] {logging_mixin.py:149} INFO - [2024-09-13T02:49:20.099+0000] {taskmixin.py:211} WARNING - Dependency <Task(BashOperator): create_tag>, delete_tag already registered for DAG: example_complex
[2024-09-13T02:49:20.105+0000] {logging_mixin.py:149} INFO - [2024-09-13T02:49:20.104+0000] {taskmixin.py:211} WARNING - Dependency <Task(BashOperator): delete_tag>, create_tag already registered for DAG: example_complex
[2024-09-13T02:49:20.143+0000] {processor.py:836} INFO - DAG(s) dict_keys(['example_complex']) retrieved from /home/airflow/.local/lib/python3.7/site-packages/airflow/example_dags/example_complex.py
[2024-09-13T02:49:20.293+0000] {logging_mixin.py:149} INFO - [2024-09-13T02:49:20.292+0000] {dag.py:2726} INFO - Sync 1 DAGs
[2024-09-13T02:49:20.513+0000] {logging_mixin.py:149} INFO - [2024-09-13T02:49:20.512+0000] {dag.py:3490} INFO - Setting next_dagrun for example_complex to None, run_after=None
[2024-09-13T02:49:20.605+0000] {processor.py:179} INFO - Processing /home/airflow/.local/lib/python3.7/site-packages/airflow/example_dags/example_complex.py took 0.604 seconds
[2024-09-13T02:49:58.850+0000] {processor.py:157} INFO - Started process (PID=504) to work on /home/airflow/.local/lib/python3.7/site-packages/airflow/example_dags/example_complex.py
[2024-09-13T02:49:58.859+0000] {processor.py:826} INFO - Processing file /home/airflow/.local/lib/python3.7/site-packages/airflow/example_dags/example_complex.py for tasks to queue
[2024-09-13T02:49:58.862+0000] {logging_mixin.py:149} INFO - [2024-09-13T02:49:58.862+0000] {dagbag.py:541} INFO - Filling up the DagBag from /home/airflow/.local/lib/python3.7/site-packages/airflow/example_dags/example_complex.py
[2024-09-13T02:49:58.933+0000] {logging_mixin.py:149} INFO - [2024-09-13T02:49:58.933+0000] {taskmixin.py:211} WARNING - Dependency <Task(BashOperator): create_entry_group>, delete_entry_group already registered for DAG: example_complex
[2024-09-13T02:49:58.935+0000] {logging_mixin.py:149} INFO - [2024-09-13T02:49:58.935+0000] {taskmixin.py:211} WARNING - Dependency <Task(BashOperator): delete_entry_group>, create_entry_group already registered for DAG: example_complex
[2024-09-13T02:49:58.936+0000] {logging_mixin.py:149} INFO - [2024-09-13T02:49:58.936+0000] {taskmixin.py:211} WARNING - Dependency <Task(BashOperator): create_entry_gcs>, delete_entry already registered for DAG: example_complex
[2024-09-13T02:49:58.937+0000] {logging_mixin.py:149} INFO - [2024-09-13T02:49:58.937+0000] {taskmixin.py:211} WARNING - Dependency <Task(BashOperator): delete_entry>, create_entry_gcs already registered for DAG: example_complex
[2024-09-13T02:49:58.938+0000] {logging_mixin.py:149} INFO - [2024-09-13T02:49:58.938+0000] {taskmixin.py:211} WARNING - Dependency <Task(BashOperator): create_tag>, delete_tag already registered for DAG: example_complex
[2024-09-13T02:49:58.939+0000] {logging_mixin.py:149} INFO - [2024-09-13T02:49:58.939+0000] {taskmixin.py:211} WARNING - Dependency <Task(BashOperator): delete_tag>, create_tag already registered for DAG: example_complex
[2024-09-13T02:49:58.945+0000] {processor.py:836} INFO - DAG(s) dict_keys(['example_complex']) retrieved from /home/airflow/.local/lib/python3.7/site-packages/airflow/example_dags/example_complex.py
[2024-09-13T02:49:59.230+0000] {logging_mixin.py:149} INFO - [2024-09-13T02:49:59.230+0000] {dag.py:2726} INFO - Sync 1 DAGs
[2024-09-13T02:49:59.392+0000] {logging_mixin.py:149} INFO - [2024-09-13T02:49:59.392+0000] {dag.py:3490} INFO - Setting next_dagrun for example_complex to None, run_after=None
[2024-09-13T02:49:59.486+0000] {processor.py:179} INFO - Processing /home/airflow/.local/lib/python3.7/site-packages/airflow/example_dags/example_complex.py took 0.654 seconds
[2024-09-13T02:50:30.381+0000] {processor.py:157} INFO - Started process (PID=564) to work on /home/airflow/.local/lib/python3.7/site-packages/airflow/example_dags/example_complex.py
[2024-09-13T02:50:30.387+0000] {processor.py:826} INFO - Processing file /home/airflow/.local/lib/python3.7/site-packages/airflow/example_dags/example_complex.py for tasks to queue
[2024-09-13T02:50:30.392+0000] {logging_mixin.py:149} INFO - [2024-09-13T02:50:30.392+0000] {dagbag.py:541} INFO - Filling up the DagBag from /home/airflow/.local/lib/python3.7/site-packages/airflow/example_dags/example_complex.py
[2024-09-13T02:50:30.457+0000] {logging_mixin.py:149} INFO - [2024-09-13T02:50:30.456+0000] {taskmixin.py:211} WARNING - Dependency <Task(BashOperator): create_entry_group>, delete_entry_group already registered for DAG: example_complex
[2024-09-13T02:50:30.458+0000] {logging_mixin.py:149} INFO - [2024-09-13T02:50:30.457+0000] {taskmixin.py:211} WARNING - Dependency <Task(BashOperator): delete_entry_group>, create_entry_group already registered for DAG: example_complex
[2024-09-13T02:50:30.459+0000] {logging_mixin.py:149} INFO - [2024-09-13T02:50:30.459+0000] {taskmixin.py:211} WARNING - Dependency <Task(BashOperator): create_entry_gcs>, delete_entry already registered for DAG: example_complex
[2024-09-13T02:50:30.461+0000] {logging_mixin.py:149} INFO - [2024-09-13T02:50:30.460+0000] {taskmixin.py:211} WARNING - Dependency <Task(BashOperator): delete_entry>, create_entry_gcs already registered for DAG: example_complex
[2024-09-13T02:50:30.463+0000] {logging_mixin.py:149} INFO - [2024-09-13T02:50:30.462+0000] {taskmixin.py:211} WARNING - Dependency <Task(BashOperator): create_tag>, delete_tag already registered for DAG: example_complex
[2024-09-13T02:50:30.464+0000] {logging_mixin.py:149} INFO - [2024-09-13T02:50:30.464+0000] {taskmixin.py:211} WARNING - Dependency <Task(BashOperator): delete_tag>, create_tag already registered for DAG: example_complex
[2024-09-13T02:50:30.468+0000] {processor.py:836} INFO - DAG(s) dict_keys(['example_complex']) retrieved from /home/airflow/.local/lib/python3.7/site-packages/airflow/example_dags/example_complex.py
[2024-09-13T02:50:30.626+0000] {logging_mixin.py:149} INFO - [2024-09-13T02:50:30.626+0000] {dag.py:2726} INFO - Sync 1 DAGs
[2024-09-13T02:50:30.704+0000] {logging_mixin.py:149} INFO - [2024-09-13T02:50:30.703+0000] {dag.py:3490} INFO - Setting next_dagrun for example_complex to None, run_after=None
[2024-09-13T02:50:30.770+0000] {processor.py:179} INFO - Processing /home/airflow/.local/lib/python3.7/site-packages/airflow/example_dags/example_complex.py took 0.407 seconds
[2024-09-13T02:51:00.924+0000] {processor.py:157} INFO - Started process (PID=633) to work on /home/airflow/.local/lib/python3.7/site-packages/airflow/example_dags/example_complex.py
[2024-09-13T02:51:00.927+0000] {processor.py:826} INFO - Processing file /home/airflow/.local/lib/python3.7/site-packages/airflow/example_dags/example_complex.py for tasks to queue
[2024-09-13T02:51:00.929+0000] {logging_mixin.py:149} INFO - [2024-09-13T02:51:00.929+0000] {dagbag.py:541} INFO - Filling up the DagBag from /home/airflow/.local/lib/python3.7/site-packages/airflow/example_dags/example_complex.py
[2024-09-13T02:51:00.985+0000] {logging_mixin.py:149} INFO - [2024-09-13T02:51:00.985+0000] {taskmixin.py:211} WARNING - Dependency <Task(BashOperator): create_entry_group>, delete_entry_group already registered for DAG: example_complex
[2024-09-13T02:51:00.986+0000] {logging_mixin.py:149} INFO - [2024-09-13T02:51:00.986+0000] {taskmixin.py:211} WARNING - Dependency <Task(BashOperator): delete_entry_group>, create_entry_group already registered for DAG: example_complex
[2024-09-13T02:51:00.987+0000] {logging_mixin.py:149} INFO - [2024-09-13T02:51:00.987+0000] {taskmixin.py:211} WARNING - Dependency <Task(BashOperator): create_entry_gcs>, delete_entry already registered for DAG: example_complex
[2024-09-13T02:51:00.988+0000] {logging_mixin.py:149} INFO - [2024-09-13T02:51:00.988+0000] {taskmixin.py:211} WARNING - Dependency <Task(BashOperator): delete_entry>, create_entry_gcs already registered for DAG: example_complex
[2024-09-13T02:51:00.989+0000] {logging_mixin.py:149} INFO - [2024-09-13T02:51:00.989+0000] {taskmixin.py:211} WARNING - Dependency <Task(BashOperator): create_tag>, delete_tag already registered for DAG: example_complex
[2024-09-13T02:51:00.990+0000] {logging_mixin.py:149} INFO - [2024-09-13T02:51:00.990+0000] {taskmixin.py:211} WARNING - Dependency <Task(BashOperator): delete_tag>, create_tag already registered for DAG: example_complex
[2024-09-13T02:51:00.994+0000] {processor.py:836} INFO - DAG(s) dict_keys(['example_complex']) retrieved from /home/airflow/.local/lib/python3.7/site-packages/airflow/example_dags/example_complex.py
[2024-09-13T02:51:01.275+0000] {logging_mixin.py:149} INFO - [2024-09-13T02:51:01.264+0000] {dag.py:2726} INFO - Sync 1 DAGs
[2024-09-13T02:51:02.126+0000] {logging_mixin.py:149} INFO - [2024-09-13T02:51:01.934+0000] {dag.py:3490} INFO - Setting next_dagrun for example_complex to None, run_after=None
[2024-09-13T02:51:02.601+0000] {processor.py:179} INFO - Processing /home/airflow/.local/lib/python3.7/site-packages/airflow/example_dags/example_complex.py took 1.686 seconds
[2024-09-13T02:51:33.546+0000] {processor.py:157} INFO - Started process (PID=702) to work on /home/airflow/.local/lib/python3.7/site-packages/airflow/example_dags/example_complex.py
[2024-09-13T02:51:33.549+0000] {processor.py:826} INFO - Processing file /home/airflow/.local/lib/python3.7/site-packages/airflow/example_dags/example_complex.py for tasks to queue
[2024-09-13T02:51:33.551+0000] {logging_mixin.py:149} INFO - [2024-09-13T02:51:33.551+0000] {dagbag.py:541} INFO - Filling up the DagBag from /home/airflow/.local/lib/python3.7/site-packages/airflow/example_dags/example_complex.py
[2024-09-13T02:51:33.570+0000] {logging_mixin.py:149} INFO - [2024-09-13T02:51:33.570+0000] {taskmixin.py:211} WARNING - Dependency <Task(BashOperator): create_entry_group>, delete_entry_group already registered for DAG: example_complex
[2024-09-13T02:51:33.571+0000] {logging_mixin.py:149} INFO - [2024-09-13T02:51:33.571+0000] {taskmixin.py:211} WARNING - Dependency <Task(BashOperator): delete_entry_group>, create_entry_group already registered for DAG: example_complex
[2024-09-13T02:51:33.572+0000] {logging_mixin.py:149} INFO - [2024-09-13T02:51:33.572+0000] {taskmixin.py:211} WARNING - Dependency <Task(BashOperator): create_entry_gcs>, delete_entry already registered for DAG: example_complex
[2024-09-13T02:51:33.573+0000] {logging_mixin.py:149} INFO - [2024-09-13T02:51:33.572+0000] {taskmixin.py:211} WARNING - Dependency <Task(BashOperator): delete_entry>, create_entry_gcs already registered for DAG: example_complex
[2024-09-13T02:51:33.574+0000] {logging_mixin.py:149} INFO - [2024-09-13T02:51:33.573+0000] {taskmixin.py:211} WARNING - Dependency <Task(BashOperator): create_tag>, delete_tag already registered for DAG: example_complex
[2024-09-13T02:51:33.574+0000] {logging_mixin.py:149} INFO - [2024-09-13T02:51:33.574+0000] {taskmixin.py:211} WARNING - Dependency <Task(BashOperator): delete_tag>, create_tag already registered for DAG: example_complex
[2024-09-13T02:51:33.577+0000] {processor.py:836} INFO - DAG(s) dict_keys(['example_complex']) retrieved from /home/airflow/.local/lib/python3.7/site-packages/airflow/example_dags/example_complex.py
[2024-09-13T02:51:33.639+0000] {logging_mixin.py:149} INFO - [2024-09-13T02:51:33.639+0000] {dag.py:2726} INFO - Sync 1 DAGs
[2024-09-13T02:51:33.692+0000] {logging_mixin.py:149} INFO - [2024-09-13T02:51:33.691+0000] {dag.py:3490} INFO - Setting next_dagrun for example_complex to None, run_after=None
[2024-09-13T02:51:33.729+0000] {processor.py:179} INFO - Processing /home/airflow/.local/lib/python3.7/site-packages/airflow/example_dags/example_complex.py took 0.192 seconds
[2024-09-13T02:52:04.425+0000] {processor.py:157} INFO - Started process (PID=771) to work on /home/airflow/.local/lib/python3.7/site-packages/airflow/example_dags/example_complex.py
[2024-09-13T02:52:04.430+0000] {processor.py:826} INFO - Processing file /home/airflow/.local/lib/python3.7/site-packages/airflow/example_dags/example_complex.py for tasks to queue
[2024-09-13T02:52:04.433+0000] {logging_mixin.py:149} INFO - [2024-09-13T02:52:04.432+0000] {dagbag.py:541} INFO - Filling up the DagBag from /home/airflow/.local/lib/python3.7/site-packages/airflow/example_dags/example_complex.py
[2024-09-13T02:52:04.471+0000] {logging_mixin.py:149} INFO - [2024-09-13T02:52:04.470+0000] {taskmixin.py:211} WARNING - Dependency <Task(BashOperator): create_entry_group>, delete_entry_group already registered for DAG: example_complex
[2024-09-13T02:52:04.472+0000] {logging_mixin.py:149} INFO - [2024-09-13T02:52:04.471+0000] {taskmixin.py:211} WARNING - Dependency <Task(BashOperator): delete_entry_group>, create_entry_group already registered for DAG: example_complex
[2024-09-13T02:52:04.473+0000] {logging_mixin.py:149} INFO - [2024-09-13T02:52:04.472+0000] {taskmixin.py:211} WARNING - Dependency <Task(BashOperator): create_entry_gcs>, delete_entry already registered for DAG: example_complex
[2024-09-13T02:52:04.474+0000] {logging_mixin.py:149} INFO - [2024-09-13T02:52:04.473+0000] {taskmixin.py:211} WARNING - Dependency <Task(BashOperator): delete_entry>, create_entry_gcs already registered for DAG: example_complex
[2024-09-13T02:52:04.474+0000] {logging_mixin.py:149} INFO - [2024-09-13T02:52:04.474+0000] {taskmixin.py:211} WARNING - Dependency <Task(BashOperator): create_tag>, delete_tag already registered for DAG: example_complex
[2024-09-13T02:52:04.475+0000] {logging_mixin.py:149} INFO - [2024-09-13T02:52:04.475+0000] {taskmixin.py:211} WARNING - Dependency <Task(BashOperator): delete_tag>, create_tag already registered for DAG: example_complex
[2024-09-13T02:52:04.479+0000] {processor.py:836} INFO - DAG(s) dict_keys(['example_complex']) retrieved from /home/airflow/.local/lib/python3.7/site-packages/airflow/example_dags/example_complex.py
[2024-09-13T02:52:04.574+0000] {logging_mixin.py:149} INFO - [2024-09-13T02:52:04.574+0000] {dag.py:2726} INFO - Sync 1 DAGs
[2024-09-13T02:52:04.641+0000] {logging_mixin.py:149} INFO - [2024-09-13T02:52:04.640+0000] {dag.py:3490} INFO - Setting next_dagrun for example_complex to None, run_after=None
[2024-09-13T02:52:04.696+0000] {processor.py:179} INFO - Processing /home/airflow/.local/lib/python3.7/site-packages/airflow/example_dags/example_complex.py took 0.301 seconds
[2024-09-13T02:52:34.933+0000] {processor.py:157} INFO - Started process (PID=840) to work on /home/airflow/.local/lib/python3.7/site-packages/airflow/example_dags/example_complex.py
[2024-09-13T02:52:34.937+0000] {processor.py:826} INFO - Processing file /home/airflow/.local/lib/python3.7/site-packages/airflow/example_dags/example_complex.py for tasks to queue
[2024-09-13T02:52:34.954+0000] {logging_mixin.py:149} INFO - [2024-09-13T02:52:34.951+0000] {dagbag.py:541} INFO - Filling up the DagBag from /home/airflow/.local/lib/python3.7/site-packages/airflow/example_dags/example_complex.py
[2024-09-13T02:52:35.011+0000] {logging_mixin.py:149} INFO - [2024-09-13T02:52:35.011+0000] {taskmixin.py:211} WARNING - Dependency <Task(BashOperator): create_entry_group>, delete_entry_group already registered for DAG: example_complex
[2024-09-13T02:52:35.013+0000] {logging_mixin.py:149} INFO - [2024-09-13T02:52:35.013+0000] {taskmixin.py:211} WARNING - Dependency <Task(BashOperator): delete_entry_group>, create_entry_group already registered for DAG: example_complex
[2024-09-13T02:52:35.016+0000] {logging_mixin.py:149} INFO - [2024-09-13T02:52:35.016+0000] {taskmixin.py:211} WARNING - Dependency <Task(BashOperator): create_entry_gcs>, delete_entry already registered for DAG: example_complex
[2024-09-13T02:52:35.018+0000] {logging_mixin.py:149} INFO - [2024-09-13T02:52:35.017+0000] {taskmixin.py:211} WARNING - Dependency <Task(BashOperator): delete_entry>, create_entry_gcs already registered for DAG: example_complex
[2024-09-13T02:52:35.021+0000] {logging_mixin.py:149} INFO - [2024-09-13T02:52:35.020+0000] {taskmixin.py:211} WARNING - Dependency <Task(BashOperator): create_tag>, delete_tag already registered for DAG: example_complex
[2024-09-13T02:52:35.025+0000] {logging_mixin.py:149} INFO - [2024-09-13T02:52:35.024+0000] {taskmixin.py:211} WARNING - Dependency <Task(BashOperator): delete_tag>, create_tag already registered for DAG: example_complex
[2024-09-13T02:52:35.086+0000] {processor.py:836} INFO - DAG(s) dict_keys(['example_complex']) retrieved from /home/airflow/.local/lib/python3.7/site-packages/airflow/example_dags/example_complex.py
[2024-09-13T02:52:35.287+0000] {logging_mixin.py:149} INFO - [2024-09-13T02:52:35.286+0000] {dag.py:2726} INFO - Sync 1 DAGs
[2024-09-13T02:52:35.377+0000] {logging_mixin.py:149} INFO - [2024-09-13T02:52:35.377+0000] {dag.py:3490} INFO - Setting next_dagrun for example_complex to None, run_after=None
[2024-09-13T02:52:35.464+0000] {processor.py:179} INFO - Processing /home/airflow/.local/lib/python3.7/site-packages/airflow/example_dags/example_complex.py took 0.566 seconds
[2024-09-13T02:53:05.581+0000] {processor.py:157} INFO - Started process (PID=909) to work on /home/airflow/.local/lib/python3.7/site-packages/airflow/example_dags/example_complex.py
[2024-09-13T02:53:05.585+0000] {processor.py:826} INFO - Processing file /home/airflow/.local/lib/python3.7/site-packages/airflow/example_dags/example_complex.py for tasks to queue
[2024-09-13T02:53:05.588+0000] {logging_mixin.py:149} INFO - [2024-09-13T02:53:05.588+0000] {dagbag.py:541} INFO - Filling up the DagBag from /home/airflow/.local/lib/python3.7/site-packages/airflow/example_dags/example_complex.py
[2024-09-13T02:53:05.628+0000] {logging_mixin.py:149} INFO - [2024-09-13T02:53:05.627+0000] {taskmixin.py:211} WARNING - Dependency <Task(BashOperator): create_entry_group>, delete_entry_group already registered for DAG: example_complex
[2024-09-13T02:53:05.629+0000] {logging_mixin.py:149} INFO - [2024-09-13T02:53:05.629+0000] {taskmixin.py:211} WARNING - Dependency <Task(BashOperator): delete_entry_group>, create_entry_group already registered for DAG: example_complex
[2024-09-13T02:53:05.632+0000] {logging_mixin.py:149} INFO - [2024-09-13T02:53:05.632+0000] {taskmixin.py:211} WARNING - Dependency <Task(BashOperator): create_entry_gcs>, delete_entry already registered for DAG: example_complex
[2024-09-13T02:53:05.634+0000] {logging_mixin.py:149} INFO - [2024-09-13T02:53:05.633+0000] {taskmixin.py:211} WARNING - Dependency <Task(BashOperator): delete_entry>, create_entry_gcs already registered for DAG: example_complex
[2024-09-13T02:53:05.635+0000] {logging_mixin.py:149} INFO - [2024-09-13T02:53:05.635+0000] {taskmixin.py:211} WARNING - Dependency <Task(BashOperator): create_tag>, delete_tag already registered for DAG: example_complex
[2024-09-13T02:53:05.636+0000] {logging_mixin.py:149} INFO - [2024-09-13T02:53:05.635+0000] {taskmixin.py:211} WARNING - Dependency <Task(BashOperator): delete_tag>, create_tag already registered for DAG: example_complex
[2024-09-13T02:53:05.640+0000] {processor.py:836} INFO - DAG(s) dict_keys(['example_complex']) retrieved from /home/airflow/.local/lib/python3.7/site-packages/airflow/example_dags/example_complex.py
[2024-09-13T02:53:05.714+0000] {logging_mixin.py:149} INFO - [2024-09-13T02:53:05.714+0000] {dag.py:2726} INFO - Sync 1 DAGs
[2024-09-13T02:53:05.904+0000] {logging_mixin.py:149} INFO - [2024-09-13T02:53:05.903+0000] {dag.py:3490} INFO - Setting next_dagrun for example_complex to None, run_after=None
[2024-09-13T02:53:06.067+0000] {processor.py:179} INFO - Processing /home/airflow/.local/lib/python3.7/site-packages/airflow/example_dags/example_complex.py took 0.502 seconds
[2024-09-13T02:53:37.147+0000] {processor.py:157} INFO - Started process (PID=979) to work on /home/airflow/.local/lib/python3.7/site-packages/airflow/example_dags/example_complex.py
[2024-09-13T02:53:37.149+0000] {processor.py:826} INFO - Processing file /home/airflow/.local/lib/python3.7/site-packages/airflow/example_dags/example_complex.py for tasks to queue
[2024-09-13T02:53:37.152+0000] {logging_mixin.py:149} INFO - [2024-09-13T02:53:37.151+0000] {dagbag.py:541} INFO - Filling up the DagBag from /home/airflow/.local/lib/python3.7/site-packages/airflow/example_dags/example_complex.py
[2024-09-13T02:53:37.191+0000] {logging_mixin.py:149} INFO - [2024-09-13T02:53:37.191+0000] {taskmixin.py:211} WARNING - Dependency <Task(BashOperator): create_entry_group>, delete_entry_group already registered for DAG: example_complex
[2024-09-13T02:53:37.193+0000] {logging_mixin.py:149} INFO - [2024-09-13T02:53:37.192+0000] {taskmixin.py:211} WARNING - Dependency <Task(BashOperator): delete_entry_group>, create_entry_group already registered for DAG: example_complex
[2024-09-13T02:53:37.194+0000] {logging_mixin.py:149} INFO - [2024-09-13T02:53:37.194+0000] {taskmixin.py:211} WARNING - Dependency <Task(BashOperator): create_entry_gcs>, delete_entry already registered for DAG: example_complex
[2024-09-13T02:53:37.195+0000] {logging_mixin.py:149} INFO - [2024-09-13T02:53:37.195+0000] {taskmixin.py:211} WARNING - Dependency <Task(BashOperator): delete_entry>, create_entry_gcs already registered for DAG: example_complex
[2024-09-13T02:53:37.197+0000] {logging_mixin.py:149} INFO - [2024-09-13T02:53:37.196+0000] {taskmixin.py:211} WARNING - Dependency <Task(BashOperator): create_tag>, delete_tag already registered for DAG: example_complex
[2024-09-13T02:53:37.198+0000] {logging_mixin.py:149} INFO - [2024-09-13T02:53:37.197+0000] {taskmixin.py:211} WARNING - Dependency <Task(BashOperator): delete_tag>, create_tag already registered for DAG: example_complex
[2024-09-13T02:53:37.202+0000] {processor.py:836} INFO - DAG(s) dict_keys(['example_complex']) retrieved from /home/airflow/.local/lib/python3.7/site-packages/airflow/example_dags/example_complex.py
[2024-09-13T02:53:37.295+0000] {logging_mixin.py:149} INFO - [2024-09-13T02:53:37.294+0000] {dag.py:2726} INFO - Sync 1 DAGs
[2024-09-13T02:53:37.373+0000] {logging_mixin.py:149} INFO - [2024-09-13T02:53:37.372+0000] {dag.py:3490} INFO - Setting next_dagrun for example_complex to None, run_after=None
[2024-09-13T02:53:37.448+0000] {processor.py:179} INFO - Processing /home/airflow/.local/lib/python3.7/site-packages/airflow/example_dags/example_complex.py took 0.312 seconds
[2024-09-13T02:54:07.640+0000] {processor.py:157} INFO - Started process (PID=1047) to work on /home/airflow/.local/lib/python3.7/site-packages/airflow/example_dags/example_complex.py
[2024-09-13T02:54:07.648+0000] {processor.py:826} INFO - Processing file /home/airflow/.local/lib/python3.7/site-packages/airflow/example_dags/example_complex.py for tasks to queue
[2024-09-13T02:54:07.659+0000] {logging_mixin.py:149} INFO - [2024-09-13T02:54:07.653+0000] {dagbag.py:541} INFO - Filling up the DagBag from /home/airflow/.local/lib/python3.7/site-packages/airflow/example_dags/example_complex.py
[2024-09-13T02:54:07.741+0000] {logging_mixin.py:149} INFO - [2024-09-13T02:54:07.738+0000] {taskmixin.py:211} WARNING - Dependency <Task(BashOperator): create_entry_group>, delete_entry_group already registered for DAG: example_complex
[2024-09-13T02:54:07.750+0000] {logging_mixin.py:149} INFO - [2024-09-13T02:54:07.748+0000] {taskmixin.py:211} WARNING - Dependency <Task(BashOperator): delete_entry_group>, create_entry_group already registered for DAG: example_complex
[2024-09-13T02:54:07.753+0000] {logging_mixin.py:149} INFO - [2024-09-13T02:54:07.752+0000] {taskmixin.py:211} WARNING - Dependency <Task(BashOperator): create_entry_gcs>, delete_entry already registered for DAG: example_complex
[2024-09-13T02:54:07.754+0000] {logging_mixin.py:149} INFO - [2024-09-13T02:54:07.754+0000] {taskmixin.py:211} WARNING - Dependency <Task(BashOperator): delete_entry>, create_entry_gcs already registered for DAG: example_complex
[2024-09-13T02:54:07.755+0000] {logging_mixin.py:149} INFO - [2024-09-13T02:54:07.755+0000] {taskmixin.py:211} WARNING - Dependency <Task(BashOperator): create_tag>, delete_tag already registered for DAG: example_complex
[2024-09-13T02:54:07.757+0000] {logging_mixin.py:149} INFO - [2024-09-13T02:54:07.756+0000] {taskmixin.py:211} WARNING - Dependency <Task(BashOperator): delete_tag>, create_tag already registered for DAG: example_complex
[2024-09-13T02:54:07.763+0000] {processor.py:836} INFO - DAG(s) dict_keys(['example_complex']) retrieved from /home/airflow/.local/lib/python3.7/site-packages/airflow/example_dags/example_complex.py
[2024-09-13T02:54:07.927+0000] {logging_mixin.py:149} INFO - [2024-09-13T02:54:07.927+0000] {dag.py:2726} INFO - Sync 1 DAGs
[2024-09-13T02:54:08.019+0000] {logging_mixin.py:149} INFO - [2024-09-13T02:54:08.018+0000] {dag.py:3490} INFO - Setting next_dagrun for example_complex to None, run_after=None
[2024-09-13T02:54:08.078+0000] {processor.py:179} INFO - Processing /home/airflow/.local/lib/python3.7/site-packages/airflow/example_dags/example_complex.py took 0.455 seconds
[2024-09-13T02:54:38.214+0000] {processor.py:157} INFO - Started process (PID=1112) to work on /home/airflow/.local/lib/python3.7/site-packages/airflow/example_dags/example_complex.py
[2024-09-13T02:54:38.216+0000] {processor.py:826} INFO - Processing file /home/airflow/.local/lib/python3.7/site-packages/airflow/example_dags/example_complex.py for tasks to queue
[2024-09-13T02:54:38.218+0000] {logging_mixin.py:149} INFO - [2024-09-13T02:54:38.218+0000] {dagbag.py:541} INFO - Filling up the DagBag from /home/airflow/.local/lib/python3.7/site-packages/airflow/example_dags/example_complex.py
[2024-09-13T02:54:38.240+0000] {logging_mixin.py:149} INFO - [2024-09-13T02:54:38.240+0000] {taskmixin.py:211} WARNING - Dependency <Task(BashOperator): create_entry_group>, delete_entry_group already registered for DAG: example_complex
[2024-09-13T02:54:38.241+0000] {logging_mixin.py:149} INFO - [2024-09-13T02:54:38.241+0000] {taskmixin.py:211} WARNING - Dependency <Task(BashOperator): delete_entry_group>, create_entry_group already registered for DAG: example_complex
[2024-09-13T02:54:38.242+0000] {logging_mixin.py:149} INFO - [2024-09-13T02:54:38.242+0000] {taskmixin.py:211} WARNING - Dependency <Task(BashOperator): create_entry_gcs>, delete_entry already registered for DAG: example_complex
[2024-09-13T02:54:38.244+0000] {logging_mixin.py:149} INFO - [2024-09-13T02:54:38.243+0000] {taskmixin.py:211} WARNING - Dependency <Task(BashOperator): delete_entry>, create_entry_gcs already registered for DAG: example_complex
[2024-09-13T02:54:38.245+0000] {logging_mixin.py:149} INFO - [2024-09-13T02:54:38.245+0000] {taskmixin.py:211} WARNING - Dependency <Task(BashOperator): create_tag>, delete_tag already registered for DAG: example_complex
[2024-09-13T02:54:38.246+0000] {logging_mixin.py:149} INFO - [2024-09-13T02:54:38.246+0000] {taskmixin.py:211} WARNING - Dependency <Task(BashOperator): delete_tag>, create_tag already registered for DAG: example_complex
[2024-09-13T02:54:38.250+0000] {processor.py:836} INFO - DAG(s) dict_keys(['example_complex']) retrieved from /home/airflow/.local/lib/python3.7/site-packages/airflow/example_dags/example_complex.py
[2024-09-13T02:54:38.320+0000] {logging_mixin.py:149} INFO - [2024-09-13T02:54:38.319+0000] {dag.py:2726} INFO - Sync 1 DAGs
[2024-09-13T02:54:38.370+0000] {logging_mixin.py:149} INFO - [2024-09-13T02:54:38.370+0000] {dag.py:3490} INFO - Setting next_dagrun for example_complex to None, run_after=None
[2024-09-13T02:54:38.415+0000] {processor.py:179} INFO - Processing /home/airflow/.local/lib/python3.7/site-packages/airflow/example_dags/example_complex.py took 0.208 seconds
[2024-09-13T02:55:10.791+0000] {processor.py:157} INFO - Started process (PID=1168) to work on /home/airflow/.local/lib/python3.7/site-packages/airflow/example_dags/example_complex.py
[2024-09-13T02:55:10.801+0000] {processor.py:826} INFO - Processing file /home/airflow/.local/lib/python3.7/site-packages/airflow/example_dags/example_complex.py for tasks to queue
[2024-09-13T02:55:10.805+0000] {logging_mixin.py:149} INFO - [2024-09-13T02:55:10.804+0000] {dagbag.py:541} INFO - Filling up the DagBag from /home/airflow/.local/lib/python3.7/site-packages/airflow/example_dags/example_complex.py
[2024-09-13T02:55:10.842+0000] {logging_mixin.py:149} INFO - [2024-09-13T02:55:10.841+0000] {taskmixin.py:211} WARNING - Dependency <Task(BashOperator): create_entry_group>, delete_entry_group already registered for DAG: example_complex
[2024-09-13T02:55:10.844+0000] {logging_mixin.py:149} INFO - [2024-09-13T02:55:10.844+0000] {taskmixin.py:211} WARNING - Dependency <Task(BashOperator): delete_entry_group>, create_entry_group already registered for DAG: example_complex
[2024-09-13T02:55:10.845+0000] {logging_mixin.py:149} INFO - [2024-09-13T02:55:10.845+0000] {taskmixin.py:211} WARNING - Dependency <Task(BashOperator): create_entry_gcs>, delete_entry already registered for DAG: example_complex
[2024-09-13T02:55:10.847+0000] {logging_mixin.py:149} INFO - [2024-09-13T02:55:10.846+0000] {taskmixin.py:211} WARNING - Dependency <Task(BashOperator): delete_entry>, create_entry_gcs already registered for DAG: example_complex
[2024-09-13T02:55:10.849+0000] {logging_mixin.py:149} INFO - [2024-09-13T02:55:10.849+0000] {taskmixin.py:211} WARNING - Dependency <Task(BashOperator): create_tag>, delete_tag already registered for DAG: example_complex
[2024-09-13T02:55:10.851+0000] {logging_mixin.py:149} INFO - [2024-09-13T02:55:10.851+0000] {taskmixin.py:211} WARNING - Dependency <Task(BashOperator): delete_tag>, create_tag already registered for DAG: example_complex
[2024-09-13T02:55:10.859+0000] {processor.py:836} INFO - DAG(s) dict_keys(['example_complex']) retrieved from /home/airflow/.local/lib/python3.7/site-packages/airflow/example_dags/example_complex.py
[2024-09-13T02:55:10.958+0000] {logging_mixin.py:149} INFO - [2024-09-13T02:55:10.957+0000] {dag.py:2726} INFO - Sync 1 DAGs
[2024-09-13T02:55:11.110+0000] {logging_mixin.py:149} INFO - [2024-09-13T02:55:11.109+0000] {dag.py:3490} INFO - Setting next_dagrun for example_complex to None, run_after=None
[2024-09-13T02:55:11.221+0000] {processor.py:179} INFO - Processing /home/airflow/.local/lib/python3.7/site-packages/airflow/example_dags/example_complex.py took 0.440 seconds
[2024-09-13T02:55:46.151+0000] {processor.py:157} INFO - Started process (PID=1244) to work on /home/airflow/.local/lib/python3.7/site-packages/airflow/example_dags/example_complex.py
[2024-09-13T02:55:46.154+0000] {processor.py:826} INFO - Processing file /home/airflow/.local/lib/python3.7/site-packages/airflow/example_dags/example_complex.py for tasks to queue
[2024-09-13T02:55:46.157+0000] {logging_mixin.py:149} INFO - [2024-09-13T02:55:46.157+0000] {dagbag.py:541} INFO - Filling up the DagBag from /home/airflow/.local/lib/python3.7/site-packages/airflow/example_dags/example_complex.py
[2024-09-13T02:55:46.199+0000] {logging_mixin.py:149} INFO - [2024-09-13T02:55:46.198+0000] {taskmixin.py:211} WARNING - Dependency <Task(BashOperator): create_entry_group>, delete_entry_group already registered for DAG: example_complex
[2024-09-13T02:55:46.202+0000] {logging_mixin.py:149} INFO - [2024-09-13T02:55:46.202+0000] {taskmixin.py:211} WARNING - Dependency <Task(BashOperator): delete_entry_group>, create_entry_group already registered for DAG: example_complex
[2024-09-13T02:55:46.203+0000] {logging_mixin.py:149} INFO - [2024-09-13T02:55:46.203+0000] {taskmixin.py:211} WARNING - Dependency <Task(BashOperator): create_entry_gcs>, delete_entry already registered for DAG: example_complex
[2024-09-13T02:55:46.204+0000] {logging_mixin.py:149} INFO - [2024-09-13T02:55:46.204+0000] {taskmixin.py:211} WARNING - Dependency <Task(BashOperator): delete_entry>, create_entry_gcs already registered for DAG: example_complex
[2024-09-13T02:55:46.206+0000] {logging_mixin.py:149} INFO - [2024-09-13T02:55:46.206+0000] {taskmixin.py:211} WARNING - Dependency <Task(BashOperator): create_tag>, delete_tag already registered for DAG: example_complex
[2024-09-13T02:55:46.207+0000] {logging_mixin.py:149} INFO - [2024-09-13T02:55:46.206+0000] {taskmixin.py:211} WARNING - Dependency <Task(BashOperator): delete_tag>, create_tag already registered for DAG: example_complex
[2024-09-13T02:55:46.212+0000] {processor.py:836} INFO - DAG(s) dict_keys(['example_complex']) retrieved from /home/airflow/.local/lib/python3.7/site-packages/airflow/example_dags/example_complex.py
[2024-09-13T02:55:46.336+0000] {logging_mixin.py:149} INFO - [2024-09-13T02:55:46.336+0000] {dag.py:2726} INFO - Sync 1 DAGs
[2024-09-13T02:55:46.559+0000] {logging_mixin.py:149} INFO - [2024-09-13T02:55:46.552+0000] {dag.py:3490} INFO - Setting next_dagrun for example_complex to None, run_after=None
[2024-09-13T02:55:46.886+0000] {processor.py:179} INFO - Processing /home/airflow/.local/lib/python3.7/site-packages/airflow/example_dags/example_complex.py took 0.746 seconds
[2024-09-13T02:56:17.798+0000] {processor.py:157} INFO - Started process (PID=1312) to work on /home/airflow/.local/lib/python3.7/site-packages/airflow/example_dags/example_complex.py
[2024-09-13T02:56:17.804+0000] {processor.py:826} INFO - Processing file /home/airflow/.local/lib/python3.7/site-packages/airflow/example_dags/example_complex.py for tasks to queue
[2024-09-13T02:56:17.809+0000] {logging_mixin.py:149} INFO - [2024-09-13T02:56:17.808+0000] {dagbag.py:541} INFO - Filling up the DagBag from /home/airflow/.local/lib/python3.7/site-packages/airflow/example_dags/example_complex.py
[2024-09-13T02:56:17.872+0000] {logging_mixin.py:149} INFO - [2024-09-13T02:56:17.871+0000] {taskmixin.py:211} WARNING - Dependency <Task(BashOperator): create_entry_group>, delete_entry_group already registered for DAG: example_complex
[2024-09-13T02:56:17.873+0000] {logging_mixin.py:149} INFO - [2024-09-13T02:56:17.873+0000] {taskmixin.py:211} WARNING - Dependency <Task(BashOperator): delete_entry_group>, create_entry_group already registered for DAG: example_complex
[2024-09-13T02:56:17.874+0000] {logging_mixin.py:149} INFO - [2024-09-13T02:56:17.874+0000] {taskmixin.py:211} WARNING - Dependency <Task(BashOperator): create_entry_gcs>, delete_entry already registered for DAG: example_complex
[2024-09-13T02:56:17.875+0000] {logging_mixin.py:149} INFO - [2024-09-13T02:56:17.875+0000] {taskmixin.py:211} WARNING - Dependency <Task(BashOperator): delete_entry>, create_entry_gcs already registered for DAG: example_complex
[2024-09-13T02:56:17.877+0000] {logging_mixin.py:149} INFO - [2024-09-13T02:56:17.877+0000] {taskmixin.py:211} WARNING - Dependency <Task(BashOperator): create_tag>, delete_tag already registered for DAG: example_complex
[2024-09-13T02:56:17.878+0000] {logging_mixin.py:149} INFO - [2024-09-13T02:56:17.878+0000] {taskmixin.py:211} WARNING - Dependency <Task(BashOperator): delete_tag>, create_tag already registered for DAG: example_complex
[2024-09-13T02:56:17.883+0000] {processor.py:836} INFO - DAG(s) dict_keys(['example_complex']) retrieved from /home/airflow/.local/lib/python3.7/site-packages/airflow/example_dags/example_complex.py
[2024-09-13T02:56:18.166+0000] {logging_mixin.py:149} INFO - [2024-09-13T02:56:18.165+0000] {dag.py:2726} INFO - Sync 1 DAGs
[2024-09-13T02:56:18.315+0000] {logging_mixin.py:149} INFO - [2024-09-13T02:56:18.314+0000] {dag.py:3490} INFO - Setting next_dagrun for example_complex to None, run_after=None
[2024-09-13T02:56:18.407+0000] {processor.py:179} INFO - Processing /home/airflow/.local/lib/python3.7/site-packages/airflow/example_dags/example_complex.py took 0.637 seconds
[2024-09-13T02:56:49.234+0000] {processor.py:157} INFO - Started process (PID=1373) to work on /home/airflow/.local/lib/python3.7/site-packages/airflow/example_dags/example_complex.py
[2024-09-13T02:56:49.236+0000] {processor.py:826} INFO - Processing file /home/airflow/.local/lib/python3.7/site-packages/airflow/example_dags/example_complex.py for tasks to queue
[2024-09-13T02:56:49.238+0000] {logging_mixin.py:149} INFO - [2024-09-13T02:56:49.238+0000] {dagbag.py:541} INFO - Filling up the DagBag from /home/airflow/.local/lib/python3.7/site-packages/airflow/example_dags/example_complex.py
[2024-09-13T02:56:49.263+0000] {logging_mixin.py:149} INFO - [2024-09-13T02:56:49.262+0000] {taskmixin.py:211} WARNING - Dependency <Task(BashOperator): create_entry_group>, delete_entry_group already registered for DAG: example_complex
[2024-09-13T02:56:49.265+0000] {logging_mixin.py:149} INFO - [2024-09-13T02:56:49.264+0000] {taskmixin.py:211} WARNING - Dependency <Task(BashOperator): delete_entry_group>, create_entry_group already registered for DAG: example_complex
[2024-09-13T02:56:49.267+0000] {logging_mixin.py:149} INFO - [2024-09-13T02:56:49.266+0000] {taskmixin.py:211} WARNING - Dependency <Task(BashOperator): create_entry_gcs>, delete_entry already registered for DAG: example_complex
[2024-09-13T02:56:49.267+0000] {logging_mixin.py:149} INFO - [2024-09-13T02:56:49.267+0000] {taskmixin.py:211} WARNING - Dependency <Task(BashOperator): delete_entry>, create_entry_gcs already registered for DAG: example_complex
[2024-09-13T02:56:49.269+0000] {logging_mixin.py:149} INFO - [2024-09-13T02:56:49.269+0000] {taskmixin.py:211} WARNING - Dependency <Task(BashOperator): create_tag>, delete_tag already registered for DAG: example_complex
[2024-09-13T02:56:49.270+0000] {logging_mixin.py:149} INFO - [2024-09-13T02:56:49.270+0000] {taskmixin.py:211} WARNING - Dependency <Task(BashOperator): delete_tag>, create_tag already registered for DAG: example_complex
[2024-09-13T02:56:49.275+0000] {processor.py:836} INFO - DAG(s) dict_keys(['example_complex']) retrieved from /home/airflow/.local/lib/python3.7/site-packages/airflow/example_dags/example_complex.py
[2024-09-13T02:56:49.356+0000] {logging_mixin.py:149} INFO - [2024-09-13T02:56:49.356+0000] {dag.py:2726} INFO - Sync 1 DAGs
[2024-09-13T02:56:49.446+0000] {logging_mixin.py:149} INFO - [2024-09-13T02:56:49.446+0000] {dag.py:3490} INFO - Setting next_dagrun for example_complex to None, run_after=None
[2024-09-13T02:56:49.502+0000] {processor.py:179} INFO - Processing /home/airflow/.local/lib/python3.7/site-packages/airflow/example_dags/example_complex.py took 0.277 seconds
