[2024-09-13T02:45:34.987+0000] {processor.py:157} INFO - Started process (PID=112) to work on /home/airflow/.local/lib/python3.7/site-packages/airflow/example_dags/example_dag_decorator.py
[2024-09-13T02:45:34.996+0000] {processor.py:826} INFO - Processing file /home/airflow/.local/lib/python3.7/site-packages/airflow/example_dags/example_dag_decorator.py for tasks to queue
[2024-09-13T02:45:35.004+0000] {logging_mixin.py:149} INFO - [2024-09-13T02:45:35.004+0000] {dagbag.py:541} INFO - Filling up the DagBag from /home/airflow/.local/lib/python3.7/site-packages/airflow/example_dags/example_dag_decorator.py
[2024-09-13T02:45:35.983+0000] {logging_mixin.py:149} INFO - [2024-09-13T02:45:35.941+0000] {taskmixin.py:211} WARNING - Dependency <Task(_PythonDecoratedOperator): prepare_email>, send_email already registered for DAG: example_dag_decorator
[2024-09-13T02:45:35.991+0000] {logging_mixin.py:149} INFO - [2024-09-13T02:45:35.990+0000] {taskmixin.py:211} WARNING - Dependency <Task(EmailOperator): send_email>, prepare_email already registered for DAG: example_dag_decorator
[2024-09-13T02:45:36.313+0000] {processor.py:836} INFO - DAG(s) dict_keys(['example_dag_decorator']) retrieved from /home/airflow/.local/lib/python3.7/site-packages/airflow/example_dags/example_dag_decorator.py
[2024-09-13T02:45:38.783+0000] {logging_mixin.py:149} INFO - [2024-09-13T02:45:38.771+0000] {dag.py:2726} INFO - Sync 1 DAGs
[2024-09-13T02:45:54.159+0000] {logging_mixin.py:149} INFO - [2024-09-13T02:45:54.151+0000] {dag.py:3490} INFO - Setting next_dagrun for example_dag_decorator to None, run_after=None
[2024-09-13T02:45:55.056+0000] {processor.py:179} INFO - Processing /home/airflow/.local/lib/python3.7/site-packages/airflow/example_dags/example_dag_decorator.py took 20.312 seconds
[2024-09-13T02:47:30.547+0000] {processor.py:157} INFO - Started process (PID=195) to work on /home/airflow/.local/lib/python3.7/site-packages/airflow/example_dags/example_dag_decorator.py
[2024-09-13T02:47:30.550+0000] {processor.py:826} INFO - Processing file /home/airflow/.local/lib/python3.7/site-packages/airflow/example_dags/example_dag_decorator.py for tasks to queue
[2024-09-13T02:47:30.553+0000] {logging_mixin.py:149} INFO - [2024-09-13T02:47:30.552+0000] {dagbag.py:541} INFO - Filling up the DagBag from /home/airflow/.local/lib/python3.7/site-packages/airflow/example_dags/example_dag_decorator.py
[2024-09-13T02:47:30.567+0000] {logging_mixin.py:149} INFO - [2024-09-13T02:47:30.567+0000] {taskmixin.py:211} WARNING - Dependency <Task(_PythonDecoratedOperator): prepare_email>, send_email already registered for DAG: example_dag_decorator
[2024-09-13T02:47:30.569+0000] {logging_mixin.py:149} INFO - [2024-09-13T02:47:30.568+0000] {taskmixin.py:211} WARNING - Dependency <Task(EmailOperator): send_email>, prepare_email already registered for DAG: example_dag_decorator
[2024-09-13T02:47:30.607+0000] {processor.py:836} INFO - DAG(s) dict_keys(['example_dag_decorator']) retrieved from /home/airflow/.local/lib/python3.7/site-packages/airflow/example_dags/example_dag_decorator.py
[2024-09-13T02:47:30.791+0000] {logging_mixin.py:149} INFO - [2024-09-13T02:47:30.791+0000] {dag.py:2726} INFO - Sync 1 DAGs
[2024-09-13T02:47:30.847+0000] {logging_mixin.py:149} INFO - [2024-09-13T02:47:30.847+0000] {dag.py:3490} INFO - Setting next_dagrun for example_dag_decorator to None, run_after=None
[2024-09-13T02:47:30.929+0000] {processor.py:179} INFO - Processing /home/airflow/.local/lib/python3.7/site-packages/airflow/example_dags/example_dag_decorator.py took 0.390 seconds
[2024-09-13T02:48:03.515+0000] {processor.py:157} INFO - Started process (PID=267) to work on /home/airflow/.local/lib/python3.7/site-packages/airflow/example_dags/example_dag_decorator.py
[2024-09-13T02:48:03.518+0000] {processor.py:826} INFO - Processing file /home/airflow/.local/lib/python3.7/site-packages/airflow/example_dags/example_dag_decorator.py for tasks to queue
[2024-09-13T02:48:03.519+0000] {logging_mixin.py:149} INFO - [2024-09-13T02:48:03.519+0000] {dagbag.py:541} INFO - Filling up the DagBag from /home/airflow/.local/lib/python3.7/site-packages/airflow/example_dags/example_dag_decorator.py
[2024-09-13T02:48:03.538+0000] {logging_mixin.py:149} INFO - [2024-09-13T02:48:03.538+0000] {taskmixin.py:211} WARNING - Dependency <Task(_PythonDecoratedOperator): prepare_email>, send_email already registered for DAG: example_dag_decorator
[2024-09-13T02:48:03.539+0000] {logging_mixin.py:149} INFO - [2024-09-13T02:48:03.539+0000] {taskmixin.py:211} WARNING - Dependency <Task(EmailOperator): send_email>, prepare_email already registered for DAG: example_dag_decorator
[2024-09-13T02:48:03.563+0000] {processor.py:836} INFO - DAG(s) dict_keys(['example_dag_decorator']) retrieved from /home/airflow/.local/lib/python3.7/site-packages/airflow/example_dags/example_dag_decorator.py
[2024-09-13T02:48:03.758+0000] {logging_mixin.py:149} INFO - [2024-09-13T02:48:03.758+0000] {dag.py:2726} INFO - Sync 1 DAGs
[2024-09-13T02:48:04.112+0000] {logging_mixin.py:149} INFO - [2024-09-13T02:48:04.111+0000] {dag.py:3490} INFO - Setting next_dagrun for example_dag_decorator to None, run_after=None
[2024-09-13T02:48:04.518+0000] {processor.py:179} INFO - Processing /home/airflow/.local/lib/python3.7/site-packages/airflow/example_dags/example_dag_decorator.py took 1.011 seconds
[2024-09-13T02:48:35.219+0000] {processor.py:157} INFO - Started process (PID=336) to work on /home/airflow/.local/lib/python3.7/site-packages/airflow/example_dags/example_dag_decorator.py
[2024-09-13T02:48:35.223+0000] {processor.py:826} INFO - Processing file /home/airflow/.local/lib/python3.7/site-packages/airflow/example_dags/example_dag_decorator.py for tasks to queue
[2024-09-13T02:48:35.225+0000] {logging_mixin.py:149} INFO - [2024-09-13T02:48:35.225+0000] {dagbag.py:541} INFO - Filling up the DagBag from /home/airflow/.local/lib/python3.7/site-packages/airflow/example_dags/example_dag_decorator.py
[2024-09-13T02:48:35.255+0000] {logging_mixin.py:149} INFO - [2024-09-13T02:48:35.254+0000] {taskmixin.py:211} WARNING - Dependency <Task(_PythonDecoratedOperator): prepare_email>, send_email already registered for DAG: example_dag_decorator
[2024-09-13T02:48:35.256+0000] {logging_mixin.py:149} INFO - [2024-09-13T02:48:35.255+0000] {taskmixin.py:211} WARNING - Dependency <Task(EmailOperator): send_email>, prepare_email already registered for DAG: example_dag_decorator
[2024-09-13T02:48:35.282+0000] {processor.py:836} INFO - DAG(s) dict_keys(['example_dag_decorator']) retrieved from /home/airflow/.local/lib/python3.7/site-packages/airflow/example_dags/example_dag_decorator.py
[2024-09-13T02:48:35.567+0000] {logging_mixin.py:149} INFO - [2024-09-13T02:48:35.566+0000] {dag.py:2726} INFO - Sync 1 DAGs
[2024-09-13T02:48:35.655+0000] {logging_mixin.py:149} INFO - [2024-09-13T02:48:35.655+0000] {dag.py:3490} INFO - Setting next_dagrun for example_dag_decorator to None, run_after=None
[2024-09-13T02:48:35.709+0000] {processor.py:179} INFO - Processing /home/airflow/.local/lib/python3.7/site-packages/airflow/example_dags/example_dag_decorator.py took 0.506 seconds
[2024-09-13T02:49:17.287+0000] {processor.py:157} INFO - Started process (PID=416) to work on /home/airflow/.local/lib/python3.7/site-packages/airflow/example_dags/example_dag_decorator.py
[2024-09-13T02:49:17.290+0000] {processor.py:826} INFO - Processing file /home/airflow/.local/lib/python3.7/site-packages/airflow/example_dags/example_dag_decorator.py for tasks to queue
[2024-09-13T02:49:17.292+0000] {logging_mixin.py:149} INFO - [2024-09-13T02:49:17.292+0000] {dagbag.py:541} INFO - Filling up the DagBag from /home/airflow/.local/lib/python3.7/site-packages/airflow/example_dags/example_dag_decorator.py
[2024-09-13T02:49:17.311+0000] {logging_mixin.py:149} INFO - [2024-09-13T02:49:17.310+0000] {taskmixin.py:211} WARNING - Dependency <Task(_PythonDecoratedOperator): prepare_email>, send_email already registered for DAG: example_dag_decorator
[2024-09-13T02:49:17.312+0000] {logging_mixin.py:149} INFO - [2024-09-13T02:49:17.311+0000] {taskmixin.py:211} WARNING - Dependency <Task(EmailOperator): send_email>, prepare_email already registered for DAG: example_dag_decorator
[2024-09-13T02:49:17.340+0000] {processor.py:836} INFO - DAG(s) dict_keys(['example_dag_decorator']) retrieved from /home/airflow/.local/lib/python3.7/site-packages/airflow/example_dags/example_dag_decorator.py
[2024-09-13T02:49:17.605+0000] {logging_mixin.py:149} INFO - [2024-09-13T02:49:17.605+0000] {dag.py:2726} INFO - Sync 1 DAGs
[2024-09-13T02:49:17.710+0000] {logging_mixin.py:149} INFO - [2024-09-13T02:49:17.710+0000] {dag.py:3490} INFO - Setting next_dagrun for example_dag_decorator to None, run_after=None
[2024-09-13T02:49:17.788+0000] {processor.py:179} INFO - Processing /home/airflow/.local/lib/python3.7/site-packages/airflow/example_dags/example_dag_decorator.py took 0.510 seconds
[2024-09-13T02:49:53.759+0000] {processor.py:157} INFO - Started process (PID=487) to work on /home/airflow/.local/lib/python3.7/site-packages/airflow/example_dags/example_dag_decorator.py
[2024-09-13T02:49:53.766+0000] {processor.py:826} INFO - Processing file /home/airflow/.local/lib/python3.7/site-packages/airflow/example_dags/example_dag_decorator.py for tasks to queue
[2024-09-13T02:49:53.776+0000] {logging_mixin.py:149} INFO - [2024-09-13T02:49:53.776+0000] {dagbag.py:541} INFO - Filling up the DagBag from /home/airflow/.local/lib/python3.7/site-packages/airflow/example_dags/example_dag_decorator.py
[2024-09-13T02:49:53.951+0000] {logging_mixin.py:149} INFO - [2024-09-13T02:49:53.950+0000] {taskmixin.py:211} WARNING - Dependency <Task(_PythonDecoratedOperator): prepare_email>, send_email already registered for DAG: example_dag_decorator
[2024-09-13T02:49:53.960+0000] {logging_mixin.py:149} INFO - [2024-09-13T02:49:53.959+0000] {taskmixin.py:211} WARNING - Dependency <Task(EmailOperator): send_email>, prepare_email already registered for DAG: example_dag_decorator
[2024-09-13T02:49:54.177+0000] {processor.py:836} INFO - DAG(s) dict_keys(['example_dag_decorator']) retrieved from /home/airflow/.local/lib/python3.7/site-packages/airflow/example_dags/example_dag_decorator.py
[2024-09-13T02:49:54.741+0000] {logging_mixin.py:149} INFO - [2024-09-13T02:49:54.740+0000] {dag.py:2726} INFO - Sync 1 DAGs
[2024-09-13T02:49:54.865+0000] {logging_mixin.py:149} INFO - [2024-09-13T02:49:54.865+0000] {dag.py:3490} INFO - Setting next_dagrun for example_dag_decorator to None, run_after=None
[2024-09-13T02:49:55.012+0000] {processor.py:179} INFO - Processing /home/airflow/.local/lib/python3.7/site-packages/airflow/example_dags/example_dag_decorator.py took 1.264 seconds
[2024-09-13T02:50:25.868+0000] {processor.py:157} INFO - Started process (PID=556) to work on /home/airflow/.local/lib/python3.7/site-packages/airflow/example_dags/example_dag_decorator.py
[2024-09-13T02:50:25.873+0000] {processor.py:826} INFO - Processing file /home/airflow/.local/lib/python3.7/site-packages/airflow/example_dags/example_dag_decorator.py for tasks to queue
[2024-09-13T02:50:25.876+0000] {logging_mixin.py:149} INFO - [2024-09-13T02:50:25.876+0000] {dagbag.py:541} INFO - Filling up the DagBag from /home/airflow/.local/lib/python3.7/site-packages/airflow/example_dags/example_dag_decorator.py
[2024-09-13T02:50:25.923+0000] {logging_mixin.py:149} INFO - [2024-09-13T02:50:25.923+0000] {taskmixin.py:211} WARNING - Dependency <Task(_PythonDecoratedOperator): prepare_email>, send_email already registered for DAG: example_dag_decorator
[2024-09-13T02:50:25.924+0000] {logging_mixin.py:149} INFO - [2024-09-13T02:50:25.924+0000] {taskmixin.py:211} WARNING - Dependency <Task(EmailOperator): send_email>, prepare_email already registered for DAG: example_dag_decorator
[2024-09-13T02:50:25.964+0000] {processor.py:836} INFO - DAG(s) dict_keys(['example_dag_decorator']) retrieved from /home/airflow/.local/lib/python3.7/site-packages/airflow/example_dags/example_dag_decorator.py
[2024-09-13T02:50:26.149+0000] {logging_mixin.py:149} INFO - [2024-09-13T02:50:26.149+0000] {dag.py:2726} INFO - Sync 1 DAGs
[2024-09-13T02:50:26.214+0000] {logging_mixin.py:149} INFO - [2024-09-13T02:50:26.214+0000] {dag.py:3490} INFO - Setting next_dagrun for example_dag_decorator to None, run_after=None
[2024-09-13T02:50:26.264+0000] {processor.py:179} INFO - Processing /home/airflow/.local/lib/python3.7/site-packages/airflow/example_dags/example_dag_decorator.py took 0.422 seconds
[2024-09-13T02:50:56.502+0000] {processor.py:157} INFO - Started process (PID=625) to work on /home/airflow/.local/lib/python3.7/site-packages/airflow/example_dags/example_dag_decorator.py
[2024-09-13T02:50:56.505+0000] {processor.py:826} INFO - Processing file /home/airflow/.local/lib/python3.7/site-packages/airflow/example_dags/example_dag_decorator.py for tasks to queue
[2024-09-13T02:50:56.507+0000] {logging_mixin.py:149} INFO - [2024-09-13T02:50:56.507+0000] {dagbag.py:541} INFO - Filling up the DagBag from /home/airflow/.local/lib/python3.7/site-packages/airflow/example_dags/example_dag_decorator.py
[2024-09-13T02:50:56.529+0000] {logging_mixin.py:149} INFO - [2024-09-13T02:50:56.529+0000] {taskmixin.py:211} WARNING - Dependency <Task(_PythonDecoratedOperator): prepare_email>, send_email already registered for DAG: example_dag_decorator
[2024-09-13T02:50:56.530+0000] {logging_mixin.py:149} INFO - [2024-09-13T02:50:56.530+0000] {taskmixin.py:211} WARNING - Dependency <Task(EmailOperator): send_email>, prepare_email already registered for DAG: example_dag_decorator
[2024-09-13T02:50:56.558+0000] {processor.py:836} INFO - DAG(s) dict_keys(['example_dag_decorator']) retrieved from /home/airflow/.local/lib/python3.7/site-packages/airflow/example_dags/example_dag_decorator.py
[2024-09-13T02:50:56.763+0000] {logging_mixin.py:149} INFO - [2024-09-13T02:50:56.763+0000] {dag.py:2726} INFO - Sync 1 DAGs
[2024-09-13T02:50:56.838+0000] {logging_mixin.py:149} INFO - [2024-09-13T02:50:56.837+0000] {dag.py:3490} INFO - Setting next_dagrun for example_dag_decorator to None, run_after=None
[2024-09-13T02:50:56.891+0000] {processor.py:179} INFO - Processing /home/airflow/.local/lib/python3.7/site-packages/airflow/example_dags/example_dag_decorator.py took 0.402 seconds
[2024-09-13T02:51:27.386+0000] {processor.py:157} INFO - Started process (PID=694) to work on /home/airflow/.local/lib/python3.7/site-packages/airflow/example_dags/example_dag_decorator.py
[2024-09-13T02:51:27.392+0000] {processor.py:826} INFO - Processing file /home/airflow/.local/lib/python3.7/site-packages/airflow/example_dags/example_dag_decorator.py for tasks to queue
[2024-09-13T02:51:27.399+0000] {logging_mixin.py:149} INFO - [2024-09-13T02:51:27.398+0000] {dagbag.py:541} INFO - Filling up the DagBag from /home/airflow/.local/lib/python3.7/site-packages/airflow/example_dags/example_dag_decorator.py
[2024-09-13T02:51:27.483+0000] {logging_mixin.py:149} INFO - [2024-09-13T02:51:27.482+0000] {taskmixin.py:211} WARNING - Dependency <Task(_PythonDecoratedOperator): prepare_email>, send_email already registered for DAG: example_dag_decorator
[2024-09-13T02:51:27.485+0000] {logging_mixin.py:149} INFO - [2024-09-13T02:51:27.484+0000] {taskmixin.py:211} WARNING - Dependency <Task(EmailOperator): send_email>, prepare_email already registered for DAG: example_dag_decorator
[2024-09-13T02:51:27.582+0000] {processor.py:836} INFO - DAG(s) dict_keys(['example_dag_decorator']) retrieved from /home/airflow/.local/lib/python3.7/site-packages/airflow/example_dags/example_dag_decorator.py
[2024-09-13T02:51:28.908+0000] {logging_mixin.py:149} INFO - [2024-09-13T02:51:28.889+0000] {dag.py:2726} INFO - Sync 1 DAGs
[2024-09-13T02:51:29.284+0000] {logging_mixin.py:149} INFO - [2024-09-13T02:51:29.283+0000] {dag.py:3490} INFO - Setting next_dagrun for example_dag_decorator to None, run_after=None
[2024-09-13T02:51:29.455+0000] {processor.py:179} INFO - Processing /home/airflow/.local/lib/python3.7/site-packages/airflow/example_dags/example_dag_decorator.py took 2.121 seconds
[2024-09-13T02:52:00.538+0000] {processor.py:157} INFO - Started process (PID=764) to work on /home/airflow/.local/lib/python3.7/site-packages/airflow/example_dags/example_dag_decorator.py
[2024-09-13T02:52:00.582+0000] {processor.py:826} INFO - Processing file /home/airflow/.local/lib/python3.7/site-packages/airflow/example_dags/example_dag_decorator.py for tasks to queue
[2024-09-13T02:52:00.602+0000] {logging_mixin.py:149} INFO - [2024-09-13T02:52:00.602+0000] {dagbag.py:541} INFO - Filling up the DagBag from /home/airflow/.local/lib/python3.7/site-packages/airflow/example_dags/example_dag_decorator.py
[2024-09-13T02:52:00.817+0000] {logging_mixin.py:149} INFO - [2024-09-13T02:52:00.817+0000] {taskmixin.py:211} WARNING - Dependency <Task(_PythonDecoratedOperator): prepare_email>, send_email already registered for DAG: example_dag_decorator
[2024-09-13T02:52:00.827+0000] {logging_mixin.py:149} INFO - [2024-09-13T02:52:00.827+0000] {taskmixin.py:211} WARNING - Dependency <Task(EmailOperator): send_email>, prepare_email already registered for DAG: example_dag_decorator
[2024-09-13T02:52:00.916+0000] {processor.py:836} INFO - DAG(s) dict_keys(['example_dag_decorator']) retrieved from /home/airflow/.local/lib/python3.7/site-packages/airflow/example_dags/example_dag_decorator.py
[2024-09-13T02:52:01.312+0000] {logging_mixin.py:149} INFO - [2024-09-13T02:52:01.311+0000] {dag.py:2726} INFO - Sync 1 DAGs
[2024-09-13T02:52:01.377+0000] {logging_mixin.py:149} INFO - [2024-09-13T02:52:01.377+0000] {dag.py:3490} INFO - Setting next_dagrun for example_dag_decorator to None, run_after=None
[2024-09-13T02:52:01.441+0000] {processor.py:179} INFO - Processing /home/airflow/.local/lib/python3.7/site-packages/airflow/example_dags/example_dag_decorator.py took 0.924 seconds
[2024-09-13T02:52:31.584+0000] {processor.py:157} INFO - Started process (PID=833) to work on /home/airflow/.local/lib/python3.7/site-packages/airflow/example_dags/example_dag_decorator.py
[2024-09-13T02:52:31.592+0000] {processor.py:826} INFO - Processing file /home/airflow/.local/lib/python3.7/site-packages/airflow/example_dags/example_dag_decorator.py for tasks to queue
[2024-09-13T02:52:31.598+0000] {logging_mixin.py:149} INFO - [2024-09-13T02:52:31.598+0000] {dagbag.py:541} INFO - Filling up the DagBag from /home/airflow/.local/lib/python3.7/site-packages/airflow/example_dags/example_dag_decorator.py
[2024-09-13T02:52:31.623+0000] {logging_mixin.py:149} INFO - [2024-09-13T02:52:31.622+0000] {taskmixin.py:211} WARNING - Dependency <Task(_PythonDecoratedOperator): prepare_email>, send_email already registered for DAG: example_dag_decorator
[2024-09-13T02:52:31.625+0000] {logging_mixin.py:149} INFO - [2024-09-13T02:52:31.625+0000] {taskmixin.py:211} WARNING - Dependency <Task(EmailOperator): send_email>, prepare_email already registered for DAG: example_dag_decorator
[2024-09-13T02:52:31.669+0000] {processor.py:836} INFO - DAG(s) dict_keys(['example_dag_decorator']) retrieved from /home/airflow/.local/lib/python3.7/site-packages/airflow/example_dags/example_dag_decorator.py
[2024-09-13T02:52:31.890+0000] {logging_mixin.py:149} INFO - [2024-09-13T02:52:31.889+0000] {dag.py:2726} INFO - Sync 1 DAGs
[2024-09-13T02:52:31.969+0000] {logging_mixin.py:149} INFO - [2024-09-13T02:52:31.969+0000] {dag.py:3490} INFO - Setting next_dagrun for example_dag_decorator to None, run_after=None
[2024-09-13T02:52:32.033+0000] {processor.py:179} INFO - Processing /home/airflow/.local/lib/python3.7/site-packages/airflow/example_dags/example_dag_decorator.py took 0.470 seconds
[2024-09-13T02:53:02.621+0000] {processor.py:157} INFO - Started process (PID=903) to work on /home/airflow/.local/lib/python3.7/site-packages/airflow/example_dags/example_dag_decorator.py
[2024-09-13T02:53:02.626+0000] {processor.py:826} INFO - Processing file /home/airflow/.local/lib/python3.7/site-packages/airflow/example_dags/example_dag_decorator.py for tasks to queue
[2024-09-13T02:53:02.628+0000] {logging_mixin.py:149} INFO - [2024-09-13T02:53:02.628+0000] {dagbag.py:541} INFO - Filling up the DagBag from /home/airflow/.local/lib/python3.7/site-packages/airflow/example_dags/example_dag_decorator.py
[2024-09-13T02:53:02.646+0000] {logging_mixin.py:149} INFO - [2024-09-13T02:53:02.645+0000] {taskmixin.py:211} WARNING - Dependency <Task(_PythonDecoratedOperator): prepare_email>, send_email already registered for DAG: example_dag_decorator
[2024-09-13T02:53:02.647+0000] {logging_mixin.py:149} INFO - [2024-09-13T02:53:02.647+0000] {taskmixin.py:211} WARNING - Dependency <Task(EmailOperator): send_email>, prepare_email already registered for DAG: example_dag_decorator
[2024-09-13T02:53:02.667+0000] {processor.py:836} INFO - DAG(s) dict_keys(['example_dag_decorator']) retrieved from /home/airflow/.local/lib/python3.7/site-packages/airflow/example_dags/example_dag_decorator.py
[2024-09-13T02:53:02.867+0000] {logging_mixin.py:149} INFO - [2024-09-13T02:53:02.866+0000] {dag.py:2726} INFO - Sync 1 DAGs
[2024-09-13T02:53:02.956+0000] {logging_mixin.py:149} INFO - [2024-09-13T02:53:02.956+0000] {dag.py:3490} INFO - Setting next_dagrun for example_dag_decorator to None, run_after=None
[2024-09-13T02:53:03.022+0000] {processor.py:179} INFO - Processing /home/airflow/.local/lib/python3.7/site-packages/airflow/example_dags/example_dag_decorator.py took 0.413 seconds
[2024-09-13T02:53:33.272+0000] {processor.py:157} INFO - Started process (PID=970) to work on /home/airflow/.local/lib/python3.7/site-packages/airflow/example_dags/example_dag_decorator.py
[2024-09-13T02:53:33.275+0000] {processor.py:826} INFO - Processing file /home/airflow/.local/lib/python3.7/site-packages/airflow/example_dags/example_dag_decorator.py for tasks to queue
[2024-09-13T02:53:33.278+0000] {logging_mixin.py:149} INFO - [2024-09-13T02:53:33.277+0000] {dagbag.py:541} INFO - Filling up the DagBag from /home/airflow/.local/lib/python3.7/site-packages/airflow/example_dags/example_dag_decorator.py
[2024-09-13T02:53:33.298+0000] {logging_mixin.py:149} INFO - [2024-09-13T02:53:33.298+0000] {taskmixin.py:211} WARNING - Dependency <Task(_PythonDecoratedOperator): prepare_email>, send_email already registered for DAG: example_dag_decorator
[2024-09-13T02:53:33.299+0000] {logging_mixin.py:149} INFO - [2024-09-13T02:53:33.299+0000] {taskmixin.py:211} WARNING - Dependency <Task(EmailOperator): send_email>, prepare_email already registered for DAG: example_dag_decorator
[2024-09-13T02:53:33.349+0000] {processor.py:836} INFO - DAG(s) dict_keys(['example_dag_decorator']) retrieved from /home/airflow/.local/lib/python3.7/site-packages/airflow/example_dags/example_dag_decorator.py
[2024-09-13T02:53:33.511+0000] {logging_mixin.py:149} INFO - [2024-09-13T02:53:33.511+0000] {dag.py:2726} INFO - Sync 1 DAGs
[2024-09-13T02:53:33.594+0000] {logging_mixin.py:149} INFO - [2024-09-13T02:53:33.593+0000] {dag.py:3490} INFO - Setting next_dagrun for example_dag_decorator to None, run_after=None
[2024-09-13T02:53:33.686+0000] {processor.py:179} INFO - Processing /home/airflow/.local/lib/python3.7/site-packages/airflow/example_dags/example_dag_decorator.py took 0.424 seconds
[2024-09-13T02:54:06.650+0000] {processor.py:157} INFO - Started process (PID=1041) to work on /home/airflow/.local/lib/python3.7/site-packages/airflow/example_dags/example_dag_decorator.py
[2024-09-13T02:54:06.652+0000] {processor.py:826} INFO - Processing file /home/airflow/.local/lib/python3.7/site-packages/airflow/example_dags/example_dag_decorator.py for tasks to queue
[2024-09-13T02:54:06.654+0000] {logging_mixin.py:149} INFO - [2024-09-13T02:54:06.654+0000] {dagbag.py:541} INFO - Filling up the DagBag from /home/airflow/.local/lib/python3.7/site-packages/airflow/example_dags/example_dag_decorator.py
[2024-09-13T02:54:06.671+0000] {logging_mixin.py:149} INFO - [2024-09-13T02:54:06.671+0000] {taskmixin.py:211} WARNING - Dependency <Task(_PythonDecoratedOperator): prepare_email>, send_email already registered for DAG: example_dag_decorator
[2024-09-13T02:54:06.673+0000] {logging_mixin.py:149} INFO - [2024-09-13T02:54:06.673+0000] {taskmixin.py:211} WARNING - Dependency <Task(EmailOperator): send_email>, prepare_email already registered for DAG: example_dag_decorator
[2024-09-13T02:54:06.702+0000] {processor.py:836} INFO - DAG(s) dict_keys(['example_dag_decorator']) retrieved from /home/airflow/.local/lib/python3.7/site-packages/airflow/example_dags/example_dag_decorator.py
[2024-09-13T02:54:06.945+0000] {logging_mixin.py:149} INFO - [2024-09-13T02:54:06.945+0000] {dag.py:2726} INFO - Sync 1 DAGs
[2024-09-13T02:54:07.051+0000] {logging_mixin.py:149} INFO - [2024-09-13T02:54:07.050+0000] {dag.py:3490} INFO - Setting next_dagrun for example_dag_decorator to None, run_after=None
[2024-09-13T02:54:07.113+0000] {processor.py:179} INFO - Processing /home/airflow/.local/lib/python3.7/site-packages/airflow/example_dags/example_dag_decorator.py took 0.479 seconds
[2024-09-13T02:54:37.731+0000] {processor.py:157} INFO - Started process (PID=1110) to work on /home/airflow/.local/lib/python3.7/site-packages/airflow/example_dags/example_dag_decorator.py
[2024-09-13T02:54:37.734+0000] {processor.py:826} INFO - Processing file /home/airflow/.local/lib/python3.7/site-packages/airflow/example_dags/example_dag_decorator.py for tasks to queue
[2024-09-13T02:54:37.736+0000] {logging_mixin.py:149} INFO - [2024-09-13T02:54:37.735+0000] {dagbag.py:541} INFO - Filling up the DagBag from /home/airflow/.local/lib/python3.7/site-packages/airflow/example_dags/example_dag_decorator.py
[2024-09-13T02:54:37.755+0000] {logging_mixin.py:149} INFO - [2024-09-13T02:54:37.755+0000] {taskmixin.py:211} WARNING - Dependency <Task(_PythonDecoratedOperator): prepare_email>, send_email already registered for DAG: example_dag_decorator
[2024-09-13T02:54:37.758+0000] {logging_mixin.py:149} INFO - [2024-09-13T02:54:37.758+0000] {taskmixin.py:211} WARNING - Dependency <Task(EmailOperator): send_email>, prepare_email already registered for DAG: example_dag_decorator
[2024-09-13T02:54:37.790+0000] {processor.py:836} INFO - DAG(s) dict_keys(['example_dag_decorator']) retrieved from /home/airflow/.local/lib/python3.7/site-packages/airflow/example_dags/example_dag_decorator.py
[2024-09-13T02:54:38.023+0000] {logging_mixin.py:149} INFO - [2024-09-13T02:54:38.022+0000] {dag.py:2726} INFO - Sync 1 DAGs
[2024-09-13T02:54:38.095+0000] {logging_mixin.py:149} INFO - [2024-09-13T02:54:38.094+0000] {dag.py:3490} INFO - Setting next_dagrun for example_dag_decorator to None, run_after=None
[2024-09-13T02:54:38.153+0000] {processor.py:179} INFO - Processing /home/airflow/.local/lib/python3.7/site-packages/airflow/example_dags/example_dag_decorator.py took 0.431 seconds
[2024-09-13T02:55:16.139+0000] {processor.py:157} INFO - Started process (PID=1188) to work on /home/airflow/.local/lib/python3.7/site-packages/airflow/example_dags/example_dag_decorator.py
[2024-09-13T02:55:16.143+0000] {processor.py:826} INFO - Processing file /home/airflow/.local/lib/python3.7/site-packages/airflow/example_dags/example_dag_decorator.py for tasks to queue
[2024-09-13T02:55:16.146+0000] {logging_mixin.py:149} INFO - [2024-09-13T02:55:16.146+0000] {dagbag.py:541} INFO - Filling up the DagBag from /home/airflow/.local/lib/python3.7/site-packages/airflow/example_dags/example_dag_decorator.py
[2024-09-13T02:55:16.169+0000] {logging_mixin.py:149} INFO - [2024-09-13T02:55:16.168+0000] {taskmixin.py:211} WARNING - Dependency <Task(_PythonDecoratedOperator): prepare_email>, send_email already registered for DAG: example_dag_decorator
[2024-09-13T02:55:16.170+0000] {logging_mixin.py:149} INFO - [2024-09-13T02:55:16.170+0000] {taskmixin.py:211} WARNING - Dependency <Task(EmailOperator): send_email>, prepare_email already registered for DAG: example_dag_decorator
[2024-09-13T02:55:16.213+0000] {processor.py:836} INFO - DAG(s) dict_keys(['example_dag_decorator']) retrieved from /home/airflow/.local/lib/python3.7/site-packages/airflow/example_dags/example_dag_decorator.py
[2024-09-13T02:55:16.510+0000] {logging_mixin.py:149} INFO - [2024-09-13T02:55:16.510+0000] {dag.py:2726} INFO - Sync 1 DAGs
[2024-09-13T02:55:16.594+0000] {logging_mixin.py:149} INFO - [2024-09-13T02:55:16.594+0000] {dag.py:3490} INFO - Setting next_dagrun for example_dag_decorator to None, run_after=None
[2024-09-13T02:55:16.689+0000] {processor.py:179} INFO - Processing /home/airflow/.local/lib/python3.7/site-packages/airflow/example_dags/example_dag_decorator.py took 0.561 seconds
[2024-09-13T02:55:51.886+0000] {processor.py:157} INFO - Started process (PID=1262) to work on /home/airflow/.local/lib/python3.7/site-packages/airflow/example_dags/example_dag_decorator.py
[2024-09-13T02:55:51.889+0000] {processor.py:826} INFO - Processing file /home/airflow/.local/lib/python3.7/site-packages/airflow/example_dags/example_dag_decorator.py for tasks to queue
[2024-09-13T02:55:51.891+0000] {logging_mixin.py:149} INFO - [2024-09-13T02:55:51.891+0000] {dagbag.py:541} INFO - Filling up the DagBag from /home/airflow/.local/lib/python3.7/site-packages/airflow/example_dags/example_dag_decorator.py
[2024-09-13T02:55:51.905+0000] {logging_mixin.py:149} INFO - [2024-09-13T02:55:51.904+0000] {taskmixin.py:211} WARNING - Dependency <Task(_PythonDecoratedOperator): prepare_email>, send_email already registered for DAG: example_dag_decorator
[2024-09-13T02:55:51.905+0000] {logging_mixin.py:149} INFO - [2024-09-13T02:55:51.905+0000] {taskmixin.py:211} WARNING - Dependency <Task(EmailOperator): send_email>, prepare_email already registered for DAG: example_dag_decorator
[2024-09-13T02:55:51.925+0000] {processor.py:836} INFO - DAG(s) dict_keys(['example_dag_decorator']) retrieved from /home/airflow/.local/lib/python3.7/site-packages/airflow/example_dags/example_dag_decorator.py
[2024-09-13T02:55:52.198+0000] {logging_mixin.py:149} INFO - [2024-09-13T02:55:52.197+0000] {dag.py:2726} INFO - Sync 1 DAGs
[2024-09-13T02:55:52.286+0000] {logging_mixin.py:149} INFO - [2024-09-13T02:55:52.285+0000] {dag.py:3490} INFO - Setting next_dagrun for example_dag_decorator to None, run_after=None
[2024-09-13T02:55:52.371+0000] {processor.py:179} INFO - Processing /home/airflow/.local/lib/python3.7/site-packages/airflow/example_dags/example_dag_decorator.py took 0.491 seconds
[2024-09-13T02:56:26.276+0000] {processor.py:157} INFO - Started process (PID=1331) to work on /home/airflow/.local/lib/python3.7/site-packages/airflow/example_dags/example_dag_decorator.py
[2024-09-13T02:56:26.278+0000] {processor.py:826} INFO - Processing file /home/airflow/.local/lib/python3.7/site-packages/airflow/example_dags/example_dag_decorator.py for tasks to queue
[2024-09-13T02:56:26.280+0000] {logging_mixin.py:149} INFO - [2024-09-13T02:56:26.280+0000] {dagbag.py:541} INFO - Filling up the DagBag from /home/airflow/.local/lib/python3.7/site-packages/airflow/example_dags/example_dag_decorator.py
[2024-09-13T02:56:26.294+0000] {logging_mixin.py:149} INFO - [2024-09-13T02:56:26.293+0000] {taskmixin.py:211} WARNING - Dependency <Task(_PythonDecoratedOperator): prepare_email>, send_email already registered for DAG: example_dag_decorator
[2024-09-13T02:56:26.294+0000] {logging_mixin.py:149} INFO - [2024-09-13T02:56:26.294+0000] {taskmixin.py:211} WARNING - Dependency <Task(EmailOperator): send_email>, prepare_email already registered for DAG: example_dag_decorator
[2024-09-13T02:56:26.317+0000] {processor.py:836} INFO - DAG(s) dict_keys(['example_dag_decorator']) retrieved from /home/airflow/.local/lib/python3.7/site-packages/airflow/example_dags/example_dag_decorator.py
[2024-09-13T02:56:26.747+0000] {logging_mixin.py:149} INFO - [2024-09-13T02:56:26.743+0000] {dag.py:2726} INFO - Sync 1 DAGs
[2024-09-13T02:56:26.839+0000] {logging_mixin.py:149} INFO - [2024-09-13T02:56:26.839+0000] {dag.py:3490} INFO - Setting next_dagrun for example_dag_decorator to None, run_after=None
[2024-09-13T02:56:26.921+0000] {processor.py:179} INFO - Processing /home/airflow/.local/lib/python3.7/site-packages/airflow/example_dags/example_dag_decorator.py took 0.654 seconds
[2024-09-13T02:56:57.222+0000] {processor.py:157} INFO - Started process (PID=1400) to work on /home/airflow/.local/lib/python3.7/site-packages/airflow/example_dags/example_dag_decorator.py
[2024-09-13T02:56:57.226+0000] {processor.py:826} INFO - Processing file /home/airflow/.local/lib/python3.7/site-packages/airflow/example_dags/example_dag_decorator.py for tasks to queue
[2024-09-13T02:56:57.230+0000] {logging_mixin.py:149} INFO - [2024-09-13T02:56:57.229+0000] {dagbag.py:541} INFO - Filling up the DagBag from /home/airflow/.local/lib/python3.7/site-packages/airflow/example_dags/example_dag_decorator.py
[2024-09-13T02:56:57.269+0000] {logging_mixin.py:149} INFO - [2024-09-13T02:56:57.268+0000] {taskmixin.py:211} WARNING - Dependency <Task(_PythonDecoratedOperator): prepare_email>, send_email already registered for DAG: example_dag_decorator
[2024-09-13T02:56:57.271+0000] {logging_mixin.py:149} INFO - [2024-09-13T02:56:57.271+0000] {taskmixin.py:211} WARNING - Dependency <Task(EmailOperator): send_email>, prepare_email already registered for DAG: example_dag_decorator
[2024-09-13T02:56:57.308+0000] {processor.py:836} INFO - DAG(s) dict_keys(['example_dag_decorator']) retrieved from /home/airflow/.local/lib/python3.7/site-packages/airflow/example_dags/example_dag_decorator.py
[2024-09-13T02:56:57.690+0000] {logging_mixin.py:149} INFO - [2024-09-13T02:56:57.689+0000] {dag.py:2726} INFO - Sync 1 DAGs
[2024-09-13T02:56:57.810+0000] {logging_mixin.py:149} INFO - [2024-09-13T02:56:57.810+0000] {dag.py:3490} INFO - Setting next_dagrun for example_dag_decorator to None, run_after=None
[2024-09-13T02:56:57.901+0000] {processor.py:179} INFO - Processing /home/airflow/.local/lib/python3.7/site-packages/airflow/example_dags/example_dag_decorator.py took 0.692 seconds
