[2024-09-13T02:45:23.306+0000] {processor.py:157} INFO - Started process (PID=102) to work on /home/airflow/.local/lib/python3.7/site-packages/airflow/example_dags/example_sla_dag.py
[2024-09-13T02:45:23.342+0000] {processor.py:826} INFO - Processing file /home/airflow/.local/lib/python3.7/site-packages/airflow/example_dags/example_sla_dag.py for tasks to queue
[2024-09-13T02:45:23.358+0000] {logging_mixin.py:149} INFO - [2024-09-13T02:45:23.358+0000] {dagbag.py:541} INFO - Filling up the DagBag from /home/airflow/.local/lib/python3.7/site-packages/airflow/example_dags/example_sla_dag.py
[2024-09-13T02:45:24.138+0000] {processor.py:836} INFO - DAG(s) dict_keys(['example_sla_dag']) retrieved from /home/airflow/.local/lib/python3.7/site-packages/airflow/example_dags/example_sla_dag.py
[2024-09-13T02:45:26.865+0000] {logging_mixin.py:149} INFO - [2024-09-13T02:45:26.860+0000] {dag.py:2726} INFO - Sync 1 DAGs
[2024-09-13T02:45:29.166+0000] {logging_mixin.py:149} INFO - [2024-09-13T02:45:29.132+0000] {dag.py:3490} INFO - Setting next_dagrun for example_sla_dag to 2024-09-13T02:42:00+00:00, run_after=2024-09-13T02:44:00+00:00
[2024-09-13T02:45:30.248+0000] {processor.py:179} INFO - Processing /home/airflow/.local/lib/python3.7/site-packages/airflow/example_dags/example_sla_dag.py took 6.994 seconds
[2024-09-13T02:47:30.281+0000] {processor.py:157} INFO - Started process (PID=192) to work on /home/airflow/.local/lib/python3.7/site-packages/airflow/example_dags/example_sla_dag.py
[2024-09-13T02:47:30.283+0000] {processor.py:826} INFO - Processing file /home/airflow/.local/lib/python3.7/site-packages/airflow/example_dags/example_sla_dag.py for tasks to queue
[2024-09-13T02:47:30.287+0000] {logging_mixin.py:149} INFO - [2024-09-13T02:47:30.286+0000] {dagbag.py:541} INFO - Filling up the DagBag from /home/airflow/.local/lib/python3.7/site-packages/airflow/example_dags/example_sla_dag.py
[2024-09-13T02:47:30.315+0000] {processor.py:836} INFO - DAG(s) dict_keys(['example_sla_dag']) retrieved from /home/airflow/.local/lib/python3.7/site-packages/airflow/example_dags/example_sla_dag.py
[2024-09-13T02:47:30.371+0000] {logging_mixin.py:149} INFO - [2024-09-13T02:47:30.371+0000] {dag.py:2726} INFO - Sync 1 DAGs
[2024-09-13T02:47:30.443+0000] {logging_mixin.py:149} INFO - [2024-09-13T02:47:30.443+0000] {dag.py:3490} INFO - Setting next_dagrun for example_sla_dag to 2024-09-13T02:44:00+00:00, run_after=2024-09-13T02:46:00+00:00
[2024-09-13T02:47:30.485+0000] {processor.py:179} INFO - Processing /home/airflow/.local/lib/python3.7/site-packages/airflow/example_dags/example_sla_dag.py took 0.210 seconds
[2024-09-13T02:48:01.871+0000] {processor.py:157} INFO - Started process (PID=261) to work on /home/airflow/.local/lib/python3.7/site-packages/airflow/example_dags/example_sla_dag.py
[2024-09-13T02:48:01.892+0000] {processor.py:826} INFO - Processing file /home/airflow/.local/lib/python3.7/site-packages/airflow/example_dags/example_sla_dag.py for tasks to queue
[2024-09-13T02:48:01.896+0000] {logging_mixin.py:149} INFO - [2024-09-13T02:48:01.895+0000] {dagbag.py:541} INFO - Filling up the DagBag from /home/airflow/.local/lib/python3.7/site-packages/airflow/example_dags/example_sla_dag.py
[2024-09-13T02:48:01.931+0000] {processor.py:836} INFO - DAG(s) dict_keys(['example_sla_dag']) retrieved from /home/airflow/.local/lib/python3.7/site-packages/airflow/example_dags/example_sla_dag.py
[2024-09-13T02:48:02.035+0000] {logging_mixin.py:149} INFO - [2024-09-13T02:48:02.034+0000] {dag.py:2726} INFO - Sync 1 DAGs
[2024-09-13T02:48:02.371+0000] {logging_mixin.py:149} INFO - [2024-09-13T02:48:02.369+0000] {dag.py:3490} INFO - Setting next_dagrun for example_sla_dag to 2024-09-13T02:46:00+00:00, run_after=2024-09-13T02:48:00+00:00
[2024-09-13T02:48:02.625+0000] {processor.py:179} INFO - Processing /home/airflow/.local/lib/python3.7/site-packages/airflow/example_dags/example_sla_dag.py took 0.761 seconds
[2024-09-13T02:48:32.851+0000] {processor.py:157} INFO - Started process (PID=331) to work on /home/airflow/.local/lib/python3.7/site-packages/airflow/example_dags/example_sla_dag.py
[2024-09-13T02:48:32.854+0000] {processor.py:826} INFO - Processing file /home/airflow/.local/lib/python3.7/site-packages/airflow/example_dags/example_sla_dag.py for tasks to queue
[2024-09-13T02:48:32.856+0000] {logging_mixin.py:149} INFO - [2024-09-13T02:48:32.856+0000] {dagbag.py:541} INFO - Filling up the DagBag from /home/airflow/.local/lib/python3.7/site-packages/airflow/example_dags/example_sla_dag.py
[2024-09-13T02:48:32.877+0000] {processor.py:836} INFO - DAG(s) dict_keys(['example_sla_dag']) retrieved from /home/airflow/.local/lib/python3.7/site-packages/airflow/example_dags/example_sla_dag.py
[2024-09-13T02:48:32.930+0000] {logging_mixin.py:149} INFO - [2024-09-13T02:48:32.929+0000] {dag.py:2726} INFO - Sync 1 DAGs
[2024-09-13T02:48:32.996+0000] {logging_mixin.py:149} INFO - [2024-09-13T02:48:32.996+0000] {dag.py:3490} INFO - Setting next_dagrun for example_sla_dag to 2024-09-13T02:46:00+00:00, run_after=2024-09-13T02:48:00+00:00
[2024-09-13T02:48:33.030+0000] {processor.py:179} INFO - Processing /home/airflow/.local/lib/python3.7/site-packages/airflow/example_dags/example_sla_dag.py took 0.187 seconds
[2024-09-13T02:49:16.858+0000] {processor.py:157} INFO - Started process (PID=413) to work on /home/airflow/.local/lib/python3.7/site-packages/airflow/example_dags/example_sla_dag.py
[2024-09-13T02:49:16.867+0000] {processor.py:826} INFO - Processing file /home/airflow/.local/lib/python3.7/site-packages/airflow/example_dags/example_sla_dag.py for tasks to queue
[2024-09-13T02:49:16.875+0000] {logging_mixin.py:149} INFO - [2024-09-13T02:49:16.874+0000] {dagbag.py:541} INFO - Filling up the DagBag from /home/airflow/.local/lib/python3.7/site-packages/airflow/example_dags/example_sla_dag.py
[2024-09-13T02:49:16.919+0000] {processor.py:836} INFO - DAG(s) dict_keys(['example_sla_dag']) retrieved from /home/airflow/.local/lib/python3.7/site-packages/airflow/example_dags/example_sla_dag.py
[2024-09-13T02:49:17.058+0000] {logging_mixin.py:149} INFO - [2024-09-13T02:49:17.058+0000] {dag.py:2726} INFO - Sync 1 DAGs
[2024-09-13T02:49:17.166+0000] {logging_mixin.py:149} INFO - [2024-09-13T02:49:17.165+0000] {dag.py:3490} INFO - Setting next_dagrun for example_sla_dag to 2024-09-13T02:46:00+00:00, run_after=2024-09-13T02:48:00+00:00
[2024-09-13T02:49:17.222+0000] {processor.py:179} INFO - Processing /home/airflow/.local/lib/python3.7/site-packages/airflow/example_dags/example_sla_dag.py took 0.374 seconds
[2024-09-13T02:49:53.203+0000] {processor.py:157} INFO - Started process (PID=484) to work on /home/airflow/.local/lib/python3.7/site-packages/airflow/example_dags/example_sla_dag.py
[2024-09-13T02:49:53.207+0000] {processor.py:826} INFO - Processing file /home/airflow/.local/lib/python3.7/site-packages/airflow/example_dags/example_sla_dag.py for tasks to queue
[2024-09-13T02:49:53.209+0000] {logging_mixin.py:149} INFO - [2024-09-13T02:49:53.208+0000] {dagbag.py:541} INFO - Filling up the DagBag from /home/airflow/.local/lib/python3.7/site-packages/airflow/example_dags/example_sla_dag.py
[2024-09-13T02:49:53.244+0000] {processor.py:836} INFO - DAG(s) dict_keys(['example_sla_dag']) retrieved from /home/airflow/.local/lib/python3.7/site-packages/airflow/example_dags/example_sla_dag.py
[2024-09-13T02:49:53.328+0000] {logging_mixin.py:149} INFO - [2024-09-13T02:49:53.327+0000] {dag.py:2726} INFO - Sync 1 DAGs
[2024-09-13T02:49:53.427+0000] {logging_mixin.py:149} INFO - [2024-09-13T02:49:53.426+0000] {dag.py:3490} INFO - Setting next_dagrun for example_sla_dag to 2024-09-13T02:46:00+00:00, run_after=2024-09-13T02:48:00+00:00
[2024-09-13T02:49:53.558+0000] {processor.py:179} INFO - Processing /home/airflow/.local/lib/python3.7/site-packages/airflow/example_dags/example_sla_dag.py took 0.367 seconds
[2024-09-13T02:50:23.737+0000] {processor.py:157} INFO - Started process (PID=554) to work on /home/airflow/.local/lib/python3.7/site-packages/airflow/example_dags/example_sla_dag.py
[2024-09-13T02:50:23.742+0000] {processor.py:826} INFO - Processing file /home/airflow/.local/lib/python3.7/site-packages/airflow/example_dags/example_sla_dag.py for tasks to queue
[2024-09-13T02:50:23.749+0000] {logging_mixin.py:149} INFO - [2024-09-13T02:50:23.749+0000] {dagbag.py:541} INFO - Filling up the DagBag from /home/airflow/.local/lib/python3.7/site-packages/airflow/example_dags/example_sla_dag.py
[2024-09-13T02:50:23.781+0000] {processor.py:836} INFO - DAG(s) dict_keys(['example_sla_dag']) retrieved from /home/airflow/.local/lib/python3.7/site-packages/airflow/example_dags/example_sla_dag.py
[2024-09-13T02:50:23.865+0000] {logging_mixin.py:149} INFO - [2024-09-13T02:50:23.864+0000] {dag.py:2726} INFO - Sync 1 DAGs
[2024-09-13T02:50:23.943+0000] {logging_mixin.py:149} INFO - [2024-09-13T02:50:23.942+0000] {dag.py:3490} INFO - Setting next_dagrun for example_sla_dag to 2024-09-13T02:48:00+00:00, run_after=2024-09-13T02:50:00+00:00
[2024-09-13T02:50:23.983+0000] {processor.py:179} INFO - Processing /home/airflow/.local/lib/python3.7/site-packages/airflow/example_dags/example_sla_dag.py took 0.259 seconds
[2024-09-13T02:50:54.268+0000] {processor.py:157} INFO - Started process (PID=623) to work on /home/airflow/.local/lib/python3.7/site-packages/airflow/example_dags/example_sla_dag.py
[2024-09-13T02:50:54.273+0000] {processor.py:826} INFO - Processing file /home/airflow/.local/lib/python3.7/site-packages/airflow/example_dags/example_sla_dag.py for tasks to queue
[2024-09-13T02:50:54.274+0000] {logging_mixin.py:149} INFO - [2024-09-13T02:50:54.274+0000] {dagbag.py:541} INFO - Filling up the DagBag from /home/airflow/.local/lib/python3.7/site-packages/airflow/example_dags/example_sla_dag.py
[2024-09-13T02:50:54.292+0000] {processor.py:836} INFO - DAG(s) dict_keys(['example_sla_dag']) retrieved from /home/airflow/.local/lib/python3.7/site-packages/airflow/example_dags/example_sla_dag.py
[2024-09-13T02:50:54.343+0000] {logging_mixin.py:149} INFO - [2024-09-13T02:50:54.343+0000] {dag.py:2726} INFO - Sync 1 DAGs
[2024-09-13T02:50:54.381+0000] {logging_mixin.py:149} INFO - [2024-09-13T02:50:54.381+0000] {dag.py:3490} INFO - Setting next_dagrun for example_sla_dag to 2024-09-13T02:48:00+00:00, run_after=2024-09-13T02:50:00+00:00
[2024-09-13T02:50:54.406+0000] {processor.py:179} INFO - Processing /home/airflow/.local/lib/python3.7/site-packages/airflow/example_dags/example_sla_dag.py took 0.145 seconds
[2024-09-13T02:51:24.799+0000] {processor.py:157} INFO - Started process (PID=692) to work on /home/airflow/.local/lib/python3.7/site-packages/airflow/example_dags/example_sla_dag.py
[2024-09-13T02:51:24.801+0000] {processor.py:826} INFO - Processing file /home/airflow/.local/lib/python3.7/site-packages/airflow/example_dags/example_sla_dag.py for tasks to queue
[2024-09-13T02:51:24.803+0000] {logging_mixin.py:149} INFO - [2024-09-13T02:51:24.803+0000] {dagbag.py:541} INFO - Filling up the DagBag from /home/airflow/.local/lib/python3.7/site-packages/airflow/example_dags/example_sla_dag.py
[2024-09-13T02:51:24.818+0000] {processor.py:836} INFO - DAG(s) dict_keys(['example_sla_dag']) retrieved from /home/airflow/.local/lib/python3.7/site-packages/airflow/example_dags/example_sla_dag.py
[2024-09-13T02:51:24.873+0000] {logging_mixin.py:149} INFO - [2024-09-13T02:51:24.873+0000] {dag.py:2726} INFO - Sync 1 DAGs
[2024-09-13T02:51:24.942+0000] {logging_mixin.py:149} INFO - [2024-09-13T02:51:24.942+0000] {dag.py:3490} INFO - Setting next_dagrun for example_sla_dag to 2024-09-13T02:48:00+00:00, run_after=2024-09-13T02:50:00+00:00
[2024-09-13T02:51:24.994+0000] {processor.py:179} INFO - Processing /home/airflow/.local/lib/python3.7/site-packages/airflow/example_dags/example_sla_dag.py took 0.202 seconds
[2024-09-13T02:51:56.793+0000] {processor.py:157} INFO - Started process (PID=761) to work on /home/airflow/.local/lib/python3.7/site-packages/airflow/example_dags/example_sla_dag.py
[2024-09-13T02:51:56.795+0000] {processor.py:826} INFO - Processing file /home/airflow/.local/lib/python3.7/site-packages/airflow/example_dags/example_sla_dag.py for tasks to queue
[2024-09-13T02:51:56.797+0000] {logging_mixin.py:149} INFO - [2024-09-13T02:51:56.797+0000] {dagbag.py:541} INFO - Filling up the DagBag from /home/airflow/.local/lib/python3.7/site-packages/airflow/example_dags/example_sla_dag.py
[2024-09-13T02:51:56.818+0000] {processor.py:836} INFO - DAG(s) dict_keys(['example_sla_dag']) retrieved from /home/airflow/.local/lib/python3.7/site-packages/airflow/example_dags/example_sla_dag.py
[2024-09-13T02:51:56.894+0000] {logging_mixin.py:149} INFO - [2024-09-13T02:51:56.893+0000] {dag.py:2726} INFO - Sync 1 DAGs
[2024-09-13T02:51:57.003+0000] {logging_mixin.py:149} INFO - [2024-09-13T02:51:57.003+0000] {dag.py:3490} INFO - Setting next_dagrun for example_sla_dag to 2024-09-13T02:48:00+00:00, run_after=2024-09-13T02:50:00+00:00
[2024-09-13T02:51:57.062+0000] {processor.py:179} INFO - Processing /home/airflow/.local/lib/python3.7/site-packages/airflow/example_dags/example_sla_dag.py took 0.276 seconds
[2024-09-13T02:52:27.894+0000] {processor.py:157} INFO - Started process (PID=830) to work on /home/airflow/.local/lib/python3.7/site-packages/airflow/example_dags/example_sla_dag.py
[2024-09-13T02:52:27.897+0000] {processor.py:826} INFO - Processing file /home/airflow/.local/lib/python3.7/site-packages/airflow/example_dags/example_sla_dag.py for tasks to queue
[2024-09-13T02:52:27.899+0000] {logging_mixin.py:149} INFO - [2024-09-13T02:52:27.898+0000] {dagbag.py:541} INFO - Filling up the DagBag from /home/airflow/.local/lib/python3.7/site-packages/airflow/example_dags/example_sla_dag.py
[2024-09-13T02:52:27.920+0000] {processor.py:836} INFO - DAG(s) dict_keys(['example_sla_dag']) retrieved from /home/airflow/.local/lib/python3.7/site-packages/airflow/example_dags/example_sla_dag.py
[2024-09-13T02:52:27.970+0000] {logging_mixin.py:149} INFO - [2024-09-13T02:52:27.970+0000] {dag.py:2726} INFO - Sync 1 DAGs
[2024-09-13T02:52:28.078+0000] {logging_mixin.py:149} INFO - [2024-09-13T02:52:28.078+0000] {dag.py:3490} INFO - Setting next_dagrun for example_sla_dag to 2024-09-13T02:50:00+00:00, run_after=2024-09-13T02:52:00+00:00
[2024-09-13T02:52:28.122+0000] {processor.py:179} INFO - Processing /home/airflow/.local/lib/python3.7/site-packages/airflow/example_dags/example_sla_dag.py took 0.237 seconds
[2024-09-13T02:52:59.941+0000] {processor.py:157} INFO - Started process (PID=899) to work on /home/airflow/.local/lib/python3.7/site-packages/airflow/example_dags/example_sla_dag.py
[2024-09-13T02:52:59.957+0000] {processor.py:826} INFO - Processing file /home/airflow/.local/lib/python3.7/site-packages/airflow/example_dags/example_sla_dag.py for tasks to queue
[2024-09-13T02:52:59.964+0000] {logging_mixin.py:149} INFO - [2024-09-13T02:52:59.963+0000] {dagbag.py:541} INFO - Filling up the DagBag from /home/airflow/.local/lib/python3.7/site-packages/airflow/example_dags/example_sla_dag.py
[2024-09-13T02:53:00.055+0000] {processor.py:836} INFO - DAG(s) dict_keys(['example_sla_dag']) retrieved from /home/airflow/.local/lib/python3.7/site-packages/airflow/example_dags/example_sla_dag.py
[2024-09-13T02:53:00.230+0000] {logging_mixin.py:149} INFO - [2024-09-13T02:53:00.229+0000] {dag.py:2726} INFO - Sync 1 DAGs
[2024-09-13T02:53:00.365+0000] {logging_mixin.py:149} INFO - [2024-09-13T02:53:00.365+0000] {dag.py:3490} INFO - Setting next_dagrun for example_sla_dag to 2024-09-13T02:50:00+00:00, run_after=2024-09-13T02:52:00+00:00
[2024-09-13T02:53:00.443+0000] {processor.py:179} INFO - Processing /home/airflow/.local/lib/python3.7/site-packages/airflow/example_dags/example_sla_dag.py took 0.523 seconds
[2024-09-13T02:53:31.037+0000] {processor.py:157} INFO - Started process (PID=968) to work on /home/airflow/.local/lib/python3.7/site-packages/airflow/example_dags/example_sla_dag.py
[2024-09-13T02:53:31.042+0000] {processor.py:826} INFO - Processing file /home/airflow/.local/lib/python3.7/site-packages/airflow/example_dags/example_sla_dag.py for tasks to queue
[2024-09-13T02:53:31.045+0000] {logging_mixin.py:149} INFO - [2024-09-13T02:53:31.044+0000] {dagbag.py:541} INFO - Filling up the DagBag from /home/airflow/.local/lib/python3.7/site-packages/airflow/example_dags/example_sla_dag.py
[2024-09-13T02:53:31.076+0000] {processor.py:836} INFO - DAG(s) dict_keys(['example_sla_dag']) retrieved from /home/airflow/.local/lib/python3.7/site-packages/airflow/example_dags/example_sla_dag.py
[2024-09-13T02:53:31.139+0000] {logging_mixin.py:149} INFO - [2024-09-13T02:53:31.139+0000] {dag.py:2726} INFO - Sync 1 DAGs
[2024-09-13T02:53:31.233+0000] {logging_mixin.py:149} INFO - [2024-09-13T02:53:31.233+0000] {dag.py:3490} INFO - Setting next_dagrun for example_sla_dag to 2024-09-13T02:50:00+00:00, run_after=2024-09-13T02:52:00+00:00
[2024-09-13T02:53:31.304+0000] {processor.py:179} INFO - Processing /home/airflow/.local/lib/python3.7/site-packages/airflow/example_dags/example_sla_dag.py took 0.294 seconds
[2024-09-13T02:54:05.866+0000] {processor.py:157} INFO - Started process (PID=1036) to work on /home/airflow/.local/lib/python3.7/site-packages/airflow/example_dags/example_sla_dag.py
[2024-09-13T02:54:05.869+0000] {processor.py:826} INFO - Processing file /home/airflow/.local/lib/python3.7/site-packages/airflow/example_dags/example_sla_dag.py for tasks to queue
[2024-09-13T02:54:05.871+0000] {logging_mixin.py:149} INFO - [2024-09-13T02:54:05.871+0000] {dagbag.py:541} INFO - Filling up the DagBag from /home/airflow/.local/lib/python3.7/site-packages/airflow/example_dags/example_sla_dag.py
[2024-09-13T02:54:05.930+0000] {processor.py:836} INFO - DAG(s) dict_keys(['example_sla_dag']) retrieved from /home/airflow/.local/lib/python3.7/site-packages/airflow/example_dags/example_sla_dag.py
[2024-09-13T02:54:06.044+0000] {logging_mixin.py:149} INFO - [2024-09-13T02:54:06.043+0000] {dag.py:2726} INFO - Sync 1 DAGs
[2024-09-13T02:54:06.163+0000] {logging_mixin.py:149} INFO - [2024-09-13T02:54:06.163+0000] {dag.py:3490} INFO - Setting next_dagrun for example_sla_dag to 2024-09-13T02:52:00+00:00, run_after=2024-09-13T02:54:00+00:00
[2024-09-13T02:54:06.236+0000] {processor.py:179} INFO - Processing /home/airflow/.local/lib/python3.7/site-packages/airflow/example_dags/example_sla_dag.py took 0.385 seconds
[2024-09-13T02:54:37.125+0000] {processor.py:157} INFO - Started process (PID=1105) to work on /home/airflow/.local/lib/python3.7/site-packages/airflow/example_dags/example_sla_dag.py
[2024-09-13T02:54:37.128+0000] {processor.py:826} INFO - Processing file /home/airflow/.local/lib/python3.7/site-packages/airflow/example_dags/example_sla_dag.py for tasks to queue
[2024-09-13T02:54:37.130+0000] {logging_mixin.py:149} INFO - [2024-09-13T02:54:37.130+0000] {dagbag.py:541} INFO - Filling up the DagBag from /home/airflow/.local/lib/python3.7/site-packages/airflow/example_dags/example_sla_dag.py
[2024-09-13T02:54:37.161+0000] {processor.py:836} INFO - DAG(s) dict_keys(['example_sla_dag']) retrieved from /home/airflow/.local/lib/python3.7/site-packages/airflow/example_dags/example_sla_dag.py
[2024-09-13T02:54:37.214+0000] {logging_mixin.py:149} INFO - [2024-09-13T02:54:37.214+0000] {dag.py:2726} INFO - Sync 1 DAGs
[2024-09-13T02:54:37.298+0000] {logging_mixin.py:149} INFO - [2024-09-13T02:54:37.298+0000] {dag.py:3490} INFO - Setting next_dagrun for example_sla_dag to 2024-09-13T02:52:00+00:00, run_after=2024-09-13T02:54:00+00:00
[2024-09-13T02:54:37.374+0000] {processor.py:179} INFO - Processing /home/airflow/.local/lib/python3.7/site-packages/airflow/example_dags/example_sla_dag.py took 0.260 seconds
[2024-09-13T02:55:15.821+0000] {processor.py:157} INFO - Started process (PID=1185) to work on /home/airflow/.local/lib/python3.7/site-packages/airflow/example_dags/example_sla_dag.py
[2024-09-13T02:55:15.825+0000] {processor.py:826} INFO - Processing file /home/airflow/.local/lib/python3.7/site-packages/airflow/example_dags/example_sla_dag.py for tasks to queue
[2024-09-13T02:55:15.828+0000] {logging_mixin.py:149} INFO - [2024-09-13T02:55:15.828+0000] {dagbag.py:541} INFO - Filling up the DagBag from /home/airflow/.local/lib/python3.7/site-packages/airflow/example_dags/example_sla_dag.py
[2024-09-13T02:55:15.853+0000] {processor.py:836} INFO - DAG(s) dict_keys(['example_sla_dag']) retrieved from /home/airflow/.local/lib/python3.7/site-packages/airflow/example_dags/example_sla_dag.py
[2024-09-13T02:55:15.916+0000] {logging_mixin.py:149} INFO - [2024-09-13T02:55:15.916+0000] {dag.py:2726} INFO - Sync 1 DAGs
[2024-09-13T02:55:15.988+0000] {logging_mixin.py:149} INFO - [2024-09-13T02:55:15.987+0000] {dag.py:3490} INFO - Setting next_dagrun for example_sla_dag to 2024-09-13T02:52:00+00:00, run_after=2024-09-13T02:54:00+00:00
[2024-09-13T02:55:16.064+0000] {processor.py:179} INFO - Processing /home/airflow/.local/lib/python3.7/site-packages/airflow/example_dags/example_sla_dag.py took 0.253 seconds
[2024-09-13T02:55:51.557+0000] {processor.py:157} INFO - Started process (PID=1259) to work on /home/airflow/.local/lib/python3.7/site-packages/airflow/example_dags/example_sla_dag.py
[2024-09-13T02:55:51.562+0000] {processor.py:826} INFO - Processing file /home/airflow/.local/lib/python3.7/site-packages/airflow/example_dags/example_sla_dag.py for tasks to queue
[2024-09-13T02:55:51.571+0000] {logging_mixin.py:149} INFO - [2024-09-13T02:55:51.564+0000] {dagbag.py:541} INFO - Filling up the DagBag from /home/airflow/.local/lib/python3.7/site-packages/airflow/example_dags/example_sla_dag.py
[2024-09-13T02:55:51.612+0000] {processor.py:836} INFO - DAG(s) dict_keys(['example_sla_dag']) retrieved from /home/airflow/.local/lib/python3.7/site-packages/airflow/example_dags/example_sla_dag.py
[2024-09-13T02:55:51.713+0000] {logging_mixin.py:149} INFO - [2024-09-13T02:55:51.713+0000] {dag.py:2726} INFO - Sync 1 DAGs
[2024-09-13T02:55:51.799+0000] {logging_mixin.py:149} INFO - [2024-09-13T02:55:51.799+0000] {dag.py:3490} INFO - Setting next_dagrun for example_sla_dag to 2024-09-13T02:52:00+00:00, run_after=2024-09-13T02:54:00+00:00
[2024-09-13T02:55:51.841+0000] {processor.py:179} INFO - Processing /home/airflow/.local/lib/python3.7/site-packages/airflow/example_dags/example_sla_dag.py took 0.296 seconds
[2024-09-13T02:56:25.701+0000] {processor.py:157} INFO - Started process (PID=1328) to work on /home/airflow/.local/lib/python3.7/site-packages/airflow/example_dags/example_sla_dag.py
[2024-09-13T02:56:25.704+0000] {processor.py:826} INFO - Processing file /home/airflow/.local/lib/python3.7/site-packages/airflow/example_dags/example_sla_dag.py for tasks to queue
[2024-09-13T02:56:25.706+0000] {logging_mixin.py:149} INFO - [2024-09-13T02:56:25.706+0000] {dagbag.py:541} INFO - Filling up the DagBag from /home/airflow/.local/lib/python3.7/site-packages/airflow/example_dags/example_sla_dag.py
[2024-09-13T02:56:25.750+0000] {processor.py:836} INFO - DAG(s) dict_keys(['example_sla_dag']) retrieved from /home/airflow/.local/lib/python3.7/site-packages/airflow/example_dags/example_sla_dag.py
[2024-09-13T02:56:25.830+0000] {logging_mixin.py:149} INFO - [2024-09-13T02:56:25.830+0000] {dag.py:2726} INFO - Sync 1 DAGs
[2024-09-13T02:56:25.913+0000] {logging_mixin.py:149} INFO - [2024-09-13T02:56:25.913+0000] {dag.py:3490} INFO - Setting next_dagrun for example_sla_dag to 2024-09-13T02:54:00+00:00, run_after=2024-09-13T02:56:00+00:00
[2024-09-13T02:56:25.982+0000] {processor.py:179} INFO - Processing /home/airflow/.local/lib/python3.7/site-packages/airflow/example_dags/example_sla_dag.py took 0.289 seconds
[2024-09-13T02:56:56.676+0000] {processor.py:157} INFO - Started process (PID=1397) to work on /home/airflow/.local/lib/python3.7/site-packages/airflow/example_dags/example_sla_dag.py
[2024-09-13T02:56:56.680+0000] {processor.py:826} INFO - Processing file /home/airflow/.local/lib/python3.7/site-packages/airflow/example_dags/example_sla_dag.py for tasks to queue
[2024-09-13T02:56:56.684+0000] {logging_mixin.py:149} INFO - [2024-09-13T02:56:56.683+0000] {dagbag.py:541} INFO - Filling up the DagBag from /home/airflow/.local/lib/python3.7/site-packages/airflow/example_dags/example_sla_dag.py
[2024-09-13T02:56:56.742+0000] {processor.py:836} INFO - DAG(s) dict_keys(['example_sla_dag']) retrieved from /home/airflow/.local/lib/python3.7/site-packages/airflow/example_dags/example_sla_dag.py
[2024-09-13T02:56:56.827+0000] {logging_mixin.py:149} INFO - [2024-09-13T02:56:56.827+0000] {dag.py:2726} INFO - Sync 1 DAGs
[2024-09-13T02:56:56.927+0000] {logging_mixin.py:149} INFO - [2024-09-13T02:56:56.927+0000] {dag.py:3490} INFO - Setting next_dagrun for example_sla_dag to 2024-09-13T02:54:00+00:00, run_after=2024-09-13T02:56:00+00:00
[2024-09-13T02:56:57.093+0000] {processor.py:179} INFO - Processing /home/airflow/.local/lib/python3.7/site-packages/airflow/example_dags/example_sla_dag.py took 0.425 seconds
