[2024-09-13T02:43:45.397+0000] {processor.py:157} INFO - Started process (PID=61) to work on /home/airflow/.local/lib/python3.7/site-packages/airflow/example_dags/example_short_circuit_operator.py
[2024-09-13T02:43:45.400+0000] {processor.py:826} INFO - Processing file /home/airflow/.local/lib/python3.7/site-packages/airflow/example_dags/example_short_circuit_operator.py for tasks to queue
[2024-09-13T02:43:45.404+0000] {logging_mixin.py:149} INFO - [2024-09-13T02:43:45.404+0000] {dagbag.py:541} INFO - Filling up the DagBag from /home/airflow/.local/lib/python3.7/site-packages/airflow/example_dags/example_short_circuit_operator.py
[2024-09-13T02:43:45.595+0000] {processor.py:836} INFO - DAG(s) dict_keys(['example_short_circuit_operator']) retrieved from /home/airflow/.local/lib/python3.7/site-packages/airflow/example_dags/example_short_circuit_operator.py
[2024-09-13T02:43:45.930+0000] {logging_mixin.py:149} INFO - [2024-09-13T02:43:45.930+0000] {dag.py:2726} INFO - Sync 1 DAGs
[2024-09-13T02:43:46.495+0000] {logging_mixin.py:149} INFO - [2024-09-13T02:43:46.492+0000] {dag.py:3490} INFO - Setting next_dagrun for example_short_circuit_operator to 2024-09-12T02:43:46.488818+00:00, run_after=2024-09-13T02:43:46.488818+00:00
[2024-09-13T02:43:47.499+0000] {processor.py:179} INFO - Processing /home/airflow/.local/lib/python3.7/site-packages/airflow/example_dags/example_short_circuit_operator.py took 2.112 seconds
[2024-09-13T02:46:57.987+0000] {processor.py:157} INFO - Started process (PID=164) to work on /home/airflow/.local/lib/python3.7/site-packages/airflow/example_dags/example_short_circuit_operator.py
[2024-09-13T02:46:57.992+0000] {processor.py:826} INFO - Processing file /home/airflow/.local/lib/python3.7/site-packages/airflow/example_dags/example_short_circuit_operator.py for tasks to queue
[2024-09-13T02:46:57.997+0000] {logging_mixin.py:149} INFO - [2024-09-13T02:46:57.997+0000] {dagbag.py:541} INFO - Filling up the DagBag from /home/airflow/.local/lib/python3.7/site-packages/airflow/example_dags/example_short_circuit_operator.py
[2024-09-13T02:46:58.046+0000] {processor.py:836} INFO - DAG(s) dict_keys(['example_short_circuit_operator']) retrieved from /home/airflow/.local/lib/python3.7/site-packages/airflow/example_dags/example_short_circuit_operator.py
[2024-09-13T02:46:58.189+0000] {logging_mixin.py:149} INFO - [2024-09-13T02:46:58.188+0000] {dag.py:2726} INFO - Sync 1 DAGs
[2024-09-13T02:46:58.886+0000] {logging_mixin.py:149} INFO - [2024-09-13T02:46:58.885+0000] {dag.py:3490} INFO - Setting next_dagrun for example_short_circuit_operator to 2024-09-12T02:46:58.884536+00:00, run_after=2024-09-13T02:46:58.884536+00:00
[2024-09-13T02:46:59.302+0000] {processor.py:179} INFO - Processing /home/airflow/.local/lib/python3.7/site-packages/airflow/example_dags/example_short_circuit_operator.py took 1.330 seconds
[2024-09-13T02:47:34.811+0000] {processor.py:157} INFO - Started process (PID=214) to work on /home/airflow/.local/lib/python3.7/site-packages/airflow/example_dags/example_short_circuit_operator.py
[2024-09-13T02:47:34.814+0000] {processor.py:826} INFO - Processing file /home/airflow/.local/lib/python3.7/site-packages/airflow/example_dags/example_short_circuit_operator.py for tasks to queue
[2024-09-13T02:47:34.815+0000] {logging_mixin.py:149} INFO - [2024-09-13T02:47:34.815+0000] {dagbag.py:541} INFO - Filling up the DagBag from /home/airflow/.local/lib/python3.7/site-packages/airflow/example_dags/example_short_circuit_operator.py
[2024-09-13T02:47:34.838+0000] {processor.py:836} INFO - DAG(s) dict_keys(['example_short_circuit_operator']) retrieved from /home/airflow/.local/lib/python3.7/site-packages/airflow/example_dags/example_short_circuit_operator.py
[2024-09-13T02:47:34.922+0000] {logging_mixin.py:149} INFO - [2024-09-13T02:47:34.922+0000] {dag.py:2726} INFO - Sync 1 DAGs
[2024-09-13T02:47:35.020+0000] {logging_mixin.py:149} INFO - [2024-09-13T02:47:35.019+0000] {dag.py:3490} INFO - Setting next_dagrun for example_short_circuit_operator to 2024-09-12T02:47:35.017225+00:00, run_after=2024-09-13T02:47:35.017225+00:00
[2024-09-13T02:47:35.140+0000] {processor.py:179} INFO - Processing /home/airflow/.local/lib/python3.7/site-packages/airflow/example_dags/example_short_circuit_operator.py took 0.336 seconds
[2024-09-13T02:48:08.794+0000] {processor.py:157} INFO - Started process (PID=283) to work on /home/airflow/.local/lib/python3.7/site-packages/airflow/example_dags/example_short_circuit_operator.py
[2024-09-13T02:48:08.806+0000] {processor.py:826} INFO - Processing file /home/airflow/.local/lib/python3.7/site-packages/airflow/example_dags/example_short_circuit_operator.py for tasks to queue
[2024-09-13T02:48:08.811+0000] {logging_mixin.py:149} INFO - [2024-09-13T02:48:08.811+0000] {dagbag.py:541} INFO - Filling up the DagBag from /home/airflow/.local/lib/python3.7/site-packages/airflow/example_dags/example_short_circuit_operator.py
[2024-09-13T02:48:08.932+0000] {processor.py:836} INFO - DAG(s) dict_keys(['example_short_circuit_operator']) retrieved from /home/airflow/.local/lib/python3.7/site-packages/airflow/example_dags/example_short_circuit_operator.py
[2024-09-13T02:48:09.385+0000] {logging_mixin.py:149} INFO - [2024-09-13T02:48:09.383+0000] {dag.py:2726} INFO - Sync 1 DAGs
[2024-09-13T02:48:10.448+0000] {logging_mixin.py:149} INFO - [2024-09-13T02:48:10.446+0000] {dag.py:3490} INFO - Setting next_dagrun for example_short_circuit_operator to 2024-09-12T02:48:10.443241+00:00, run_after=2024-09-13T02:48:10.443241+00:00
[2024-09-13T02:48:10.802+0000] {processor.py:179} INFO - Processing /home/airflow/.local/lib/python3.7/site-packages/airflow/example_dags/example_short_circuit_operator.py took 2.044 seconds
[2024-09-13T02:48:41.804+0000] {processor.py:157} INFO - Started process (PID=350) to work on /home/airflow/.local/lib/python3.7/site-packages/airflow/example_dags/example_short_circuit_operator.py
[2024-09-13T02:48:41.810+0000] {processor.py:826} INFO - Processing file /home/airflow/.local/lib/python3.7/site-packages/airflow/example_dags/example_short_circuit_operator.py for tasks to queue
[2024-09-13T02:48:41.814+0000] {logging_mixin.py:149} INFO - [2024-09-13T02:48:41.813+0000] {dagbag.py:541} INFO - Filling up the DagBag from /home/airflow/.local/lib/python3.7/site-packages/airflow/example_dags/example_short_circuit_operator.py
[2024-09-13T02:48:41.893+0000] {processor.py:836} INFO - DAG(s) dict_keys(['example_short_circuit_operator']) retrieved from /home/airflow/.local/lib/python3.7/site-packages/airflow/example_dags/example_short_circuit_operator.py
[2024-09-13T02:48:42.126+0000] {logging_mixin.py:149} INFO - [2024-09-13T02:48:42.125+0000] {dag.py:2726} INFO - Sync 1 DAGs
[2024-09-13T02:48:42.228+0000] {logging_mixin.py:149} INFO - [2024-09-13T02:48:42.227+0000] {dag.py:3490} INFO - Setting next_dagrun for example_short_circuit_operator to 2024-09-12T02:48:42.226655+00:00, run_after=2024-09-13T02:48:42.226655+00:00
[2024-09-13T02:48:42.298+0000] {processor.py:179} INFO - Processing /home/airflow/.local/lib/python3.7/site-packages/airflow/example_dags/example_short_circuit_operator.py took 0.519 seconds
[2024-09-13T02:49:17.886+0000] {processor.py:157} INFO - Started process (PID=418) to work on /home/airflow/.local/lib/python3.7/site-packages/airflow/example_dags/example_short_circuit_operator.py
[2024-09-13T02:49:17.890+0000] {processor.py:826} INFO - Processing file /home/airflow/.local/lib/python3.7/site-packages/airflow/example_dags/example_short_circuit_operator.py for tasks to queue
[2024-09-13T02:49:17.892+0000] {logging_mixin.py:149} INFO - [2024-09-13T02:49:17.892+0000] {dagbag.py:541} INFO - Filling up the DagBag from /home/airflow/.local/lib/python3.7/site-packages/airflow/example_dags/example_short_circuit_operator.py
[2024-09-13T02:49:17.921+0000] {processor.py:836} INFO - DAG(s) dict_keys(['example_short_circuit_operator']) retrieved from /home/airflow/.local/lib/python3.7/site-packages/airflow/example_dags/example_short_circuit_operator.py
[2024-09-13T02:49:18.017+0000] {logging_mixin.py:149} INFO - [2024-09-13T02:49:18.017+0000] {dag.py:2726} INFO - Sync 1 DAGs
[2024-09-13T02:49:18.139+0000] {logging_mixin.py:149} INFO - [2024-09-13T02:49:18.138+0000] {dag.py:3490} INFO - Setting next_dagrun for example_short_circuit_operator to 2024-09-12T02:49:18.137641+00:00, run_after=2024-09-13T02:49:18.137641+00:00
[2024-09-13T02:49:18.214+0000] {processor.py:179} INFO - Processing /home/airflow/.local/lib/python3.7/site-packages/airflow/example_dags/example_short_circuit_operator.py took 0.337 seconds
[2024-09-13T02:49:49.067+0000] {processor.py:157} INFO - Started process (PID=478) to work on /home/airflow/.local/lib/python3.7/site-packages/airflow/example_dags/example_short_circuit_operator.py
[2024-09-13T02:49:49.105+0000] {processor.py:826} INFO - Processing file /home/airflow/.local/lib/python3.7/site-packages/airflow/example_dags/example_short_circuit_operator.py for tasks to queue
[2024-09-13T02:49:49.134+0000] {logging_mixin.py:149} INFO - [2024-09-13T02:49:49.130+0000] {dagbag.py:541} INFO - Filling up the DagBag from /home/airflow/.local/lib/python3.7/site-packages/airflow/example_dags/example_short_circuit_operator.py
[2024-09-13T02:49:49.220+0000] {processor.py:836} INFO - DAG(s) dict_keys(['example_short_circuit_operator']) retrieved from /home/airflow/.local/lib/python3.7/site-packages/airflow/example_dags/example_short_circuit_operator.py
[2024-09-13T02:49:49.496+0000] {logging_mixin.py:149} INFO - [2024-09-13T02:49:49.495+0000] {dag.py:2726} INFO - Sync 1 DAGs
[2024-09-13T02:49:49.714+0000] {logging_mixin.py:149} INFO - [2024-09-13T02:49:49.713+0000] {dag.py:3490} INFO - Setting next_dagrun for example_short_circuit_operator to 2024-09-12T02:49:49.709757+00:00, run_after=2024-09-13T02:49:49.709757+00:00
[2024-09-13T02:49:49.797+0000] {processor.py:179} INFO - Processing /home/airflow/.local/lib/python3.7/site-packages/airflow/example_dags/example_short_circuit_operator.py took 0.746 seconds
[2024-09-13T02:50:19.894+0000] {processor.py:157} INFO - Started process (PID=547) to work on /home/airflow/.local/lib/python3.7/site-packages/airflow/example_dags/example_short_circuit_operator.py
[2024-09-13T02:50:19.898+0000] {processor.py:826} INFO - Processing file /home/airflow/.local/lib/python3.7/site-packages/airflow/example_dags/example_short_circuit_operator.py for tasks to queue
[2024-09-13T02:50:19.901+0000] {logging_mixin.py:149} INFO - [2024-09-13T02:50:19.901+0000] {dagbag.py:541} INFO - Filling up the DagBag from /home/airflow/.local/lib/python3.7/site-packages/airflow/example_dags/example_short_circuit_operator.py
[2024-09-13T02:50:19.932+0000] {processor.py:836} INFO - DAG(s) dict_keys(['example_short_circuit_operator']) retrieved from /home/airflow/.local/lib/python3.7/site-packages/airflow/example_dags/example_short_circuit_operator.py
[2024-09-13T02:50:19.993+0000] {logging_mixin.py:149} INFO - [2024-09-13T02:50:19.992+0000] {dag.py:2726} INFO - Sync 1 DAGs
[2024-09-13T02:50:20.029+0000] {logging_mixin.py:149} INFO - [2024-09-13T02:50:20.029+0000] {dag.py:3490} INFO - Setting next_dagrun for example_short_circuit_operator to 2024-09-12T02:50:20.028778+00:00, run_after=2024-09-13T02:50:20.028778+00:00
[2024-09-13T02:50:20.058+0000] {processor.py:179} INFO - Processing /home/airflow/.local/lib/python3.7/site-packages/airflow/example_dags/example_short_circuit_operator.py took 0.176 seconds
[2024-09-13T02:50:51.490+0000] {processor.py:157} INFO - Started process (PID=616) to work on /home/airflow/.local/lib/python3.7/site-packages/airflow/example_dags/example_short_circuit_operator.py
[2024-09-13T02:50:51.496+0000] {processor.py:826} INFO - Processing file /home/airflow/.local/lib/python3.7/site-packages/airflow/example_dags/example_short_circuit_operator.py for tasks to queue
[2024-09-13T02:50:51.500+0000] {logging_mixin.py:149} INFO - [2024-09-13T02:50:51.499+0000] {dagbag.py:541} INFO - Filling up the DagBag from /home/airflow/.local/lib/python3.7/site-packages/airflow/example_dags/example_short_circuit_operator.py
[2024-09-13T02:50:51.602+0000] {processor.py:836} INFO - DAG(s) dict_keys(['example_short_circuit_operator']) retrieved from /home/airflow/.local/lib/python3.7/site-packages/airflow/example_dags/example_short_circuit_operator.py
[2024-09-13T02:50:51.729+0000] {logging_mixin.py:149} INFO - [2024-09-13T02:50:51.729+0000] {dag.py:2726} INFO - Sync 1 DAGs
[2024-09-13T02:50:51.824+0000] {logging_mixin.py:149} INFO - [2024-09-13T02:50:51.823+0000] {dag.py:3490} INFO - Setting next_dagrun for example_short_circuit_operator to 2024-09-12T02:50:51.822169+00:00, run_after=2024-09-13T02:50:51.822169+00:00
[2024-09-13T02:50:51.887+0000] {processor.py:179} INFO - Processing /home/airflow/.local/lib/python3.7/site-packages/airflow/example_dags/example_short_circuit_operator.py took 0.419 seconds
[2024-09-13T02:51:22.691+0000] {processor.py:157} INFO - Started process (PID=685) to work on /home/airflow/.local/lib/python3.7/site-packages/airflow/example_dags/example_short_circuit_operator.py
[2024-09-13T02:51:22.695+0000] {processor.py:826} INFO - Processing file /home/airflow/.local/lib/python3.7/site-packages/airflow/example_dags/example_short_circuit_operator.py for tasks to queue
[2024-09-13T02:51:22.697+0000] {logging_mixin.py:149} INFO - [2024-09-13T02:51:22.697+0000] {dagbag.py:541} INFO - Filling up the DagBag from /home/airflow/.local/lib/python3.7/site-packages/airflow/example_dags/example_short_circuit_operator.py
[2024-09-13T02:51:22.726+0000] {processor.py:836} INFO - DAG(s) dict_keys(['example_short_circuit_operator']) retrieved from /home/airflow/.local/lib/python3.7/site-packages/airflow/example_dags/example_short_circuit_operator.py
[2024-09-13T02:51:22.798+0000] {logging_mixin.py:149} INFO - [2024-09-13T02:51:22.798+0000] {dag.py:2726} INFO - Sync 1 DAGs
[2024-09-13T02:51:22.858+0000] {logging_mixin.py:149} INFO - [2024-09-13T02:51:22.858+0000] {dag.py:3490} INFO - Setting next_dagrun for example_short_circuit_operator to 2024-09-12T02:51:22.857827+00:00, run_after=2024-09-13T02:51:22.857827+00:00
[2024-09-13T02:51:22.915+0000] {processor.py:179} INFO - Processing /home/airflow/.local/lib/python3.7/site-packages/airflow/example_dags/example_short_circuit_operator.py took 0.236 seconds
[2024-09-13T02:51:53.554+0000] {processor.py:157} INFO - Started process (PID=754) to work on /home/airflow/.local/lib/python3.7/site-packages/airflow/example_dags/example_short_circuit_operator.py
[2024-09-13T02:51:53.558+0000] {processor.py:826} INFO - Processing file /home/airflow/.local/lib/python3.7/site-packages/airflow/example_dags/example_short_circuit_operator.py for tasks to queue
[2024-09-13T02:51:53.560+0000] {logging_mixin.py:149} INFO - [2024-09-13T02:51:53.560+0000] {dagbag.py:541} INFO - Filling up the DagBag from /home/airflow/.local/lib/python3.7/site-packages/airflow/example_dags/example_short_circuit_operator.py
[2024-09-13T02:51:53.589+0000] {processor.py:836} INFO - DAG(s) dict_keys(['example_short_circuit_operator']) retrieved from /home/airflow/.local/lib/python3.7/site-packages/airflow/example_dags/example_short_circuit_operator.py
[2024-09-13T02:51:53.660+0000] {logging_mixin.py:149} INFO - [2024-09-13T02:51:53.660+0000] {dag.py:2726} INFO - Sync 1 DAGs
[2024-09-13T02:51:53.711+0000] {logging_mixin.py:149} INFO - [2024-09-13T02:51:53.711+0000] {dag.py:3490} INFO - Setting next_dagrun for example_short_circuit_operator to 2024-09-12T02:51:53.710552+00:00, run_after=2024-09-13T02:51:53.710552+00:00
[2024-09-13T02:51:53.740+0000] {processor.py:179} INFO - Processing /home/airflow/.local/lib/python3.7/site-packages/airflow/example_dags/example_short_circuit_operator.py took 0.200 seconds
[2024-09-13T02:52:24.982+0000] {processor.py:157} INFO - Started process (PID=823) to work on /home/airflow/.local/lib/python3.7/site-packages/airflow/example_dags/example_short_circuit_operator.py
[2024-09-13T02:52:24.985+0000] {processor.py:826} INFO - Processing file /home/airflow/.local/lib/python3.7/site-packages/airflow/example_dags/example_short_circuit_operator.py for tasks to queue
[2024-09-13T02:52:24.987+0000] {logging_mixin.py:149} INFO - [2024-09-13T02:52:24.987+0000] {dagbag.py:541} INFO - Filling up the DagBag from /home/airflow/.local/lib/python3.7/site-packages/airflow/example_dags/example_short_circuit_operator.py
[2024-09-13T02:52:25.011+0000] {processor.py:836} INFO - DAG(s) dict_keys(['example_short_circuit_operator']) retrieved from /home/airflow/.local/lib/python3.7/site-packages/airflow/example_dags/example_short_circuit_operator.py
[2024-09-13T02:52:25.113+0000] {logging_mixin.py:149} INFO - [2024-09-13T02:52:25.113+0000] {dag.py:2726} INFO - Sync 1 DAGs
[2024-09-13T02:52:25.185+0000] {logging_mixin.py:149} INFO - [2024-09-13T02:52:25.184+0000] {dag.py:3490} INFO - Setting next_dagrun for example_short_circuit_operator to 2024-09-12T02:52:25.184126+00:00, run_after=2024-09-13T02:52:25.184126+00:00
[2024-09-13T02:52:25.235+0000] {processor.py:179} INFO - Processing /home/airflow/.local/lib/python3.7/site-packages/airflow/example_dags/example_short_circuit_operator.py took 0.263 seconds
[2024-09-13T02:52:55.865+0000] {processor.py:157} INFO - Started process (PID=891) to work on /home/airflow/.local/lib/python3.7/site-packages/airflow/example_dags/example_short_circuit_operator.py
[2024-09-13T02:52:55.867+0000] {processor.py:826} INFO - Processing file /home/airflow/.local/lib/python3.7/site-packages/airflow/example_dags/example_short_circuit_operator.py for tasks to queue
[2024-09-13T02:52:55.869+0000] {logging_mixin.py:149} INFO - [2024-09-13T02:52:55.868+0000] {dagbag.py:541} INFO - Filling up the DagBag from /home/airflow/.local/lib/python3.7/site-packages/airflow/example_dags/example_short_circuit_operator.py
[2024-09-13T02:52:55.914+0000] {processor.py:836} INFO - DAG(s) dict_keys(['example_short_circuit_operator']) retrieved from /home/airflow/.local/lib/python3.7/site-packages/airflow/example_dags/example_short_circuit_operator.py
[2024-09-13T02:52:56.129+0000] {logging_mixin.py:149} INFO - [2024-09-13T02:52:56.128+0000] {dag.py:2726} INFO - Sync 1 DAGs
[2024-09-13T02:52:56.266+0000] {logging_mixin.py:149} INFO - [2024-09-13T02:52:56.266+0000] {dag.py:3490} INFO - Setting next_dagrun for example_short_circuit_operator to 2024-09-12T02:52:56.265519+00:00, run_after=2024-09-13T02:52:56.265519+00:00
[2024-09-13T02:52:56.403+0000] {processor.py:179} INFO - Processing /home/airflow/.local/lib/python3.7/site-packages/airflow/example_dags/example_short_circuit_operator.py took 0.546 seconds
[2024-09-13T02:53:28.264+0000] {processor.py:157} INFO - Started process (PID=958) to work on /home/airflow/.local/lib/python3.7/site-packages/airflow/example_dags/example_short_circuit_operator.py
[2024-09-13T02:53:28.266+0000] {processor.py:826} INFO - Processing file /home/airflow/.local/lib/python3.7/site-packages/airflow/example_dags/example_short_circuit_operator.py for tasks to queue
[2024-09-13T02:53:28.268+0000] {logging_mixin.py:149} INFO - [2024-09-13T02:53:28.268+0000] {dagbag.py:541} INFO - Filling up the DagBag from /home/airflow/.local/lib/python3.7/site-packages/airflow/example_dags/example_short_circuit_operator.py
[2024-09-13T02:53:28.287+0000] {processor.py:836} INFO - DAG(s) dict_keys(['example_short_circuit_operator']) retrieved from /home/airflow/.local/lib/python3.7/site-packages/airflow/example_dags/example_short_circuit_operator.py
[2024-09-13T02:53:28.338+0000] {logging_mixin.py:149} INFO - [2024-09-13T02:53:28.338+0000] {dag.py:2726} INFO - Sync 1 DAGs
[2024-09-13T02:53:28.389+0000] {logging_mixin.py:149} INFO - [2024-09-13T02:53:28.389+0000] {dag.py:3490} INFO - Setting next_dagrun for example_short_circuit_operator to 2024-09-12T02:53:28.388318+00:00, run_after=2024-09-13T02:53:28.388318+00:00
[2024-09-13T02:53:28.430+0000] {processor.py:179} INFO - Processing /home/airflow/.local/lib/python3.7/site-packages/airflow/example_dags/example_short_circuit_operator.py took 0.172 seconds
[2024-09-13T02:54:03.702+0000] {processor.py:157} INFO - Started process (PID=1027) to work on /home/airflow/.local/lib/python3.7/site-packages/airflow/example_dags/example_short_circuit_operator.py
[2024-09-13T02:54:03.705+0000] {processor.py:826} INFO - Processing file /home/airflow/.local/lib/python3.7/site-packages/airflow/example_dags/example_short_circuit_operator.py for tasks to queue
[2024-09-13T02:54:03.707+0000] {logging_mixin.py:149} INFO - [2024-09-13T02:54:03.707+0000] {dagbag.py:541} INFO - Filling up the DagBag from /home/airflow/.local/lib/python3.7/site-packages/airflow/example_dags/example_short_circuit_operator.py
[2024-09-13T02:54:03.728+0000] {processor.py:836} INFO - DAG(s) dict_keys(['example_short_circuit_operator']) retrieved from /home/airflow/.local/lib/python3.7/site-packages/airflow/example_dags/example_short_circuit_operator.py
[2024-09-13T02:54:03.788+0000] {logging_mixin.py:149} INFO - [2024-09-13T02:54:03.787+0000] {dag.py:2726} INFO - Sync 1 DAGs
[2024-09-13T02:54:03.914+0000] {logging_mixin.py:149} INFO - [2024-09-13T02:54:03.914+0000] {dag.py:3490} INFO - Setting next_dagrun for example_short_circuit_operator to 2024-09-12T02:54:03.913330+00:00, run_after=2024-09-13T02:54:03.913330+00:00
[2024-09-13T02:54:04.005+0000] {processor.py:179} INFO - Processing /home/airflow/.local/lib/python3.7/site-packages/airflow/example_dags/example_short_circuit_operator.py took 0.309 seconds
[2024-09-13T02:54:34.772+0000] {processor.py:157} INFO - Started process (PID=1094) to work on /home/airflow/.local/lib/python3.7/site-packages/airflow/example_dags/example_short_circuit_operator.py
[2024-09-13T02:54:34.774+0000] {processor.py:826} INFO - Processing file /home/airflow/.local/lib/python3.7/site-packages/airflow/example_dags/example_short_circuit_operator.py for tasks to queue
[2024-09-13T02:54:34.776+0000] {logging_mixin.py:149} INFO - [2024-09-13T02:54:34.776+0000] {dagbag.py:541} INFO - Filling up the DagBag from /home/airflow/.local/lib/python3.7/site-packages/airflow/example_dags/example_short_circuit_operator.py
[2024-09-13T02:54:34.806+0000] {processor.py:836} INFO - DAG(s) dict_keys(['example_short_circuit_operator']) retrieved from /home/airflow/.local/lib/python3.7/site-packages/airflow/example_dags/example_short_circuit_operator.py
[2024-09-13T02:54:34.877+0000] {logging_mixin.py:149} INFO - [2024-09-13T02:54:34.876+0000] {dag.py:2726} INFO - Sync 1 DAGs
[2024-09-13T02:54:34.935+0000] {logging_mixin.py:149} INFO - [2024-09-13T02:54:34.935+0000] {dag.py:3490} INFO - Setting next_dagrun for example_short_circuit_operator to 2024-09-12T02:54:34.934600+00:00, run_after=2024-09-13T02:54:34.934600+00:00
[2024-09-13T02:54:34.986+0000] {processor.py:179} INFO - Processing /home/airflow/.local/lib/python3.7/site-packages/airflow/example_dags/example_short_circuit_operator.py took 0.221 seconds
[2024-09-13T02:55:06.019+0000] {processor.py:157} INFO - Started process (PID=1162) to work on /home/airflow/.local/lib/python3.7/site-packages/airflow/example_dags/example_short_circuit_operator.py
[2024-09-13T02:55:06.023+0000] {processor.py:826} INFO - Processing file /home/airflow/.local/lib/python3.7/site-packages/airflow/example_dags/example_short_circuit_operator.py for tasks to queue
[2024-09-13T02:55:06.025+0000] {logging_mixin.py:149} INFO - [2024-09-13T02:55:06.025+0000] {dagbag.py:541} INFO - Filling up the DagBag from /home/airflow/.local/lib/python3.7/site-packages/airflow/example_dags/example_short_circuit_operator.py
[2024-09-13T02:55:06.058+0000] {processor.py:836} INFO - DAG(s) dict_keys(['example_short_circuit_operator']) retrieved from /home/airflow/.local/lib/python3.7/site-packages/airflow/example_dags/example_short_circuit_operator.py
[2024-09-13T02:55:06.264+0000] {logging_mixin.py:149} INFO - [2024-09-13T02:55:06.263+0000] {dag.py:2726} INFO - Sync 1 DAGs
[2024-09-13T02:55:06.416+0000] {logging_mixin.py:149} INFO - [2024-09-13T02:55:06.414+0000] {dag.py:3490} INFO - Setting next_dagrun for example_short_circuit_operator to 2024-09-12T02:55:06.412259+00:00, run_after=2024-09-13T02:55:06.412259+00:00
[2024-09-13T02:55:06.482+0000] {processor.py:179} INFO - Processing /home/airflow/.local/lib/python3.7/site-packages/airflow/example_dags/example_short_circuit_operator.py took 0.476 seconds
[2024-09-13T02:55:36.669+0000] {processor.py:157} INFO - Started process (PID=1222) to work on /home/airflow/.local/lib/python3.7/site-packages/airflow/example_dags/example_short_circuit_operator.py
[2024-09-13T02:55:36.672+0000] {processor.py:826} INFO - Processing file /home/airflow/.local/lib/python3.7/site-packages/airflow/example_dags/example_short_circuit_operator.py for tasks to queue
[2024-09-13T02:55:36.674+0000] {logging_mixin.py:149} INFO - [2024-09-13T02:55:36.673+0000] {dagbag.py:541} INFO - Filling up the DagBag from /home/airflow/.local/lib/python3.7/site-packages/airflow/example_dags/example_short_circuit_operator.py
[2024-09-13T02:55:36.713+0000] {processor.py:836} INFO - DAG(s) dict_keys(['example_short_circuit_operator']) retrieved from /home/airflow/.local/lib/python3.7/site-packages/airflow/example_dags/example_short_circuit_operator.py
[2024-09-13T02:55:36.784+0000] {logging_mixin.py:149} INFO - [2024-09-13T02:55:36.783+0000] {dag.py:2726} INFO - Sync 1 DAGs
[2024-09-13T02:55:36.870+0000] {logging_mixin.py:149} INFO - [2024-09-13T02:55:36.870+0000] {dag.py:3490} INFO - Setting next_dagrun for example_short_circuit_operator to 2024-09-12T02:55:36.869305+00:00, run_after=2024-09-13T02:55:36.869305+00:00
[2024-09-13T02:55:36.913+0000] {processor.py:179} INFO - Processing /home/airflow/.local/lib/python3.7/site-packages/airflow/example_dags/example_short_circuit_operator.py took 0.255 seconds
[2024-09-13T02:56:07.653+0000] {processor.py:157} INFO - Started process (PID=1291) to work on /home/airflow/.local/lib/python3.7/site-packages/airflow/example_dags/example_short_circuit_operator.py
[2024-09-13T02:56:07.657+0000] {processor.py:826} INFO - Processing file /home/airflow/.local/lib/python3.7/site-packages/airflow/example_dags/example_short_circuit_operator.py for tasks to queue
[2024-09-13T02:56:07.659+0000] {logging_mixin.py:149} INFO - [2024-09-13T02:56:07.659+0000] {dagbag.py:541} INFO - Filling up the DagBag from /home/airflow/.local/lib/python3.7/site-packages/airflow/example_dags/example_short_circuit_operator.py
[2024-09-13T02:56:07.698+0000] {processor.py:836} INFO - DAG(s) dict_keys(['example_short_circuit_operator']) retrieved from /home/airflow/.local/lib/python3.7/site-packages/airflow/example_dags/example_short_circuit_operator.py
[2024-09-13T02:56:07.816+0000] {logging_mixin.py:149} INFO - [2024-09-13T02:56:07.816+0000] {dag.py:2726} INFO - Sync 1 DAGs
[2024-09-13T02:56:07.904+0000] {logging_mixin.py:149} INFO - [2024-09-13T02:56:07.903+0000] {dag.py:3490} INFO - Setting next_dagrun for example_short_circuit_operator to 2024-09-12T02:56:07.902685+00:00, run_after=2024-09-13T02:56:07.902685+00:00
[2024-09-13T02:56:07.950+0000] {processor.py:179} INFO - Processing /home/airflow/.local/lib/python3.7/site-packages/airflow/example_dags/example_short_circuit_operator.py took 0.318 seconds
[2024-09-13T02:56:38.987+0000] {processor.py:157} INFO - Started process (PID=1360) to work on /home/airflow/.local/lib/python3.7/site-packages/airflow/example_dags/example_short_circuit_operator.py
[2024-09-13T02:56:38.992+0000] {processor.py:826} INFO - Processing file /home/airflow/.local/lib/python3.7/site-packages/airflow/example_dags/example_short_circuit_operator.py for tasks to queue
[2024-09-13T02:56:38.995+0000] {logging_mixin.py:149} INFO - [2024-09-13T02:56:38.994+0000] {dagbag.py:541} INFO - Filling up the DagBag from /home/airflow/.local/lib/python3.7/site-packages/airflow/example_dags/example_short_circuit_operator.py
[2024-09-13T02:56:39.492+0000] {processor.py:836} INFO - DAG(s) dict_keys(['example_short_circuit_operator']) retrieved from /home/airflow/.local/lib/python3.7/site-packages/airflow/example_dags/example_short_circuit_operator.py
[2024-09-13T02:56:39.715+0000] {logging_mixin.py:149} INFO - [2024-09-13T02:56:39.714+0000] {dag.py:2726} INFO - Sync 1 DAGs
[2024-09-13T02:56:39.833+0000] {logging_mixin.py:149} INFO - [2024-09-13T02:56:39.832+0000] {dag.py:3490} INFO - Setting next_dagrun for example_short_circuit_operator to 2024-09-12T02:56:39.831860+00:00, run_after=2024-09-13T02:56:39.831860+00:00
[2024-09-13T02:56:39.883+0000] {processor.py:179} INFO - Processing /home/airflow/.local/lib/python3.7/site-packages/airflow/example_dags/example_short_circuit_operator.py took 0.931 seconds
[2024-09-13T02:57:10.783+0000] {processor.py:157} INFO - Started process (PID=1429) to work on /home/airflow/.local/lib/python3.7/site-packages/airflow/example_dags/example_short_circuit_operator.py
[2024-09-13T02:57:10.792+0000] {processor.py:826} INFO - Processing file /home/airflow/.local/lib/python3.7/site-packages/airflow/example_dags/example_short_circuit_operator.py for tasks to queue
[2024-09-13T02:57:10.796+0000] {logging_mixin.py:149} INFO - [2024-09-13T02:57:10.796+0000] {dagbag.py:541} INFO - Filling up the DagBag from /home/airflow/.local/lib/python3.7/site-packages/airflow/example_dags/example_short_circuit_operator.py
[2024-09-13T02:57:11.214+0000] {processor.py:836} INFO - DAG(s) dict_keys(['example_short_circuit_operator']) retrieved from /home/airflow/.local/lib/python3.7/site-packages/airflow/example_dags/example_short_circuit_operator.py
[2024-09-13T02:57:11.568+0000] {logging_mixin.py:149} INFO - [2024-09-13T02:57:11.567+0000] {dag.py:2726} INFO - Sync 1 DAGs
[2024-09-13T02:57:15.958+0000] {logging_mixin.py:149} INFO - [2024-09-13T02:57:15.957+0000] {process_utils.py:258} INFO - Waiting up to 5 seconds for processes to exit...
