[2024-09-13T02:43:48.746+0000] {processor.py:157} INFO - Started process (PID=70) to work on /home/airflow/.local/lib/python3.7/site-packages/airflow/example_dags/example_subdag_operator.py
[2024-09-13T02:43:48.790+0000] {processor.py:826} INFO - Processing file /home/airflow/.local/lib/python3.7/site-packages/airflow/example_dags/example_subdag_operator.py for tasks to queue
[2024-09-13T02:43:48.796+0000] {logging_mixin.py:149} INFO - [2024-09-13T02:43:48.796+0000] {dagbag.py:541} INFO - Filling up the DagBag from /home/airflow/.local/lib/python3.7/site-packages/airflow/example_dags/example_subdag_operator.py
[2024-09-13T02:43:49.306+0000] {processor.py:836} INFO - DAG(s) dict_keys(['example_subdag_operator.section-1', 'example_subdag_operator.section-2', 'example_subdag_operator']) retrieved from /home/airflow/.local/lib/python3.7/site-packages/airflow/example_dags/example_subdag_operator.py
[2024-09-13T02:43:50.247+0000] {logging_mixin.py:149} INFO - [2024-09-13T02:43:50.246+0000] {dag.py:2726} INFO - Sync 3 DAGs
[2024-09-13T02:43:51.084+0000] {logging_mixin.py:149} INFO - [2024-09-13T02:43:51.051+0000] {dag.py:3490} INFO - Setting next_dagrun for example_subdag_operator to 2022-01-01T00:00:00+00:00, run_after=2022-01-01T00:00:00+00:00
[2024-09-13T02:43:51.681+0000] {logging_mixin.py:149} INFO - [2024-09-13T02:43:51.680+0000] {dag.py:3490} INFO - Setting next_dagrun for example_subdag_operator.section-1 to None, run_after=None
[2024-09-13T02:43:52.472+0000] {logging_mixin.py:149} INFO - [2024-09-13T02:43:52.469+0000] {dag.py:3490} INFO - Setting next_dagrun for example_subdag_operator.section-2 to None, run_after=None
[2024-09-13T02:43:53.651+0000] {logging_mixin.py:149} INFO - [2024-09-13T02:43:53.650+0000] {dag.py:2726} INFO - Sync 2 DAGs
[2024-09-13T02:43:53.979+0000] {logging_mixin.py:149} INFO - [2024-09-13T02:43:53.978+0000] {dag.py:3490} INFO - Setting next_dagrun for example_subdag_operator.section-1 to None, run_after=None
[2024-09-13T02:43:53.992+0000] {logging_mixin.py:149} INFO - [2024-09-13T02:43:53.991+0000] {dag.py:3490} INFO - Setting next_dagrun for example_subdag_operator.section-2 to None, run_after=None
[2024-09-13T02:43:54.657+0000] {processor.py:179} INFO - Processing /home/airflow/.local/lib/python3.7/site-packages/airflow/example_dags/example_subdag_operator.py took 5.928 seconds
[2024-09-13T02:46:59.966+0000] {processor.py:157} INFO - Started process (PID=166) to work on /home/airflow/.local/lib/python3.7/site-packages/airflow/example_dags/example_subdag_operator.py
[2024-09-13T02:46:59.972+0000] {processor.py:826} INFO - Processing file /home/airflow/.local/lib/python3.7/site-packages/airflow/example_dags/example_subdag_operator.py for tasks to queue
[2024-09-13T02:46:59.982+0000] {logging_mixin.py:149} INFO - [2024-09-13T02:46:59.980+0000] {dagbag.py:541} INFO - Filling up the DagBag from /home/airflow/.local/lib/python3.7/site-packages/airflow/example_dags/example_subdag_operator.py
[2024-09-13T02:47:00.383+0000] {processor.py:836} INFO - DAG(s) dict_keys(['example_subdag_operator.section-1', 'example_subdag_operator.section-2', 'example_subdag_operator']) retrieved from /home/airflow/.local/lib/python3.7/site-packages/airflow/example_dags/example_subdag_operator.py
[2024-09-13T02:47:00.517+0000] {logging_mixin.py:149} INFO - [2024-09-13T02:47:00.516+0000] {dag.py:2726} INFO - Sync 3 DAGs
[2024-09-13T02:47:02.651+0000] {logging_mixin.py:149} INFO - [2024-09-13T02:47:02.650+0000] {dag.py:3490} INFO - Setting next_dagrun for example_subdag_operator to 2022-01-01T00:00:00+00:00, run_after=2022-01-01T00:00:00+00:00
[2024-09-13T02:47:02.663+0000] {logging_mixin.py:149} INFO - [2024-09-13T02:47:02.662+0000] {dag.py:3490} INFO - Setting next_dagrun for example_subdag_operator.section-1 to None, run_after=None
[2024-09-13T02:47:02.676+0000] {logging_mixin.py:149} INFO - [2024-09-13T02:47:02.676+0000] {dag.py:3490} INFO - Setting next_dagrun for example_subdag_operator.section-2 to None, run_after=None
[2024-09-13T02:47:02.848+0000] {logging_mixin.py:149} INFO - [2024-09-13T02:47:02.848+0000] {dag.py:2726} INFO - Sync 2 DAGs
[2024-09-13T02:47:02.866+0000] {logging_mixin.py:149} INFO - [2024-09-13T02:47:02.866+0000] {dag.py:3490} INFO - Setting next_dagrun for example_subdag_operator.section-1 to None, run_after=None
[2024-09-13T02:47:02.867+0000] {logging_mixin.py:149} INFO - [2024-09-13T02:47:02.867+0000] {dag.py:3490} INFO - Setting next_dagrun for example_subdag_operator.section-2 to None, run_after=None
[2024-09-13T02:47:02.905+0000] {processor.py:179} INFO - Processing /home/airflow/.local/lib/python3.7/site-packages/airflow/example_dags/example_subdag_operator.py took 2.976 seconds
[2024-09-13T02:47:38.509+0000] {processor.py:157} INFO - Started process (PID=242) to work on /home/airflow/.local/lib/python3.7/site-packages/airflow/example_dags/example_subdag_operator.py
[2024-09-13T02:47:38.513+0000] {processor.py:826} INFO - Processing file /home/airflow/.local/lib/python3.7/site-packages/airflow/example_dags/example_subdag_operator.py for tasks to queue
[2024-09-13T02:47:38.516+0000] {logging_mixin.py:149} INFO - [2024-09-13T02:47:38.515+0000] {dagbag.py:541} INFO - Filling up the DagBag from /home/airflow/.local/lib/python3.7/site-packages/airflow/example_dags/example_subdag_operator.py
[2024-09-13T02:47:38.633+0000] {processor.py:836} INFO - DAG(s) dict_keys(['example_subdag_operator.section-1', 'example_subdag_operator.section-2', 'example_subdag_operator']) retrieved from /home/airflow/.local/lib/python3.7/site-packages/airflow/example_dags/example_subdag_operator.py
[2024-09-13T02:47:38.713+0000] {logging_mixin.py:149} INFO - [2024-09-13T02:47:38.713+0000] {dag.py:2726} INFO - Sync 3 DAGs
[2024-09-13T02:47:38.819+0000] {logging_mixin.py:149} INFO - [2024-09-13T02:47:38.818+0000] {dag.py:3490} INFO - Setting next_dagrun for example_subdag_operator to 2022-01-01T00:00:00+00:00, run_after=2022-01-01T00:00:00+00:00
[2024-09-13T02:47:38.834+0000] {logging_mixin.py:149} INFO - [2024-09-13T02:47:38.833+0000] {dag.py:3490} INFO - Setting next_dagrun for example_subdag_operator.section-1 to None, run_after=None
[2024-09-13T02:47:38.838+0000] {logging_mixin.py:149} INFO - [2024-09-13T02:47:38.838+0000] {dag.py:3490} INFO - Setting next_dagrun for example_subdag_operator.section-2 to None, run_after=None
[2024-09-13T02:47:38.879+0000] {logging_mixin.py:149} INFO - [2024-09-13T02:47:38.878+0000] {dag.py:2726} INFO - Sync 2 DAGs
[2024-09-13T02:47:38.894+0000] {logging_mixin.py:149} INFO - [2024-09-13T02:47:38.894+0000] {dag.py:3490} INFO - Setting next_dagrun for example_subdag_operator.section-1 to None, run_after=None
[2024-09-13T02:47:38.896+0000] {logging_mixin.py:149} INFO - [2024-09-13T02:47:38.896+0000] {dag.py:3490} INFO - Setting next_dagrun for example_subdag_operator.section-2 to None, run_after=None
[2024-09-13T02:47:38.957+0000] {processor.py:179} INFO - Processing /home/airflow/.local/lib/python3.7/site-packages/airflow/example_dags/example_subdag_operator.py took 0.459 seconds
[2024-09-13T02:48:14.397+0000] {processor.py:157} INFO - Started process (PID=297) to work on /home/airflow/.local/lib/python3.7/site-packages/airflow/example_dags/example_subdag_operator.py
[2024-09-13T02:48:14.406+0000] {processor.py:826} INFO - Processing file /home/airflow/.local/lib/python3.7/site-packages/airflow/example_dags/example_subdag_operator.py for tasks to queue
[2024-09-13T02:48:14.409+0000] {logging_mixin.py:149} INFO - [2024-09-13T02:48:14.408+0000] {dagbag.py:541} INFO - Filling up the DagBag from /home/airflow/.local/lib/python3.7/site-packages/airflow/example_dags/example_subdag_operator.py
[2024-09-13T02:48:14.480+0000] {processor.py:836} INFO - DAG(s) dict_keys(['example_subdag_operator.section-1', 'example_subdag_operator.section-2', 'example_subdag_operator']) retrieved from /home/airflow/.local/lib/python3.7/site-packages/airflow/example_dags/example_subdag_operator.py
[2024-09-13T02:48:14.535+0000] {logging_mixin.py:149} INFO - [2024-09-13T02:48:14.535+0000] {dag.py:2726} INFO - Sync 3 DAGs
[2024-09-13T02:48:14.623+0000] {logging_mixin.py:149} INFO - [2024-09-13T02:48:14.623+0000] {dag.py:3490} INFO - Setting next_dagrun for example_subdag_operator to 2022-01-01T00:00:00+00:00, run_after=2022-01-01T00:00:00+00:00
[2024-09-13T02:48:14.632+0000] {logging_mixin.py:149} INFO - [2024-09-13T02:48:14.632+0000] {dag.py:3490} INFO - Setting next_dagrun for example_subdag_operator.section-1 to None, run_after=None
[2024-09-13T02:48:14.636+0000] {logging_mixin.py:149} INFO - [2024-09-13T02:48:14.636+0000] {dag.py:3490} INFO - Setting next_dagrun for example_subdag_operator.section-2 to None, run_after=None
[2024-09-13T02:48:14.657+0000] {logging_mixin.py:149} INFO - [2024-09-13T02:48:14.656+0000] {dag.py:2726} INFO - Sync 2 DAGs
[2024-09-13T02:48:14.673+0000] {logging_mixin.py:149} INFO - [2024-09-13T02:48:14.673+0000] {dag.py:3490} INFO - Setting next_dagrun for example_subdag_operator.section-1 to None, run_after=None
[2024-09-13T02:48:14.675+0000] {logging_mixin.py:149} INFO - [2024-09-13T02:48:14.675+0000] {dag.py:3490} INFO - Setting next_dagrun for example_subdag_operator.section-2 to None, run_after=None
[2024-09-13T02:48:14.704+0000] {processor.py:179} INFO - Processing /home/airflow/.local/lib/python3.7/site-packages/airflow/example_dags/example_subdag_operator.py took 0.318 seconds
[2024-09-13T02:48:47.708+0000] {processor.py:157} INFO - Started process (PID=366) to work on /home/airflow/.local/lib/python3.7/site-packages/airflow/example_dags/example_subdag_operator.py
[2024-09-13T02:48:47.716+0000] {processor.py:826} INFO - Processing file /home/airflow/.local/lib/python3.7/site-packages/airflow/example_dags/example_subdag_operator.py for tasks to queue
[2024-09-13T02:48:47.721+0000] {logging_mixin.py:149} INFO - [2024-09-13T02:48:47.720+0000] {dagbag.py:541} INFO - Filling up the DagBag from /home/airflow/.local/lib/python3.7/site-packages/airflow/example_dags/example_subdag_operator.py
[2024-09-13T02:48:47.853+0000] {processor.py:836} INFO - DAG(s) dict_keys(['example_subdag_operator.section-1', 'example_subdag_operator.section-2', 'example_subdag_operator']) retrieved from /home/airflow/.local/lib/python3.7/site-packages/airflow/example_dags/example_subdag_operator.py
[2024-09-13T02:48:47.903+0000] {logging_mixin.py:149} INFO - [2024-09-13T02:48:47.902+0000] {dag.py:2726} INFO - Sync 3 DAGs
[2024-09-13T02:48:47.976+0000] {logging_mixin.py:149} INFO - [2024-09-13T02:48:47.975+0000] {dag.py:3490} INFO - Setting next_dagrun for example_subdag_operator to 2022-01-01T00:00:00+00:00, run_after=2022-01-01T00:00:00+00:00
[2024-09-13T02:48:47.986+0000] {logging_mixin.py:149} INFO - [2024-09-13T02:48:47.985+0000] {dag.py:3490} INFO - Setting next_dagrun for example_subdag_operator.section-1 to None, run_after=None
[2024-09-13T02:48:47.989+0000] {logging_mixin.py:149} INFO - [2024-09-13T02:48:47.988+0000] {dag.py:3490} INFO - Setting next_dagrun for example_subdag_operator.section-2 to None, run_after=None
[2024-09-13T02:48:48.010+0000] {logging_mixin.py:149} INFO - [2024-09-13T02:48:48.010+0000] {dag.py:2726} INFO - Sync 2 DAGs
[2024-09-13T02:48:48.023+0000] {logging_mixin.py:149} INFO - [2024-09-13T02:48:48.023+0000] {dag.py:3490} INFO - Setting next_dagrun for example_subdag_operator.section-1 to None, run_after=None
[2024-09-13T02:48:48.024+0000] {logging_mixin.py:149} INFO - [2024-09-13T02:48:48.024+0000] {dag.py:3490} INFO - Setting next_dagrun for example_subdag_operator.section-2 to None, run_after=None
[2024-09-13T02:48:48.059+0000] {processor.py:179} INFO - Processing /home/airflow/.local/lib/python3.7/site-packages/airflow/example_dags/example_subdag_operator.py took 0.365 seconds
[2024-09-13T02:49:19.007+0000] {processor.py:157} INFO - Started process (PID=426) to work on /home/airflow/.local/lib/python3.7/site-packages/airflow/example_dags/example_subdag_operator.py
[2024-09-13T02:49:19.010+0000] {processor.py:826} INFO - Processing file /home/airflow/.local/lib/python3.7/site-packages/airflow/example_dags/example_subdag_operator.py for tasks to queue
[2024-09-13T02:49:19.012+0000] {logging_mixin.py:149} INFO - [2024-09-13T02:49:19.011+0000] {dagbag.py:541} INFO - Filling up the DagBag from /home/airflow/.local/lib/python3.7/site-packages/airflow/example_dags/example_subdag_operator.py
[2024-09-13T02:49:19.144+0000] {processor.py:836} INFO - DAG(s) dict_keys(['example_subdag_operator.section-1', 'example_subdag_operator.section-2', 'example_subdag_operator']) retrieved from /home/airflow/.local/lib/python3.7/site-packages/airflow/example_dags/example_subdag_operator.py
[2024-09-13T02:49:19.202+0000] {logging_mixin.py:149} INFO - [2024-09-13T02:49:19.202+0000] {dag.py:2726} INFO - Sync 3 DAGs
[2024-09-13T02:49:19.290+0000] {logging_mixin.py:149} INFO - [2024-09-13T02:49:19.289+0000] {dag.py:3490} INFO - Setting next_dagrun for example_subdag_operator to 2022-01-01T00:00:00+00:00, run_after=2022-01-01T00:00:00+00:00
[2024-09-13T02:49:19.301+0000] {logging_mixin.py:149} INFO - [2024-09-13T02:49:19.301+0000] {dag.py:3490} INFO - Setting next_dagrun for example_subdag_operator.section-1 to None, run_after=None
[2024-09-13T02:49:19.305+0000] {logging_mixin.py:149} INFO - [2024-09-13T02:49:19.305+0000] {dag.py:3490} INFO - Setting next_dagrun for example_subdag_operator.section-2 to None, run_after=None
[2024-09-13T02:49:19.326+0000] {logging_mixin.py:149} INFO - [2024-09-13T02:49:19.326+0000] {dag.py:2726} INFO - Sync 2 DAGs
[2024-09-13T02:49:19.345+0000] {logging_mixin.py:149} INFO - [2024-09-13T02:49:19.343+0000] {dag.py:3490} INFO - Setting next_dagrun for example_subdag_operator.section-1 to None, run_after=None
[2024-09-13T02:49:19.349+0000] {logging_mixin.py:149} INFO - [2024-09-13T02:49:19.349+0000] {dag.py:3490} INFO - Setting next_dagrun for example_subdag_operator.section-2 to None, run_after=None
[2024-09-13T02:49:19.380+0000] {processor.py:179} INFO - Processing /home/airflow/.local/lib/python3.7/site-packages/airflow/example_dags/example_subdag_operator.py took 0.381 seconds
[2024-09-13T02:49:57.124+0000] {processor.py:157} INFO - Started process (PID=494) to work on /home/airflow/.local/lib/python3.7/site-packages/airflow/example_dags/example_subdag_operator.py
[2024-09-13T02:49:57.132+0000] {processor.py:826} INFO - Processing file /home/airflow/.local/lib/python3.7/site-packages/airflow/example_dags/example_subdag_operator.py for tasks to queue
[2024-09-13T02:49:57.135+0000] {logging_mixin.py:149} INFO - [2024-09-13T02:49:57.135+0000] {dagbag.py:541} INFO - Filling up the DagBag from /home/airflow/.local/lib/python3.7/site-packages/airflow/example_dags/example_subdag_operator.py
[2024-09-13T02:49:57.305+0000] {processor.py:836} INFO - DAG(s) dict_keys(['example_subdag_operator.section-1', 'example_subdag_operator.section-2', 'example_subdag_operator']) retrieved from /home/airflow/.local/lib/python3.7/site-packages/airflow/example_dags/example_subdag_operator.py
[2024-09-13T02:49:57.381+0000] {logging_mixin.py:149} INFO - [2024-09-13T02:49:57.380+0000] {dag.py:2726} INFO - Sync 3 DAGs
[2024-09-13T02:49:57.498+0000] {logging_mixin.py:149} INFO - [2024-09-13T02:49:57.493+0000] {dag.py:3490} INFO - Setting next_dagrun for example_subdag_operator to 2022-01-01T00:00:00+00:00, run_after=2022-01-01T00:00:00+00:00
[2024-09-13T02:49:57.513+0000] {logging_mixin.py:149} INFO - [2024-09-13T02:49:57.513+0000] {dag.py:3490} INFO - Setting next_dagrun for example_subdag_operator.section-1 to None, run_after=None
[2024-09-13T02:49:57.517+0000] {logging_mixin.py:149} INFO - [2024-09-13T02:49:57.517+0000] {dag.py:3490} INFO - Setting next_dagrun for example_subdag_operator.section-2 to None, run_after=None
[2024-09-13T02:49:57.543+0000] {logging_mixin.py:149} INFO - [2024-09-13T02:49:57.542+0000] {dag.py:2726} INFO - Sync 2 DAGs
[2024-09-13T02:49:57.558+0000] {logging_mixin.py:149} INFO - [2024-09-13T02:49:57.558+0000] {dag.py:3490} INFO - Setting next_dagrun for example_subdag_operator.section-1 to None, run_after=None
[2024-09-13T02:49:57.560+0000] {logging_mixin.py:149} INFO - [2024-09-13T02:49:57.560+0000] {dag.py:3490} INFO - Setting next_dagrun for example_subdag_operator.section-2 to None, run_after=None
[2024-09-13T02:49:57.613+0000] {processor.py:179} INFO - Processing /home/airflow/.local/lib/python3.7/site-packages/airflow/example_dags/example_subdag_operator.py took 0.521 seconds
[2024-09-13T02:50:27.842+0000] {processor.py:157} INFO - Started process (PID=562) to work on /home/airflow/.local/lib/python3.7/site-packages/airflow/example_dags/example_subdag_operator.py
[2024-09-13T02:50:27.846+0000] {processor.py:826} INFO - Processing file /home/airflow/.local/lib/python3.7/site-packages/airflow/example_dags/example_subdag_operator.py for tasks to queue
[2024-09-13T02:50:27.848+0000] {logging_mixin.py:149} INFO - [2024-09-13T02:50:27.848+0000] {dagbag.py:541} INFO - Filling up the DagBag from /home/airflow/.local/lib/python3.7/site-packages/airflow/example_dags/example_subdag_operator.py
[2024-09-13T02:50:27.935+0000] {processor.py:836} INFO - DAG(s) dict_keys(['example_subdag_operator.section-1', 'example_subdag_operator.section-2', 'example_subdag_operator']) retrieved from /home/airflow/.local/lib/python3.7/site-packages/airflow/example_dags/example_subdag_operator.py
[2024-09-13T02:50:28.002+0000] {logging_mixin.py:149} INFO - [2024-09-13T02:50:28.001+0000] {dag.py:2726} INFO - Sync 3 DAGs
[2024-09-13T02:50:28.062+0000] {logging_mixin.py:149} INFO - [2024-09-13T02:50:28.061+0000] {dag.py:3490} INFO - Setting next_dagrun for example_subdag_operator to 2022-01-01T00:00:00+00:00, run_after=2022-01-01T00:00:00+00:00
[2024-09-13T02:50:28.069+0000] {logging_mixin.py:149} INFO - [2024-09-13T02:50:28.069+0000] {dag.py:3490} INFO - Setting next_dagrun for example_subdag_operator.section-1 to None, run_after=None
[2024-09-13T02:50:28.072+0000] {logging_mixin.py:149} INFO - [2024-09-13T02:50:28.072+0000] {dag.py:3490} INFO - Setting next_dagrun for example_subdag_operator.section-2 to None, run_after=None
[2024-09-13T02:50:28.088+0000] {logging_mixin.py:149} INFO - [2024-09-13T02:50:28.088+0000] {dag.py:2726} INFO - Sync 2 DAGs
[2024-09-13T02:50:28.099+0000] {logging_mixin.py:149} INFO - [2024-09-13T02:50:28.099+0000] {dag.py:3490} INFO - Setting next_dagrun for example_subdag_operator.section-1 to None, run_after=None
[2024-09-13T02:50:28.100+0000] {logging_mixin.py:149} INFO - [2024-09-13T02:50:28.100+0000] {dag.py:3490} INFO - Setting next_dagrun for example_subdag_operator.section-2 to None, run_after=None
[2024-09-13T02:50:28.131+0000] {processor.py:179} INFO - Processing /home/airflow/.local/lib/python3.7/site-packages/airflow/example_dags/example_subdag_operator.py took 0.303 seconds
[2024-09-13T02:50:58.586+0000] {processor.py:157} INFO - Started process (PID=630) to work on /home/airflow/.local/lib/python3.7/site-packages/airflow/example_dags/example_subdag_operator.py
[2024-09-13T02:50:58.690+0000] {processor.py:826} INFO - Processing file /home/airflow/.local/lib/python3.7/site-packages/airflow/example_dags/example_subdag_operator.py for tasks to queue
[2024-09-13T02:50:58.718+0000] {logging_mixin.py:149} INFO - [2024-09-13T02:50:58.717+0000] {dagbag.py:541} INFO - Filling up the DagBag from /home/airflow/.local/lib/python3.7/site-packages/airflow/example_dags/example_subdag_operator.py
[2024-09-13T02:50:59.805+0000] {processor.py:836} INFO - DAG(s) dict_keys(['example_subdag_operator.section-1', 'example_subdag_operator.section-2', 'example_subdag_operator']) retrieved from /home/airflow/.local/lib/python3.7/site-packages/airflow/example_dags/example_subdag_operator.py
[2024-09-13T02:51:00.016+0000] {logging_mixin.py:149} INFO - [2024-09-13T02:51:00.011+0000] {dag.py:2726} INFO - Sync 3 DAGs
[2024-09-13T02:51:00.165+0000] {logging_mixin.py:149} INFO - [2024-09-13T02:51:00.164+0000] {dag.py:3490} INFO - Setting next_dagrun for example_subdag_operator to 2022-01-01T00:00:00+00:00, run_after=2022-01-01T00:00:00+00:00
[2024-09-13T02:51:00.179+0000] {logging_mixin.py:149} INFO - [2024-09-13T02:51:00.179+0000] {dag.py:3490} INFO - Setting next_dagrun for example_subdag_operator.section-1 to None, run_after=None
[2024-09-13T02:51:00.184+0000] {logging_mixin.py:149} INFO - [2024-09-13T02:51:00.184+0000] {dag.py:3490} INFO - Setting next_dagrun for example_subdag_operator.section-2 to None, run_after=None
[2024-09-13T02:51:00.207+0000] {logging_mixin.py:149} INFO - [2024-09-13T02:51:00.207+0000] {dag.py:2726} INFO - Sync 2 DAGs
[2024-09-13T02:51:00.246+0000] {logging_mixin.py:149} INFO - [2024-09-13T02:51:00.246+0000] {dag.py:3490} INFO - Setting next_dagrun for example_subdag_operator.section-1 to None, run_after=None
[2024-09-13T02:51:00.248+0000] {logging_mixin.py:149} INFO - [2024-09-13T02:51:00.247+0000] {dag.py:3490} INFO - Setting next_dagrun for example_subdag_operator.section-2 to None, run_after=None
[2024-09-13T02:51:00.282+0000] {processor.py:179} INFO - Processing /home/airflow/.local/lib/python3.7/site-packages/airflow/example_dags/example_subdag_operator.py took 1.841 seconds
[2024-09-13T02:51:31.203+0000] {processor.py:157} INFO - Started process (PID=700) to work on /home/airflow/.local/lib/python3.7/site-packages/airflow/example_dags/example_subdag_operator.py
[2024-09-13T02:51:31.208+0000] {processor.py:826} INFO - Processing file /home/airflow/.local/lib/python3.7/site-packages/airflow/example_dags/example_subdag_operator.py for tasks to queue
[2024-09-13T02:51:31.211+0000] {logging_mixin.py:149} INFO - [2024-09-13T02:51:31.211+0000] {dagbag.py:541} INFO - Filling up the DagBag from /home/airflow/.local/lib/python3.7/site-packages/airflow/example_dags/example_subdag_operator.py
[2024-09-13T02:51:31.310+0000] {processor.py:836} INFO - DAG(s) dict_keys(['example_subdag_operator.section-1', 'example_subdag_operator.section-2', 'example_subdag_operator']) retrieved from /home/airflow/.local/lib/python3.7/site-packages/airflow/example_dags/example_subdag_operator.py
[2024-09-13T02:51:31.365+0000] {logging_mixin.py:149} INFO - [2024-09-13T02:51:31.365+0000] {dag.py:2726} INFO - Sync 3 DAGs
[2024-09-13T02:51:31.423+0000] {logging_mixin.py:149} INFO - [2024-09-13T02:51:31.422+0000] {dag.py:3490} INFO - Setting next_dagrun for example_subdag_operator to 2022-01-01T00:00:00+00:00, run_after=2022-01-01T00:00:00+00:00
[2024-09-13T02:51:31.437+0000] {logging_mixin.py:149} INFO - [2024-09-13T02:51:31.436+0000] {dag.py:3490} INFO - Setting next_dagrun for example_subdag_operator.section-1 to None, run_after=None
[2024-09-13T02:51:31.440+0000] {logging_mixin.py:149} INFO - [2024-09-13T02:51:31.439+0000] {dag.py:3490} INFO - Setting next_dagrun for example_subdag_operator.section-2 to None, run_after=None
[2024-09-13T02:51:31.456+0000] {logging_mixin.py:149} INFO - [2024-09-13T02:51:31.455+0000] {dag.py:2726} INFO - Sync 2 DAGs
[2024-09-13T02:51:31.469+0000] {logging_mixin.py:149} INFO - [2024-09-13T02:51:31.469+0000] {dag.py:3490} INFO - Setting next_dagrun for example_subdag_operator.section-1 to None, run_after=None
[2024-09-13T02:51:31.471+0000] {logging_mixin.py:149} INFO - [2024-09-13T02:51:31.470+0000] {dag.py:3490} INFO - Setting next_dagrun for example_subdag_operator.section-2 to None, run_after=None
[2024-09-13T02:51:31.492+0000] {processor.py:179} INFO - Processing /home/airflow/.local/lib/python3.7/site-packages/airflow/example_dags/example_subdag_operator.py took 0.309 seconds
[2024-09-13T02:52:01.992+0000] {processor.py:157} INFO - Started process (PID=769) to work on /home/airflow/.local/lib/python3.7/site-packages/airflow/example_dags/example_subdag_operator.py
[2024-09-13T02:52:01.997+0000] {processor.py:826} INFO - Processing file /home/airflow/.local/lib/python3.7/site-packages/airflow/example_dags/example_subdag_operator.py for tasks to queue
[2024-09-13T02:52:02.000+0000] {logging_mixin.py:149} INFO - [2024-09-13T02:52:01.999+0000] {dagbag.py:541} INFO - Filling up the DagBag from /home/airflow/.local/lib/python3.7/site-packages/airflow/example_dags/example_subdag_operator.py
[2024-09-13T02:52:02.070+0000] {processor.py:836} INFO - DAG(s) dict_keys(['example_subdag_operator.section-1', 'example_subdag_operator.section-2', 'example_subdag_operator']) retrieved from /home/airflow/.local/lib/python3.7/site-packages/airflow/example_dags/example_subdag_operator.py
[2024-09-13T02:52:02.123+0000] {logging_mixin.py:149} INFO - [2024-09-13T02:52:02.123+0000] {dag.py:2726} INFO - Sync 3 DAGs
[2024-09-13T02:52:02.190+0000] {logging_mixin.py:149} INFO - [2024-09-13T02:52:02.189+0000] {dag.py:3490} INFO - Setting next_dagrun for example_subdag_operator to 2022-01-01T00:00:00+00:00, run_after=2022-01-01T00:00:00+00:00
[2024-09-13T02:52:02.197+0000] {logging_mixin.py:149} INFO - [2024-09-13T02:52:02.197+0000] {dag.py:3490} INFO - Setting next_dagrun for example_subdag_operator.section-1 to None, run_after=None
[2024-09-13T02:52:02.199+0000] {logging_mixin.py:149} INFO - [2024-09-13T02:52:02.199+0000] {dag.py:3490} INFO - Setting next_dagrun for example_subdag_operator.section-2 to None, run_after=None
[2024-09-13T02:52:02.215+0000] {logging_mixin.py:149} INFO - [2024-09-13T02:52:02.215+0000] {dag.py:2726} INFO - Sync 2 DAGs
[2024-09-13T02:52:02.227+0000] {logging_mixin.py:149} INFO - [2024-09-13T02:52:02.227+0000] {dag.py:3490} INFO - Setting next_dagrun for example_subdag_operator.section-1 to None, run_after=None
[2024-09-13T02:52:02.228+0000] {logging_mixin.py:149} INFO - [2024-09-13T02:52:02.228+0000] {dag.py:3490} INFO - Setting next_dagrun for example_subdag_operator.section-2 to None, run_after=None
[2024-09-13T02:52:02.252+0000] {processor.py:179} INFO - Processing /home/airflow/.local/lib/python3.7/site-packages/airflow/example_dags/example_subdag_operator.py took 0.271 seconds
[2024-09-13T02:52:32.443+0000] {processor.py:157} INFO - Started process (PID=838) to work on /home/airflow/.local/lib/python3.7/site-packages/airflow/example_dags/example_subdag_operator.py
[2024-09-13T02:52:32.446+0000] {processor.py:826} INFO - Processing file /home/airflow/.local/lib/python3.7/site-packages/airflow/example_dags/example_subdag_operator.py for tasks to queue
[2024-09-13T02:52:32.448+0000] {logging_mixin.py:149} INFO - [2024-09-13T02:52:32.448+0000] {dagbag.py:541} INFO - Filling up the DagBag from /home/airflow/.local/lib/python3.7/site-packages/airflow/example_dags/example_subdag_operator.py
[2024-09-13T02:52:32.502+0000] {processor.py:836} INFO - DAG(s) dict_keys(['example_subdag_operator.section-1', 'example_subdag_operator.section-2', 'example_subdag_operator']) retrieved from /home/airflow/.local/lib/python3.7/site-packages/airflow/example_dags/example_subdag_operator.py
[2024-09-13T02:52:32.551+0000] {logging_mixin.py:149} INFO - [2024-09-13T02:52:32.551+0000] {dag.py:2726} INFO - Sync 3 DAGs
[2024-09-13T02:52:32.635+0000] {logging_mixin.py:149} INFO - [2024-09-13T02:52:32.634+0000] {dag.py:3490} INFO - Setting next_dagrun for example_subdag_operator to 2022-01-01T00:00:00+00:00, run_after=2022-01-01T00:00:00+00:00
[2024-09-13T02:52:32.643+0000] {logging_mixin.py:149} INFO - [2024-09-13T02:52:32.642+0000] {dag.py:3490} INFO - Setting next_dagrun for example_subdag_operator.section-1 to None, run_after=None
[2024-09-13T02:52:32.646+0000] {logging_mixin.py:149} INFO - [2024-09-13T02:52:32.645+0000] {dag.py:3490} INFO - Setting next_dagrun for example_subdag_operator.section-2 to None, run_after=None
[2024-09-13T02:52:32.661+0000] {logging_mixin.py:149} INFO - [2024-09-13T02:52:32.661+0000] {dag.py:2726} INFO - Sync 2 DAGs
[2024-09-13T02:52:32.672+0000] {logging_mixin.py:149} INFO - [2024-09-13T02:52:32.672+0000] {dag.py:3490} INFO - Setting next_dagrun for example_subdag_operator.section-1 to None, run_after=None
[2024-09-13T02:52:32.674+0000] {logging_mixin.py:149} INFO - [2024-09-13T02:52:32.673+0000] {dag.py:3490} INFO - Setting next_dagrun for example_subdag_operator.section-2 to None, run_after=None
[2024-09-13T02:52:32.701+0000] {processor.py:179} INFO - Processing /home/airflow/.local/lib/python3.7/site-packages/airflow/example_dags/example_subdag_operator.py took 0.266 seconds
[2024-09-13T02:53:03.156+0000] {processor.py:157} INFO - Started process (PID=907) to work on /home/airflow/.local/lib/python3.7/site-packages/airflow/example_dags/example_subdag_operator.py
[2024-09-13T02:53:03.159+0000] {processor.py:826} INFO - Processing file /home/airflow/.local/lib/python3.7/site-packages/airflow/example_dags/example_subdag_operator.py for tasks to queue
[2024-09-13T02:53:03.160+0000] {logging_mixin.py:149} INFO - [2024-09-13T02:53:03.160+0000] {dagbag.py:541} INFO - Filling up the DagBag from /home/airflow/.local/lib/python3.7/site-packages/airflow/example_dags/example_subdag_operator.py
[2024-09-13T02:53:03.229+0000] {processor.py:836} INFO - DAG(s) dict_keys(['example_subdag_operator.section-1', 'example_subdag_operator.section-2', 'example_subdag_operator']) retrieved from /home/airflow/.local/lib/python3.7/site-packages/airflow/example_dags/example_subdag_operator.py
[2024-09-13T02:53:03.308+0000] {logging_mixin.py:149} INFO - [2024-09-13T02:53:03.307+0000] {dag.py:2726} INFO - Sync 3 DAGs
[2024-09-13T02:53:03.389+0000] {logging_mixin.py:149} INFO - [2024-09-13T02:53:03.388+0000] {dag.py:3490} INFO - Setting next_dagrun for example_subdag_operator to 2022-01-01T00:00:00+00:00, run_after=2022-01-01T00:00:00+00:00
[2024-09-13T02:53:03.395+0000] {logging_mixin.py:149} INFO - [2024-09-13T02:53:03.395+0000] {dag.py:3490} INFO - Setting next_dagrun for example_subdag_operator.section-1 to None, run_after=None
[2024-09-13T02:53:03.398+0000] {logging_mixin.py:149} INFO - [2024-09-13T02:53:03.398+0000] {dag.py:3490} INFO - Setting next_dagrun for example_subdag_operator.section-2 to None, run_after=None
[2024-09-13T02:53:03.413+0000] {logging_mixin.py:149} INFO - [2024-09-13T02:53:03.413+0000] {dag.py:2726} INFO - Sync 2 DAGs
[2024-09-13T02:53:03.424+0000] {logging_mixin.py:149} INFO - [2024-09-13T02:53:03.424+0000] {dag.py:3490} INFO - Setting next_dagrun for example_subdag_operator.section-1 to None, run_after=None
[2024-09-13T02:53:03.425+0000] {logging_mixin.py:149} INFO - [2024-09-13T02:53:03.425+0000] {dag.py:3490} INFO - Setting next_dagrun for example_subdag_operator.section-2 to None, run_after=None
[2024-09-13T02:53:03.463+0000] {processor.py:179} INFO - Processing /home/airflow/.local/lib/python3.7/site-packages/airflow/example_dags/example_subdag_operator.py took 0.314 seconds
[2024-09-13T02:53:34.150+0000] {processor.py:157} INFO - Started process (PID=975) to work on /home/airflow/.local/lib/python3.7/site-packages/airflow/example_dags/example_subdag_operator.py
[2024-09-13T02:53:34.153+0000] {processor.py:826} INFO - Processing file /home/airflow/.local/lib/python3.7/site-packages/airflow/example_dags/example_subdag_operator.py for tasks to queue
[2024-09-13T02:53:34.154+0000] {logging_mixin.py:149} INFO - [2024-09-13T02:53:34.154+0000] {dagbag.py:541} INFO - Filling up the DagBag from /home/airflow/.local/lib/python3.7/site-packages/airflow/example_dags/example_subdag_operator.py
[2024-09-13T02:53:34.219+0000] {processor.py:836} INFO - DAG(s) dict_keys(['example_subdag_operator.section-1', 'example_subdag_operator.section-2', 'example_subdag_operator']) retrieved from /home/airflow/.local/lib/python3.7/site-packages/airflow/example_dags/example_subdag_operator.py
[2024-09-13T02:53:34.263+0000] {logging_mixin.py:149} INFO - [2024-09-13T02:53:34.263+0000] {dag.py:2726} INFO - Sync 3 DAGs
[2024-09-13T02:53:34.321+0000] {logging_mixin.py:149} INFO - [2024-09-13T02:53:34.320+0000] {dag.py:3490} INFO - Setting next_dagrun for example_subdag_operator to 2022-01-01T00:00:00+00:00, run_after=2022-01-01T00:00:00+00:00
[2024-09-13T02:53:34.328+0000] {logging_mixin.py:149} INFO - [2024-09-13T02:53:34.328+0000] {dag.py:3490} INFO - Setting next_dagrun for example_subdag_operator.section-1 to None, run_after=None
[2024-09-13T02:53:34.331+0000] {logging_mixin.py:149} INFO - [2024-09-13T02:53:34.331+0000] {dag.py:3490} INFO - Setting next_dagrun for example_subdag_operator.section-2 to None, run_after=None
[2024-09-13T02:53:34.360+0000] {logging_mixin.py:149} INFO - [2024-09-13T02:53:34.360+0000] {dag.py:2726} INFO - Sync 2 DAGs
[2024-09-13T02:53:34.377+0000] {logging_mixin.py:149} INFO - [2024-09-13T02:53:34.376+0000] {dag.py:3490} INFO - Setting next_dagrun for example_subdag_operator.section-1 to None, run_after=None
[2024-09-13T02:53:34.378+0000] {logging_mixin.py:149} INFO - [2024-09-13T02:53:34.378+0000] {dag.py:3490} INFO - Setting next_dagrun for example_subdag_operator.section-2 to None, run_after=None
[2024-09-13T02:53:34.407+0000] {processor.py:179} INFO - Processing /home/airflow/.local/lib/python3.7/site-packages/airflow/example_dags/example_subdag_operator.py took 0.263 seconds
[2024-09-13T02:54:06.298+0000] {processor.py:157} INFO - Started process (PID=1039) to work on /home/airflow/.local/lib/python3.7/site-packages/airflow/example_dags/example_subdag_operator.py
[2024-09-13T02:54:06.305+0000] {processor.py:826} INFO - Processing file /home/airflow/.local/lib/python3.7/site-packages/airflow/example_dags/example_subdag_operator.py for tasks to queue
[2024-09-13T02:54:06.307+0000] {logging_mixin.py:149} INFO - [2024-09-13T02:54:06.307+0000] {dagbag.py:541} INFO - Filling up the DagBag from /home/airflow/.local/lib/python3.7/site-packages/airflow/example_dags/example_subdag_operator.py
[2024-09-13T02:54:06.367+0000] {processor.py:836} INFO - DAG(s) dict_keys(['example_subdag_operator.section-1', 'example_subdag_operator.section-2', 'example_subdag_operator']) retrieved from /home/airflow/.local/lib/python3.7/site-packages/airflow/example_dags/example_subdag_operator.py
[2024-09-13T02:54:06.424+0000] {logging_mixin.py:149} INFO - [2024-09-13T02:54:06.424+0000] {dag.py:2726} INFO - Sync 3 DAGs
[2024-09-13T02:54:06.514+0000] {logging_mixin.py:149} INFO - [2024-09-13T02:54:06.513+0000] {dag.py:3490} INFO - Setting next_dagrun for example_subdag_operator to 2022-01-01T00:00:00+00:00, run_after=2022-01-01T00:00:00+00:00
[2024-09-13T02:54:06.526+0000] {logging_mixin.py:149} INFO - [2024-09-13T02:54:06.526+0000] {dag.py:3490} INFO - Setting next_dagrun for example_subdag_operator.section-1 to None, run_after=None
[2024-09-13T02:54:06.530+0000] {logging_mixin.py:149} INFO - [2024-09-13T02:54:06.530+0000] {dag.py:3490} INFO - Setting next_dagrun for example_subdag_operator.section-2 to None, run_after=None
[2024-09-13T02:54:06.552+0000] {logging_mixin.py:149} INFO - [2024-09-13T02:54:06.551+0000] {dag.py:2726} INFO - Sync 2 DAGs
[2024-09-13T02:54:06.568+0000] {logging_mixin.py:149} INFO - [2024-09-13T02:54:06.567+0000] {dag.py:3490} INFO - Setting next_dagrun for example_subdag_operator.section-1 to None, run_after=None
[2024-09-13T02:54:06.569+0000] {logging_mixin.py:149} INFO - [2024-09-13T02:54:06.569+0000] {dag.py:3490} INFO - Setting next_dagrun for example_subdag_operator.section-2 to None, run_after=None
[2024-09-13T02:54:06.593+0000] {processor.py:179} INFO - Processing /home/airflow/.local/lib/python3.7/site-packages/airflow/example_dags/example_subdag_operator.py took 0.304 seconds
[2024-09-13T02:54:37.276+0000] {processor.py:157} INFO - Started process (PID=1107) to work on /home/airflow/.local/lib/python3.7/site-packages/airflow/example_dags/example_subdag_operator.py
[2024-09-13T02:54:37.280+0000] {processor.py:826} INFO - Processing file /home/airflow/.local/lib/python3.7/site-packages/airflow/example_dags/example_subdag_operator.py for tasks to queue
[2024-09-13T02:54:37.283+0000] {logging_mixin.py:149} INFO - [2024-09-13T02:54:37.283+0000] {dagbag.py:541} INFO - Filling up the DagBag from /home/airflow/.local/lib/python3.7/site-packages/airflow/example_dags/example_subdag_operator.py
[2024-09-13T02:54:37.376+0000] {processor.py:836} INFO - DAG(s) dict_keys(['example_subdag_operator.section-1', 'example_subdag_operator.section-2', 'example_subdag_operator']) retrieved from /home/airflow/.local/lib/python3.7/site-packages/airflow/example_dags/example_subdag_operator.py
[2024-09-13T02:54:37.432+0000] {logging_mixin.py:149} INFO - [2024-09-13T02:54:37.432+0000] {dag.py:2726} INFO - Sync 3 DAGs
[2024-09-13T02:54:37.497+0000] {logging_mixin.py:149} INFO - [2024-09-13T02:54:37.497+0000] {dag.py:3490} INFO - Setting next_dagrun for example_subdag_operator to 2022-01-01T00:00:00+00:00, run_after=2022-01-01T00:00:00+00:00
[2024-09-13T02:54:37.507+0000] {logging_mixin.py:149} INFO - [2024-09-13T02:54:37.506+0000] {dag.py:3490} INFO - Setting next_dagrun for example_subdag_operator.section-1 to None, run_after=None
[2024-09-13T02:54:37.511+0000] {logging_mixin.py:149} INFO - [2024-09-13T02:54:37.510+0000] {dag.py:3490} INFO - Setting next_dagrun for example_subdag_operator.section-2 to None, run_after=None
[2024-09-13T02:54:37.533+0000] {logging_mixin.py:149} INFO - [2024-09-13T02:54:37.533+0000] {dag.py:2726} INFO - Sync 2 DAGs
[2024-09-13T02:54:37.547+0000] {logging_mixin.py:149} INFO - [2024-09-13T02:54:37.546+0000] {dag.py:3490} INFO - Setting next_dagrun for example_subdag_operator.section-1 to None, run_after=None
[2024-09-13T02:54:37.548+0000] {logging_mixin.py:149} INFO - [2024-09-13T02:54:37.548+0000] {dag.py:3490} INFO - Setting next_dagrun for example_subdag_operator.section-2 to None, run_after=None
[2024-09-13T02:54:37.579+0000] {processor.py:179} INFO - Processing /home/airflow/.local/lib/python3.7/site-packages/airflow/example_dags/example_subdag_operator.py took 0.313 seconds
[2024-09-13T02:55:10.121+0000] {processor.py:157} INFO - Started process (PID=1166) to work on /home/airflow/.local/lib/python3.7/site-packages/airflow/example_dags/example_subdag_operator.py
[2024-09-13T02:55:10.126+0000] {processor.py:826} INFO - Processing file /home/airflow/.local/lib/python3.7/site-packages/airflow/example_dags/example_subdag_operator.py for tasks to queue
[2024-09-13T02:55:10.129+0000] {logging_mixin.py:149} INFO - [2024-09-13T02:55:10.129+0000] {dagbag.py:541} INFO - Filling up the DagBag from /home/airflow/.local/lib/python3.7/site-packages/airflow/example_dags/example_subdag_operator.py
[2024-09-13T02:55:10.295+0000] {processor.py:836} INFO - DAG(s) dict_keys(['example_subdag_operator.section-1', 'example_subdag_operator.section-2', 'example_subdag_operator']) retrieved from /home/airflow/.local/lib/python3.7/site-packages/airflow/example_dags/example_subdag_operator.py
[2024-09-13T02:55:10.428+0000] {logging_mixin.py:149} INFO - [2024-09-13T02:55:10.427+0000] {dag.py:2726} INFO - Sync 3 DAGs
[2024-09-13T02:55:10.525+0000] {logging_mixin.py:149} INFO - [2024-09-13T02:55:10.524+0000] {dag.py:3490} INFO - Setting next_dagrun for example_subdag_operator to 2022-01-01T00:00:00+00:00, run_after=2022-01-01T00:00:00+00:00
[2024-09-13T02:55:10.536+0000] {logging_mixin.py:149} INFO - [2024-09-13T02:55:10.536+0000] {dag.py:3490} INFO - Setting next_dagrun for example_subdag_operator.section-1 to None, run_after=None
[2024-09-13T02:55:10.544+0000] {logging_mixin.py:149} INFO - [2024-09-13T02:55:10.543+0000] {dag.py:3490} INFO - Setting next_dagrun for example_subdag_operator.section-2 to None, run_after=None
[2024-09-13T02:55:10.613+0000] {logging_mixin.py:149} INFO - [2024-09-13T02:55:10.613+0000] {dag.py:2726} INFO - Sync 2 DAGs
[2024-09-13T02:55:10.639+0000] {logging_mixin.py:149} INFO - [2024-09-13T02:55:10.639+0000] {dag.py:3490} INFO - Setting next_dagrun for example_subdag_operator.section-1 to None, run_after=None
[2024-09-13T02:55:10.641+0000] {logging_mixin.py:149} INFO - [2024-09-13T02:55:10.641+0000] {dag.py:3490} INFO - Setting next_dagrun for example_subdag_operator.section-2 to None, run_after=None
[2024-09-13T02:55:10.695+0000] {processor.py:179} INFO - Processing /home/airflow/.local/lib/python3.7/site-packages/airflow/example_dags/example_subdag_operator.py took 0.598 seconds
[2024-09-13T02:55:41.728+0000] {processor.py:157} INFO - Started process (PID=1234) to work on /home/airflow/.local/lib/python3.7/site-packages/airflow/example_dags/example_subdag_operator.py
[2024-09-13T02:55:41.742+0000] {processor.py:826} INFO - Processing file /home/airflow/.local/lib/python3.7/site-packages/airflow/example_dags/example_subdag_operator.py for tasks to queue
[2024-09-13T02:55:41.746+0000] {logging_mixin.py:149} INFO - [2024-09-13T02:55:41.745+0000] {dagbag.py:541} INFO - Filling up the DagBag from /home/airflow/.local/lib/python3.7/site-packages/airflow/example_dags/example_subdag_operator.py
[2024-09-13T02:55:42.461+0000] {processor.py:836} INFO - DAG(s) dict_keys(['example_subdag_operator.section-1', 'example_subdag_operator.section-2', 'example_subdag_operator']) retrieved from /home/airflow/.local/lib/python3.7/site-packages/airflow/example_dags/example_subdag_operator.py
[2024-09-13T02:55:42.618+0000] {logging_mixin.py:149} INFO - [2024-09-13T02:55:42.617+0000] {dag.py:2726} INFO - Sync 3 DAGs
[2024-09-13T02:55:42.764+0000] {logging_mixin.py:149} INFO - [2024-09-13T02:55:42.763+0000] {dag.py:3490} INFO - Setting next_dagrun for example_subdag_operator to 2022-01-01T00:00:00+00:00, run_after=2022-01-01T00:00:00+00:00
[2024-09-13T02:55:42.778+0000] {logging_mixin.py:149} INFO - [2024-09-13T02:55:42.777+0000] {dag.py:3490} INFO - Setting next_dagrun for example_subdag_operator.section-1 to None, run_after=None
[2024-09-13T02:55:42.788+0000] {logging_mixin.py:149} INFO - [2024-09-13T02:55:42.785+0000] {dag.py:3490} INFO - Setting next_dagrun for example_subdag_operator.section-2 to None, run_after=None
[2024-09-13T02:55:42.836+0000] {logging_mixin.py:149} INFO - [2024-09-13T02:55:42.835+0000] {dag.py:2726} INFO - Sync 2 DAGs
[2024-09-13T02:55:42.866+0000] {logging_mixin.py:149} INFO - [2024-09-13T02:55:42.864+0000] {dag.py:3490} INFO - Setting next_dagrun for example_subdag_operator.section-1 to None, run_after=None
[2024-09-13T02:55:42.870+0000] {logging_mixin.py:149} INFO - [2024-09-13T02:55:42.869+0000] {dag.py:3490} INFO - Setting next_dagrun for example_subdag_operator.section-2 to None, run_after=None
[2024-09-13T02:55:42.936+0000] {processor.py:179} INFO - Processing /home/airflow/.local/lib/python3.7/site-packages/airflow/example_dags/example_subdag_operator.py took 1.246 seconds
[2024-09-13T02:56:13.699+0000] {processor.py:157} INFO - Started process (PID=1294) to work on /home/airflow/.local/lib/python3.7/site-packages/airflow/example_dags/example_subdag_operator.py
[2024-09-13T02:56:13.702+0000] {processor.py:826} INFO - Processing file /home/airflow/.local/lib/python3.7/site-packages/airflow/example_dags/example_subdag_operator.py for tasks to queue
[2024-09-13T02:56:13.706+0000] {logging_mixin.py:149} INFO - [2024-09-13T02:56:13.705+0000] {dagbag.py:541} INFO - Filling up the DagBag from /home/airflow/.local/lib/python3.7/site-packages/airflow/example_dags/example_subdag_operator.py
[2024-09-13T02:56:13.929+0000] {processor.py:836} INFO - DAG(s) dict_keys(['example_subdag_operator.section-1', 'example_subdag_operator.section-2', 'example_subdag_operator']) retrieved from /home/airflow/.local/lib/python3.7/site-packages/airflow/example_dags/example_subdag_operator.py
[2024-09-13T02:56:14.002+0000] {logging_mixin.py:149} INFO - [2024-09-13T02:56:14.001+0000] {dag.py:2726} INFO - Sync 3 DAGs
[2024-09-13T02:56:14.174+0000] {logging_mixin.py:149} INFO - [2024-09-13T02:56:14.174+0000] {dag.py:3490} INFO - Setting next_dagrun for example_subdag_operator to 2022-01-01T00:00:00+00:00, run_after=2022-01-01T00:00:00+00:00
[2024-09-13T02:56:14.186+0000] {logging_mixin.py:149} INFO - [2024-09-13T02:56:14.185+0000] {dag.py:3490} INFO - Setting next_dagrun for example_subdag_operator.section-1 to None, run_after=None
[2024-09-13T02:56:14.189+0000] {logging_mixin.py:149} INFO - [2024-09-13T02:56:14.189+0000] {dag.py:3490} INFO - Setting next_dagrun for example_subdag_operator.section-2 to None, run_after=None
[2024-09-13T02:56:14.212+0000] {logging_mixin.py:149} INFO - [2024-09-13T02:56:14.212+0000] {dag.py:2726} INFO - Sync 2 DAGs
[2024-09-13T02:56:14.228+0000] {logging_mixin.py:149} INFO - [2024-09-13T02:56:14.228+0000] {dag.py:3490} INFO - Setting next_dagrun for example_subdag_operator.section-1 to None, run_after=None
[2024-09-13T02:56:14.230+0000] {logging_mixin.py:149} INFO - [2024-09-13T02:56:14.230+0000] {dag.py:3490} INFO - Setting next_dagrun for example_subdag_operator.section-2 to None, run_after=None
[2024-09-13T02:56:14.265+0000] {processor.py:179} INFO - Processing /home/airflow/.local/lib/python3.7/site-packages/airflow/example_dags/example_subdag_operator.py took 0.581 seconds
[2024-09-13T02:56:44.881+0000] {processor.py:157} INFO - Started process (PID=1363) to work on /home/airflow/.local/lib/python3.7/site-packages/airflow/example_dags/example_subdag_operator.py
[2024-09-13T02:56:44.883+0000] {processor.py:826} INFO - Processing file /home/airflow/.local/lib/python3.7/site-packages/airflow/example_dags/example_subdag_operator.py for tasks to queue
[2024-09-13T02:56:44.885+0000] {logging_mixin.py:149} INFO - [2024-09-13T02:56:44.885+0000] {dagbag.py:541} INFO - Filling up the DagBag from /home/airflow/.local/lib/python3.7/site-packages/airflow/example_dags/example_subdag_operator.py
[2024-09-13T02:56:44.951+0000] {processor.py:836} INFO - DAG(s) dict_keys(['example_subdag_operator.section-1', 'example_subdag_operator.section-2', 'example_subdag_operator']) retrieved from /home/airflow/.local/lib/python3.7/site-packages/airflow/example_dags/example_subdag_operator.py
[2024-09-13T02:56:44.998+0000] {logging_mixin.py:149} INFO - [2024-09-13T02:56:44.997+0000] {dag.py:2726} INFO - Sync 3 DAGs
[2024-09-13T02:56:45.058+0000] {logging_mixin.py:149} INFO - [2024-09-13T02:56:45.058+0000] {dag.py:3490} INFO - Setting next_dagrun for example_subdag_operator to 2022-01-01T00:00:00+00:00, run_after=2022-01-01T00:00:00+00:00
[2024-09-13T02:56:45.068+0000] {logging_mixin.py:149} INFO - [2024-09-13T02:56:45.068+0000] {dag.py:3490} INFO - Setting next_dagrun for example_subdag_operator.section-1 to None, run_after=None
[2024-09-13T02:56:45.071+0000] {logging_mixin.py:149} INFO - [2024-09-13T02:56:45.071+0000] {dag.py:3490} INFO - Setting next_dagrun for example_subdag_operator.section-2 to None, run_after=None
[2024-09-13T02:56:45.092+0000] {logging_mixin.py:149} INFO - [2024-09-13T02:56:45.091+0000] {dag.py:2726} INFO - Sync 2 DAGs
[2024-09-13T02:56:45.108+0000] {logging_mixin.py:149} INFO - [2024-09-13T02:56:45.108+0000] {dag.py:3490} INFO - Setting next_dagrun for example_subdag_operator.section-1 to None, run_after=None
[2024-09-13T02:56:45.110+0000] {logging_mixin.py:149} INFO - [2024-09-13T02:56:45.109+0000] {dag.py:3490} INFO - Setting next_dagrun for example_subdag_operator.section-2 to None, run_after=None
[2024-09-13T02:56:45.142+0000] {processor.py:179} INFO - Processing /home/airflow/.local/lib/python3.7/site-packages/airflow/example_dags/example_subdag_operator.py took 0.271 seconds
