[2024-09-13T02:43:43.985+0000] {processor.py:157} INFO - Started process (PID=60) to work on /home/airflow/.local/lib/python3.7/site-packages/airflow/example_dags/example_sensor_decorator.py
[2024-09-13T02:43:43.990+0000] {processor.py:826} INFO - Processing file /home/airflow/.local/lib/python3.7/site-packages/airflow/example_dags/example_sensor_decorator.py for tasks to queue
[2024-09-13T02:43:43.994+0000] {logging_mixin.py:149} INFO - [2024-09-13T02:43:43.994+0000] {dagbag.py:541} INFO - Filling up the DagBag from /home/airflow/.local/lib/python3.7/site-packages/airflow/example_dags/example_sensor_decorator.py
[2024-09-13T02:43:44.026+0000] {processor.py:836} INFO - DAG(s) dict_keys(['example_sensor_decorator']) retrieved from /home/airflow/.local/lib/python3.7/site-packages/airflow/example_dags/example_sensor_decorator.py
[2024-09-13T02:43:44.465+0000] {logging_mixin.py:149} INFO - [2024-09-13T02:43:44.464+0000] {dag.py:2726} INFO - Sync 1 DAGs
[2024-09-13T02:43:45.023+0000] {logging_mixin.py:149} INFO - [2024-09-13T02:43:45.018+0000] {dag.py:3490} INFO - Setting next_dagrun for example_sensor_decorator to None, run_after=None
[2024-09-13T02:43:45.246+0000] {processor.py:179} INFO - Processing /home/airflow/.local/lib/python3.7/site-packages/airflow/example_dags/example_sensor_decorator.py took 1.289 seconds
[2024-09-13T02:46:57.599+0000] {processor.py:157} INFO - Started process (PID=163) to work on /home/airflow/.local/lib/python3.7/site-packages/airflow/example_dags/example_sensor_decorator.py
[2024-09-13T02:46:57.606+0000] {processor.py:826} INFO - Processing file /home/airflow/.local/lib/python3.7/site-packages/airflow/example_dags/example_sensor_decorator.py for tasks to queue
[2024-09-13T02:46:57.610+0000] {logging_mixin.py:149} INFO - [2024-09-13T02:46:57.609+0000] {dagbag.py:541} INFO - Filling up the DagBag from /home/airflow/.local/lib/python3.7/site-packages/airflow/example_dags/example_sensor_decorator.py
[2024-09-13T02:46:57.656+0000] {processor.py:836} INFO - DAG(s) dict_keys(['example_sensor_decorator']) retrieved from /home/airflow/.local/lib/python3.7/site-packages/airflow/example_dags/example_sensor_decorator.py
[2024-09-13T02:46:57.921+0000] {logging_mixin.py:149} INFO - [2024-09-13T02:46:57.920+0000] {dag.py:2726} INFO - Sync 1 DAGs
[2024-09-13T02:46:58.516+0000] {logging_mixin.py:149} INFO - [2024-09-13T02:46:58.515+0000] {dag.py:3490} INFO - Setting next_dagrun for example_sensor_decorator to None, run_after=None
[2024-09-13T02:46:58.580+0000] {processor.py:179} INFO - Processing /home/airflow/.local/lib/python3.7/site-packages/airflow/example_dags/example_sensor_decorator.py took 1.061 seconds
[2024-09-13T02:47:34.496+0000] {processor.py:157} INFO - Started process (PID=213) to work on /home/airflow/.local/lib/python3.7/site-packages/airflow/example_dags/example_sensor_decorator.py
[2024-09-13T02:47:34.499+0000] {processor.py:826} INFO - Processing file /home/airflow/.local/lib/python3.7/site-packages/airflow/example_dags/example_sensor_decorator.py for tasks to queue
[2024-09-13T02:47:34.501+0000] {logging_mixin.py:149} INFO - [2024-09-13T02:47:34.501+0000] {dagbag.py:541} INFO - Filling up the DagBag from /home/airflow/.local/lib/python3.7/site-packages/airflow/example_dags/example_sensor_decorator.py
[2024-09-13T02:47:34.520+0000] {processor.py:836} INFO - DAG(s) dict_keys(['example_sensor_decorator']) retrieved from /home/airflow/.local/lib/python3.7/site-packages/airflow/example_dags/example_sensor_decorator.py
[2024-09-13T02:47:34.610+0000] {logging_mixin.py:149} INFO - [2024-09-13T02:47:34.609+0000] {dag.py:2726} INFO - Sync 1 DAGs
[2024-09-13T02:47:34.684+0000] {logging_mixin.py:149} INFO - [2024-09-13T02:47:34.683+0000] {dag.py:3490} INFO - Setting next_dagrun for example_sensor_decorator to None, run_after=None
[2024-09-13T02:47:34.753+0000] {processor.py:179} INFO - Processing /home/airflow/.local/lib/python3.7/site-packages/airflow/example_dags/example_sensor_decorator.py took 0.269 seconds
[2024-09-13T02:48:07.157+0000] {processor.py:157} INFO - Started process (PID=282) to work on /home/airflow/.local/lib/python3.7/site-packages/airflow/example_dags/example_sensor_decorator.py
[2024-09-13T02:48:07.176+0000] {processor.py:826} INFO - Processing file /home/airflow/.local/lib/python3.7/site-packages/airflow/example_dags/example_sensor_decorator.py for tasks to queue
[2024-09-13T02:48:07.179+0000] {logging_mixin.py:149} INFO - [2024-09-13T02:48:07.178+0000] {dagbag.py:541} INFO - Filling up the DagBag from /home/airflow/.local/lib/python3.7/site-packages/airflow/example_dags/example_sensor_decorator.py
[2024-09-13T02:48:07.196+0000] {processor.py:836} INFO - DAG(s) dict_keys(['example_sensor_decorator']) retrieved from /home/airflow/.local/lib/python3.7/site-packages/airflow/example_dags/example_sensor_decorator.py
[2024-09-13T02:48:07.513+0000] {logging_mixin.py:149} INFO - [2024-09-13T02:48:07.513+0000] {dag.py:2726} INFO - Sync 1 DAGs
[2024-09-13T02:48:07.823+0000] {logging_mixin.py:149} INFO - [2024-09-13T02:48:07.822+0000] {dag.py:3490} INFO - Setting next_dagrun for example_sensor_decorator to None, run_after=None
[2024-09-13T02:48:08.122+0000] {processor.py:179} INFO - Processing /home/airflow/.local/lib/python3.7/site-packages/airflow/example_dags/example_sensor_decorator.py took 0.976 seconds
[2024-09-13T02:48:38.588+0000] {processor.py:157} INFO - Started process (PID=342) to work on /home/airflow/.local/lib/python3.7/site-packages/airflow/example_dags/example_sensor_decorator.py
[2024-09-13T02:48:38.599+0000] {processor.py:826} INFO - Processing file /home/airflow/.local/lib/python3.7/site-packages/airflow/example_dags/example_sensor_decorator.py for tasks to queue
[2024-09-13T02:48:38.605+0000] {logging_mixin.py:149} INFO - [2024-09-13T02:48:38.604+0000] {dagbag.py:541} INFO - Filling up the DagBag from /home/airflow/.local/lib/python3.7/site-packages/airflow/example_dags/example_sensor_decorator.py
[2024-09-13T02:48:38.636+0000] {processor.py:836} INFO - DAG(s) dict_keys(['example_sensor_decorator']) retrieved from /home/airflow/.local/lib/python3.7/site-packages/airflow/example_dags/example_sensor_decorator.py
[2024-09-13T02:48:38.697+0000] {logging_mixin.py:149} INFO - [2024-09-13T02:48:38.697+0000] {dag.py:2726} INFO - Sync 1 DAGs
[2024-09-13T02:48:38.745+0000] {logging_mixin.py:149} INFO - [2024-09-13T02:48:38.745+0000] {dag.py:3490} INFO - Setting next_dagrun for example_sensor_decorator to None, run_after=None
[2024-09-13T02:48:38.805+0000] {processor.py:179} INFO - Processing /home/airflow/.local/lib/python3.7/site-packages/airflow/example_dags/example_sensor_decorator.py took 0.231 seconds
[2024-09-13T02:49:14.400+0000] {processor.py:157} INFO - Started process (PID=408) to work on /home/airflow/.local/lib/python3.7/site-packages/airflow/example_dags/example_sensor_decorator.py
[2024-09-13T02:49:14.404+0000] {processor.py:826} INFO - Processing file /home/airflow/.local/lib/python3.7/site-packages/airflow/example_dags/example_sensor_decorator.py for tasks to queue
[2024-09-13T02:49:14.409+0000] {logging_mixin.py:149} INFO - [2024-09-13T02:49:14.408+0000] {dagbag.py:541} INFO - Filling up the DagBag from /home/airflow/.local/lib/python3.7/site-packages/airflow/example_dags/example_sensor_decorator.py
[2024-09-13T02:49:14.520+0000] {processor.py:836} INFO - DAG(s) dict_keys(['example_sensor_decorator']) retrieved from /home/airflow/.local/lib/python3.7/site-packages/airflow/example_dags/example_sensor_decorator.py
[2024-09-13T02:49:14.752+0000] {logging_mixin.py:149} INFO - [2024-09-13T02:49:14.752+0000] {dag.py:2726} INFO - Sync 1 DAGs
[2024-09-13T02:49:14.900+0000] {logging_mixin.py:149} INFO - [2024-09-13T02:49:14.899+0000] {dag.py:3490} INFO - Setting next_dagrun for example_sensor_decorator to None, run_after=None
[2024-09-13T02:49:14.967+0000] {processor.py:179} INFO - Processing /home/airflow/.local/lib/python3.7/site-packages/airflow/example_dags/example_sensor_decorator.py took 0.611 seconds
[2024-09-13T02:49:48.918+0000] {processor.py:157} INFO - Started process (PID=477) to work on /home/airflow/.local/lib/python3.7/site-packages/airflow/example_dags/example_sensor_decorator.py
[2024-09-13T02:49:48.924+0000] {processor.py:826} INFO - Processing file /home/airflow/.local/lib/python3.7/site-packages/airflow/example_dags/example_sensor_decorator.py for tasks to queue
[2024-09-13T02:49:48.928+0000] {logging_mixin.py:149} INFO - [2024-09-13T02:49:48.927+0000] {dagbag.py:541} INFO - Filling up the DagBag from /home/airflow/.local/lib/python3.7/site-packages/airflow/example_dags/example_sensor_decorator.py
[2024-09-13T02:49:48.982+0000] {processor.py:836} INFO - DAG(s) dict_keys(['example_sensor_decorator']) retrieved from /home/airflow/.local/lib/python3.7/site-packages/airflow/example_dags/example_sensor_decorator.py
[2024-09-13T02:49:49.217+0000] {logging_mixin.py:149} INFO - [2024-09-13T02:49:49.216+0000] {dag.py:2726} INFO - Sync 1 DAGs
[2024-09-13T02:49:49.437+0000] {logging_mixin.py:149} INFO - [2024-09-13T02:49:49.436+0000] {dag.py:3490} INFO - Setting next_dagrun for example_sensor_decorator to None, run_after=None
[2024-09-13T02:49:49.550+0000] {processor.py:179} INFO - Processing /home/airflow/.local/lib/python3.7/site-packages/airflow/example_dags/example_sensor_decorator.py took 0.649 seconds
[2024-09-13T02:50:19.741+0000] {processor.py:157} INFO - Started process (PID=546) to work on /home/airflow/.local/lib/python3.7/site-packages/airflow/example_dags/example_sensor_decorator.py
[2024-09-13T02:50:19.743+0000] {processor.py:826} INFO - Processing file /home/airflow/.local/lib/python3.7/site-packages/airflow/example_dags/example_sensor_decorator.py for tasks to queue
[2024-09-13T02:50:19.744+0000] {logging_mixin.py:149} INFO - [2024-09-13T02:50:19.744+0000] {dagbag.py:541} INFO - Filling up the DagBag from /home/airflow/.local/lib/python3.7/site-packages/airflow/example_dags/example_sensor_decorator.py
[2024-09-13T02:50:19.753+0000] {processor.py:836} INFO - DAG(s) dict_keys(['example_sensor_decorator']) retrieved from /home/airflow/.local/lib/python3.7/site-packages/airflow/example_dags/example_sensor_decorator.py
[2024-09-13T02:50:19.786+0000] {logging_mixin.py:149} INFO - [2024-09-13T02:50:19.785+0000] {dag.py:2726} INFO - Sync 1 DAGs
[2024-09-13T02:50:19.819+0000] {logging_mixin.py:149} INFO - [2024-09-13T02:50:19.819+0000] {dag.py:3490} INFO - Setting next_dagrun for example_sensor_decorator to None, run_after=None
[2024-09-13T02:50:19.846+0000] {processor.py:179} INFO - Processing /home/airflow/.local/lib/python3.7/site-packages/airflow/example_dags/example_sensor_decorator.py took 0.111 seconds
[2024-09-13T02:50:50.400+0000] {processor.py:157} INFO - Started process (PID=615) to work on /home/airflow/.local/lib/python3.7/site-packages/airflow/example_dags/example_sensor_decorator.py
[2024-09-13T02:50:50.404+0000] {processor.py:826} INFO - Processing file /home/airflow/.local/lib/python3.7/site-packages/airflow/example_dags/example_sensor_decorator.py for tasks to queue
[2024-09-13T02:50:50.409+0000] {logging_mixin.py:149} INFO - [2024-09-13T02:50:50.409+0000] {dagbag.py:541} INFO - Filling up the DagBag from /home/airflow/.local/lib/python3.7/site-packages/airflow/example_dags/example_sensor_decorator.py
[2024-09-13T02:50:50.433+0000] {processor.py:836} INFO - DAG(s) dict_keys(['example_sensor_decorator']) retrieved from /home/airflow/.local/lib/python3.7/site-packages/airflow/example_dags/example_sensor_decorator.py
[2024-09-13T02:50:50.699+0000] {logging_mixin.py:149} INFO - [2024-09-13T02:50:50.699+0000] {dag.py:2726} INFO - Sync 1 DAGs
[2024-09-13T02:50:51.030+0000] {logging_mixin.py:149} INFO - [2024-09-13T02:50:51.027+0000] {dag.py:3490} INFO - Setting next_dagrun for example_sensor_decorator to None, run_after=None
[2024-09-13T02:50:51.114+0000] {processor.py:179} INFO - Processing /home/airflow/.local/lib/python3.7/site-packages/airflow/example_dags/example_sensor_decorator.py took 0.738 seconds
[2024-09-13T02:51:21.633+0000] {processor.py:157} INFO - Started process (PID=684) to work on /home/airflow/.local/lib/python3.7/site-packages/airflow/example_dags/example_sensor_decorator.py
[2024-09-13T02:51:21.636+0000] {processor.py:826} INFO - Processing file /home/airflow/.local/lib/python3.7/site-packages/airflow/example_dags/example_sensor_decorator.py for tasks to queue
[2024-09-13T02:51:21.638+0000] {logging_mixin.py:149} INFO - [2024-09-13T02:51:21.637+0000] {dagbag.py:541} INFO - Filling up the DagBag from /home/airflow/.local/lib/python3.7/site-packages/airflow/example_dags/example_sensor_decorator.py
[2024-09-13T02:51:21.650+0000] {processor.py:836} INFO - DAG(s) dict_keys(['example_sensor_decorator']) retrieved from /home/airflow/.local/lib/python3.7/site-packages/airflow/example_dags/example_sensor_decorator.py
[2024-09-13T02:51:21.707+0000] {logging_mixin.py:149} INFO - [2024-09-13T02:51:21.707+0000] {dag.py:2726} INFO - Sync 1 DAGs
[2024-09-13T02:51:21.760+0000] {logging_mixin.py:149} INFO - [2024-09-13T02:51:21.760+0000] {dag.py:3490} INFO - Setting next_dagrun for example_sensor_decorator to None, run_after=None
[2024-09-13T02:51:21.794+0000] {processor.py:179} INFO - Processing /home/airflow/.local/lib/python3.7/site-packages/airflow/example_dags/example_sensor_decorator.py took 0.169 seconds
[2024-09-13T02:51:52.133+0000] {processor.py:157} INFO - Started process (PID=753) to work on /home/airflow/.local/lib/python3.7/site-packages/airflow/example_dags/example_sensor_decorator.py
[2024-09-13T02:51:52.135+0000] {processor.py:826} INFO - Processing file /home/airflow/.local/lib/python3.7/site-packages/airflow/example_dags/example_sensor_decorator.py for tasks to queue
[2024-09-13T02:51:52.137+0000] {logging_mixin.py:149} INFO - [2024-09-13T02:51:52.136+0000] {dagbag.py:541} INFO - Filling up the DagBag from /home/airflow/.local/lib/python3.7/site-packages/airflow/example_dags/example_sensor_decorator.py
[2024-09-13T02:51:52.152+0000] {processor.py:836} INFO - DAG(s) dict_keys(['example_sensor_decorator']) retrieved from /home/airflow/.local/lib/python3.7/site-packages/airflow/example_dags/example_sensor_decorator.py
[2024-09-13T02:51:52.245+0000] {logging_mixin.py:149} INFO - [2024-09-13T02:51:52.245+0000] {dag.py:2726} INFO - Sync 1 DAGs
[2024-09-13T02:51:52.367+0000] {logging_mixin.py:149} INFO - [2024-09-13T02:51:52.367+0000] {dag.py:3490} INFO - Setting next_dagrun for example_sensor_decorator to None, run_after=None
[2024-09-13T02:51:52.446+0000] {processor.py:179} INFO - Processing /home/airflow/.local/lib/python3.7/site-packages/airflow/example_dags/example_sensor_decorator.py took 0.320 seconds
[2024-09-13T02:52:24.324+0000] {processor.py:157} INFO - Started process (PID=819) to work on /home/airflow/.local/lib/python3.7/site-packages/airflow/example_dags/example_sensor_decorator.py
[2024-09-13T02:52:24.327+0000] {processor.py:826} INFO - Processing file /home/airflow/.local/lib/python3.7/site-packages/airflow/example_dags/example_sensor_decorator.py for tasks to queue
[2024-09-13T02:52:24.329+0000] {logging_mixin.py:149} INFO - [2024-09-13T02:52:24.329+0000] {dagbag.py:541} INFO - Filling up the DagBag from /home/airflow/.local/lib/python3.7/site-packages/airflow/example_dags/example_sensor_decorator.py
[2024-09-13T02:52:24.359+0000] {processor.py:836} INFO - DAG(s) dict_keys(['example_sensor_decorator']) retrieved from /home/airflow/.local/lib/python3.7/site-packages/airflow/example_dags/example_sensor_decorator.py
[2024-09-13T02:52:24.451+0000] {logging_mixin.py:149} INFO - [2024-09-13T02:52:24.450+0000] {dag.py:2726} INFO - Sync 1 DAGs
[2024-09-13T02:52:24.521+0000] {logging_mixin.py:149} INFO - [2024-09-13T02:52:24.520+0000] {dag.py:3490} INFO - Setting next_dagrun for example_sensor_decorator to None, run_after=None
[2024-09-13T02:52:24.564+0000] {processor.py:179} INFO - Processing /home/airflow/.local/lib/python3.7/site-packages/airflow/example_dags/example_sensor_decorator.py took 0.259 seconds
[2024-09-13T02:52:55.352+0000] {processor.py:157} INFO - Started process (PID=888) to work on /home/airflow/.local/lib/python3.7/site-packages/airflow/example_dags/example_sensor_decorator.py
[2024-09-13T02:52:55.355+0000] {processor.py:826} INFO - Processing file /home/airflow/.local/lib/python3.7/site-packages/airflow/example_dags/example_sensor_decorator.py for tasks to queue
[2024-09-13T02:52:55.356+0000] {logging_mixin.py:149} INFO - [2024-09-13T02:52:55.356+0000] {dagbag.py:541} INFO - Filling up the DagBag from /home/airflow/.local/lib/python3.7/site-packages/airflow/example_dags/example_sensor_decorator.py
[2024-09-13T02:52:55.367+0000] {processor.py:836} INFO - DAG(s) dict_keys(['example_sensor_decorator']) retrieved from /home/airflow/.local/lib/python3.7/site-packages/airflow/example_dags/example_sensor_decorator.py
[2024-09-13T02:52:55.417+0000] {logging_mixin.py:149} INFO - [2024-09-13T02:52:55.417+0000] {dag.py:2726} INFO - Sync 1 DAGs
[2024-09-13T02:52:55.497+0000] {logging_mixin.py:149} INFO - [2024-09-13T02:52:55.496+0000] {dag.py:3490} INFO - Setting next_dagrun for example_sensor_decorator to None, run_after=None
[2024-09-13T02:52:55.554+0000] {processor.py:179} INFO - Processing /home/airflow/.local/lib/python3.7/site-packages/airflow/example_dags/example_sensor_decorator.py took 0.210 seconds
[2024-09-13T02:53:28.242+0000] {processor.py:157} INFO - Started process (PID=957) to work on /home/airflow/.local/lib/python3.7/site-packages/airflow/example_dags/example_sensor_decorator.py
[2024-09-13T02:53:28.244+0000] {processor.py:826} INFO - Processing file /home/airflow/.local/lib/python3.7/site-packages/airflow/example_dags/example_sensor_decorator.py for tasks to queue
[2024-09-13T02:53:28.246+0000] {logging_mixin.py:149} INFO - [2024-09-13T02:53:28.245+0000] {dagbag.py:541} INFO - Filling up the DagBag from /home/airflow/.local/lib/python3.7/site-packages/airflow/example_dags/example_sensor_decorator.py
[2024-09-13T02:53:28.258+0000] {processor.py:836} INFO - DAG(s) dict_keys(['example_sensor_decorator']) retrieved from /home/airflow/.local/lib/python3.7/site-packages/airflow/example_dags/example_sensor_decorator.py
[2024-09-13T02:53:28.305+0000] {logging_mixin.py:149} INFO - [2024-09-13T02:53:28.304+0000] {dag.py:2726} INFO - Sync 1 DAGs
[2024-09-13T02:53:28.353+0000] {logging_mixin.py:149} INFO - [2024-09-13T02:53:28.353+0000] {dag.py:3490} INFO - Setting next_dagrun for example_sensor_decorator to None, run_after=None
[2024-09-13T02:53:28.390+0000] {processor.py:179} INFO - Processing /home/airflow/.local/lib/python3.7/site-packages/airflow/example_dags/example_sensor_decorator.py took 0.154 seconds
[2024-09-13T02:54:03.616+0000] {processor.py:157} INFO - Started process (PID=1026) to work on /home/airflow/.local/lib/python3.7/site-packages/airflow/example_dags/example_sensor_decorator.py
[2024-09-13T02:54:03.634+0000] {processor.py:826} INFO - Processing file /home/airflow/.local/lib/python3.7/site-packages/airflow/example_dags/example_sensor_decorator.py for tasks to queue
[2024-09-13T02:54:03.638+0000] {logging_mixin.py:149} INFO - [2024-09-13T02:54:03.638+0000] {dagbag.py:541} INFO - Filling up the DagBag from /home/airflow/.local/lib/python3.7/site-packages/airflow/example_dags/example_sensor_decorator.py
[2024-09-13T02:54:03.663+0000] {processor.py:836} INFO - DAG(s) dict_keys(['example_sensor_decorator']) retrieved from /home/airflow/.local/lib/python3.7/site-packages/airflow/example_dags/example_sensor_decorator.py
[2024-09-13T02:54:03.726+0000] {logging_mixin.py:149} INFO - [2024-09-13T02:54:03.726+0000] {dag.py:2726} INFO - Sync 1 DAGs
[2024-09-13T02:54:03.784+0000] {logging_mixin.py:149} INFO - [2024-09-13T02:54:03.784+0000] {dag.py:3490} INFO - Setting next_dagrun for example_sensor_decorator to None, run_after=None
[2024-09-13T02:54:03.860+0000] {processor.py:179} INFO - Processing /home/airflow/.local/lib/python3.7/site-packages/airflow/example_dags/example_sensor_decorator.py took 0.254 seconds
[2024-09-13T02:54:34.337+0000] {processor.py:157} INFO - Started process (PID=1093) to work on /home/airflow/.local/lib/python3.7/site-packages/airflow/example_dags/example_sensor_decorator.py
[2024-09-13T02:54:34.342+0000] {processor.py:826} INFO - Processing file /home/airflow/.local/lib/python3.7/site-packages/airflow/example_dags/example_sensor_decorator.py for tasks to queue
[2024-09-13T02:54:34.345+0000] {logging_mixin.py:149} INFO - [2024-09-13T02:54:34.344+0000] {dagbag.py:541} INFO - Filling up the DagBag from /home/airflow/.local/lib/python3.7/site-packages/airflow/example_dags/example_sensor_decorator.py
[2024-09-13T02:54:34.394+0000] {processor.py:836} INFO - DAG(s) dict_keys(['example_sensor_decorator']) retrieved from /home/airflow/.local/lib/python3.7/site-packages/airflow/example_dags/example_sensor_decorator.py
[2024-09-13T02:54:34.545+0000] {logging_mixin.py:149} INFO - [2024-09-13T02:54:34.545+0000] {dag.py:2726} INFO - Sync 1 DAGs
[2024-09-13T02:54:34.632+0000] {logging_mixin.py:149} INFO - [2024-09-13T02:54:34.632+0000] {dag.py:3490} INFO - Setting next_dagrun for example_sensor_decorator to None, run_after=None
[2024-09-13T02:54:34.686+0000] {processor.py:179} INFO - Processing /home/airflow/.local/lib/python3.7/site-packages/airflow/example_dags/example_sensor_decorator.py took 0.363 seconds
[2024-09-13T02:55:05.500+0000] {processor.py:157} INFO - Started process (PID=1160) to work on /home/airflow/.local/lib/python3.7/site-packages/airflow/example_dags/example_sensor_decorator.py
[2024-09-13T02:55:05.507+0000] {processor.py:826} INFO - Processing file /home/airflow/.local/lib/python3.7/site-packages/airflow/example_dags/example_sensor_decorator.py for tasks to queue
[2024-09-13T02:55:05.511+0000] {logging_mixin.py:149} INFO - [2024-09-13T02:55:05.511+0000] {dagbag.py:541} INFO - Filling up the DagBag from /home/airflow/.local/lib/python3.7/site-packages/airflow/example_dags/example_sensor_decorator.py
[2024-09-13T02:55:05.591+0000] {processor.py:836} INFO - DAG(s) dict_keys(['example_sensor_decorator']) retrieved from /home/airflow/.local/lib/python3.7/site-packages/airflow/example_dags/example_sensor_decorator.py
[2024-09-13T02:55:05.780+0000] {logging_mixin.py:149} INFO - [2024-09-13T02:55:05.779+0000] {dag.py:2726} INFO - Sync 1 DAGs
[2024-09-13T02:55:05.888+0000] {logging_mixin.py:149} INFO - [2024-09-13T02:55:05.888+0000] {dag.py:3490} INFO - Setting next_dagrun for example_sensor_decorator to None, run_after=None
[2024-09-13T02:55:05.937+0000] {processor.py:179} INFO - Processing /home/airflow/.local/lib/python3.7/site-packages/airflow/example_dags/example_sensor_decorator.py took 0.496 seconds
[2024-09-13T02:55:36.657+0000] {processor.py:157} INFO - Started process (PID=1221) to work on /home/airflow/.local/lib/python3.7/site-packages/airflow/example_dags/example_sensor_decorator.py
[2024-09-13T02:55:36.661+0000] {processor.py:826} INFO - Processing file /home/airflow/.local/lib/python3.7/site-packages/airflow/example_dags/example_sensor_decorator.py for tasks to queue
[2024-09-13T02:55:36.663+0000] {logging_mixin.py:149} INFO - [2024-09-13T02:55:36.663+0000] {dagbag.py:541} INFO - Filling up the DagBag from /home/airflow/.local/lib/python3.7/site-packages/airflow/example_dags/example_sensor_decorator.py
[2024-09-13T02:55:36.703+0000] {processor.py:836} INFO - DAG(s) dict_keys(['example_sensor_decorator']) retrieved from /home/airflow/.local/lib/python3.7/site-packages/airflow/example_dags/example_sensor_decorator.py
[2024-09-13T02:55:36.782+0000] {logging_mixin.py:149} INFO - [2024-09-13T02:55:36.781+0000] {dag.py:2726} INFO - Sync 1 DAGs
[2024-09-13T02:55:36.869+0000] {logging_mixin.py:149} INFO - [2024-09-13T02:55:36.869+0000] {dag.py:3490} INFO - Setting next_dagrun for example_sensor_decorator to None, run_after=None
[2024-09-13T02:55:36.913+0000] {processor.py:179} INFO - Processing /home/airflow/.local/lib/python3.7/site-packages/airflow/example_dags/example_sensor_decorator.py took 0.274 seconds
[2024-09-13T02:56:07.635+0000] {processor.py:157} INFO - Started process (PID=1290) to work on /home/airflow/.local/lib/python3.7/site-packages/airflow/example_dags/example_sensor_decorator.py
[2024-09-13T02:56:07.645+0000] {processor.py:826} INFO - Processing file /home/airflow/.local/lib/python3.7/site-packages/airflow/example_dags/example_sensor_decorator.py for tasks to queue
[2024-09-13T02:56:07.655+0000] {logging_mixin.py:149} INFO - [2024-09-13T02:56:07.655+0000] {dagbag.py:541} INFO - Filling up the DagBag from /home/airflow/.local/lib/python3.7/site-packages/airflow/example_dags/example_sensor_decorator.py
[2024-09-13T02:56:07.691+0000] {processor.py:836} INFO - DAG(s) dict_keys(['example_sensor_decorator']) retrieved from /home/airflow/.local/lib/python3.7/site-packages/airflow/example_dags/example_sensor_decorator.py
[2024-09-13T02:56:07.815+0000] {logging_mixin.py:149} INFO - [2024-09-13T02:56:07.815+0000] {dag.py:2726} INFO - Sync 1 DAGs
[2024-09-13T02:56:07.902+0000] {logging_mixin.py:149} INFO - [2024-09-13T02:56:07.902+0000] {dag.py:3490} INFO - Setting next_dagrun for example_sensor_decorator to None, run_after=None
[2024-09-13T02:56:07.950+0000] {processor.py:179} INFO - Processing /home/airflow/.local/lib/python3.7/site-packages/airflow/example_dags/example_sensor_decorator.py took 0.351 seconds
[2024-09-13T02:56:38.315+0000] {processor.py:157} INFO - Started process (PID=1359) to work on /home/airflow/.local/lib/python3.7/site-packages/airflow/example_dags/example_sensor_decorator.py
[2024-09-13T02:56:38.331+0000] {processor.py:826} INFO - Processing file /home/airflow/.local/lib/python3.7/site-packages/airflow/example_dags/example_sensor_decorator.py for tasks to queue
[2024-09-13T02:56:38.337+0000] {logging_mixin.py:149} INFO - [2024-09-13T02:56:38.337+0000] {dagbag.py:541} INFO - Filling up the DagBag from /home/airflow/.local/lib/python3.7/site-packages/airflow/example_dags/example_sensor_decorator.py
[2024-09-13T02:56:38.373+0000] {processor.py:836} INFO - DAG(s) dict_keys(['example_sensor_decorator']) retrieved from /home/airflow/.local/lib/python3.7/site-packages/airflow/example_dags/example_sensor_decorator.py
[2024-09-13T02:56:38.640+0000] {logging_mixin.py:149} INFO - [2024-09-13T02:56:38.639+0000] {dag.py:2726} INFO - Sync 1 DAGs
[2024-09-13T02:56:38.947+0000] {logging_mixin.py:149} INFO - [2024-09-13T02:56:38.946+0000] {dag.py:3490} INFO - Setting next_dagrun for example_sensor_decorator to None, run_after=None
[2024-09-13T02:56:39.355+0000] {processor.py:179} INFO - Processing /home/airflow/.local/lib/python3.7/site-packages/airflow/example_dags/example_sensor_decorator.py took 1.063 seconds
[2024-09-13T02:57:10.444+0000] {processor.py:157} INFO - Started process (PID=1428) to work on /home/airflow/.local/lib/python3.7/site-packages/airflow/example_dags/example_sensor_decorator.py
[2024-09-13T02:57:10.448+0000] {processor.py:826} INFO - Processing file /home/airflow/.local/lib/python3.7/site-packages/airflow/example_dags/example_sensor_decorator.py for tasks to queue
[2024-09-13T02:57:10.452+0000] {logging_mixin.py:149} INFO - [2024-09-13T02:57:10.451+0000] {dagbag.py:541} INFO - Filling up the DagBag from /home/airflow/.local/lib/python3.7/site-packages/airflow/example_dags/example_sensor_decorator.py
[2024-09-13T02:57:10.478+0000] {processor.py:836} INFO - DAG(s) dict_keys(['example_sensor_decorator']) retrieved from /home/airflow/.local/lib/python3.7/site-packages/airflow/example_dags/example_sensor_decorator.py
[2024-09-13T02:57:11.215+0000] {logging_mixin.py:149} INFO - [2024-09-13T02:57:11.213+0000] {dag.py:2726} INFO - Sync 1 DAGs
[2024-09-13T02:57:15.604+0000] {logging_mixin.py:149} INFO - [2024-09-13T02:57:15.590+0000] {process_utils.py:258} INFO - Waiting up to 5 seconds for processes to exit...
