[2024-09-13T02:44:23.595+0000] {processor.py:157} INFO - Started process (PID=86) to work on /home/airflow/.local/lib/python3.7/site-packages/airflow/example_dags/example_short_circuit_decorator.py
[2024-09-13T02:44:23.792+0000] {processor.py:826} INFO - Processing file /home/airflow/.local/lib/python3.7/site-packages/airflow/example_dags/example_short_circuit_decorator.py for tasks to queue
[2024-09-13T02:44:23.879+0000] {logging_mixin.py:149} INFO - [2024-09-13T02:44:23.878+0000] {dagbag.py:541} INFO - Filling up the DagBag from /home/airflow/.local/lib/python3.7/site-packages/airflow/example_dags/example_short_circuit_decorator.py
[2024-09-13T02:44:25.738+0000] {processor.py:836} INFO - DAG(s) dict_keys(['example_short_circuit_decorator']) retrieved from /home/airflow/.local/lib/python3.7/site-packages/airflow/example_dags/example_short_circuit_decorator.py
[2024-09-13T02:44:29.286+0000] {logging_mixin.py:149} INFO - [2024-09-13T02:44:29.283+0000] {dag.py:2726} INFO - Sync 1 DAGs
[2024-09-13T02:44:31.387+0000] {logging_mixin.py:149} INFO - [2024-09-13T02:44:31.382+0000] {dag.py:3490} INFO - Setting next_dagrun for example_short_circuit_decorator to 2024-09-12T02:44:31.283951+00:00, run_after=2024-09-13T02:44:31.283951+00:00
[2024-09-13T02:44:32.120+0000] {processor.py:179} INFO - Processing /home/airflow/.local/lib/python3.7/site-packages/airflow/example_dags/example_short_circuit_decorator.py took 9.576 seconds
[2024-09-13T02:47:26.949+0000] {processor.py:157} INFO - Started process (PID=183) to work on /home/airflow/.local/lib/python3.7/site-packages/airflow/example_dags/example_short_circuit_decorator.py
[2024-09-13T02:47:26.954+0000] {processor.py:826} INFO - Processing file /home/airflow/.local/lib/python3.7/site-packages/airflow/example_dags/example_short_circuit_decorator.py for tasks to queue
[2024-09-13T02:47:26.956+0000] {logging_mixin.py:149} INFO - [2024-09-13T02:47:26.956+0000] {dagbag.py:541} INFO - Filling up the DagBag from /home/airflow/.local/lib/python3.7/site-packages/airflow/example_dags/example_short_circuit_decorator.py
[2024-09-13T02:47:27.798+0000] {processor.py:836} INFO - DAG(s) dict_keys(['example_short_circuit_decorator']) retrieved from /home/airflow/.local/lib/python3.7/site-packages/airflow/example_dags/example_short_circuit_decorator.py
[2024-09-13T02:47:27.925+0000] {logging_mixin.py:149} INFO - [2024-09-13T02:47:27.925+0000] {dag.py:2726} INFO - Sync 1 DAGs
[2024-09-13T02:47:28.009+0000] {logging_mixin.py:149} INFO - [2024-09-13T02:47:28.009+0000] {dag.py:3490} INFO - Setting next_dagrun for example_short_circuit_decorator to 2024-09-12T02:47:28.008803+00:00, run_after=2024-09-13T02:47:28.008803+00:00
[2024-09-13T02:47:28.080+0000] {processor.py:179} INFO - Processing /home/airflow/.local/lib/python3.7/site-packages/airflow/example_dags/example_short_circuit_decorator.py took 1.160 seconds
[2024-09-13T02:47:58.240+0000] {processor.py:157} INFO - Started process (PID=251) to work on /home/airflow/.local/lib/python3.7/site-packages/airflow/example_dags/example_short_circuit_decorator.py
[2024-09-13T02:47:58.244+0000] {processor.py:826} INFO - Processing file /home/airflow/.local/lib/python3.7/site-packages/airflow/example_dags/example_short_circuit_decorator.py for tasks to queue
[2024-09-13T02:47:58.246+0000] {logging_mixin.py:149} INFO - [2024-09-13T02:47:58.245+0000] {dagbag.py:541} INFO - Filling up the DagBag from /home/airflow/.local/lib/python3.7/site-packages/airflow/example_dags/example_short_circuit_decorator.py
[2024-09-13T02:47:58.276+0000] {processor.py:836} INFO - DAG(s) dict_keys(['example_short_circuit_decorator']) retrieved from /home/airflow/.local/lib/python3.7/site-packages/airflow/example_dags/example_short_circuit_decorator.py
[2024-09-13T02:47:58.404+0000] {logging_mixin.py:149} INFO - [2024-09-13T02:47:58.403+0000] {dag.py:2726} INFO - Sync 1 DAGs
[2024-09-13T02:47:58.937+0000] {logging_mixin.py:149} INFO - [2024-09-13T02:47:58.936+0000] {dag.py:3490} INFO - Setting next_dagrun for example_short_circuit_decorator to 2024-09-12T02:47:58.935659+00:00, run_after=2024-09-13T02:47:58.935659+00:00
[2024-09-13T02:47:59.044+0000] {processor.py:179} INFO - Processing /home/airflow/.local/lib/python3.7/site-packages/airflow/example_dags/example_short_circuit_decorator.py took 0.814 seconds
[2024-09-13T02:48:29.488+0000] {processor.py:157} INFO - Started process (PID=320) to work on /home/airflow/.local/lib/python3.7/site-packages/airflow/example_dags/example_short_circuit_decorator.py
[2024-09-13T02:48:29.497+0000] {processor.py:826} INFO - Processing file /home/airflow/.local/lib/python3.7/site-packages/airflow/example_dags/example_short_circuit_decorator.py for tasks to queue
[2024-09-13T02:48:29.502+0000] {logging_mixin.py:149} INFO - [2024-09-13T02:48:29.502+0000] {dagbag.py:541} INFO - Filling up the DagBag from /home/airflow/.local/lib/python3.7/site-packages/airflow/example_dags/example_short_circuit_decorator.py
[2024-09-13T02:48:29.562+0000] {processor.py:836} INFO - DAG(s) dict_keys(['example_short_circuit_decorator']) retrieved from /home/airflow/.local/lib/python3.7/site-packages/airflow/example_dags/example_short_circuit_decorator.py
[2024-09-13T02:48:29.659+0000] {logging_mixin.py:149} INFO - [2024-09-13T02:48:29.658+0000] {dag.py:2726} INFO - Sync 1 DAGs
[2024-09-13T02:48:29.791+0000] {logging_mixin.py:149} INFO - [2024-09-13T02:48:29.790+0000] {dag.py:3490} INFO - Setting next_dagrun for example_short_circuit_decorator to 2024-09-12T02:48:29.790183+00:00, run_after=2024-09-13T02:48:29.790183+00:00
[2024-09-13T02:48:29.853+0000] {processor.py:179} INFO - Processing /home/airflow/.local/lib/python3.7/site-packages/airflow/example_dags/example_short_circuit_decorator.py took 0.404 seconds
[2024-09-13T02:49:01.972+0000] {processor.py:157} INFO - Started process (PID=388) to work on /home/airflow/.local/lib/python3.7/site-packages/airflow/example_dags/example_short_circuit_decorator.py
[2024-09-13T02:49:01.985+0000] {processor.py:826} INFO - Processing file /home/airflow/.local/lib/python3.7/site-packages/airflow/example_dags/example_short_circuit_decorator.py for tasks to queue
[2024-09-13T02:49:02.019+0000] {logging_mixin.py:149} INFO - [2024-09-13T02:49:02.016+0000] {dagbag.py:541} INFO - Filling up the DagBag from /home/airflow/.local/lib/python3.7/site-packages/airflow/example_dags/example_short_circuit_decorator.py
[2024-09-13T02:49:02.109+0000] {processor.py:836} INFO - DAG(s) dict_keys(['example_short_circuit_decorator']) retrieved from /home/airflow/.local/lib/python3.7/site-packages/airflow/example_dags/example_short_circuit_decorator.py
[2024-09-13T02:49:02.433+0000] {logging_mixin.py:149} INFO - [2024-09-13T02:49:02.432+0000] {dag.py:2726} INFO - Sync 1 DAGs
[2024-09-13T02:49:03.184+0000] {logging_mixin.py:149} INFO - [2024-09-13T02:49:03.184+0000] {dag.py:3490} INFO - Setting next_dagrun for example_short_circuit_decorator to 2024-09-12T02:49:03.182562+00:00, run_after=2024-09-13T02:49:03.182562+00:00
[2024-09-13T02:49:03.271+0000] {processor.py:179} INFO - Processing /home/airflow/.local/lib/python3.7/site-packages/airflow/example_dags/example_short_circuit_decorator.py took 1.329 seconds
[2024-09-13T02:49:33.446+0000] {processor.py:157} INFO - Started process (PID=456) to work on /home/airflow/.local/lib/python3.7/site-packages/airflow/example_dags/example_short_circuit_decorator.py
[2024-09-13T02:49:33.448+0000] {processor.py:826} INFO - Processing file /home/airflow/.local/lib/python3.7/site-packages/airflow/example_dags/example_short_circuit_decorator.py for tasks to queue
[2024-09-13T02:49:33.450+0000] {logging_mixin.py:149} INFO - [2024-09-13T02:49:33.450+0000] {dagbag.py:541} INFO - Filling up the DagBag from /home/airflow/.local/lib/python3.7/site-packages/airflow/example_dags/example_short_circuit_decorator.py
[2024-09-13T02:49:33.476+0000] {processor.py:836} INFO - DAG(s) dict_keys(['example_short_circuit_decorator']) retrieved from /home/airflow/.local/lib/python3.7/site-packages/airflow/example_dags/example_short_circuit_decorator.py
[2024-09-13T02:49:33.639+0000] {logging_mixin.py:149} INFO - [2024-09-13T02:49:33.638+0000] {dag.py:2726} INFO - Sync 1 DAGs
[2024-09-13T02:49:33.719+0000] {logging_mixin.py:149} INFO - [2024-09-13T02:49:33.719+0000] {dag.py:3490} INFO - Setting next_dagrun for example_short_circuit_decorator to 2024-09-12T02:49:33.718569+00:00, run_after=2024-09-13T02:49:33.718569+00:00
[2024-09-13T02:49:33.768+0000] {processor.py:179} INFO - Processing /home/airflow/.local/lib/python3.7/site-packages/airflow/example_dags/example_short_circuit_decorator.py took 0.329 seconds
[2024-09-13T02:50:04.015+0000] {processor.py:157} INFO - Started process (PID=525) to work on /home/airflow/.local/lib/python3.7/site-packages/airflow/example_dags/example_short_circuit_decorator.py
[2024-09-13T02:50:04.017+0000] {processor.py:826} INFO - Processing file /home/airflow/.local/lib/python3.7/site-packages/airflow/example_dags/example_short_circuit_decorator.py for tasks to queue
[2024-09-13T02:50:04.019+0000] {logging_mixin.py:149} INFO - [2024-09-13T02:50:04.019+0000] {dagbag.py:541} INFO - Filling up the DagBag from /home/airflow/.local/lib/python3.7/site-packages/airflow/example_dags/example_short_circuit_decorator.py
[2024-09-13T02:50:04.043+0000] {processor.py:836} INFO - DAG(s) dict_keys(['example_short_circuit_decorator']) retrieved from /home/airflow/.local/lib/python3.7/site-packages/airflow/example_dags/example_short_circuit_decorator.py
[2024-09-13T02:50:04.125+0000] {logging_mixin.py:149} INFO - [2024-09-13T02:50:04.125+0000] {dag.py:2726} INFO - Sync 1 DAGs
[2024-09-13T02:50:04.203+0000] {logging_mixin.py:149} INFO - [2024-09-13T02:50:04.202+0000] {dag.py:3490} INFO - Setting next_dagrun for example_short_circuit_decorator to 2024-09-12T02:50:04.201526+00:00, run_after=2024-09-13T02:50:04.201526+00:00
[2024-09-13T02:50:04.277+0000] {processor.py:179} INFO - Processing /home/airflow/.local/lib/python3.7/site-packages/airflow/example_dags/example_short_circuit_decorator.py took 0.272 seconds
[2024-09-13T02:50:35.780+0000] {processor.py:157} INFO - Started process (PID=594) to work on /home/airflow/.local/lib/python3.7/site-packages/airflow/example_dags/example_short_circuit_decorator.py
[2024-09-13T02:50:35.795+0000] {processor.py:826} INFO - Processing file /home/airflow/.local/lib/python3.7/site-packages/airflow/example_dags/example_short_circuit_decorator.py for tasks to queue
[2024-09-13T02:50:35.818+0000] {logging_mixin.py:149} INFO - [2024-09-13T02:50:35.817+0000] {dagbag.py:541} INFO - Filling up the DagBag from /home/airflow/.local/lib/python3.7/site-packages/airflow/example_dags/example_short_circuit_decorator.py
[2024-09-13T02:50:35.904+0000] {processor.py:836} INFO - DAG(s) dict_keys(['example_short_circuit_decorator']) retrieved from /home/airflow/.local/lib/python3.7/site-packages/airflow/example_dags/example_short_circuit_decorator.py
[2024-09-13T02:50:36.147+0000] {logging_mixin.py:149} INFO - [2024-09-13T02:50:36.146+0000] {dag.py:2726} INFO - Sync 1 DAGs
[2024-09-13T02:50:36.281+0000] {logging_mixin.py:149} INFO - [2024-09-13T02:50:36.280+0000] {dag.py:3490} INFO - Setting next_dagrun for example_short_circuit_decorator to 2024-09-12T02:50:36.278791+00:00, run_after=2024-09-13T02:50:36.278791+00:00
[2024-09-13T02:50:36.358+0000] {processor.py:179} INFO - Processing /home/airflow/.local/lib/python3.7/site-packages/airflow/example_dags/example_short_circuit_decorator.py took 0.601 seconds
[2024-09-13T02:51:09.666+0000] {processor.py:157} INFO - Started process (PID=653) to work on /home/airflow/.local/lib/python3.7/site-packages/airflow/example_dags/example_short_circuit_decorator.py
[2024-09-13T02:51:09.674+0000] {processor.py:826} INFO - Processing file /home/airflow/.local/lib/python3.7/site-packages/airflow/example_dags/example_short_circuit_decorator.py for tasks to queue
[2024-09-13T02:51:09.677+0000] {logging_mixin.py:149} INFO - [2024-09-13T02:51:09.677+0000] {dagbag.py:541} INFO - Filling up the DagBag from /home/airflow/.local/lib/python3.7/site-packages/airflow/example_dags/example_short_circuit_decorator.py
[2024-09-13T02:51:09.738+0000] {processor.py:836} INFO - DAG(s) dict_keys(['example_short_circuit_decorator']) retrieved from /home/airflow/.local/lib/python3.7/site-packages/airflow/example_dags/example_short_circuit_decorator.py
[2024-09-13T02:51:09.870+0000] {logging_mixin.py:149} INFO - [2024-09-13T02:51:09.870+0000] {dag.py:2726} INFO - Sync 1 DAGs
[2024-09-13T02:51:09.952+0000] {logging_mixin.py:149} INFO - [2024-09-13T02:51:09.952+0000] {dag.py:3490} INFO - Setting next_dagrun for example_short_circuit_decorator to 2024-09-12T02:51:09.951109+00:00, run_after=2024-09-13T02:51:09.951109+00:00
[2024-09-13T02:51:10.086+0000] {processor.py:179} INFO - Processing /home/airflow/.local/lib/python3.7/site-packages/airflow/example_dags/example_short_circuit_decorator.py took 0.455 seconds
[2024-09-13T02:51:40.911+0000] {processor.py:157} INFO - Started process (PID=713) to work on /home/airflow/.local/lib/python3.7/site-packages/airflow/example_dags/example_short_circuit_decorator.py
[2024-09-13T02:51:40.914+0000] {processor.py:826} INFO - Processing file /home/airflow/.local/lib/python3.7/site-packages/airflow/example_dags/example_short_circuit_decorator.py for tasks to queue
[2024-09-13T02:51:40.916+0000] {logging_mixin.py:149} INFO - [2024-09-13T02:51:40.915+0000] {dagbag.py:541} INFO - Filling up the DagBag from /home/airflow/.local/lib/python3.7/site-packages/airflow/example_dags/example_short_circuit_decorator.py
[2024-09-13T02:51:40.935+0000] {processor.py:836} INFO - DAG(s) dict_keys(['example_short_circuit_decorator']) retrieved from /home/airflow/.local/lib/python3.7/site-packages/airflow/example_dags/example_short_circuit_decorator.py
[2024-09-13T02:51:40.991+0000] {logging_mixin.py:149} INFO - [2024-09-13T02:51:40.991+0000] {dag.py:2726} INFO - Sync 1 DAGs
[2024-09-13T02:51:41.041+0000] {logging_mixin.py:149} INFO - [2024-09-13T02:51:41.041+0000] {dag.py:3490} INFO - Setting next_dagrun for example_short_circuit_decorator to 2024-09-12T02:51:41.040827+00:00, run_after=2024-09-13T02:51:41.040827+00:00
[2024-09-13T02:51:41.081+0000] {processor.py:179} INFO - Processing /home/airflow/.local/lib/python3.7/site-packages/airflow/example_dags/example_short_circuit_decorator.py took 0.176 seconds
[2024-09-13T02:52:11.199+0000] {processor.py:157} INFO - Started process (PID=782) to work on /home/airflow/.local/lib/python3.7/site-packages/airflow/example_dags/example_short_circuit_decorator.py
[2024-09-13T02:52:11.202+0000] {processor.py:826} INFO - Processing file /home/airflow/.local/lib/python3.7/site-packages/airflow/example_dags/example_short_circuit_decorator.py for tasks to queue
[2024-09-13T02:52:11.204+0000] {logging_mixin.py:149} INFO - [2024-09-13T02:52:11.204+0000] {dagbag.py:541} INFO - Filling up the DagBag from /home/airflow/.local/lib/python3.7/site-packages/airflow/example_dags/example_short_circuit_decorator.py
[2024-09-13T02:52:11.249+0000] {processor.py:836} INFO - DAG(s) dict_keys(['example_short_circuit_decorator']) retrieved from /home/airflow/.local/lib/python3.7/site-packages/airflow/example_dags/example_short_circuit_decorator.py
[2024-09-13T02:52:11.316+0000] {logging_mixin.py:149} INFO - [2024-09-13T02:52:11.316+0000] {dag.py:2726} INFO - Sync 1 DAGs
[2024-09-13T02:52:11.361+0000] {logging_mixin.py:149} INFO - [2024-09-13T02:52:11.360+0000] {dag.py:3490} INFO - Setting next_dagrun for example_short_circuit_decorator to 2024-09-12T02:52:11.359069+00:00, run_after=2024-09-13T02:52:11.359069+00:00
[2024-09-13T02:52:11.449+0000] {processor.py:179} INFO - Processing /home/airflow/.local/lib/python3.7/site-packages/airflow/example_dags/example_short_circuit_decorator.py took 0.264 seconds
[2024-09-13T02:52:41.588+0000] {processor.py:157} INFO - Started process (PID=851) to work on /home/airflow/.local/lib/python3.7/site-packages/airflow/example_dags/example_short_circuit_decorator.py
[2024-09-13T02:52:41.590+0000] {processor.py:826} INFO - Processing file /home/airflow/.local/lib/python3.7/site-packages/airflow/example_dags/example_short_circuit_decorator.py for tasks to queue
[2024-09-13T02:52:41.592+0000] {logging_mixin.py:149} INFO - [2024-09-13T02:52:41.592+0000] {dagbag.py:541} INFO - Filling up the DagBag from /home/airflow/.local/lib/python3.7/site-packages/airflow/example_dags/example_short_circuit_decorator.py
[2024-09-13T02:52:41.653+0000] {processor.py:836} INFO - DAG(s) dict_keys(['example_short_circuit_decorator']) retrieved from /home/airflow/.local/lib/python3.7/site-packages/airflow/example_dags/example_short_circuit_decorator.py
[2024-09-13T02:52:41.990+0000] {logging_mixin.py:149} INFO - [2024-09-13T02:52:41.989+0000] {dag.py:2726} INFO - Sync 1 DAGs
[2024-09-13T02:52:42.104+0000] {logging_mixin.py:149} INFO - [2024-09-13T02:52:42.103+0000] {dag.py:3490} INFO - Setting next_dagrun for example_short_circuit_decorator to 2024-09-12T02:52:42.103008+00:00, run_after=2024-09-13T02:52:42.103008+00:00
[2024-09-13T02:52:42.334+0000] {processor.py:179} INFO - Processing /home/airflow/.local/lib/python3.7/site-packages/airflow/example_dags/example_short_circuit_decorator.py took 0.757 seconds
[2024-09-13T02:53:12.881+0000] {processor.py:157} INFO - Started process (PID=920) to work on /home/airflow/.local/lib/python3.7/site-packages/airflow/example_dags/example_short_circuit_decorator.py
[2024-09-13T02:53:12.883+0000] {processor.py:826} INFO - Processing file /home/airflow/.local/lib/python3.7/site-packages/airflow/example_dags/example_short_circuit_decorator.py for tasks to queue
[2024-09-13T02:53:12.884+0000] {logging_mixin.py:149} INFO - [2024-09-13T02:53:12.884+0000] {dagbag.py:541} INFO - Filling up the DagBag from /home/airflow/.local/lib/python3.7/site-packages/airflow/example_dags/example_short_circuit_decorator.py
[2024-09-13T02:53:12.905+0000] {processor.py:836} INFO - DAG(s) dict_keys(['example_short_circuit_decorator']) retrieved from /home/airflow/.local/lib/python3.7/site-packages/airflow/example_dags/example_short_circuit_decorator.py
[2024-09-13T02:53:12.988+0000] {logging_mixin.py:149} INFO - [2024-09-13T02:53:12.987+0000] {dag.py:2726} INFO - Sync 1 DAGs
[2024-09-13T02:53:13.054+0000] {logging_mixin.py:149} INFO - [2024-09-13T02:53:13.053+0000] {dag.py:3490} INFO - Setting next_dagrun for example_short_circuit_decorator to 2024-09-12T02:53:13.051628+00:00, run_after=2024-09-13T02:53:13.051628+00:00
[2024-09-13T02:53:13.119+0000] {processor.py:179} INFO - Processing /home/airflow/.local/lib/python3.7/site-packages/airflow/example_dags/example_short_circuit_decorator.py took 0.244 seconds
[2024-09-13T02:53:44.280+0000] {processor.py:157} INFO - Started process (PID=989) to work on /home/airflow/.local/lib/python3.7/site-packages/airflow/example_dags/example_short_circuit_decorator.py
[2024-09-13T02:53:44.285+0000] {processor.py:826} INFO - Processing file /home/airflow/.local/lib/python3.7/site-packages/airflow/example_dags/example_short_circuit_decorator.py for tasks to queue
[2024-09-13T02:53:44.288+0000] {logging_mixin.py:149} INFO - [2024-09-13T02:53:44.288+0000] {dagbag.py:541} INFO - Filling up the DagBag from /home/airflow/.local/lib/python3.7/site-packages/airflow/example_dags/example_short_circuit_decorator.py
[2024-09-13T02:53:44.401+0000] {processor.py:836} INFO - DAG(s) dict_keys(['example_short_circuit_decorator']) retrieved from /home/airflow/.local/lib/python3.7/site-packages/airflow/example_dags/example_short_circuit_decorator.py
[2024-09-13T02:53:44.534+0000] {logging_mixin.py:149} INFO - [2024-09-13T02:53:44.533+0000] {dag.py:2726} INFO - Sync 1 DAGs
[2024-09-13T02:53:44.648+0000] {logging_mixin.py:149} INFO - [2024-09-13T02:53:44.647+0000] {dag.py:3490} INFO - Setting next_dagrun for example_short_circuit_decorator to 2024-09-12T02:53:44.647150+00:00, run_after=2024-09-13T02:53:44.647150+00:00
[2024-09-13T02:53:44.731+0000] {processor.py:179} INFO - Processing /home/airflow/.local/lib/python3.7/site-packages/airflow/example_dags/example_short_circuit_decorator.py took 0.465 seconds
[2024-09-13T02:54:14.928+0000] {processor.py:157} INFO - Started process (PID=1064) to work on /home/airflow/.local/lib/python3.7/site-packages/airflow/example_dags/example_short_circuit_decorator.py
[2024-09-13T02:54:14.934+0000] {processor.py:826} INFO - Processing file /home/airflow/.local/lib/python3.7/site-packages/airflow/example_dags/example_short_circuit_decorator.py for tasks to queue
[2024-09-13T02:54:14.938+0000] {logging_mixin.py:149} INFO - [2024-09-13T02:54:14.938+0000] {dagbag.py:541} INFO - Filling up the DagBag from /home/airflow/.local/lib/python3.7/site-packages/airflow/example_dags/example_short_circuit_decorator.py
[2024-09-13T02:54:15.020+0000] {processor.py:836} INFO - DAG(s) dict_keys(['example_short_circuit_decorator']) retrieved from /home/airflow/.local/lib/python3.7/site-packages/airflow/example_dags/example_short_circuit_decorator.py
[2024-09-13T02:54:15.232+0000] {logging_mixin.py:149} INFO - [2024-09-13T02:54:15.231+0000] {dag.py:2726} INFO - Sync 1 DAGs
[2024-09-13T02:54:15.415+0000] {logging_mixin.py:149} INFO - [2024-09-13T02:54:15.415+0000] {dag.py:3490} INFO - Setting next_dagrun for example_short_circuit_decorator to 2024-09-12T02:54:15.408964+00:00, run_after=2024-09-13T02:54:15.408964+00:00
[2024-09-13T02:54:15.529+0000] {processor.py:179} INFO - Processing /home/airflow/.local/lib/python3.7/site-packages/airflow/example_dags/example_short_circuit_decorator.py took 0.655 seconds
[2024-09-13T02:54:46.439+0000] {processor.py:157} INFO - Started process (PID=1134) to work on /home/airflow/.local/lib/python3.7/site-packages/airflow/example_dags/example_short_circuit_decorator.py
[2024-09-13T02:54:46.442+0000] {processor.py:826} INFO - Processing file /home/airflow/.local/lib/python3.7/site-packages/airflow/example_dags/example_short_circuit_decorator.py for tasks to queue
[2024-09-13T02:54:46.445+0000] {logging_mixin.py:149} INFO - [2024-09-13T02:54:46.445+0000] {dagbag.py:541} INFO - Filling up the DagBag from /home/airflow/.local/lib/python3.7/site-packages/airflow/example_dags/example_short_circuit_decorator.py
[2024-09-13T02:54:46.487+0000] {processor.py:836} INFO - DAG(s) dict_keys(['example_short_circuit_decorator']) retrieved from /home/airflow/.local/lib/python3.7/site-packages/airflow/example_dags/example_short_circuit_decorator.py
[2024-09-13T02:54:46.624+0000] {logging_mixin.py:149} INFO - [2024-09-13T02:54:46.623+0000] {dag.py:2726} INFO - Sync 1 DAGs
[2024-09-13T02:54:46.750+0000] {logging_mixin.py:149} INFO - [2024-09-13T02:54:46.750+0000] {dag.py:3490} INFO - Setting next_dagrun for example_short_circuit_decorator to 2024-09-12T02:54:46.748653+00:00, run_after=2024-09-13T02:54:46.748653+00:00
[2024-09-13T02:54:46.852+0000] {processor.py:179} INFO - Processing /home/airflow/.local/lib/python3.7/site-packages/airflow/example_dags/example_short_circuit_decorator.py took 0.429 seconds
[2024-09-13T02:55:17.683+0000] {processor.py:157} INFO - Started process (PID=1198) to work on /home/airflow/.local/lib/python3.7/site-packages/airflow/example_dags/example_short_circuit_decorator.py
[2024-09-13T02:55:17.686+0000] {processor.py:826} INFO - Processing file /home/airflow/.local/lib/python3.7/site-packages/airflow/example_dags/example_short_circuit_decorator.py for tasks to queue
[2024-09-13T02:55:17.689+0000] {logging_mixin.py:149} INFO - [2024-09-13T02:55:17.688+0000] {dagbag.py:541} INFO - Filling up the DagBag from /home/airflow/.local/lib/python3.7/site-packages/airflow/example_dags/example_short_circuit_decorator.py
[2024-09-13T02:55:17.717+0000] {processor.py:836} INFO - DAG(s) dict_keys(['example_short_circuit_decorator']) retrieved from /home/airflow/.local/lib/python3.7/site-packages/airflow/example_dags/example_short_circuit_decorator.py
[2024-09-13T02:55:17.781+0000] {logging_mixin.py:149} INFO - [2024-09-13T02:55:17.780+0000] {dag.py:2726} INFO - Sync 1 DAGs
[2024-09-13T02:55:17.834+0000] {logging_mixin.py:149} INFO - [2024-09-13T02:55:17.834+0000] {dag.py:3490} INFO - Setting next_dagrun for example_short_circuit_decorator to 2024-09-12T02:55:17.833751+00:00, run_after=2024-09-13T02:55:17.833751+00:00
[2024-09-13T02:55:17.885+0000] {processor.py:179} INFO - Processing /home/airflow/.local/lib/python3.7/site-packages/airflow/example_dags/example_short_circuit_decorator.py took 0.212 seconds
[2024-09-13T02:55:49.383+0000] {processor.py:157} INFO - Started process (PID=1252) to work on /home/airflow/.local/lib/python3.7/site-packages/airflow/example_dags/example_short_circuit_decorator.py
[2024-09-13T02:55:49.402+0000] {processor.py:826} INFO - Processing file /home/airflow/.local/lib/python3.7/site-packages/airflow/example_dags/example_short_circuit_decorator.py for tasks to queue
[2024-09-13T02:55:49.405+0000] {logging_mixin.py:149} INFO - [2024-09-13T02:55:49.405+0000] {dagbag.py:541} INFO - Filling up the DagBag from /home/airflow/.local/lib/python3.7/site-packages/airflow/example_dags/example_short_circuit_decorator.py
[2024-09-13T02:55:49.499+0000] {processor.py:836} INFO - DAG(s) dict_keys(['example_short_circuit_decorator']) retrieved from /home/airflow/.local/lib/python3.7/site-packages/airflow/example_dags/example_short_circuit_decorator.py
[2024-09-13T02:55:49.889+0000] {logging_mixin.py:149} INFO - [2024-09-13T02:55:49.889+0000] {dag.py:2726} INFO - Sync 1 DAGs
[2024-09-13T02:55:50.031+0000] {logging_mixin.py:149} INFO - [2024-09-13T02:55:50.031+0000] {dag.py:3490} INFO - Setting next_dagrun for example_short_circuit_decorator to 2024-09-12T02:55:50.030014+00:00, run_after=2024-09-13T02:55:50.030014+00:00
[2024-09-13T02:55:50.106+0000] {processor.py:179} INFO - Processing /home/airflow/.local/lib/python3.7/site-packages/airflow/example_dags/example_short_circuit_decorator.py took 0.763 seconds
[2024-09-13T02:56:22.793+0000] {processor.py:157} INFO - Started process (PID=1321) to work on /home/airflow/.local/lib/python3.7/site-packages/airflow/example_dags/example_short_circuit_decorator.py
[2024-09-13T02:56:22.818+0000] {processor.py:826} INFO - Processing file /home/airflow/.local/lib/python3.7/site-packages/airflow/example_dags/example_short_circuit_decorator.py for tasks to queue
[2024-09-13T02:56:22.826+0000] {logging_mixin.py:149} INFO - [2024-09-13T02:56:22.825+0000] {dagbag.py:541} INFO - Filling up the DagBag from /home/airflow/.local/lib/python3.7/site-packages/airflow/example_dags/example_short_circuit_decorator.py
[2024-09-13T02:56:22.869+0000] {processor.py:836} INFO - DAG(s) dict_keys(['example_short_circuit_decorator']) retrieved from /home/airflow/.local/lib/python3.7/site-packages/airflow/example_dags/example_short_circuit_decorator.py
[2024-09-13T02:56:22.961+0000] {logging_mixin.py:149} INFO - [2024-09-13T02:56:22.961+0000] {dag.py:2726} INFO - Sync 1 DAGs
[2024-09-13T02:56:23.033+0000] {logging_mixin.py:149} INFO - [2024-09-13T02:56:23.033+0000] {dag.py:3490} INFO - Setting next_dagrun for example_short_circuit_decorator to 2024-09-12T02:56:23.032906+00:00, run_after=2024-09-13T02:56:23.032906+00:00
[2024-09-13T02:56:23.360+0000] {processor.py:179} INFO - Processing /home/airflow/.local/lib/python3.7/site-packages/airflow/example_dags/example_short_circuit_decorator.py took 0.578 seconds
[2024-09-13T02:56:54.492+0000] {processor.py:157} INFO - Started process (PID=1390) to work on /home/airflow/.local/lib/python3.7/site-packages/airflow/example_dags/example_short_circuit_decorator.py
[2024-09-13T02:56:54.495+0000] {processor.py:826} INFO - Processing file /home/airflow/.local/lib/python3.7/site-packages/airflow/example_dags/example_short_circuit_decorator.py for tasks to queue
[2024-09-13T02:56:54.496+0000] {logging_mixin.py:149} INFO - [2024-09-13T02:56:54.496+0000] {dagbag.py:541} INFO - Filling up the DagBag from /home/airflow/.local/lib/python3.7/site-packages/airflow/example_dags/example_short_circuit_decorator.py
[2024-09-13T02:56:54.523+0000] {processor.py:836} INFO - DAG(s) dict_keys(['example_short_circuit_decorator']) retrieved from /home/airflow/.local/lib/python3.7/site-packages/airflow/example_dags/example_short_circuit_decorator.py
[2024-09-13T02:56:54.585+0000] {logging_mixin.py:149} INFO - [2024-09-13T02:56:54.584+0000] {dag.py:2726} INFO - Sync 1 DAGs
[2024-09-13T02:56:54.637+0000] {logging_mixin.py:149} INFO - [2024-09-13T02:56:54.637+0000] {dag.py:3490} INFO - Setting next_dagrun for example_short_circuit_decorator to 2024-09-12T02:56:54.636656+00:00, run_after=2024-09-13T02:56:54.636656+00:00
[2024-09-13T02:56:54.678+0000] {processor.py:179} INFO - Processing /home/airflow/.local/lib/python3.7/site-packages/airflow/example_dags/example_short_circuit_decorator.py took 0.201 seconds
