[2024-09-13T02:43:59.528+0000] {processor.py:157} INFO - Started process (PID=77) to work on /home/airflow/.local/lib/python3.7/site-packages/airflow/example_dags/example_branch_python_dop_operator_3.py
[2024-09-13T02:43:59.543+0000] {processor.py:826} INFO - Processing file /home/airflow/.local/lib/python3.7/site-packages/airflow/example_dags/example_branch_python_dop_operator_3.py for tasks to queue
[2024-09-13T02:43:59.552+0000] {logging_mixin.py:149} INFO - [2024-09-13T02:43:59.551+0000] {dagbag.py:541} INFO - Filling up the DagBag from /home/airflow/.local/lib/python3.7/site-packages/airflow/example_dags/example_branch_python_dop_operator_3.py
[2024-09-13T02:43:59.583+0000] {processor.py:836} INFO - DAG(s) dict_keys(['example_branch_dop_operator_v3']) retrieved from /home/airflow/.local/lib/python3.7/site-packages/airflow/example_dags/example_branch_python_dop_operator_3.py
[2024-09-13T02:43:59.858+0000] {logging_mixin.py:149} INFO - [2024-09-13T02:43:59.858+0000] {dag.py:2726} INFO - Sync 1 DAGs
[2024-09-13T02:44:00.119+0000] {logging_mixin.py:149} INFO - [2024-09-13T02:44:00.117+0000] {dag.py:3490} INFO - Setting next_dagrun for example_branch_dop_operator_v3 to 2024-09-13T02:43:00+00:00, run_after=2024-09-13T02:44:00+00:00
[2024-09-13T02:44:00.284+0000] {processor.py:179} INFO - Processing /home/airflow/.local/lib/python3.7/site-packages/airflow/example_dags/example_branch_python_dop_operator_3.py took 0.767 seconds
[2024-09-13T02:47:20.356+0000] {processor.py:157} INFO - Started process (PID=180) to work on /home/airflow/.local/lib/python3.7/site-packages/airflow/example_dags/example_branch_python_dop_operator_3.py
[2024-09-13T02:47:20.370+0000] {processor.py:826} INFO - Processing file /home/airflow/.local/lib/python3.7/site-packages/airflow/example_dags/example_branch_python_dop_operator_3.py for tasks to queue
[2024-09-13T02:47:20.375+0000] {logging_mixin.py:149} INFO - [2024-09-13T02:47:20.374+0000] {dagbag.py:541} INFO - Filling up the DagBag from /home/airflow/.local/lib/python3.7/site-packages/airflow/example_dags/example_branch_python_dop_operator_3.py
[2024-09-13T02:47:20.444+0000] {processor.py:836} INFO - DAG(s) dict_keys(['example_branch_dop_operator_v3']) retrieved from /home/airflow/.local/lib/python3.7/site-packages/airflow/example_dags/example_branch_python_dop_operator_3.py
[2024-09-13T02:47:21.836+0000] {logging_mixin.py:149} INFO - [2024-09-13T02:47:21.833+0000] {dag.py:2726} INFO - Sync 1 DAGs
[2024-09-13T02:47:22.057+0000] {logging_mixin.py:149} INFO - [2024-09-13T02:47:22.057+0000] {dag.py:3490} INFO - Setting next_dagrun for example_branch_dop_operator_v3 to 2024-09-13T02:46:00+00:00, run_after=2024-09-13T02:47:00+00:00
[2024-09-13T02:47:22.163+0000] {processor.py:179} INFO - Processing /home/airflow/.local/lib/python3.7/site-packages/airflow/example_dags/example_branch_python_dop_operator_3.py took 1.827 seconds
[2024-09-13T02:47:53.515+0000] {processor.py:157} INFO - Started process (PID=248) to work on /home/airflow/.local/lib/python3.7/site-packages/airflow/example_dags/example_branch_python_dop_operator_3.py
[2024-09-13T02:47:53.542+0000] {processor.py:826} INFO - Processing file /home/airflow/.local/lib/python3.7/site-packages/airflow/example_dags/example_branch_python_dop_operator_3.py for tasks to queue
[2024-09-13T02:47:53.552+0000] {logging_mixin.py:149} INFO - [2024-09-13T02:47:53.552+0000] {dagbag.py:541} INFO - Filling up the DagBag from /home/airflow/.local/lib/python3.7/site-packages/airflow/example_dags/example_branch_python_dop_operator_3.py
[2024-09-13T02:47:53.664+0000] {processor.py:836} INFO - DAG(s) dict_keys(['example_branch_dop_operator_v3']) retrieved from /home/airflow/.local/lib/python3.7/site-packages/airflow/example_dags/example_branch_python_dop_operator_3.py
[2024-09-13T02:47:54.399+0000] {logging_mixin.py:149} INFO - [2024-09-13T02:47:54.398+0000] {dag.py:2726} INFO - Sync 1 DAGs
[2024-09-13T02:47:54.638+0000] {logging_mixin.py:149} INFO - [2024-09-13T02:47:54.637+0000] {dag.py:3490} INFO - Setting next_dagrun for example_branch_dop_operator_v3 to 2024-09-13T02:46:00+00:00, run_after=2024-09-13T02:47:00+00:00
[2024-09-13T02:47:54.748+0000] {processor.py:179} INFO - Processing /home/airflow/.local/lib/python3.7/site-packages/airflow/example_dags/example_branch_python_dop_operator_3.py took 1.338 seconds
[2024-09-13T02:48:25.830+0000] {processor.py:157} INFO - Started process (PID=317) to work on /home/airflow/.local/lib/python3.7/site-packages/airflow/example_dags/example_branch_python_dop_operator_3.py
[2024-09-13T02:48:25.838+0000] {processor.py:826} INFO - Processing file /home/airflow/.local/lib/python3.7/site-packages/airflow/example_dags/example_branch_python_dop_operator_3.py for tasks to queue
[2024-09-13T02:48:25.850+0000] {logging_mixin.py:149} INFO - [2024-09-13T02:48:25.850+0000] {dagbag.py:541} INFO - Filling up the DagBag from /home/airflow/.local/lib/python3.7/site-packages/airflow/example_dags/example_branch_python_dop_operator_3.py
[2024-09-13T02:48:25.919+0000] {processor.py:836} INFO - DAG(s) dict_keys(['example_branch_dop_operator_v3']) retrieved from /home/airflow/.local/lib/python3.7/site-packages/airflow/example_dags/example_branch_python_dop_operator_3.py
[2024-09-13T02:48:26.052+0000] {logging_mixin.py:149} INFO - [2024-09-13T02:48:26.052+0000] {dag.py:2726} INFO - Sync 1 DAGs
[2024-09-13T02:48:26.152+0000] {logging_mixin.py:149} INFO - [2024-09-13T02:48:26.152+0000] {dag.py:3490} INFO - Setting next_dagrun for example_branch_dop_operator_v3 to 2024-09-13T02:47:00+00:00, run_after=2024-09-13T02:48:00+00:00
[2024-09-13T02:48:26.222+0000] {processor.py:179} INFO - Processing /home/airflow/.local/lib/python3.7/site-packages/airflow/example_dags/example_branch_python_dop_operator_3.py took 0.435 seconds
[2024-09-13T02:48:58.429+0000] {processor.py:157} INFO - Started process (PID=386) to work on /home/airflow/.local/lib/python3.7/site-packages/airflow/example_dags/example_branch_python_dop_operator_3.py
[2024-09-13T02:48:58.438+0000] {processor.py:826} INFO - Processing file /home/airflow/.local/lib/python3.7/site-packages/airflow/example_dags/example_branch_python_dop_operator_3.py for tasks to queue
[2024-09-13T02:48:58.443+0000] {logging_mixin.py:149} INFO - [2024-09-13T02:48:58.442+0000] {dagbag.py:541} INFO - Filling up the DagBag from /home/airflow/.local/lib/python3.7/site-packages/airflow/example_dags/example_branch_python_dop_operator_3.py
[2024-09-13T02:48:58.569+0000] {processor.py:836} INFO - DAG(s) dict_keys(['example_branch_dop_operator_v3']) retrieved from /home/airflow/.local/lib/python3.7/site-packages/airflow/example_dags/example_branch_python_dop_operator_3.py
[2024-09-13T02:48:59.265+0000] {logging_mixin.py:149} INFO - [2024-09-13T02:48:59.262+0000] {dag.py:2726} INFO - Sync 1 DAGs
[2024-09-13T02:49:01.033+0000] {logging_mixin.py:149} INFO - [2024-09-13T02:49:01.030+0000] {dag.py:3490} INFO - Setting next_dagrun for example_branch_dop_operator_v3 to 2024-09-13T02:48:00+00:00, run_after=2024-09-13T02:49:00+00:00
[2024-09-13T02:49:01.673+0000] {processor.py:179} INFO - Processing /home/airflow/.local/lib/python3.7/site-packages/airflow/example_dags/example_branch_python_dop_operator_3.py took 3.248 seconds
[2024-09-13T02:49:32.416+0000] {processor.py:157} INFO - Started process (PID=454) to work on /home/airflow/.local/lib/python3.7/site-packages/airflow/example_dags/example_branch_python_dop_operator_3.py
[2024-09-13T02:49:32.421+0000] {processor.py:826} INFO - Processing file /home/airflow/.local/lib/python3.7/site-packages/airflow/example_dags/example_branch_python_dop_operator_3.py for tasks to queue
[2024-09-13T02:49:32.424+0000] {logging_mixin.py:149} INFO - [2024-09-13T02:49:32.424+0000] {dagbag.py:541} INFO - Filling up the DagBag from /home/airflow/.local/lib/python3.7/site-packages/airflow/example_dags/example_branch_python_dop_operator_3.py
[2024-09-13T02:49:32.486+0000] {processor.py:836} INFO - DAG(s) dict_keys(['example_branch_dop_operator_v3']) retrieved from /home/airflow/.local/lib/python3.7/site-packages/airflow/example_dags/example_branch_python_dop_operator_3.py
[2024-09-13T02:49:32.562+0000] {logging_mixin.py:149} INFO - [2024-09-13T02:49:32.562+0000] {dag.py:2726} INFO - Sync 1 DAGs
[2024-09-13T02:49:32.656+0000] {logging_mixin.py:149} INFO - [2024-09-13T02:49:32.655+0000] {dag.py:3490} INFO - Setting next_dagrun for example_branch_dop_operator_v3 to 2024-09-13T02:48:00+00:00, run_after=2024-09-13T02:49:00+00:00
[2024-09-13T02:49:32.721+0000] {processor.py:179} INFO - Processing /home/airflow/.local/lib/python3.7/site-packages/airflow/example_dags/example_branch_python_dop_operator_3.py took 0.325 seconds
[2024-09-13T02:50:02.933+0000] {processor.py:157} INFO - Started process (PID=523) to work on /home/airflow/.local/lib/python3.7/site-packages/airflow/example_dags/example_branch_python_dop_operator_3.py
[2024-09-13T02:50:02.935+0000] {processor.py:826} INFO - Processing file /home/airflow/.local/lib/python3.7/site-packages/airflow/example_dags/example_branch_python_dop_operator_3.py for tasks to queue
[2024-09-13T02:50:02.936+0000] {logging_mixin.py:149} INFO - [2024-09-13T02:50:02.936+0000] {dagbag.py:541} INFO - Filling up the DagBag from /home/airflow/.local/lib/python3.7/site-packages/airflow/example_dags/example_branch_python_dop_operator_3.py
[2024-09-13T02:50:02.956+0000] {processor.py:836} INFO - DAG(s) dict_keys(['example_branch_dop_operator_v3']) retrieved from /home/airflow/.local/lib/python3.7/site-packages/airflow/example_dags/example_branch_python_dop_operator_3.py
[2024-09-13T02:50:03.098+0000] {logging_mixin.py:149} INFO - [2024-09-13T02:50:03.097+0000] {dag.py:2726} INFO - Sync 1 DAGs
[2024-09-13T02:50:03.170+0000] {logging_mixin.py:149} INFO - [2024-09-13T02:50:03.170+0000] {dag.py:3490} INFO - Setting next_dagrun for example_branch_dop_operator_v3 to 2024-09-13T02:49:00+00:00, run_after=2024-09-13T02:50:00+00:00
[2024-09-13T02:50:03.221+0000] {processor.py:179} INFO - Processing /home/airflow/.local/lib/python3.7/site-packages/airflow/example_dags/example_branch_python_dop_operator_3.py took 0.298 seconds
[2024-09-13T02:50:34.052+0000] {processor.py:157} INFO - Started process (PID=582) to work on /home/airflow/.local/lib/python3.7/site-packages/airflow/example_dags/example_branch_python_dop_operator_3.py
[2024-09-13T02:50:34.054+0000] {processor.py:826} INFO - Processing file /home/airflow/.local/lib/python3.7/site-packages/airflow/example_dags/example_branch_python_dop_operator_3.py for tasks to queue
[2024-09-13T02:50:34.056+0000] {logging_mixin.py:149} INFO - [2024-09-13T02:50:34.055+0000] {dagbag.py:541} INFO - Filling up the DagBag from /home/airflow/.local/lib/python3.7/site-packages/airflow/example_dags/example_branch_python_dop_operator_3.py
[2024-09-13T02:50:34.089+0000] {processor.py:836} INFO - DAG(s) dict_keys(['example_branch_dop_operator_v3']) retrieved from /home/airflow/.local/lib/python3.7/site-packages/airflow/example_dags/example_branch_python_dop_operator_3.py
[2024-09-13T02:50:34.217+0000] {logging_mixin.py:149} INFO - [2024-09-13T02:50:34.217+0000] {dag.py:2726} INFO - Sync 1 DAGs
[2024-09-13T02:50:34.286+0000] {logging_mixin.py:149} INFO - [2024-09-13T02:50:34.285+0000] {dag.py:3490} INFO - Setting next_dagrun for example_branch_dop_operator_v3 to 2024-09-13T02:49:00+00:00, run_after=2024-09-13T02:50:00+00:00
[2024-09-13T02:50:34.327+0000] {processor.py:179} INFO - Processing /home/airflow/.local/lib/python3.7/site-packages/airflow/example_dags/example_branch_python_dop_operator_3.py took 0.283 seconds
[2024-09-13T02:51:06.529+0000] {processor.py:157} INFO - Started process (PID=651) to work on /home/airflow/.local/lib/python3.7/site-packages/airflow/example_dags/example_branch_python_dop_operator_3.py
[2024-09-13T02:51:06.533+0000] {processor.py:826} INFO - Processing file /home/airflow/.local/lib/python3.7/site-packages/airflow/example_dags/example_branch_python_dop_operator_3.py for tasks to queue
[2024-09-13T02:51:06.537+0000] {logging_mixin.py:149} INFO - [2024-09-13T02:51:06.536+0000] {dagbag.py:541} INFO - Filling up the DagBag from /home/airflow/.local/lib/python3.7/site-packages/airflow/example_dags/example_branch_python_dop_operator_3.py
[2024-09-13T02:51:06.617+0000] {processor.py:836} INFO - DAG(s) dict_keys(['example_branch_dop_operator_v3']) retrieved from /home/airflow/.local/lib/python3.7/site-packages/airflow/example_dags/example_branch_python_dop_operator_3.py
[2024-09-13T02:51:06.862+0000] {logging_mixin.py:149} INFO - [2024-09-13T02:51:06.862+0000] {dag.py:2726} INFO - Sync 1 DAGs
[2024-09-13T02:51:06.982+0000] {logging_mixin.py:149} INFO - [2024-09-13T02:51:06.981+0000] {dag.py:3490} INFO - Setting next_dagrun for example_branch_dop_operator_v3 to 2024-09-13T02:50:00+00:00, run_after=2024-09-13T02:51:00+00:00
[2024-09-13T02:51:07.277+0000] {processor.py:179} INFO - Processing /home/airflow/.local/lib/python3.7/site-packages/airflow/example_dags/example_branch_python_dop_operator_3.py took 0.758 seconds
[2024-09-13T02:51:37.797+0000] {processor.py:157} INFO - Started process (PID=711) to work on /home/airflow/.local/lib/python3.7/site-packages/airflow/example_dags/example_branch_python_dop_operator_3.py
[2024-09-13T02:51:37.805+0000] {processor.py:826} INFO - Processing file /home/airflow/.local/lib/python3.7/site-packages/airflow/example_dags/example_branch_python_dop_operator_3.py for tasks to queue
[2024-09-13T02:51:37.810+0000] {logging_mixin.py:149} INFO - [2024-09-13T02:51:37.809+0000] {dagbag.py:541} INFO - Filling up the DagBag from /home/airflow/.local/lib/python3.7/site-packages/airflow/example_dags/example_branch_python_dop_operator_3.py
[2024-09-13T02:51:37.861+0000] {processor.py:836} INFO - DAG(s) dict_keys(['example_branch_dop_operator_v3']) retrieved from /home/airflow/.local/lib/python3.7/site-packages/airflow/example_dags/example_branch_python_dop_operator_3.py
[2024-09-13T02:51:37.933+0000] {logging_mixin.py:149} INFO - [2024-09-13T02:51:37.933+0000] {dag.py:2726} INFO - Sync 1 DAGs
[2024-09-13T02:51:37.996+0000] {logging_mixin.py:149} INFO - [2024-09-13T02:51:37.996+0000] {dag.py:3490} INFO - Setting next_dagrun for example_branch_dop_operator_v3 to 2024-09-13T02:50:00+00:00, run_after=2024-09-13T02:51:00+00:00
[2024-09-13T02:51:38.091+0000] {processor.py:179} INFO - Processing /home/airflow/.local/lib/python3.7/site-packages/airflow/example_dags/example_branch_python_dop_operator_3.py took 0.312 seconds
[2024-09-13T02:52:08.421+0000] {processor.py:157} INFO - Started process (PID=780) to work on /home/airflow/.local/lib/python3.7/site-packages/airflow/example_dags/example_branch_python_dop_operator_3.py
[2024-09-13T02:52:08.425+0000] {processor.py:826} INFO - Processing file /home/airflow/.local/lib/python3.7/site-packages/airflow/example_dags/example_branch_python_dop_operator_3.py for tasks to queue
[2024-09-13T02:52:08.428+0000] {logging_mixin.py:149} INFO - [2024-09-13T02:52:08.428+0000] {dagbag.py:541} INFO - Filling up the DagBag from /home/airflow/.local/lib/python3.7/site-packages/airflow/example_dags/example_branch_python_dop_operator_3.py
[2024-09-13T02:52:08.453+0000] {processor.py:836} INFO - DAG(s) dict_keys(['example_branch_dop_operator_v3']) retrieved from /home/airflow/.local/lib/python3.7/site-packages/airflow/example_dags/example_branch_python_dop_operator_3.py
[2024-09-13T02:52:08.557+0000] {logging_mixin.py:149} INFO - [2024-09-13T02:52:08.556+0000] {dag.py:2726} INFO - Sync 1 DAGs
[2024-09-13T02:52:08.628+0000] {logging_mixin.py:149} INFO - [2024-09-13T02:52:08.627+0000] {dag.py:3490} INFO - Setting next_dagrun for example_branch_dop_operator_v3 to 2024-09-13T02:51:00+00:00, run_after=2024-09-13T02:52:00+00:00
[2024-09-13T02:52:08.670+0000] {processor.py:179} INFO - Processing /home/airflow/.local/lib/python3.7/site-packages/airflow/example_dags/example_branch_python_dop_operator_3.py took 0.258 seconds
[2024-09-13T02:52:39.414+0000] {processor.py:157} INFO - Started process (PID=849) to work on /home/airflow/.local/lib/python3.7/site-packages/airflow/example_dags/example_branch_python_dop_operator_3.py
[2024-09-13T02:52:39.417+0000] {processor.py:826} INFO - Processing file /home/airflow/.local/lib/python3.7/site-packages/airflow/example_dags/example_branch_python_dop_operator_3.py for tasks to queue
[2024-09-13T02:52:39.418+0000] {logging_mixin.py:149} INFO - [2024-09-13T02:52:39.418+0000] {dagbag.py:541} INFO - Filling up the DagBag from /home/airflow/.local/lib/python3.7/site-packages/airflow/example_dags/example_branch_python_dop_operator_3.py
[2024-09-13T02:52:39.450+0000] {processor.py:836} INFO - DAG(s) dict_keys(['example_branch_dop_operator_v3']) retrieved from /home/airflow/.local/lib/python3.7/site-packages/airflow/example_dags/example_branch_python_dop_operator_3.py
[2024-09-13T02:52:39.517+0000] {logging_mixin.py:149} INFO - [2024-09-13T02:52:39.517+0000] {dag.py:2726} INFO - Sync 1 DAGs
[2024-09-13T02:52:39.564+0000] {logging_mixin.py:149} INFO - [2024-09-13T02:52:39.563+0000] {dag.py:3490} INFO - Setting next_dagrun for example_branch_dop_operator_v3 to 2024-09-13T02:51:00+00:00, run_after=2024-09-13T02:52:00+00:00
[2024-09-13T02:52:39.591+0000] {processor.py:179} INFO - Processing /home/airflow/.local/lib/python3.7/site-packages/airflow/example_dags/example_branch_python_dop_operator_3.py took 0.182 seconds
[2024-09-13T02:53:09.798+0000] {processor.py:157} INFO - Started process (PID=918) to work on /home/airflow/.local/lib/python3.7/site-packages/airflow/example_dags/example_branch_python_dop_operator_3.py
[2024-09-13T02:53:09.806+0000] {processor.py:826} INFO - Processing file /home/airflow/.local/lib/python3.7/site-packages/airflow/example_dags/example_branch_python_dop_operator_3.py for tasks to queue
[2024-09-13T02:53:09.810+0000] {logging_mixin.py:149} INFO - [2024-09-13T02:53:09.809+0000] {dagbag.py:541} INFO - Filling up the DagBag from /home/airflow/.local/lib/python3.7/site-packages/airflow/example_dags/example_branch_python_dop_operator_3.py
[2024-09-13T02:53:09.850+0000] {processor.py:836} INFO - DAG(s) dict_keys(['example_branch_dop_operator_v3']) retrieved from /home/airflow/.local/lib/python3.7/site-packages/airflow/example_dags/example_branch_python_dop_operator_3.py
[2024-09-13T02:53:09.952+0000] {logging_mixin.py:149} INFO - [2024-09-13T02:53:09.952+0000] {dag.py:2726} INFO - Sync 1 DAGs
[2024-09-13T02:53:10.061+0000] {logging_mixin.py:149} INFO - [2024-09-13T02:53:10.060+0000] {dag.py:3490} INFO - Setting next_dagrun for example_branch_dop_operator_v3 to 2024-09-13T02:52:00+00:00, run_after=2024-09-13T02:53:00+00:00
[2024-09-13T02:53:10.127+0000] {processor.py:179} INFO - Processing /home/airflow/.local/lib/python3.7/site-packages/airflow/example_dags/example_branch_python_dop_operator_3.py took 0.339 seconds
[2024-09-13T02:53:40.703+0000] {processor.py:157} INFO - Started process (PID=985) to work on /home/airflow/.local/lib/python3.7/site-packages/airflow/example_dags/example_branch_python_dop_operator_3.py
[2024-09-13T02:53:40.707+0000] {processor.py:826} INFO - Processing file /home/airflow/.local/lib/python3.7/site-packages/airflow/example_dags/example_branch_python_dop_operator_3.py for tasks to queue
[2024-09-13T02:53:40.709+0000] {logging_mixin.py:149} INFO - [2024-09-13T02:53:40.709+0000] {dagbag.py:541} INFO - Filling up the DagBag from /home/airflow/.local/lib/python3.7/site-packages/airflow/example_dags/example_branch_python_dop_operator_3.py
[2024-09-13T02:53:40.742+0000] {processor.py:836} INFO - DAG(s) dict_keys(['example_branch_dop_operator_v3']) retrieved from /home/airflow/.local/lib/python3.7/site-packages/airflow/example_dags/example_branch_python_dop_operator_3.py
[2024-09-13T02:53:40.840+0000] {logging_mixin.py:149} INFO - [2024-09-13T02:53:40.839+0000] {dag.py:2726} INFO - Sync 1 DAGs
[2024-09-13T02:53:40.920+0000] {logging_mixin.py:149} INFO - [2024-09-13T02:53:40.919+0000] {dag.py:3490} INFO - Setting next_dagrun for example_branch_dop_operator_v3 to 2024-09-13T02:52:00+00:00, run_after=2024-09-13T02:53:00+00:00
[2024-09-13T02:53:40.962+0000] {processor.py:179} INFO - Processing /home/airflow/.local/lib/python3.7/site-packages/airflow/example_dags/example_branch_python_dop_operator_3.py took 0.281 seconds
[2024-09-13T02:54:12.934+0000] {processor.py:157} INFO - Started process (PID=1052) to work on /home/airflow/.local/lib/python3.7/site-packages/airflow/example_dags/example_branch_python_dop_operator_3.py
[2024-09-13T02:54:12.937+0000] {processor.py:826} INFO - Processing file /home/airflow/.local/lib/python3.7/site-packages/airflow/example_dags/example_branch_python_dop_operator_3.py for tasks to queue
[2024-09-13T02:54:12.939+0000] {logging_mixin.py:149} INFO - [2024-09-13T02:54:12.938+0000] {dagbag.py:541} INFO - Filling up the DagBag from /home/airflow/.local/lib/python3.7/site-packages/airflow/example_dags/example_branch_python_dop_operator_3.py
[2024-09-13T02:54:12.975+0000] {processor.py:836} INFO - DAG(s) dict_keys(['example_branch_dop_operator_v3']) retrieved from /home/airflow/.local/lib/python3.7/site-packages/airflow/example_dags/example_branch_python_dop_operator_3.py
[2024-09-13T02:54:13.089+0000] {logging_mixin.py:149} INFO - [2024-09-13T02:54:13.089+0000] {dag.py:2726} INFO - Sync 1 DAGs
[2024-09-13T02:54:13.213+0000] {logging_mixin.py:149} INFO - [2024-09-13T02:54:13.212+0000] {dag.py:3490} INFO - Setting next_dagrun for example_branch_dop_operator_v3 to 2024-09-13T02:53:00+00:00, run_after=2024-09-13T02:54:00+00:00
[2024-09-13T02:54:13.291+0000] {processor.py:179} INFO - Processing /home/airflow/.local/lib/python3.7/site-packages/airflow/example_dags/example_branch_python_dop_operator_3.py took 0.367 seconds
[2024-09-13T02:54:43.843+0000] {processor.py:157} INFO - Started process (PID=1121) to work on /home/airflow/.local/lib/python3.7/site-packages/airflow/example_dags/example_branch_python_dop_operator_3.py
[2024-09-13T02:54:43.845+0000] {processor.py:826} INFO - Processing file /home/airflow/.local/lib/python3.7/site-packages/airflow/example_dags/example_branch_python_dop_operator_3.py for tasks to queue
[2024-09-13T02:54:43.847+0000] {logging_mixin.py:149} INFO - [2024-09-13T02:54:43.847+0000] {dagbag.py:541} INFO - Filling up the DagBag from /home/airflow/.local/lib/python3.7/site-packages/airflow/example_dags/example_branch_python_dop_operator_3.py
[2024-09-13T02:54:43.865+0000] {processor.py:836} INFO - DAG(s) dict_keys(['example_branch_dop_operator_v3']) retrieved from /home/airflow/.local/lib/python3.7/site-packages/airflow/example_dags/example_branch_python_dop_operator_3.py
[2024-09-13T02:54:43.918+0000] {logging_mixin.py:149} INFO - [2024-09-13T02:54:43.917+0000] {dag.py:2726} INFO - Sync 1 DAGs
[2024-09-13T02:54:43.985+0000] {logging_mixin.py:149} INFO - [2024-09-13T02:54:43.984+0000] {dag.py:3490} INFO - Setting next_dagrun for example_branch_dop_operator_v3 to 2024-09-13T02:53:00+00:00, run_after=2024-09-13T02:54:00+00:00
[2024-09-13T02:54:44.022+0000] {processor.py:179} INFO - Processing /home/airflow/.local/lib/python3.7/site-packages/airflow/example_dags/example_branch_python_dop_operator_3.py took 0.188 seconds
[2024-09-13T02:55:17.440+0000] {processor.py:157} INFO - Started process (PID=1196) to work on /home/airflow/.local/lib/python3.7/site-packages/airflow/example_dags/example_branch_python_dop_operator_3.py
[2024-09-13T02:55:17.442+0000] {processor.py:826} INFO - Processing file /home/airflow/.local/lib/python3.7/site-packages/airflow/example_dags/example_branch_python_dop_operator_3.py for tasks to queue
[2024-09-13T02:55:17.444+0000] {logging_mixin.py:149} INFO - [2024-09-13T02:55:17.444+0000] {dagbag.py:541} INFO - Filling up the DagBag from /home/airflow/.local/lib/python3.7/site-packages/airflow/example_dags/example_branch_python_dop_operator_3.py
[2024-09-13T02:55:17.461+0000] {processor.py:836} INFO - DAG(s) dict_keys(['example_branch_dop_operator_v3']) retrieved from /home/airflow/.local/lib/python3.7/site-packages/airflow/example_dags/example_branch_python_dop_operator_3.py
[2024-09-13T02:55:17.511+0000] {logging_mixin.py:149} INFO - [2024-09-13T02:55:17.510+0000] {dag.py:2726} INFO - Sync 1 DAGs
[2024-09-13T02:55:17.589+0000] {logging_mixin.py:149} INFO - [2024-09-13T02:55:17.589+0000] {dag.py:3490} INFO - Setting next_dagrun for example_branch_dop_operator_v3 to 2024-09-13T02:54:00+00:00, run_after=2024-09-13T02:55:00+00:00
[2024-09-13T02:55:17.630+0000] {processor.py:179} INFO - Processing /home/airflow/.local/lib/python3.7/site-packages/airflow/example_dags/example_branch_python_dop_operator_3.py took 0.199 seconds
[2024-09-13T02:55:48.581+0000] {processor.py:157} INFO - Started process (PID=1250) to work on /home/airflow/.local/lib/python3.7/site-packages/airflow/example_dags/example_branch_python_dop_operator_3.py
[2024-09-13T02:55:48.583+0000] {processor.py:826} INFO - Processing file /home/airflow/.local/lib/python3.7/site-packages/airflow/example_dags/example_branch_python_dop_operator_3.py for tasks to queue
[2024-09-13T02:55:48.586+0000] {logging_mixin.py:149} INFO - [2024-09-13T02:55:48.585+0000] {dagbag.py:541} INFO - Filling up the DagBag from /home/airflow/.local/lib/python3.7/site-packages/airflow/example_dags/example_branch_python_dop_operator_3.py
[2024-09-13T02:55:48.601+0000] {processor.py:836} INFO - DAG(s) dict_keys(['example_branch_dop_operator_v3']) retrieved from /home/airflow/.local/lib/python3.7/site-packages/airflow/example_dags/example_branch_python_dop_operator_3.py
[2024-09-13T02:55:48.663+0000] {logging_mixin.py:149} INFO - [2024-09-13T02:55:48.662+0000] {dag.py:2726} INFO - Sync 1 DAGs
[2024-09-13T02:55:48.826+0000] {logging_mixin.py:149} INFO - [2024-09-13T02:55:48.825+0000] {dag.py:3490} INFO - Setting next_dagrun for example_branch_dop_operator_v3 to 2024-09-13T02:54:00+00:00, run_after=2024-09-13T02:55:00+00:00
[2024-09-13T02:55:48.948+0000] {processor.py:179} INFO - Processing /home/airflow/.local/lib/python3.7/site-packages/airflow/example_dags/example_branch_python_dop_operator_3.py took 0.374 seconds
[2024-09-13T02:56:22.310+0000] {processor.py:157} INFO - Started process (PID=1319) to work on /home/airflow/.local/lib/python3.7/site-packages/airflow/example_dags/example_branch_python_dop_operator_3.py
[2024-09-13T02:56:22.313+0000] {processor.py:826} INFO - Processing file /home/airflow/.local/lib/python3.7/site-packages/airflow/example_dags/example_branch_python_dop_operator_3.py for tasks to queue
[2024-09-13T02:56:22.315+0000] {logging_mixin.py:149} INFO - [2024-09-13T02:56:22.315+0000] {dagbag.py:541} INFO - Filling up the DagBag from /home/airflow/.local/lib/python3.7/site-packages/airflow/example_dags/example_branch_python_dop_operator_3.py
[2024-09-13T02:56:22.342+0000] {processor.py:836} INFO - DAG(s) dict_keys(['example_branch_dop_operator_v3']) retrieved from /home/airflow/.local/lib/python3.7/site-packages/airflow/example_dags/example_branch_python_dop_operator_3.py
[2024-09-13T02:56:22.495+0000] {logging_mixin.py:149} INFO - [2024-09-13T02:56:22.494+0000] {dag.py:2726} INFO - Sync 1 DAGs
[2024-09-13T02:56:22.591+0000] {logging_mixin.py:149} INFO - [2024-09-13T02:56:22.590+0000] {dag.py:3490} INFO - Setting next_dagrun for example_branch_dop_operator_v3 to 2024-09-13T02:55:00+00:00, run_after=2024-09-13T02:56:00+00:00
[2024-09-13T02:56:22.714+0000] {processor.py:179} INFO - Processing /home/airflow/.local/lib/python3.7/site-packages/airflow/example_dags/example_branch_python_dop_operator_3.py took 0.420 seconds
[2024-09-13T02:56:53.750+0000] {processor.py:157} INFO - Started process (PID=1388) to work on /home/airflow/.local/lib/python3.7/site-packages/airflow/example_dags/example_branch_python_dop_operator_3.py
[2024-09-13T02:56:53.753+0000] {processor.py:826} INFO - Processing file /home/airflow/.local/lib/python3.7/site-packages/airflow/example_dags/example_branch_python_dop_operator_3.py for tasks to queue
[2024-09-13T02:56:53.756+0000] {logging_mixin.py:149} INFO - [2024-09-13T02:56:53.755+0000] {dagbag.py:541} INFO - Filling up the DagBag from /home/airflow/.local/lib/python3.7/site-packages/airflow/example_dags/example_branch_python_dop_operator_3.py
[2024-09-13T02:56:53.779+0000] {processor.py:836} INFO - DAG(s) dict_keys(['example_branch_dop_operator_v3']) retrieved from /home/airflow/.local/lib/python3.7/site-packages/airflow/example_dags/example_branch_python_dop_operator_3.py
[2024-09-13T02:56:53.928+0000] {logging_mixin.py:149} INFO - [2024-09-13T02:56:53.928+0000] {dag.py:2726} INFO - Sync 1 DAGs
[2024-09-13T02:56:54.230+0000] {logging_mixin.py:149} INFO - [2024-09-13T02:56:54.229+0000] {dag.py:3490} INFO - Setting next_dagrun for example_branch_dop_operator_v3 to 2024-09-13T02:55:00+00:00, run_after=2024-09-13T02:56:00+00:00
[2024-09-13T02:56:54.400+0000] {processor.py:179} INFO - Processing /home/airflow/.local/lib/python3.7/site-packages/airflow/example_dags/example_branch_python_dop_operator_3.py took 0.659 seconds
