[2024-09-13T02:43:34.865+0000] {processor.py:157} INFO - Started process (PID=55) to work on /home/airflow/.local/lib/python3.7/site-packages/airflow/example_dags/example_branch_operator_decorator.py
[2024-09-13T02:43:34.877+0000] {processor.py:826} INFO - Processing file /home/airflow/.local/lib/python3.7/site-packages/airflow/example_dags/example_branch_operator_decorator.py for tasks to queue
[2024-09-13T02:43:34.881+0000] {logging_mixin.py:149} INFO - [2024-09-13T02:43:34.880+0000] {dagbag.py:541} INFO - Filling up the DagBag from /home/airflow/.local/lib/python3.7/site-packages/airflow/example_dags/example_branch_operator_decorator.py
[2024-09-13T02:43:35.026+0000] {processor.py:836} INFO - DAG(s) dict_keys(['example_branch_python_operator_decorator']) retrieved from /home/airflow/.local/lib/python3.7/site-packages/airflow/example_dags/example_branch_operator_decorator.py
[2024-09-13T02:43:35.374+0000] {logging_mixin.py:149} INFO - [2024-09-13T02:43:35.370+0000] {dag.py:2726} INFO - Sync 1 DAGs
[2024-09-13T02:43:35.567+0000] {logging_mixin.py:149} INFO - [2024-09-13T02:43:35.566+0000] {dag.py:3490} INFO - Setting next_dagrun for example_branch_python_operator_decorator to 2024-09-12T00:00:00+00:00, run_after=2024-09-13T00:00:00+00:00
[2024-09-13T02:43:35.789+0000] {processor.py:179} INFO - Processing /home/airflow/.local/lib/python3.7/site-packages/airflow/example_dags/example_branch_operator_decorator.py took 0.949 seconds
[2024-09-13T02:46:52.123+0000] {processor.py:157} INFO - Started process (PID=159) to work on /home/airflow/.local/lib/python3.7/site-packages/airflow/example_dags/example_branch_operator_decorator.py
[2024-09-13T02:46:52.158+0000] {processor.py:826} INFO - Processing file /home/airflow/.local/lib/python3.7/site-packages/airflow/example_dags/example_branch_operator_decorator.py for tasks to queue
[2024-09-13T02:46:52.168+0000] {logging_mixin.py:149} INFO - [2024-09-13T02:46:52.167+0000] {dagbag.py:541} INFO - Filling up the DagBag from /home/airflow/.local/lib/python3.7/site-packages/airflow/example_dags/example_branch_operator_decorator.py
[2024-09-13T02:46:52.224+0000] {processor.py:836} INFO - DAG(s) dict_keys(['example_branch_python_operator_decorator']) retrieved from /home/airflow/.local/lib/python3.7/site-packages/airflow/example_dags/example_branch_operator_decorator.py
[2024-09-13T02:46:52.498+0000] {logging_mixin.py:149} INFO - [2024-09-13T02:46:52.497+0000] {dag.py:2726} INFO - Sync 1 DAGs
[2024-09-13T02:46:54.807+0000] {logging_mixin.py:149} INFO - [2024-09-13T02:46:54.806+0000] {dag.py:3490} INFO - Setting next_dagrun for example_branch_python_operator_decorator to 2024-09-12T00:00:00+00:00, run_after=2024-09-13T00:00:00+00:00
[2024-09-13T02:46:54.943+0000] {processor.py:179} INFO - Processing /home/airflow/.local/lib/python3.7/site-packages/airflow/example_dags/example_branch_operator_decorator.py took 2.839 seconds
[2024-09-13T02:47:33.054+0000] {processor.py:157} INFO - Started process (PID=209) to work on /home/airflow/.local/lib/python3.7/site-packages/airflow/example_dags/example_branch_operator_decorator.py
[2024-09-13T02:47:33.069+0000] {processor.py:826} INFO - Processing file /home/airflow/.local/lib/python3.7/site-packages/airflow/example_dags/example_branch_operator_decorator.py for tasks to queue
[2024-09-13T02:47:33.072+0000] {logging_mixin.py:149} INFO - [2024-09-13T02:47:33.072+0000] {dagbag.py:541} INFO - Filling up the DagBag from /home/airflow/.local/lib/python3.7/site-packages/airflow/example_dags/example_branch_operator_decorator.py
[2024-09-13T02:47:33.147+0000] {processor.py:836} INFO - DAG(s) dict_keys(['example_branch_python_operator_decorator']) retrieved from /home/airflow/.local/lib/python3.7/site-packages/airflow/example_dags/example_branch_operator_decorator.py
[2024-09-13T02:47:33.279+0000] {logging_mixin.py:149} INFO - [2024-09-13T02:47:33.279+0000] {dag.py:2726} INFO - Sync 1 DAGs
[2024-09-13T02:47:33.380+0000] {logging_mixin.py:149} INFO - [2024-09-13T02:47:33.380+0000] {dag.py:3490} INFO - Setting next_dagrun for example_branch_python_operator_decorator to 2024-09-12T00:00:00+00:00, run_after=2024-09-13T00:00:00+00:00
[2024-09-13T02:47:33.444+0000] {processor.py:179} INFO - Processing /home/airflow/.local/lib/python3.7/site-packages/airflow/example_dags/example_branch_operator_decorator.py took 0.416 seconds
[2024-09-13T02:48:04.951+0000] {processor.py:157} INFO - Started process (PID=270) to work on /home/airflow/.local/lib/python3.7/site-packages/airflow/example_dags/example_branch_operator_decorator.py
[2024-09-13T02:48:04.975+0000] {processor.py:826} INFO - Processing file /home/airflow/.local/lib/python3.7/site-packages/airflow/example_dags/example_branch_operator_decorator.py for tasks to queue
[2024-09-13T02:48:04.979+0000] {logging_mixin.py:149} INFO - [2024-09-13T02:48:04.978+0000] {dagbag.py:541} INFO - Filling up the DagBag from /home/airflow/.local/lib/python3.7/site-packages/airflow/example_dags/example_branch_operator_decorator.py
[2024-09-13T02:48:05.034+0000] {processor.py:836} INFO - DAG(s) dict_keys(['example_branch_python_operator_decorator']) retrieved from /home/airflow/.local/lib/python3.7/site-packages/airflow/example_dags/example_branch_operator_decorator.py
[2024-09-13T02:48:05.282+0000] {logging_mixin.py:149} INFO - [2024-09-13T02:48:05.281+0000] {dag.py:2726} INFO - Sync 1 DAGs
[2024-09-13T02:48:05.418+0000] {logging_mixin.py:149} INFO - [2024-09-13T02:48:05.417+0000] {dag.py:3490} INFO - Setting next_dagrun for example_branch_python_operator_decorator to 2024-09-12T00:00:00+00:00, run_after=2024-09-13T00:00:00+00:00
[2024-09-13T02:48:05.548+0000] {processor.py:179} INFO - Processing /home/airflow/.local/lib/python3.7/site-packages/airflow/example_dags/example_branch_operator_decorator.py took 0.608 seconds
[2024-09-13T02:48:35.712+0000] {processor.py:157} INFO - Started process (PID=338) to work on /home/airflow/.local/lib/python3.7/site-packages/airflow/example_dags/example_branch_operator_decorator.py
[2024-09-13T02:48:35.714+0000] {processor.py:826} INFO - Processing file /home/airflow/.local/lib/python3.7/site-packages/airflow/example_dags/example_branch_operator_decorator.py for tasks to queue
[2024-09-13T02:48:35.716+0000] {logging_mixin.py:149} INFO - [2024-09-13T02:48:35.716+0000] {dagbag.py:541} INFO - Filling up the DagBag from /home/airflow/.local/lib/python3.7/site-packages/airflow/example_dags/example_branch_operator_decorator.py
[2024-09-13T02:48:35.742+0000] {processor.py:836} INFO - DAG(s) dict_keys(['example_branch_python_operator_decorator']) retrieved from /home/airflow/.local/lib/python3.7/site-packages/airflow/example_dags/example_branch_operator_decorator.py
[2024-09-13T02:48:35.803+0000] {logging_mixin.py:149} INFO - [2024-09-13T02:48:35.802+0000] {dag.py:2726} INFO - Sync 1 DAGs
[2024-09-13T02:48:35.862+0000] {logging_mixin.py:149} INFO - [2024-09-13T02:48:35.861+0000] {dag.py:3490} INFO - Setting next_dagrun for example_branch_python_operator_decorator to 2024-09-12T00:00:00+00:00, run_after=2024-09-13T00:00:00+00:00
[2024-09-13T02:48:35.892+0000] {processor.py:179} INFO - Processing /home/airflow/.local/lib/python3.7/site-packages/airflow/example_dags/example_branch_operator_decorator.py took 0.188 seconds
[2024-09-13T02:49:12.208+0000] {processor.py:157} INFO - Started process (PID=404) to work on /home/airflow/.local/lib/python3.7/site-packages/airflow/example_dags/example_branch_operator_decorator.py
[2024-09-13T02:49:12.219+0000] {processor.py:826} INFO - Processing file /home/airflow/.local/lib/python3.7/site-packages/airflow/example_dags/example_branch_operator_decorator.py for tasks to queue
[2024-09-13T02:49:12.223+0000] {logging_mixin.py:149} INFO - [2024-09-13T02:49:12.223+0000] {dagbag.py:541} INFO - Filling up the DagBag from /home/airflow/.local/lib/python3.7/site-packages/airflow/example_dags/example_branch_operator_decorator.py
[2024-09-13T02:49:12.637+0000] {processor.py:836} INFO - DAG(s) dict_keys(['example_branch_python_operator_decorator']) retrieved from /home/airflow/.local/lib/python3.7/site-packages/airflow/example_dags/example_branch_operator_decorator.py
[2024-09-13T02:49:12.835+0000] {logging_mixin.py:149} INFO - [2024-09-13T02:49:12.834+0000] {dag.py:2726} INFO - Sync 1 DAGs
[2024-09-13T02:49:13.018+0000] {logging_mixin.py:149} INFO - [2024-09-13T02:49:13.018+0000] {dag.py:3490} INFO - Setting next_dagrun for example_branch_python_operator_decorator to 2024-09-12T00:00:00+00:00, run_after=2024-09-13T00:00:00+00:00
[2024-09-13T02:49:13.215+0000] {processor.py:179} INFO - Processing /home/airflow/.local/lib/python3.7/site-packages/airflow/example_dags/example_branch_operator_decorator.py took 1.064 seconds
[2024-09-13T02:49:47.145+0000] {processor.py:157} INFO - Started process (PID=473) to work on /home/airflow/.local/lib/python3.7/site-packages/airflow/example_dags/example_branch_operator_decorator.py
[2024-09-13T02:49:47.265+0000] {processor.py:826} INFO - Processing file /home/airflow/.local/lib/python3.7/site-packages/airflow/example_dags/example_branch_operator_decorator.py for tasks to queue
[2024-09-13T02:49:47.286+0000] {logging_mixin.py:149} INFO - [2024-09-13T02:49:47.285+0000] {dagbag.py:541} INFO - Filling up the DagBag from /home/airflow/.local/lib/python3.7/site-packages/airflow/example_dags/example_branch_operator_decorator.py
[2024-09-13T02:49:47.400+0000] {processor.py:836} INFO - DAG(s) dict_keys(['example_branch_python_operator_decorator']) retrieved from /home/airflow/.local/lib/python3.7/site-packages/airflow/example_dags/example_branch_operator_decorator.py
[2024-09-13T02:49:47.535+0000] {logging_mixin.py:149} INFO - [2024-09-13T02:49:47.535+0000] {dag.py:2726} INFO - Sync 1 DAGs
[2024-09-13T02:49:47.631+0000] {logging_mixin.py:149} INFO - [2024-09-13T02:49:47.631+0000] {dag.py:3490} INFO - Setting next_dagrun for example_branch_python_operator_decorator to 2024-09-12T00:00:00+00:00, run_after=2024-09-13T00:00:00+00:00
[2024-09-13T02:49:47.722+0000] {processor.py:179} INFO - Processing /home/airflow/.local/lib/python3.7/site-packages/airflow/example_dags/example_branch_operator_decorator.py took 0.683 seconds
[2024-09-13T02:50:18.336+0000] {processor.py:157} INFO - Started process (PID=542) to work on /home/airflow/.local/lib/python3.7/site-packages/airflow/example_dags/example_branch_operator_decorator.py
[2024-09-13T02:50:18.338+0000] {processor.py:826} INFO - Processing file /home/airflow/.local/lib/python3.7/site-packages/airflow/example_dags/example_branch_operator_decorator.py for tasks to queue
[2024-09-13T02:50:18.340+0000] {logging_mixin.py:149} INFO - [2024-09-13T02:50:18.340+0000] {dagbag.py:541} INFO - Filling up the DagBag from /home/airflow/.local/lib/python3.7/site-packages/airflow/example_dags/example_branch_operator_decorator.py
[2024-09-13T02:50:18.364+0000] {processor.py:836} INFO - DAG(s) dict_keys(['example_branch_python_operator_decorator']) retrieved from /home/airflow/.local/lib/python3.7/site-packages/airflow/example_dags/example_branch_operator_decorator.py
[2024-09-13T02:50:18.406+0000] {logging_mixin.py:149} INFO - [2024-09-13T02:50:18.405+0000] {dag.py:2726} INFO - Sync 1 DAGs
[2024-09-13T02:50:18.455+0000] {logging_mixin.py:149} INFO - [2024-09-13T02:50:18.455+0000] {dag.py:3490} INFO - Setting next_dagrun for example_branch_python_operator_decorator to 2024-09-12T00:00:00+00:00, run_after=2024-09-13T00:00:00+00:00
[2024-09-13T02:50:18.496+0000] {processor.py:179} INFO - Processing /home/airflow/.local/lib/python3.7/site-packages/airflow/example_dags/example_branch_operator_decorator.py took 0.166 seconds
[2024-09-13T02:50:49.083+0000] {processor.py:157} INFO - Started process (PID=611) to work on /home/airflow/.local/lib/python3.7/site-packages/airflow/example_dags/example_branch_operator_decorator.py
[2024-09-13T02:50:49.103+0000] {processor.py:826} INFO - Processing file /home/airflow/.local/lib/python3.7/site-packages/airflow/example_dags/example_branch_operator_decorator.py for tasks to queue
[2024-09-13T02:50:49.127+0000] {logging_mixin.py:149} INFO - [2024-09-13T02:50:49.126+0000] {dagbag.py:541} INFO - Filling up the DagBag from /home/airflow/.local/lib/python3.7/site-packages/airflow/example_dags/example_branch_operator_decorator.py
[2024-09-13T02:50:49.234+0000] {processor.py:836} INFO - DAG(s) dict_keys(['example_branch_python_operator_decorator']) retrieved from /home/airflow/.local/lib/python3.7/site-packages/airflow/example_dags/example_branch_operator_decorator.py
[2024-09-13T02:50:49.396+0000] {logging_mixin.py:149} INFO - [2024-09-13T02:50:49.395+0000] {dag.py:2726} INFO - Sync 1 DAGs
[2024-09-13T02:50:49.559+0000] {logging_mixin.py:149} INFO - [2024-09-13T02:50:49.558+0000] {dag.py:3490} INFO - Setting next_dagrun for example_branch_python_operator_decorator to 2024-09-12T00:00:00+00:00, run_after=2024-09-13T00:00:00+00:00
[2024-09-13T02:50:49.639+0000] {processor.py:179} INFO - Processing /home/airflow/.local/lib/python3.7/site-packages/airflow/example_dags/example_branch_operator_decorator.py took 0.591 seconds
[2024-09-13T02:51:20.141+0000] {processor.py:157} INFO - Started process (PID=680) to work on /home/airflow/.local/lib/python3.7/site-packages/airflow/example_dags/example_branch_operator_decorator.py
[2024-09-13T02:51:20.145+0000] {processor.py:826} INFO - Processing file /home/airflow/.local/lib/python3.7/site-packages/airflow/example_dags/example_branch_operator_decorator.py for tasks to queue
[2024-09-13T02:51:20.147+0000] {logging_mixin.py:149} INFO - [2024-09-13T02:51:20.147+0000] {dagbag.py:541} INFO - Filling up the DagBag from /home/airflow/.local/lib/python3.7/site-packages/airflow/example_dags/example_branch_operator_decorator.py
[2024-09-13T02:51:20.175+0000] {processor.py:836} INFO - DAG(s) dict_keys(['example_branch_python_operator_decorator']) retrieved from /home/airflow/.local/lib/python3.7/site-packages/airflow/example_dags/example_branch_operator_decorator.py
[2024-09-13T02:51:20.269+0000] {logging_mixin.py:149} INFO - [2024-09-13T02:51:20.268+0000] {dag.py:2726} INFO - Sync 1 DAGs
[2024-09-13T02:51:20.311+0000] {logging_mixin.py:149} INFO - [2024-09-13T02:51:20.311+0000] {dag.py:3490} INFO - Setting next_dagrun for example_branch_python_operator_decorator to 2024-09-12T00:00:00+00:00, run_after=2024-09-13T00:00:00+00:00
[2024-09-13T02:51:20.338+0000] {processor.py:179} INFO - Processing /home/airflow/.local/lib/python3.7/site-packages/airflow/example_dags/example_branch_operator_decorator.py took 0.206 seconds
[2024-09-13T02:51:51.603+0000] {processor.py:157} INFO - Started process (PID=749) to work on /home/airflow/.local/lib/python3.7/site-packages/airflow/example_dags/example_branch_operator_decorator.py
[2024-09-13T02:51:51.606+0000] {processor.py:826} INFO - Processing file /home/airflow/.local/lib/python3.7/site-packages/airflow/example_dags/example_branch_operator_decorator.py for tasks to queue
[2024-09-13T02:51:51.609+0000] {logging_mixin.py:149} INFO - [2024-09-13T02:51:51.608+0000] {dagbag.py:541} INFO - Filling up the DagBag from /home/airflow/.local/lib/python3.7/site-packages/airflow/example_dags/example_branch_operator_decorator.py
[2024-09-13T02:51:51.675+0000] {processor.py:836} INFO - DAG(s) dict_keys(['example_branch_python_operator_decorator']) retrieved from /home/airflow/.local/lib/python3.7/site-packages/airflow/example_dags/example_branch_operator_decorator.py
[2024-09-13T02:51:51.762+0000] {logging_mixin.py:149} INFO - [2024-09-13T02:51:51.761+0000] {dag.py:2726} INFO - Sync 1 DAGs
[2024-09-13T02:51:51.821+0000] {logging_mixin.py:149} INFO - [2024-09-13T02:51:51.820+0000] {dag.py:3490} INFO - Setting next_dagrun for example_branch_python_operator_decorator to 2024-09-12T00:00:00+00:00, run_after=2024-09-13T00:00:00+00:00
[2024-09-13T02:51:51.863+0000] {processor.py:179} INFO - Processing /home/airflow/.local/lib/python3.7/site-packages/airflow/example_dags/example_branch_operator_decorator.py took 0.273 seconds
[2024-09-13T02:52:23.422+0000] {processor.py:157} INFO - Started process (PID=815) to work on /home/airflow/.local/lib/python3.7/site-packages/airflow/example_dags/example_branch_operator_decorator.py
[2024-09-13T02:52:23.426+0000] {processor.py:826} INFO - Processing file /home/airflow/.local/lib/python3.7/site-packages/airflow/example_dags/example_branch_operator_decorator.py for tasks to queue
[2024-09-13T02:52:23.432+0000] {logging_mixin.py:149} INFO - [2024-09-13T02:52:23.431+0000] {dagbag.py:541} INFO - Filling up the DagBag from /home/airflow/.local/lib/python3.7/site-packages/airflow/example_dags/example_branch_operator_decorator.py
[2024-09-13T02:52:23.492+0000] {processor.py:836} INFO - DAG(s) dict_keys(['example_branch_python_operator_decorator']) retrieved from /home/airflow/.local/lib/python3.7/site-packages/airflow/example_dags/example_branch_operator_decorator.py
[2024-09-13T02:52:23.585+0000] {logging_mixin.py:149} INFO - [2024-09-13T02:52:23.585+0000] {dag.py:2726} INFO - Sync 1 DAGs
[2024-09-13T02:52:23.701+0000] {logging_mixin.py:149} INFO - [2024-09-13T02:52:23.701+0000] {dag.py:3490} INFO - Setting next_dagrun for example_branch_python_operator_decorator to 2024-09-12T00:00:00+00:00, run_after=2024-09-13T00:00:00+00:00
[2024-09-13T02:52:23.862+0000] {processor.py:179} INFO - Processing /home/airflow/.local/lib/python3.7/site-packages/airflow/example_dags/example_branch_operator_decorator.py took 0.448 seconds
[2024-09-13T02:52:53.927+0000] {processor.py:157} INFO - Started process (PID=884) to work on /home/airflow/.local/lib/python3.7/site-packages/airflow/example_dags/example_branch_operator_decorator.py
[2024-09-13T02:52:53.929+0000] {processor.py:826} INFO - Processing file /home/airflow/.local/lib/python3.7/site-packages/airflow/example_dags/example_branch_operator_decorator.py for tasks to queue
[2024-09-13T02:52:53.931+0000] {logging_mixin.py:149} INFO - [2024-09-13T02:52:53.930+0000] {dagbag.py:541} INFO - Filling up the DagBag from /home/airflow/.local/lib/python3.7/site-packages/airflow/example_dags/example_branch_operator_decorator.py
[2024-09-13T02:52:53.952+0000] {processor.py:836} INFO - DAG(s) dict_keys(['example_branch_python_operator_decorator']) retrieved from /home/airflow/.local/lib/python3.7/site-packages/airflow/example_dags/example_branch_operator_decorator.py
[2024-09-13T02:52:53.999+0000] {logging_mixin.py:149} INFO - [2024-09-13T02:52:53.999+0000] {dag.py:2726} INFO - Sync 1 DAGs
[2024-09-13T02:52:54.074+0000] {logging_mixin.py:149} INFO - [2024-09-13T02:52:54.073+0000] {dag.py:3490} INFO - Setting next_dagrun for example_branch_python_operator_decorator to 2024-09-12T00:00:00+00:00, run_after=2024-09-13T00:00:00+00:00
[2024-09-13T02:52:54.117+0000] {processor.py:179} INFO - Processing /home/airflow/.local/lib/python3.7/site-packages/airflow/example_dags/example_branch_operator_decorator.py took 0.197 seconds
[2024-09-13T02:53:26.168+0000] {processor.py:157} INFO - Started process (PID=950) to work on /home/airflow/.local/lib/python3.7/site-packages/airflow/example_dags/example_branch_operator_decorator.py
[2024-09-13T02:53:26.170+0000] {processor.py:826} INFO - Processing file /home/airflow/.local/lib/python3.7/site-packages/airflow/example_dags/example_branch_operator_decorator.py for tasks to queue
[2024-09-13T02:53:26.172+0000] {logging_mixin.py:149} INFO - [2024-09-13T02:53:26.172+0000] {dagbag.py:541} INFO - Filling up the DagBag from /home/airflow/.local/lib/python3.7/site-packages/airflow/example_dags/example_branch_operator_decorator.py
[2024-09-13T02:53:26.203+0000] {processor.py:836} INFO - DAG(s) dict_keys(['example_branch_python_operator_decorator']) retrieved from /home/airflow/.local/lib/python3.7/site-packages/airflow/example_dags/example_branch_operator_decorator.py
[2024-09-13T02:53:26.297+0000] {logging_mixin.py:149} INFO - [2024-09-13T02:53:26.297+0000] {dag.py:2726} INFO - Sync 1 DAGs
[2024-09-13T02:53:26.369+0000] {logging_mixin.py:149} INFO - [2024-09-13T02:53:26.368+0000] {dag.py:3490} INFO - Setting next_dagrun for example_branch_python_operator_decorator to 2024-09-12T00:00:00+00:00, run_after=2024-09-13T00:00:00+00:00
[2024-09-13T02:53:26.416+0000] {processor.py:179} INFO - Processing /home/airflow/.local/lib/python3.7/site-packages/airflow/example_dags/example_branch_operator_decorator.py took 0.257 seconds
[2024-09-13T02:53:58.500+0000] {processor.py:157} INFO - Started process (PID=1019) to work on /home/airflow/.local/lib/python3.7/site-packages/airflow/example_dags/example_branch_operator_decorator.py
[2024-09-13T02:53:58.513+0000] {processor.py:826} INFO - Processing file /home/airflow/.local/lib/python3.7/site-packages/airflow/example_dags/example_branch_operator_decorator.py for tasks to queue
[2024-09-13T02:53:58.515+0000] {logging_mixin.py:149} INFO - [2024-09-13T02:53:58.515+0000] {dagbag.py:541} INFO - Filling up the DagBag from /home/airflow/.local/lib/python3.7/site-packages/airflow/example_dags/example_branch_operator_decorator.py
[2024-09-13T02:53:58.593+0000] {processor.py:836} INFO - DAG(s) dict_keys(['example_branch_python_operator_decorator']) retrieved from /home/airflow/.local/lib/python3.7/site-packages/airflow/example_dags/example_branch_operator_decorator.py
[2024-09-13T02:53:58.751+0000] {logging_mixin.py:149} INFO - [2024-09-13T02:53:58.748+0000] {dag.py:2726} INFO - Sync 1 DAGs
[2024-09-13T02:53:58.878+0000] {logging_mixin.py:149} INFO - [2024-09-13T02:53:58.877+0000] {dag.py:3490} INFO - Setting next_dagrun for example_branch_python_operator_decorator to 2024-09-12T00:00:00+00:00, run_after=2024-09-13T00:00:00+00:00
[2024-09-13T02:53:58.956+0000] {processor.py:179} INFO - Processing /home/airflow/.local/lib/python3.7/site-packages/airflow/example_dags/example_branch_operator_decorator.py took 0.484 seconds
[2024-09-13T02:54:29.685+0000] {processor.py:157} INFO - Started process (PID=1079) to work on /home/airflow/.local/lib/python3.7/site-packages/airflow/example_dags/example_branch_operator_decorator.py
[2024-09-13T02:54:29.689+0000] {processor.py:826} INFO - Processing file /home/airflow/.local/lib/python3.7/site-packages/airflow/example_dags/example_branch_operator_decorator.py for tasks to queue
[2024-09-13T02:54:29.690+0000] {logging_mixin.py:149} INFO - [2024-09-13T02:54:29.690+0000] {dagbag.py:541} INFO - Filling up the DagBag from /home/airflow/.local/lib/python3.7/site-packages/airflow/example_dags/example_branch_operator_decorator.py
[2024-09-13T02:54:29.715+0000] {processor.py:836} INFO - DAG(s) dict_keys(['example_branch_python_operator_decorator']) retrieved from /home/airflow/.local/lib/python3.7/site-packages/airflow/example_dags/example_branch_operator_decorator.py
[2024-09-13T02:54:29.755+0000] {logging_mixin.py:149} INFO - [2024-09-13T02:54:29.755+0000] {dag.py:2726} INFO - Sync 1 DAGs
[2024-09-13T02:54:29.791+0000] {logging_mixin.py:149} INFO - [2024-09-13T02:54:29.791+0000] {dag.py:3490} INFO - Setting next_dagrun for example_branch_python_operator_decorator to 2024-09-12T00:00:00+00:00, run_after=2024-09-13T00:00:00+00:00
[2024-09-13T02:54:29.814+0000] {processor.py:179} INFO - Processing /home/airflow/.local/lib/python3.7/site-packages/airflow/example_dags/example_branch_operator_decorator.py took 0.137 seconds
[2024-09-13T02:55:00.645+0000] {processor.py:157} INFO - Started process (PID=1148) to work on /home/airflow/.local/lib/python3.7/site-packages/airflow/example_dags/example_branch_operator_decorator.py
[2024-09-13T02:55:00.650+0000] {processor.py:826} INFO - Processing file /home/airflow/.local/lib/python3.7/site-packages/airflow/example_dags/example_branch_operator_decorator.py for tasks to queue
[2024-09-13T02:55:00.655+0000] {logging_mixin.py:149} INFO - [2024-09-13T02:55:00.654+0000] {dagbag.py:541} INFO - Filling up the DagBag from /home/airflow/.local/lib/python3.7/site-packages/airflow/example_dags/example_branch_operator_decorator.py
[2024-09-13T02:55:00.728+0000] {processor.py:836} INFO - DAG(s) dict_keys(['example_branch_python_operator_decorator']) retrieved from /home/airflow/.local/lib/python3.7/site-packages/airflow/example_dags/example_branch_operator_decorator.py
[2024-09-13T02:55:00.813+0000] {logging_mixin.py:149} INFO - [2024-09-13T02:55:00.812+0000] {dag.py:2726} INFO - Sync 1 DAGs
[2024-09-13T02:55:00.898+0000] {logging_mixin.py:149} INFO - [2024-09-13T02:55:00.898+0000] {dag.py:3490} INFO - Setting next_dagrun for example_branch_python_operator_decorator to 2024-09-12T00:00:00+00:00, run_after=2024-09-13T00:00:00+00:00
[2024-09-13T02:55:00.934+0000] {processor.py:179} INFO - Processing /home/airflow/.local/lib/python3.7/site-packages/airflow/example_dags/example_branch_operator_decorator.py took 0.308 seconds
[2024-09-13T02:55:31.080+0000] {processor.py:157} INFO - Started process (PID=1208) to work on /home/airflow/.local/lib/python3.7/site-packages/airflow/example_dags/example_branch_operator_decorator.py
[2024-09-13T02:55:31.086+0000] {processor.py:826} INFO - Processing file /home/airflow/.local/lib/python3.7/site-packages/airflow/example_dags/example_branch_operator_decorator.py for tasks to queue
[2024-09-13T02:55:31.088+0000] {logging_mixin.py:149} INFO - [2024-09-13T02:55:31.088+0000] {dagbag.py:541} INFO - Filling up the DagBag from /home/airflow/.local/lib/python3.7/site-packages/airflow/example_dags/example_branch_operator_decorator.py
[2024-09-13T02:55:31.190+0000] {processor.py:836} INFO - DAG(s) dict_keys(['example_branch_python_operator_decorator']) retrieved from /home/airflow/.local/lib/python3.7/site-packages/airflow/example_dags/example_branch_operator_decorator.py
[2024-09-13T02:55:31.382+0000] {logging_mixin.py:149} INFO - [2024-09-13T02:55:31.382+0000] {dag.py:2726} INFO - Sync 1 DAGs
[2024-09-13T02:55:31.479+0000] {logging_mixin.py:149} INFO - [2024-09-13T02:55:31.478+0000] {dag.py:3490} INFO - Setting next_dagrun for example_branch_python_operator_decorator to 2024-09-12T00:00:00+00:00, run_after=2024-09-13T00:00:00+00:00
[2024-09-13T02:55:31.549+0000] {processor.py:179} INFO - Processing /home/airflow/.local/lib/python3.7/site-packages/airflow/example_dags/example_branch_operator_decorator.py took 0.484 seconds
[2024-09-13T02:56:01.872+0000] {processor.py:157} INFO - Started process (PID=1277) to work on /home/airflow/.local/lib/python3.7/site-packages/airflow/example_dags/example_branch_operator_decorator.py
[2024-09-13T02:56:01.876+0000] {processor.py:826} INFO - Processing file /home/airflow/.local/lib/python3.7/site-packages/airflow/example_dags/example_branch_operator_decorator.py for tasks to queue
[2024-09-13T02:56:01.879+0000] {logging_mixin.py:149} INFO - [2024-09-13T02:56:01.879+0000] {dagbag.py:541} INFO - Filling up the DagBag from /home/airflow/.local/lib/python3.7/site-packages/airflow/example_dags/example_branch_operator_decorator.py
[2024-09-13T02:56:01.938+0000] {processor.py:836} INFO - DAG(s) dict_keys(['example_branch_python_operator_decorator']) retrieved from /home/airflow/.local/lib/python3.7/site-packages/airflow/example_dags/example_branch_operator_decorator.py
[2024-09-13T02:56:02.156+0000] {logging_mixin.py:149} INFO - [2024-09-13T02:56:02.155+0000] {dag.py:2726} INFO - Sync 1 DAGs
[2024-09-13T02:56:02.324+0000] {logging_mixin.py:149} INFO - [2024-09-13T02:56:02.324+0000] {dag.py:3490} INFO - Setting next_dagrun for example_branch_python_operator_decorator to 2024-09-12T00:00:00+00:00, run_after=2024-09-13T00:00:00+00:00
[2024-09-13T02:56:02.378+0000] {processor.py:179} INFO - Processing /home/airflow/.local/lib/python3.7/site-packages/airflow/example_dags/example_branch_operator_decorator.py took 0.519 seconds
[2024-09-13T02:56:33.784+0000] {processor.py:157} INFO - Started process (PID=1346) to work on /home/airflow/.local/lib/python3.7/site-packages/airflow/example_dags/example_branch_operator_decorator.py
[2024-09-13T02:56:33.824+0000] {processor.py:826} INFO - Processing file /home/airflow/.local/lib/python3.7/site-packages/airflow/example_dags/example_branch_operator_decorator.py for tasks to queue
[2024-09-13T02:56:33.834+0000] {logging_mixin.py:149} INFO - [2024-09-13T02:56:33.833+0000] {dagbag.py:541} INFO - Filling up the DagBag from /home/airflow/.local/lib/python3.7/site-packages/airflow/example_dags/example_branch_operator_decorator.py
[2024-09-13T02:56:33.973+0000] {processor.py:836} INFO - DAG(s) dict_keys(['example_branch_python_operator_decorator']) retrieved from /home/airflow/.local/lib/python3.7/site-packages/airflow/example_dags/example_branch_operator_decorator.py
[2024-09-13T02:56:34.099+0000] {logging_mixin.py:149} INFO - [2024-09-13T02:56:34.098+0000] {dag.py:2726} INFO - Sync 1 DAGs
[2024-09-13T02:56:34.253+0000] {logging_mixin.py:149} INFO - [2024-09-13T02:56:34.253+0000] {dag.py:3490} INFO - Setting next_dagrun for example_branch_python_operator_decorator to 2024-09-12T00:00:00+00:00, run_after=2024-09-13T00:00:00+00:00
[2024-09-13T02:56:34.328+0000] {processor.py:179} INFO - Processing /home/airflow/.local/lib/python3.7/site-packages/airflow/example_dags/example_branch_operator_decorator.py took 0.604 seconds
[2024-09-13T02:57:04.689+0000] {processor.py:157} INFO - Started process (PID=1415) to work on /home/airflow/.local/lib/python3.7/site-packages/airflow/example_dags/example_branch_operator_decorator.py
[2024-09-13T02:57:04.692+0000] {processor.py:826} INFO - Processing file /home/airflow/.local/lib/python3.7/site-packages/airflow/example_dags/example_branch_operator_decorator.py for tasks to queue
[2024-09-13T02:57:04.694+0000] {logging_mixin.py:149} INFO - [2024-09-13T02:57:04.693+0000] {dagbag.py:541} INFO - Filling up the DagBag from /home/airflow/.local/lib/python3.7/site-packages/airflow/example_dags/example_branch_operator_decorator.py
[2024-09-13T02:57:04.726+0000] {processor.py:836} INFO - DAG(s) dict_keys(['example_branch_python_operator_decorator']) retrieved from /home/airflow/.local/lib/python3.7/site-packages/airflow/example_dags/example_branch_operator_decorator.py
[2024-09-13T02:57:04.819+0000] {logging_mixin.py:149} INFO - [2024-09-13T02:57:04.819+0000] {dag.py:2726} INFO - Sync 1 DAGs
[2024-09-13T02:57:04.890+0000] {logging_mixin.py:149} INFO - [2024-09-13T02:57:04.890+0000] {dag.py:3490} INFO - Setting next_dagrun for example_branch_python_operator_decorator to 2024-09-12T00:00:00+00:00, run_after=2024-09-13T00:00:00+00:00
[2024-09-13T02:57:04.928+0000] {processor.py:179} INFO - Processing /home/airflow/.local/lib/python3.7/site-packages/airflow/example_dags/example_branch_operator_decorator.py took 0.249 seconds
