[2024-09-13T02:46:08.497+0000] {processor.py:157} INFO - Started process (PID=124) to work on /home/airflow/.local/lib/python3.7/site-packages/airflow/example_dags/example_latest_only.py
[2024-09-13T02:46:08.519+0000] {processor.py:826} INFO - Processing file /home/airflow/.local/lib/python3.7/site-packages/airflow/example_dags/example_latest_only.py for tasks to queue
[2024-09-13T02:46:08.536+0000] {logging_mixin.py:149} INFO - [2024-09-13T02:46:08.535+0000] {dagbag.py:541} INFO - Filling up the DagBag from /home/airflow/.local/lib/python3.7/site-packages/airflow/example_dags/example_latest_only.py
[2024-09-13T02:46:08.641+0000] {processor.py:836} INFO - DAG(s) dict_keys(['latest_only']) retrieved from /home/airflow/.local/lib/python3.7/site-packages/airflow/example_dags/example_latest_only.py
[2024-09-13T02:46:12.552+0000] {logging_mixin.py:149} INFO - [2024-09-13T02:46:12.547+0000] {dag.py:2726} INFO - Sync 1 DAGs
[2024-09-13T02:46:15.975+0000] {logging_mixin.py:149} INFO - [2024-09-13T02:46:15.973+0000] {dag.py:3490} INFO - Setting next_dagrun for latest_only to 2024-09-12T22:46:15.969850+00:00, run_after=2024-09-13T02:46:15.969850+00:00
[2024-09-13T02:46:16.714+0000] {processor.py:179} INFO - Processing /home/airflow/.local/lib/python3.7/site-packages/airflow/example_dags/example_latest_only.py took 8.238 seconds
[2024-09-13T02:47:35.730+0000] {processor.py:157} INFO - Started process (PID=219) to work on /home/airflow/.local/lib/python3.7/site-packages/airflow/example_dags/example_latest_only.py
[2024-09-13T02:47:35.733+0000] {processor.py:826} INFO - Processing file /home/airflow/.local/lib/python3.7/site-packages/airflow/example_dags/example_latest_only.py for tasks to queue
[2024-09-13T02:47:35.736+0000] {logging_mixin.py:149} INFO - [2024-09-13T02:47:35.736+0000] {dagbag.py:541} INFO - Filling up the DagBag from /home/airflow/.local/lib/python3.7/site-packages/airflow/example_dags/example_latest_only.py
[2024-09-13T02:47:35.863+0000] {processor.py:836} INFO - DAG(s) dict_keys(['latest_only']) retrieved from /home/airflow/.local/lib/python3.7/site-packages/airflow/example_dags/example_latest_only.py
[2024-09-13T02:47:36.396+0000] {logging_mixin.py:149} INFO - [2024-09-13T02:47:36.392+0000] {dag.py:2726} INFO - Sync 1 DAGs
[2024-09-13T02:47:36.534+0000] {logging_mixin.py:149} INFO - [2024-09-13T02:47:36.533+0000] {dag.py:3490} INFO - Setting next_dagrun for latest_only to 2024-09-12T22:47:36.532385+00:00, run_after=2024-09-13T02:47:36.532385+00:00
[2024-09-13T02:47:36.617+0000] {processor.py:179} INFO - Processing /home/airflow/.local/lib/python3.7/site-packages/airflow/example_dags/example_latest_only.py took 0.915 seconds
[2024-09-13T02:48:13.963+0000] {processor.py:157} INFO - Started process (PID=295) to work on /home/airflow/.local/lib/python3.7/site-packages/airflow/example_dags/example_latest_only.py
[2024-09-13T02:48:13.966+0000] {processor.py:826} INFO - Processing file /home/airflow/.local/lib/python3.7/site-packages/airflow/example_dags/example_latest_only.py for tasks to queue
[2024-09-13T02:48:13.969+0000] {logging_mixin.py:149} INFO - [2024-09-13T02:48:13.968+0000] {dagbag.py:541} INFO - Filling up the DagBag from /home/airflow/.local/lib/python3.7/site-packages/airflow/example_dags/example_latest_only.py
[2024-09-13T02:48:14.004+0000] {processor.py:836} INFO - DAG(s) dict_keys(['latest_only']) retrieved from /home/airflow/.local/lib/python3.7/site-packages/airflow/example_dags/example_latest_only.py
[2024-09-13T02:48:14.143+0000] {logging_mixin.py:149} INFO - [2024-09-13T02:48:14.143+0000] {dag.py:2726} INFO - Sync 1 DAGs
[2024-09-13T02:48:14.230+0000] {logging_mixin.py:149} INFO - [2024-09-13T02:48:14.230+0000] {dag.py:3490} INFO - Setting next_dagrun for latest_only to 2024-09-12T22:48:14.229808+00:00, run_after=2024-09-13T02:48:14.229808+00:00
[2024-09-13T02:48:14.307+0000] {processor.py:179} INFO - Processing /home/airflow/.local/lib/python3.7/site-packages/airflow/example_dags/example_latest_only.py took 0.351 seconds
[2024-09-13T02:48:46.709+0000] {processor.py:157} INFO - Started process (PID=364) to work on /home/airflow/.local/lib/python3.7/site-packages/airflow/example_dags/example_latest_only.py
[2024-09-13T02:48:46.712+0000] {processor.py:826} INFO - Processing file /home/airflow/.local/lib/python3.7/site-packages/airflow/example_dags/example_latest_only.py for tasks to queue
[2024-09-13T02:48:46.713+0000] {logging_mixin.py:149} INFO - [2024-09-13T02:48:46.713+0000] {dagbag.py:541} INFO - Filling up the DagBag from /home/airflow/.local/lib/python3.7/site-packages/airflow/example_dags/example_latest_only.py
[2024-09-13T02:48:46.727+0000] {processor.py:836} INFO - DAG(s) dict_keys(['latest_only']) retrieved from /home/airflow/.local/lib/python3.7/site-packages/airflow/example_dags/example_latest_only.py
[2024-09-13T02:48:46.816+0000] {logging_mixin.py:149} INFO - [2024-09-13T02:48:46.815+0000] {dag.py:2726} INFO - Sync 1 DAGs
[2024-09-13T02:48:46.895+0000] {logging_mixin.py:149} INFO - [2024-09-13T02:48:46.895+0000] {dag.py:3490} INFO - Setting next_dagrun for latest_only to 2024-09-12T22:48:46.894509+00:00, run_after=2024-09-13T02:48:46.894509+00:00
[2024-09-13T02:48:46.969+0000] {processor.py:179} INFO - Processing /home/airflow/.local/lib/python3.7/site-packages/airflow/example_dags/example_latest_only.py took 0.268 seconds
[2024-09-13T02:49:18.767+0000] {processor.py:157} INFO - Started process (PID=424) to work on /home/airflow/.local/lib/python3.7/site-packages/airflow/example_dags/example_latest_only.py
[2024-09-13T02:49:18.770+0000] {processor.py:826} INFO - Processing file /home/airflow/.local/lib/python3.7/site-packages/airflow/example_dags/example_latest_only.py for tasks to queue
[2024-09-13T02:49:18.773+0000] {logging_mixin.py:149} INFO - [2024-09-13T02:49:18.772+0000] {dagbag.py:541} INFO - Filling up the DagBag from /home/airflow/.local/lib/python3.7/site-packages/airflow/example_dags/example_latest_only.py
[2024-09-13T02:49:18.791+0000] {processor.py:836} INFO - DAG(s) dict_keys(['latest_only']) retrieved from /home/airflow/.local/lib/python3.7/site-packages/airflow/example_dags/example_latest_only.py
[2024-09-13T02:49:18.844+0000] {logging_mixin.py:149} INFO - [2024-09-13T02:49:18.844+0000] {dag.py:2726} INFO - Sync 1 DAGs
[2024-09-13T02:49:18.899+0000] {logging_mixin.py:149} INFO - [2024-09-13T02:49:18.898+0000] {dag.py:3490} INFO - Setting next_dagrun for latest_only to 2024-09-12T22:49:18.898547+00:00, run_after=2024-09-13T02:49:18.898547+00:00
[2024-09-13T02:49:18.948+0000] {processor.py:179} INFO - Processing /home/airflow/.local/lib/python3.7/site-packages/airflow/example_dags/example_latest_only.py took 0.193 seconds
[2024-09-13T02:50:01.008+0000] {processor.py:157} INFO - Started process (PID=508) to work on /home/airflow/.local/lib/python3.7/site-packages/airflow/example_dags/example_latest_only.py
[2024-09-13T02:50:01.010+0000] {processor.py:826} INFO - Processing file /home/airflow/.local/lib/python3.7/site-packages/airflow/example_dags/example_latest_only.py for tasks to queue
[2024-09-13T02:50:01.012+0000] {logging_mixin.py:149} INFO - [2024-09-13T02:50:01.012+0000] {dagbag.py:541} INFO - Filling up the DagBag from /home/airflow/.local/lib/python3.7/site-packages/airflow/example_dags/example_latest_only.py
[2024-09-13T02:50:01.029+0000] {processor.py:836} INFO - DAG(s) dict_keys(['latest_only']) retrieved from /home/airflow/.local/lib/python3.7/site-packages/airflow/example_dags/example_latest_only.py
[2024-09-13T02:50:01.173+0000] {logging_mixin.py:149} INFO - [2024-09-13T02:50:01.173+0000] {dag.py:2726} INFO - Sync 1 DAGs
[2024-09-13T02:50:01.252+0000] {logging_mixin.py:149} INFO - [2024-09-13T02:50:01.251+0000] {dag.py:3490} INFO - Setting next_dagrun for latest_only to 2024-09-12T22:50:01.250859+00:00, run_after=2024-09-13T02:50:01.250859+00:00
[2024-09-13T02:50:01.328+0000] {processor.py:179} INFO - Processing /home/airflow/.local/lib/python3.7/site-packages/airflow/example_dags/example_latest_only.py took 0.330 seconds
[2024-09-13T02:50:32.281+0000] {processor.py:157} INFO - Started process (PID=577) to work on /home/airflow/.local/lib/python3.7/site-packages/airflow/example_dags/example_latest_only.py
[2024-09-13T02:50:32.284+0000] {processor.py:826} INFO - Processing file /home/airflow/.local/lib/python3.7/site-packages/airflow/example_dags/example_latest_only.py for tasks to queue
[2024-09-13T02:50:32.287+0000] {logging_mixin.py:149} INFO - [2024-09-13T02:50:32.287+0000] {dagbag.py:541} INFO - Filling up the DagBag from /home/airflow/.local/lib/python3.7/site-packages/airflow/example_dags/example_latest_only.py
[2024-09-13T02:50:32.309+0000] {processor.py:836} INFO - DAG(s) dict_keys(['latest_only']) retrieved from /home/airflow/.local/lib/python3.7/site-packages/airflow/example_dags/example_latest_only.py
[2024-09-13T02:50:32.399+0000] {logging_mixin.py:149} INFO - [2024-09-13T02:50:32.398+0000] {dag.py:2726} INFO - Sync 1 DAGs
[2024-09-13T02:50:32.496+0000] {logging_mixin.py:149} INFO - [2024-09-13T02:50:32.495+0000] {dag.py:3490} INFO - Setting next_dagrun for latest_only to 2024-09-12T22:50:32.494487+00:00, run_after=2024-09-13T02:50:32.494487+00:00
[2024-09-13T02:50:32.560+0000] {processor.py:179} INFO - Processing /home/airflow/.local/lib/python3.7/site-packages/airflow/example_dags/example_latest_only.py took 0.290 seconds
[2024-09-13T02:51:03.660+0000] {processor.py:157} INFO - Started process (PID=637) to work on /home/airflow/.local/lib/python3.7/site-packages/airflow/example_dags/example_latest_only.py
[2024-09-13T02:51:03.664+0000] {processor.py:826} INFO - Processing file /home/airflow/.local/lib/python3.7/site-packages/airflow/example_dags/example_latest_only.py for tasks to queue
[2024-09-13T02:51:03.667+0000] {logging_mixin.py:149} INFO - [2024-09-13T02:51:03.667+0000] {dagbag.py:541} INFO - Filling up the DagBag from /home/airflow/.local/lib/python3.7/site-packages/airflow/example_dags/example_latest_only.py
[2024-09-13T02:51:03.687+0000] {processor.py:836} INFO - DAG(s) dict_keys(['latest_only']) retrieved from /home/airflow/.local/lib/python3.7/site-packages/airflow/example_dags/example_latest_only.py
[2024-09-13T02:51:03.830+0000] {logging_mixin.py:149} INFO - [2024-09-13T02:51:03.829+0000] {dag.py:2726} INFO - Sync 1 DAGs
[2024-09-13T02:51:03.935+0000] {logging_mixin.py:149} INFO - [2024-09-13T02:51:03.934+0000] {dag.py:3490} INFO - Setting next_dagrun for latest_only to 2024-09-12T22:51:03.933467+00:00, run_after=2024-09-13T02:51:03.933467+00:00
[2024-09-13T02:51:03.995+0000] {processor.py:179} INFO - Processing /home/airflow/.local/lib/python3.7/site-packages/airflow/example_dags/example_latest_only.py took 0.358 seconds
[2024-09-13T02:51:34.061+0000] {processor.py:157} INFO - Started process (PID=706) to work on /home/airflow/.local/lib/python3.7/site-packages/airflow/example_dags/example_latest_only.py
[2024-09-13T02:51:34.064+0000] {processor.py:826} INFO - Processing file /home/airflow/.local/lib/python3.7/site-packages/airflow/example_dags/example_latest_only.py for tasks to queue
[2024-09-13T02:51:34.066+0000] {logging_mixin.py:149} INFO - [2024-09-13T02:51:34.066+0000] {dagbag.py:541} INFO - Filling up the DagBag from /home/airflow/.local/lib/python3.7/site-packages/airflow/example_dags/example_latest_only.py
[2024-09-13T02:51:34.078+0000] {processor.py:836} INFO - DAG(s) dict_keys(['latest_only']) retrieved from /home/airflow/.local/lib/python3.7/site-packages/airflow/example_dags/example_latest_only.py
[2024-09-13T02:51:34.117+0000] {logging_mixin.py:149} INFO - [2024-09-13T02:51:34.116+0000] {dag.py:2726} INFO - Sync 1 DAGs
[2024-09-13T02:51:34.148+0000] {logging_mixin.py:149} INFO - [2024-09-13T02:51:34.147+0000] {dag.py:3490} INFO - Setting next_dagrun for latest_only to 2024-09-12T22:51:34.147514+00:00, run_after=2024-09-13T02:51:34.147514+00:00
[2024-09-13T02:51:34.170+0000] {processor.py:179} INFO - Processing /home/airflow/.local/lib/python3.7/site-packages/airflow/example_dags/example_latest_only.py took 0.115 seconds
[2024-09-13T02:52:04.972+0000] {processor.py:157} INFO - Started process (PID=775) to work on /home/airflow/.local/lib/python3.7/site-packages/airflow/example_dags/example_latest_only.py
[2024-09-13T02:52:04.975+0000] {processor.py:826} INFO - Processing file /home/airflow/.local/lib/python3.7/site-packages/airflow/example_dags/example_latest_only.py for tasks to queue
[2024-09-13T02:52:04.977+0000] {logging_mixin.py:149} INFO - [2024-09-13T02:52:04.977+0000] {dagbag.py:541} INFO - Filling up the DagBag from /home/airflow/.local/lib/python3.7/site-packages/airflow/example_dags/example_latest_only.py
[2024-09-13T02:52:04.994+0000] {processor.py:836} INFO - DAG(s) dict_keys(['latest_only']) retrieved from /home/airflow/.local/lib/python3.7/site-packages/airflow/example_dags/example_latest_only.py
[2024-09-13T02:52:05.046+0000] {logging_mixin.py:149} INFO - [2024-09-13T02:52:05.046+0000] {dag.py:2726} INFO - Sync 1 DAGs
[2024-09-13T02:52:05.116+0000] {logging_mixin.py:149} INFO - [2024-09-13T02:52:05.116+0000] {dag.py:3490} INFO - Setting next_dagrun for latest_only to 2024-09-12T22:52:05.115969+00:00, run_after=2024-09-13T02:52:05.115969+00:00
[2024-09-13T02:52:05.168+0000] {processor.py:179} INFO - Processing /home/airflow/.local/lib/python3.7/site-packages/airflow/example_dags/example_latest_only.py took 0.204 seconds
[2024-09-13T02:52:35.866+0000] {processor.py:157} INFO - Started process (PID=844) to work on /home/airflow/.local/lib/python3.7/site-packages/airflow/example_dags/example_latest_only.py
[2024-09-13T02:52:35.869+0000] {processor.py:826} INFO - Processing file /home/airflow/.local/lib/python3.7/site-packages/airflow/example_dags/example_latest_only.py for tasks to queue
[2024-09-13T02:52:35.871+0000] {logging_mixin.py:149} INFO - [2024-09-13T02:52:35.871+0000] {dagbag.py:541} INFO - Filling up the DagBag from /home/airflow/.local/lib/python3.7/site-packages/airflow/example_dags/example_latest_only.py
[2024-09-13T02:52:35.886+0000] {processor.py:836} INFO - DAG(s) dict_keys(['latest_only']) retrieved from /home/airflow/.local/lib/python3.7/site-packages/airflow/example_dags/example_latest_only.py
[2024-09-13T02:52:35.938+0000] {logging_mixin.py:149} INFO - [2024-09-13T02:52:35.938+0000] {dag.py:2726} INFO - Sync 1 DAGs
[2024-09-13T02:52:36.003+0000] {logging_mixin.py:149} INFO - [2024-09-13T02:52:36.002+0000] {dag.py:3490} INFO - Setting next_dagrun for latest_only to 2024-09-12T22:52:36.001994+00:00, run_after=2024-09-13T02:52:36.001994+00:00
[2024-09-13T02:52:36.048+0000] {processor.py:179} INFO - Processing /home/airflow/.local/lib/python3.7/site-packages/airflow/example_dags/example_latest_only.py took 0.190 seconds
[2024-09-13T02:53:07.585+0000] {processor.py:157} INFO - Started process (PID=913) to work on /home/airflow/.local/lib/python3.7/site-packages/airflow/example_dags/example_latest_only.py
[2024-09-13T02:53:07.587+0000] {processor.py:826} INFO - Processing file /home/airflow/.local/lib/python3.7/site-packages/airflow/example_dags/example_latest_only.py for tasks to queue
[2024-09-13T02:53:07.589+0000] {logging_mixin.py:149} INFO - [2024-09-13T02:53:07.589+0000] {dagbag.py:541} INFO - Filling up the DagBag from /home/airflow/.local/lib/python3.7/site-packages/airflow/example_dags/example_latest_only.py
[2024-09-13T02:53:07.601+0000] {processor.py:836} INFO - DAG(s) dict_keys(['latest_only']) retrieved from /home/airflow/.local/lib/python3.7/site-packages/airflow/example_dags/example_latest_only.py
[2024-09-13T02:53:07.663+0000] {logging_mixin.py:149} INFO - [2024-09-13T02:53:07.662+0000] {dag.py:2726} INFO - Sync 1 DAGs
[2024-09-13T02:53:07.719+0000] {logging_mixin.py:149} INFO - [2024-09-13T02:53:07.719+0000] {dag.py:3490} INFO - Setting next_dagrun for latest_only to 2024-09-12T22:53:07.718866+00:00, run_after=2024-09-13T02:53:07.718866+00:00
[2024-09-13T02:53:07.758+0000] {processor.py:179} INFO - Processing /home/airflow/.local/lib/python3.7/site-packages/airflow/example_dags/example_latest_only.py took 0.180 seconds
[2024-09-13T02:53:39.193+0000] {processor.py:157} INFO - Started process (PID=982) to work on /home/airflow/.local/lib/python3.7/site-packages/airflow/example_dags/example_latest_only.py
[2024-09-13T02:53:39.197+0000] {processor.py:826} INFO - Processing file /home/airflow/.local/lib/python3.7/site-packages/airflow/example_dags/example_latest_only.py for tasks to queue
[2024-09-13T02:53:39.200+0000] {logging_mixin.py:149} INFO - [2024-09-13T02:53:39.199+0000] {dagbag.py:541} INFO - Filling up the DagBag from /home/airflow/.local/lib/python3.7/site-packages/airflow/example_dags/example_latest_only.py
[2024-09-13T02:53:39.230+0000] {processor.py:836} INFO - DAG(s) dict_keys(['latest_only']) retrieved from /home/airflow/.local/lib/python3.7/site-packages/airflow/example_dags/example_latest_only.py
[2024-09-13T02:53:39.336+0000] {logging_mixin.py:149} INFO - [2024-09-13T02:53:39.336+0000] {dag.py:2726} INFO - Sync 1 DAGs
[2024-09-13T02:53:39.431+0000] {logging_mixin.py:149} INFO - [2024-09-13T02:53:39.430+0000] {dag.py:3490} INFO - Setting next_dagrun for latest_only to 2024-09-12T22:53:39.429483+00:00, run_after=2024-09-13T02:53:39.429483+00:00
[2024-09-13T02:53:39.509+0000] {processor.py:179} INFO - Processing /home/airflow/.local/lib/python3.7/site-packages/airflow/example_dags/example_latest_only.py took 0.348 seconds
[2024-09-13T02:54:12.548+0000] {processor.py:157} INFO - Started process (PID=1051) to work on /home/airflow/.local/lib/python3.7/site-packages/airflow/example_dags/example_latest_only.py
[2024-09-13T02:54:12.552+0000] {processor.py:826} INFO - Processing file /home/airflow/.local/lib/python3.7/site-packages/airflow/example_dags/example_latest_only.py for tasks to queue
[2024-09-13T02:54:12.555+0000] {logging_mixin.py:149} INFO - [2024-09-13T02:54:12.554+0000] {dagbag.py:541} INFO - Filling up the DagBag from /home/airflow/.local/lib/python3.7/site-packages/airflow/example_dags/example_latest_only.py
[2024-09-13T02:54:12.585+0000] {processor.py:836} INFO - DAG(s) dict_keys(['latest_only']) retrieved from /home/airflow/.local/lib/python3.7/site-packages/airflow/example_dags/example_latest_only.py
[2024-09-13T02:54:12.690+0000] {logging_mixin.py:149} INFO - [2024-09-13T02:54:12.690+0000] {dag.py:2726} INFO - Sync 1 DAGs
[2024-09-13T02:54:12.763+0000] {logging_mixin.py:149} INFO - [2024-09-13T02:54:12.763+0000] {dag.py:3490} INFO - Setting next_dagrun for latest_only to 2024-09-12T22:54:12.762429+00:00, run_after=2024-09-13T02:54:12.762429+00:00
[2024-09-13T02:54:12.840+0000] {processor.py:179} INFO - Processing /home/airflow/.local/lib/python3.7/site-packages/airflow/example_dags/example_latest_only.py took 0.306 seconds
[2024-09-13T02:54:43.681+0000] {processor.py:157} INFO - Started process (PID=1120) to work on /home/airflow/.local/lib/python3.7/site-packages/airflow/example_dags/example_latest_only.py
[2024-09-13T02:54:43.683+0000] {processor.py:826} INFO - Processing file /home/airflow/.local/lib/python3.7/site-packages/airflow/example_dags/example_latest_only.py for tasks to queue
[2024-09-13T02:54:43.684+0000] {logging_mixin.py:149} INFO - [2024-09-13T02:54:43.684+0000] {dagbag.py:541} INFO - Filling up the DagBag from /home/airflow/.local/lib/python3.7/site-packages/airflow/example_dags/example_latest_only.py
[2024-09-13T02:54:43.693+0000] {processor.py:836} INFO - DAG(s) dict_keys(['latest_only']) retrieved from /home/airflow/.local/lib/python3.7/site-packages/airflow/example_dags/example_latest_only.py
[2024-09-13T02:54:43.723+0000] {logging_mixin.py:149} INFO - [2024-09-13T02:54:43.723+0000] {dag.py:2726} INFO - Sync 1 DAGs
[2024-09-13T02:54:43.760+0000] {logging_mixin.py:149} INFO - [2024-09-13T02:54:43.760+0000] {dag.py:3490} INFO - Setting next_dagrun for latest_only to 2024-09-12T22:54:43.760168+00:00, run_after=2024-09-13T02:54:43.760168+00:00
[2024-09-13T02:54:43.784+0000] {processor.py:179} INFO - Processing /home/airflow/.local/lib/python3.7/site-packages/airflow/example_dags/example_latest_only.py took 0.108 seconds
[2024-09-13T02:55:17.799+0000] {processor.py:157} INFO - Started process (PID=1199) to work on /home/airflow/.local/lib/python3.7/site-packages/airflow/example_dags/example_latest_only.py
[2024-09-13T02:55:17.801+0000] {processor.py:826} INFO - Processing file /home/airflow/.local/lib/python3.7/site-packages/airflow/example_dags/example_latest_only.py for tasks to queue
[2024-09-13T02:55:17.803+0000] {logging_mixin.py:149} INFO - [2024-09-13T02:55:17.802+0000] {dagbag.py:541} INFO - Filling up the DagBag from /home/airflow/.local/lib/python3.7/site-packages/airflow/example_dags/example_latest_only.py
[2024-09-13T02:55:17.814+0000] {processor.py:836} INFO - DAG(s) dict_keys(['latest_only']) retrieved from /home/airflow/.local/lib/python3.7/site-packages/airflow/example_dags/example_latest_only.py
[2024-09-13T02:55:17.860+0000] {logging_mixin.py:149} INFO - [2024-09-13T02:55:17.859+0000] {dag.py:2726} INFO - Sync 1 DAGs
[2024-09-13T02:55:17.996+0000] {logging_mixin.py:149} INFO - [2024-09-13T02:55:17.995+0000] {dag.py:3490} INFO - Setting next_dagrun for latest_only to 2024-09-12T22:55:17.994535+00:00, run_after=2024-09-13T02:55:17.994535+00:00
[2024-09-13T02:55:18.056+0000] {processor.py:179} INFO - Processing /home/airflow/.local/lib/python3.7/site-packages/airflow/example_dags/example_latest_only.py took 0.264 seconds
[2024-09-13T02:55:53.232+0000] {processor.py:157} INFO - Started process (PID=1268) to work on /home/airflow/.local/lib/python3.7/site-packages/airflow/example_dags/example_latest_only.py
[2024-09-13T02:55:53.240+0000] {processor.py:826} INFO - Processing file /home/airflow/.local/lib/python3.7/site-packages/airflow/example_dags/example_latest_only.py for tasks to queue
[2024-09-13T02:55:53.249+0000] {logging_mixin.py:149} INFO - [2024-09-13T02:55:53.248+0000] {dagbag.py:541} INFO - Filling up the DagBag from /home/airflow/.local/lib/python3.7/site-packages/airflow/example_dags/example_latest_only.py
[2024-09-13T02:55:53.289+0000] {processor.py:836} INFO - DAG(s) dict_keys(['latest_only']) retrieved from /home/airflow/.local/lib/python3.7/site-packages/airflow/example_dags/example_latest_only.py
[2024-09-13T02:55:53.407+0000] {logging_mixin.py:149} INFO - [2024-09-13T02:55:53.406+0000] {dag.py:2726} INFO - Sync 1 DAGs
[2024-09-13T02:55:53.546+0000] {logging_mixin.py:149} INFO - [2024-09-13T02:55:53.546+0000] {dag.py:3490} INFO - Setting next_dagrun for latest_only to 2024-09-12T22:55:53.542273+00:00, run_after=2024-09-13T02:55:53.542273+00:00
[2024-09-13T02:55:53.597+0000] {processor.py:179} INFO - Processing /home/airflow/.local/lib/python3.7/site-packages/airflow/example_dags/example_latest_only.py took 0.392 seconds
[2024-09-13T02:56:27.424+0000] {processor.py:157} INFO - Started process (PID=1337) to work on /home/airflow/.local/lib/python3.7/site-packages/airflow/example_dags/example_latest_only.py
[2024-09-13T02:56:27.426+0000] {processor.py:826} INFO - Processing file /home/airflow/.local/lib/python3.7/site-packages/airflow/example_dags/example_latest_only.py for tasks to queue
[2024-09-13T02:56:27.428+0000] {logging_mixin.py:149} INFO - [2024-09-13T02:56:27.428+0000] {dagbag.py:541} INFO - Filling up the DagBag from /home/airflow/.local/lib/python3.7/site-packages/airflow/example_dags/example_latest_only.py
[2024-09-13T02:56:27.457+0000] {processor.py:836} INFO - DAG(s) dict_keys(['latest_only']) retrieved from /home/airflow/.local/lib/python3.7/site-packages/airflow/example_dags/example_latest_only.py
[2024-09-13T02:56:27.523+0000] {logging_mixin.py:149} INFO - [2024-09-13T02:56:27.523+0000] {dag.py:2726} INFO - Sync 1 DAGs
[2024-09-13T02:56:27.591+0000] {logging_mixin.py:149} INFO - [2024-09-13T02:56:27.590+0000] {dag.py:3490} INFO - Setting next_dagrun for latest_only to 2024-09-12T22:56:27.590481+00:00, run_after=2024-09-13T02:56:27.590481+00:00
[2024-09-13T02:56:27.636+0000] {processor.py:179} INFO - Processing /home/airflow/.local/lib/python3.7/site-packages/airflow/example_dags/example_latest_only.py took 0.220 seconds
[2024-09-13T02:56:58.461+0000] {processor.py:157} INFO - Started process (PID=1406) to work on /home/airflow/.local/lib/python3.7/site-packages/airflow/example_dags/example_latest_only.py
[2024-09-13T02:56:58.463+0000] {processor.py:826} INFO - Processing file /home/airflow/.local/lib/python3.7/site-packages/airflow/example_dags/example_latest_only.py for tasks to queue
[2024-09-13T02:56:58.464+0000] {logging_mixin.py:149} INFO - [2024-09-13T02:56:58.464+0000] {dagbag.py:541} INFO - Filling up the DagBag from /home/airflow/.local/lib/python3.7/site-packages/airflow/example_dags/example_latest_only.py
[2024-09-13T02:56:58.478+0000] {processor.py:836} INFO - DAG(s) dict_keys(['latest_only']) retrieved from /home/airflow/.local/lib/python3.7/site-packages/airflow/example_dags/example_latest_only.py
[2024-09-13T02:56:58.535+0000] {logging_mixin.py:149} INFO - [2024-09-13T02:56:58.535+0000] {dag.py:2726} INFO - Sync 1 DAGs
[2024-09-13T02:56:58.863+0000] {logging_mixin.py:149} INFO - [2024-09-13T02:56:58.862+0000] {dag.py:3490} INFO - Setting next_dagrun for latest_only to 2024-09-12T22:56:58.860548+00:00, run_after=2024-09-13T02:56:58.860548+00:00
[2024-09-13T02:56:58.943+0000] {processor.py:179} INFO - Processing /home/airflow/.local/lib/python3.7/site-packages/airflow/example_dags/example_latest_only.py took 0.489 seconds
