[2024-09-13T02:44:23.537+0000] {processor.py:157} INFO - Started process (PID=87) to work on /home/airflow/.local/lib/python3.7/site-packages/airflow/example_dags/example_params_trigger_ui.py
[2024-09-13T02:44:23.715+0000] {processor.py:826} INFO - Processing file /home/airflow/.local/lib/python3.7/site-packages/airflow/example_dags/example_params_trigger_ui.py for tasks to queue
[2024-09-13T02:44:23.777+0000] {logging_mixin.py:149} INFO - [2024-09-13T02:44:23.775+0000] {dagbag.py:541} INFO - Filling up the DagBag from /home/airflow/.local/lib/python3.7/site-packages/airflow/example_dags/example_params_trigger_ui.py
[2024-09-13T02:44:27.767+0000] {processor.py:836} INFO - DAG(s) dict_keys(['example_params_trigger_ui']) retrieved from /home/airflow/.local/lib/python3.7/site-packages/airflow/example_dags/example_params_trigger_ui.py
[2024-09-13T02:44:29.243+0000] {logging_mixin.py:149} INFO - [2024-09-13T02:44:29.239+0000] {dag.py:2726} INFO - Sync 1 DAGs
[2024-09-13T02:44:31.207+0000] {logging_mixin.py:149} INFO - [2024-09-13T02:44:31.194+0000] {dag.py:3490} INFO - Setting next_dagrun for example_params_trigger_ui to None, run_after=None
[2024-09-13T02:44:32.191+0000] {processor.py:179} INFO - Processing /home/airflow/.local/lib/python3.7/site-packages/airflow/example_dags/example_params_trigger_ui.py took 8.989 seconds
[2024-09-13T02:47:28.580+0000] {processor.py:157} INFO - Started process (PID=184) to work on /home/airflow/.local/lib/python3.7/site-packages/airflow/example_dags/example_params_trigger_ui.py
[2024-09-13T02:47:28.584+0000] {processor.py:826} INFO - Processing file /home/airflow/.local/lib/python3.7/site-packages/airflow/example_dags/example_params_trigger_ui.py for tasks to queue
[2024-09-13T02:47:28.586+0000] {logging_mixin.py:149} INFO - [2024-09-13T02:47:28.586+0000] {dagbag.py:541} INFO - Filling up the DagBag from /home/airflow/.local/lib/python3.7/site-packages/airflow/example_dags/example_params_trigger_ui.py
[2024-09-13T02:47:28.649+0000] {processor.py:836} INFO - DAG(s) dict_keys(['example_params_trigger_ui']) retrieved from /home/airflow/.local/lib/python3.7/site-packages/airflow/example_dags/example_params_trigger_ui.py
[2024-09-13T02:47:28.952+0000] {logging_mixin.py:149} INFO - [2024-09-13T02:47:28.952+0000] {dag.py:2726} INFO - Sync 1 DAGs
[2024-09-13T02:47:29.053+0000] {logging_mixin.py:149} INFO - [2024-09-13T02:47:29.053+0000] {dag.py:3490} INFO - Setting next_dagrun for example_params_trigger_ui to None, run_after=None
[2024-09-13T02:47:29.170+0000] {processor.py:179} INFO - Processing /home/airflow/.local/lib/python3.7/site-packages/airflow/example_dags/example_params_trigger_ui.py took 0.601 seconds
[2024-09-13T02:47:59.959+0000] {processor.py:157} INFO - Started process (PID=253) to work on /home/airflow/.local/lib/python3.7/site-packages/airflow/example_dags/example_params_trigger_ui.py
[2024-09-13T02:47:59.972+0000] {processor.py:826} INFO - Processing file /home/airflow/.local/lib/python3.7/site-packages/airflow/example_dags/example_params_trigger_ui.py for tasks to queue
[2024-09-13T02:47:59.983+0000] {logging_mixin.py:149} INFO - [2024-09-13T02:47:59.983+0000] {dagbag.py:541} INFO - Filling up the DagBag from /home/airflow/.local/lib/python3.7/site-packages/airflow/example_dags/example_params_trigger_ui.py
[2024-09-13T02:48:00.199+0000] {processor.py:836} INFO - DAG(s) dict_keys(['example_params_trigger_ui']) retrieved from /home/airflow/.local/lib/python3.7/site-packages/airflow/example_dags/example_params_trigger_ui.py
[2024-09-13T02:48:00.452+0000] {logging_mixin.py:149} INFO - [2024-09-13T02:48:00.450+0000] {dag.py:2726} INFO - Sync 1 DAGs
[2024-09-13T02:48:00.570+0000] {logging_mixin.py:149} INFO - [2024-09-13T02:48:00.570+0000] {dag.py:3490} INFO - Setting next_dagrun for example_params_trigger_ui to None, run_after=None
[2024-09-13T02:48:00.620+0000] {processor.py:179} INFO - Processing /home/airflow/.local/lib/python3.7/site-packages/airflow/example_dags/example_params_trigger_ui.py took 0.686 seconds
[2024-09-13T02:48:30.946+0000] {processor.py:157} INFO - Started process (PID=322) to work on /home/airflow/.local/lib/python3.7/site-packages/airflow/example_dags/example_params_trigger_ui.py
[2024-09-13T02:48:30.949+0000] {processor.py:826} INFO - Processing file /home/airflow/.local/lib/python3.7/site-packages/airflow/example_dags/example_params_trigger_ui.py for tasks to queue
[2024-09-13T02:48:30.951+0000] {logging_mixin.py:149} INFO - [2024-09-13T02:48:30.950+0000] {dagbag.py:541} INFO - Filling up the DagBag from /home/airflow/.local/lib/python3.7/site-packages/airflow/example_dags/example_params_trigger_ui.py
[2024-09-13T02:48:31.019+0000] {processor.py:836} INFO - DAG(s) dict_keys(['example_params_trigger_ui']) retrieved from /home/airflow/.local/lib/python3.7/site-packages/airflow/example_dags/example_params_trigger_ui.py
[2024-09-13T02:48:31.234+0000] {logging_mixin.py:149} INFO - [2024-09-13T02:48:31.233+0000] {dag.py:2726} INFO - Sync 1 DAGs
[2024-09-13T02:48:31.390+0000] {logging_mixin.py:149} INFO - [2024-09-13T02:48:31.389+0000] {dag.py:3490} INFO - Setting next_dagrun for example_params_trigger_ui to None, run_after=None
[2024-09-13T02:48:31.459+0000] {processor.py:179} INFO - Processing /home/airflow/.local/lib/python3.7/site-packages/airflow/example_dags/example_params_trigger_ui.py took 0.521 seconds
[2024-09-13T02:49:07.310+0000] {processor.py:157} INFO - Started process (PID=391) to work on /home/airflow/.local/lib/python3.7/site-packages/airflow/example_dags/example_params_trigger_ui.py
[2024-09-13T02:49:07.372+0000] {processor.py:826} INFO - Processing file /home/airflow/.local/lib/python3.7/site-packages/airflow/example_dags/example_params_trigger_ui.py for tasks to queue
[2024-09-13T02:49:07.442+0000] {logging_mixin.py:149} INFO - [2024-09-13T02:49:07.404+0000] {dagbag.py:541} INFO - Filling up the DagBag from /home/airflow/.local/lib/python3.7/site-packages/airflow/example_dags/example_params_trigger_ui.py
[2024-09-13T02:49:07.909+0000] {processor.py:836} INFO - DAG(s) dict_keys(['example_params_trigger_ui']) retrieved from /home/airflow/.local/lib/python3.7/site-packages/airflow/example_dags/example_params_trigger_ui.py
[2024-09-13T02:49:08.406+0000] {logging_mixin.py:149} INFO - [2024-09-13T02:49:08.406+0000] {dag.py:2726} INFO - Sync 1 DAGs
[2024-09-13T02:49:08.665+0000] {logging_mixin.py:149} INFO - [2024-09-13T02:49:08.665+0000] {dag.py:3490} INFO - Setting next_dagrun for example_params_trigger_ui to None, run_after=None
[2024-09-13T02:49:08.776+0000] {processor.py:179} INFO - Processing /home/airflow/.local/lib/python3.7/site-packages/airflow/example_dags/example_params_trigger_ui.py took 1.590 seconds
[2024-09-13T02:49:39.833+0000] {processor.py:157} INFO - Started process (PID=459) to work on /home/airflow/.local/lib/python3.7/site-packages/airflow/example_dags/example_params_trigger_ui.py
[2024-09-13T02:49:39.851+0000] {processor.py:826} INFO - Processing file /home/airflow/.local/lib/python3.7/site-packages/airflow/example_dags/example_params_trigger_ui.py for tasks to queue
[2024-09-13T02:49:39.855+0000] {logging_mixin.py:149} INFO - [2024-09-13T02:49:39.854+0000] {dagbag.py:541} INFO - Filling up the DagBag from /home/airflow/.local/lib/python3.7/site-packages/airflow/example_dags/example_params_trigger_ui.py
[2024-09-13T02:49:39.945+0000] {processor.py:836} INFO - DAG(s) dict_keys(['example_params_trigger_ui']) retrieved from /home/airflow/.local/lib/python3.7/site-packages/airflow/example_dags/example_params_trigger_ui.py
[2024-09-13T02:49:40.126+0000] {logging_mixin.py:149} INFO - [2024-09-13T02:49:40.126+0000] {dag.py:2726} INFO - Sync 1 DAGs
[2024-09-13T02:49:40.181+0000] {logging_mixin.py:149} INFO - [2024-09-13T02:49:40.180+0000] {dag.py:3490} INFO - Setting next_dagrun for example_params_trigger_ui to None, run_after=None
[2024-09-13T02:49:40.223+0000] {processor.py:179} INFO - Processing /home/airflow/.local/lib/python3.7/site-packages/airflow/example_dags/example_params_trigger_ui.py took 0.433 seconds
[2024-09-13T02:50:13.429+0000] {processor.py:157} INFO - Started process (PID=535) to work on /home/airflow/.local/lib/python3.7/site-packages/airflow/example_dags/example_params_trigger_ui.py
[2024-09-13T02:50:13.434+0000] {processor.py:826} INFO - Processing file /home/airflow/.local/lib/python3.7/site-packages/airflow/example_dags/example_params_trigger_ui.py for tasks to queue
[2024-09-13T02:50:13.438+0000] {logging_mixin.py:149} INFO - [2024-09-13T02:50:13.438+0000] {dagbag.py:541} INFO - Filling up the DagBag from /home/airflow/.local/lib/python3.7/site-packages/airflow/example_dags/example_params_trigger_ui.py
[2024-09-13T02:50:13.632+0000] {processor.py:836} INFO - DAG(s) dict_keys(['example_params_trigger_ui']) retrieved from /home/airflow/.local/lib/python3.7/site-packages/airflow/example_dags/example_params_trigger_ui.py
[2024-09-13T02:50:13.999+0000] {logging_mixin.py:149} INFO - [2024-09-13T02:50:13.998+0000] {dag.py:2726} INFO - Sync 1 DAGs
[2024-09-13T02:50:14.178+0000] {logging_mixin.py:149} INFO - [2024-09-13T02:50:14.177+0000] {dag.py:3490} INFO - Setting next_dagrun for example_params_trigger_ui to None, run_after=None
[2024-09-13T02:50:14.270+0000] {processor.py:179} INFO - Processing /home/airflow/.local/lib/python3.7/site-packages/airflow/example_dags/example_params_trigger_ui.py took 0.877 seconds
[2024-09-13T02:50:46.221+0000] {processor.py:157} INFO - Started process (PID=604) to work on /home/airflow/.local/lib/python3.7/site-packages/airflow/example_dags/example_params_trigger_ui.py
[2024-09-13T02:50:46.238+0000] {processor.py:826} INFO - Processing file /home/airflow/.local/lib/python3.7/site-packages/airflow/example_dags/example_params_trigger_ui.py for tasks to queue
[2024-09-13T02:50:46.242+0000] {logging_mixin.py:149} INFO - [2024-09-13T02:50:46.242+0000] {dagbag.py:541} INFO - Filling up the DagBag from /home/airflow/.local/lib/python3.7/site-packages/airflow/example_dags/example_params_trigger_ui.py
[2024-09-13T02:50:46.446+0000] {processor.py:836} INFO - DAG(s) dict_keys(['example_params_trigger_ui']) retrieved from /home/airflow/.local/lib/python3.7/site-packages/airflow/example_dags/example_params_trigger_ui.py
[2024-09-13T02:50:46.923+0000] {logging_mixin.py:149} INFO - [2024-09-13T02:50:46.921+0000] {dag.py:2726} INFO - Sync 1 DAGs
[2024-09-13T02:50:47.039+0000] {logging_mixin.py:149} INFO - [2024-09-13T02:50:47.038+0000] {dag.py:3490} INFO - Setting next_dagrun for example_params_trigger_ui to None, run_after=None
[2024-09-13T02:50:47.101+0000] {processor.py:179} INFO - Processing /home/airflow/.local/lib/python3.7/site-packages/airflow/example_dags/example_params_trigger_ui.py took 0.906 seconds
[2024-09-13T02:51:18.807+0000] {processor.py:157} INFO - Started process (PID=673) to work on /home/airflow/.local/lib/python3.7/site-packages/airflow/example_dags/example_params_trigger_ui.py
[2024-09-13T02:51:18.813+0000] {processor.py:826} INFO - Processing file /home/airflow/.local/lib/python3.7/site-packages/airflow/example_dags/example_params_trigger_ui.py for tasks to queue
[2024-09-13T02:51:18.816+0000] {logging_mixin.py:149} INFO - [2024-09-13T02:51:18.815+0000] {dagbag.py:541} INFO - Filling up the DagBag from /home/airflow/.local/lib/python3.7/site-packages/airflow/example_dags/example_params_trigger_ui.py
[2024-09-13T02:51:18.927+0000] {processor.py:836} INFO - DAG(s) dict_keys(['example_params_trigger_ui']) retrieved from /home/airflow/.local/lib/python3.7/site-packages/airflow/example_dags/example_params_trigger_ui.py
[2024-09-13T02:51:19.234+0000] {logging_mixin.py:149} INFO - [2024-09-13T02:51:19.232+0000] {dag.py:2726} INFO - Sync 1 DAGs
[2024-09-13T02:51:19.313+0000] {logging_mixin.py:149} INFO - [2024-09-13T02:51:19.313+0000] {dag.py:3490} INFO - Setting next_dagrun for example_params_trigger_ui to None, run_after=None
[2024-09-13T02:51:19.392+0000] {processor.py:179} INFO - Processing /home/airflow/.local/lib/python3.7/site-packages/airflow/example_dags/example_params_trigger_ui.py took 0.607 seconds
[2024-09-13T02:51:50.533+0000] {processor.py:157} INFO - Started process (PID=745) to work on /home/airflow/.local/lib/python3.7/site-packages/airflow/example_dags/example_params_trigger_ui.py
[2024-09-13T02:51:50.537+0000] {processor.py:826} INFO - Processing file /home/airflow/.local/lib/python3.7/site-packages/airflow/example_dags/example_params_trigger_ui.py for tasks to queue
[2024-09-13T02:51:50.539+0000] {logging_mixin.py:149} INFO - [2024-09-13T02:51:50.539+0000] {dagbag.py:541} INFO - Filling up the DagBag from /home/airflow/.local/lib/python3.7/site-packages/airflow/example_dags/example_params_trigger_ui.py
[2024-09-13T02:51:50.604+0000] {processor.py:836} INFO - DAG(s) dict_keys(['example_params_trigger_ui']) retrieved from /home/airflow/.local/lib/python3.7/site-packages/airflow/example_dags/example_params_trigger_ui.py
[2024-09-13T02:51:50.751+0000] {logging_mixin.py:149} INFO - [2024-09-13T02:51:50.750+0000] {dag.py:2726} INFO - Sync 1 DAGs
[2024-09-13T02:51:50.785+0000] {logging_mixin.py:149} INFO - [2024-09-13T02:51:50.784+0000] {dag.py:3490} INFO - Setting next_dagrun for example_params_trigger_ui to None, run_after=None
[2024-09-13T02:51:50.810+0000] {processor.py:179} INFO - Processing /home/airflow/.local/lib/python3.7/site-packages/airflow/example_dags/example_params_trigger_ui.py took 0.287 seconds
[2024-09-13T02:52:24.379+0000] {processor.py:157} INFO - Started process (PID=820) to work on /home/airflow/.local/lib/python3.7/site-packages/airflow/example_dags/example_params_trigger_ui.py
[2024-09-13T02:52:24.383+0000] {processor.py:826} INFO - Processing file /home/airflow/.local/lib/python3.7/site-packages/airflow/example_dags/example_params_trigger_ui.py for tasks to queue
[2024-09-13T02:52:24.386+0000] {logging_mixin.py:149} INFO - [2024-09-13T02:52:24.386+0000] {dagbag.py:541} INFO - Filling up the DagBag from /home/airflow/.local/lib/python3.7/site-packages/airflow/example_dags/example_params_trigger_ui.py
[2024-09-13T02:52:24.468+0000] {processor.py:836} INFO - DAG(s) dict_keys(['example_params_trigger_ui']) retrieved from /home/airflow/.local/lib/python3.7/site-packages/airflow/example_dags/example_params_trigger_ui.py
[2024-09-13T02:52:24.669+0000] {logging_mixin.py:149} INFO - [2024-09-13T02:52:24.669+0000] {dag.py:2726} INFO - Sync 1 DAGs
[2024-09-13T02:52:24.723+0000] {logging_mixin.py:149} INFO - [2024-09-13T02:52:24.723+0000] {dag.py:3490} INFO - Setting next_dagrun for example_params_trigger_ui to None, run_after=None
[2024-09-13T02:52:24.802+0000] {processor.py:179} INFO - Processing /home/airflow/.local/lib/python3.7/site-packages/airflow/example_dags/example_params_trigger_ui.py took 0.440 seconds
[2024-09-13T02:52:55.630+0000] {processor.py:157} INFO - Started process (PID=889) to work on /home/airflow/.local/lib/python3.7/site-packages/airflow/example_dags/example_params_trigger_ui.py
[2024-09-13T02:52:55.633+0000] {processor.py:826} INFO - Processing file /home/airflow/.local/lib/python3.7/site-packages/airflow/example_dags/example_params_trigger_ui.py for tasks to queue
[2024-09-13T02:52:55.635+0000] {logging_mixin.py:149} INFO - [2024-09-13T02:52:55.635+0000] {dagbag.py:541} INFO - Filling up the DagBag from /home/airflow/.local/lib/python3.7/site-packages/airflow/example_dags/example_params_trigger_ui.py
[2024-09-13T02:52:55.689+0000] {processor.py:836} INFO - DAG(s) dict_keys(['example_params_trigger_ui']) retrieved from /home/airflow/.local/lib/python3.7/site-packages/airflow/example_dags/example_params_trigger_ui.py
[2024-09-13T02:52:55.862+0000] {logging_mixin.py:149} INFO - [2024-09-13T02:52:55.862+0000] {dag.py:2726} INFO - Sync 1 DAGs
[2024-09-13T02:52:56.024+0000] {logging_mixin.py:149} INFO - [2024-09-13T02:52:56.022+0000] {dag.py:3490} INFO - Setting next_dagrun for example_params_trigger_ui to None, run_after=None
[2024-09-13T02:52:56.125+0000] {processor.py:179} INFO - Processing /home/airflow/.local/lib/python3.7/site-packages/airflow/example_dags/example_params_trigger_ui.py took 0.506 seconds
[2024-09-13T02:53:28.503+0000] {processor.py:157} INFO - Started process (PID=960) to work on /home/airflow/.local/lib/python3.7/site-packages/airflow/example_dags/example_params_trigger_ui.py
[2024-09-13T02:53:28.506+0000] {processor.py:826} INFO - Processing file /home/airflow/.local/lib/python3.7/site-packages/airflow/example_dags/example_params_trigger_ui.py for tasks to queue
[2024-09-13T02:53:28.508+0000] {logging_mixin.py:149} INFO - [2024-09-13T02:53:28.507+0000] {dagbag.py:541} INFO - Filling up the DagBag from /home/airflow/.local/lib/python3.7/site-packages/airflow/example_dags/example_params_trigger_ui.py
[2024-09-13T02:53:28.556+0000] {processor.py:836} INFO - DAG(s) dict_keys(['example_params_trigger_ui']) retrieved from /home/airflow/.local/lib/python3.7/site-packages/airflow/example_dags/example_params_trigger_ui.py
[2024-09-13T02:53:28.840+0000] {logging_mixin.py:149} INFO - [2024-09-13T02:53:28.840+0000] {dag.py:2726} INFO - Sync 1 DAGs
[2024-09-13T02:53:28.904+0000] {logging_mixin.py:149} INFO - [2024-09-13T02:53:28.903+0000] {dag.py:3490} INFO - Setting next_dagrun for example_params_trigger_ui to None, run_after=None
[2024-09-13T02:53:28.950+0000] {processor.py:179} INFO - Processing /home/airflow/.local/lib/python3.7/site-packages/airflow/example_dags/example_params_trigger_ui.py took 0.454 seconds
[2024-09-13T02:54:04.134+0000] {processor.py:157} INFO - Started process (PID=1029) to work on /home/airflow/.local/lib/python3.7/site-packages/airflow/example_dags/example_params_trigger_ui.py
[2024-09-13T02:54:04.143+0000] {processor.py:826} INFO - Processing file /home/airflow/.local/lib/python3.7/site-packages/airflow/example_dags/example_params_trigger_ui.py for tasks to queue
[2024-09-13T02:54:04.152+0000] {logging_mixin.py:149} INFO - [2024-09-13T02:54:04.150+0000] {dagbag.py:541} INFO - Filling up the DagBag from /home/airflow/.local/lib/python3.7/site-packages/airflow/example_dags/example_params_trigger_ui.py
[2024-09-13T02:54:04.259+0000] {processor.py:836} INFO - DAG(s) dict_keys(['example_params_trigger_ui']) retrieved from /home/airflow/.local/lib/python3.7/site-packages/airflow/example_dags/example_params_trigger_ui.py
[2024-09-13T02:54:04.563+0000] {logging_mixin.py:149} INFO - [2024-09-13T02:54:04.563+0000] {dag.py:2726} INFO - Sync 1 DAGs
[2024-09-13T02:54:04.641+0000] {logging_mixin.py:149} INFO - [2024-09-13T02:54:04.640+0000] {dag.py:3490} INFO - Setting next_dagrun for example_params_trigger_ui to None, run_after=None
[2024-09-13T02:54:04.717+0000] {processor.py:179} INFO - Processing /home/airflow/.local/lib/python3.7/site-packages/airflow/example_dags/example_params_trigger_ui.py took 0.599 seconds
[2024-09-13T02:54:35.646+0000] {processor.py:157} INFO - Started process (PID=1098) to work on /home/airflow/.local/lib/python3.7/site-packages/airflow/example_dags/example_params_trigger_ui.py
[2024-09-13T02:54:35.648+0000] {processor.py:826} INFO - Processing file /home/airflow/.local/lib/python3.7/site-packages/airflow/example_dags/example_params_trigger_ui.py for tasks to queue
[2024-09-13T02:54:35.649+0000] {logging_mixin.py:149} INFO - [2024-09-13T02:54:35.649+0000] {dagbag.py:541} INFO - Filling up the DagBag from /home/airflow/.local/lib/python3.7/site-packages/airflow/example_dags/example_params_trigger_ui.py
[2024-09-13T02:54:35.698+0000] {processor.py:836} INFO - DAG(s) dict_keys(['example_params_trigger_ui']) retrieved from /home/airflow/.local/lib/python3.7/site-packages/airflow/example_dags/example_params_trigger_ui.py
[2024-09-13T02:54:35.919+0000] {logging_mixin.py:149} INFO - [2024-09-13T02:54:35.918+0000] {dag.py:2726} INFO - Sync 1 DAGs
[2024-09-13T02:54:35.972+0000] {logging_mixin.py:149} INFO - [2024-09-13T02:54:35.972+0000] {dag.py:3490} INFO - Setting next_dagrun for example_params_trigger_ui to None, run_after=None
[2024-09-13T02:54:36.006+0000] {processor.py:179} INFO - Processing /home/airflow/.local/lib/python3.7/site-packages/airflow/example_dags/example_params_trigger_ui.py took 0.367 seconds
[2024-09-13T02:55:12.462+0000] {processor.py:157} INFO - Started process (PID=1171) to work on /home/airflow/.local/lib/python3.7/site-packages/airflow/example_dags/example_params_trigger_ui.py
[2024-09-13T02:55:12.468+0000] {processor.py:826} INFO - Processing file /home/airflow/.local/lib/python3.7/site-packages/airflow/example_dags/example_params_trigger_ui.py for tasks to queue
[2024-09-13T02:55:12.471+0000] {logging_mixin.py:149} INFO - [2024-09-13T02:55:12.471+0000] {dagbag.py:541} INFO - Filling up the DagBag from /home/airflow/.local/lib/python3.7/site-packages/airflow/example_dags/example_params_trigger_ui.py
[2024-09-13T02:55:12.593+0000] {processor.py:836} INFO - DAG(s) dict_keys(['example_params_trigger_ui']) retrieved from /home/airflow/.local/lib/python3.7/site-packages/airflow/example_dags/example_params_trigger_ui.py
[2024-09-13T02:55:13.382+0000] {logging_mixin.py:149} INFO - [2024-09-13T02:55:13.381+0000] {dag.py:2726} INFO - Sync 1 DAGs
[2024-09-13T02:55:13.589+0000] {logging_mixin.py:149} INFO - [2024-09-13T02:55:13.588+0000] {dag.py:3490} INFO - Setting next_dagrun for example_params_trigger_ui to None, run_after=None
[2024-09-13T02:55:13.673+0000] {processor.py:179} INFO - Processing /home/airflow/.local/lib/python3.7/site-packages/airflow/example_dags/example_params_trigger_ui.py took 1.228 seconds
[2024-09-13T02:55:47.704+0000] {processor.py:157} INFO - Started process (PID=1247) to work on /home/airflow/.local/lib/python3.7/site-packages/airflow/example_dags/example_params_trigger_ui.py
[2024-09-13T02:55:47.710+0000] {processor.py:826} INFO - Processing file /home/airflow/.local/lib/python3.7/site-packages/airflow/example_dags/example_params_trigger_ui.py for tasks to queue
[2024-09-13T02:55:47.712+0000] {logging_mixin.py:149} INFO - [2024-09-13T02:55:47.712+0000] {dagbag.py:541} INFO - Filling up the DagBag from /home/airflow/.local/lib/python3.7/site-packages/airflow/example_dags/example_params_trigger_ui.py
[2024-09-13T02:55:47.776+0000] {processor.py:836} INFO - DAG(s) dict_keys(['example_params_trigger_ui']) retrieved from /home/airflow/.local/lib/python3.7/site-packages/airflow/example_dags/example_params_trigger_ui.py
[2024-09-13T02:55:48.030+0000] {logging_mixin.py:149} INFO - [2024-09-13T02:55:48.030+0000] {dag.py:2726} INFO - Sync 1 DAGs
[2024-09-13T02:55:48.147+0000] {logging_mixin.py:149} INFO - [2024-09-13T02:55:48.146+0000] {dag.py:3490} INFO - Setting next_dagrun for example_params_trigger_ui to None, run_after=None
[2024-09-13T02:55:48.194+0000] {processor.py:179} INFO - Processing /home/airflow/.local/lib/python3.7/site-packages/airflow/example_dags/example_params_trigger_ui.py took 0.503 seconds
[2024-09-13T02:56:20.612+0000] {processor.py:157} INFO - Started process (PID=1318) to work on /home/airflow/.local/lib/python3.7/site-packages/airflow/example_dags/example_params_trigger_ui.py
[2024-09-13T02:56:20.616+0000] {processor.py:826} INFO - Processing file /home/airflow/.local/lib/python3.7/site-packages/airflow/example_dags/example_params_trigger_ui.py for tasks to queue
[2024-09-13T02:56:20.618+0000] {logging_mixin.py:149} INFO - [2024-09-13T02:56:20.618+0000] {dagbag.py:541} INFO - Filling up the DagBag from /home/airflow/.local/lib/python3.7/site-packages/airflow/example_dags/example_params_trigger_ui.py
[2024-09-13T02:56:20.735+0000] {processor.py:836} INFO - DAG(s) dict_keys(['example_params_trigger_ui']) retrieved from /home/airflow/.local/lib/python3.7/site-packages/airflow/example_dags/example_params_trigger_ui.py
[2024-09-13T02:56:21.618+0000] {logging_mixin.py:149} INFO - [2024-09-13T02:56:21.614+0000] {dag.py:2726} INFO - Sync 1 DAGs
[2024-09-13T02:56:21.926+0000] {logging_mixin.py:149} INFO - [2024-09-13T02:56:21.925+0000] {dag.py:3490} INFO - Setting next_dagrun for example_params_trigger_ui to None, run_after=None
[2024-09-13T02:56:22.118+0000] {processor.py:179} INFO - Processing /home/airflow/.local/lib/python3.7/site-packages/airflow/example_dags/example_params_trigger_ui.py took 1.518 seconds
[2024-09-13T02:56:53.147+0000] {processor.py:157} INFO - Started process (PID=1387) to work on /home/airflow/.local/lib/python3.7/site-packages/airflow/example_dags/example_params_trigger_ui.py
[2024-09-13T02:56:53.155+0000] {processor.py:826} INFO - Processing file /home/airflow/.local/lib/python3.7/site-packages/airflow/example_dags/example_params_trigger_ui.py for tasks to queue
[2024-09-13T02:56:53.159+0000] {logging_mixin.py:149} INFO - [2024-09-13T02:56:53.158+0000] {dagbag.py:541} INFO - Filling up the DagBag from /home/airflow/.local/lib/python3.7/site-packages/airflow/example_dags/example_params_trigger_ui.py
[2024-09-13T02:56:53.235+0000] {processor.py:836} INFO - DAG(s) dict_keys(['example_params_trigger_ui']) retrieved from /home/airflow/.local/lib/python3.7/site-packages/airflow/example_dags/example_params_trigger_ui.py
[2024-09-13T02:56:53.441+0000] {logging_mixin.py:149} INFO - [2024-09-13T02:56:53.441+0000] {dag.py:2726} INFO - Sync 1 DAGs
[2024-09-13T02:56:53.539+0000] {logging_mixin.py:149} INFO - [2024-09-13T02:56:53.538+0000] {dag.py:3490} INFO - Setting next_dagrun for example_params_trigger_ui to None, run_after=None
[2024-09-13T02:56:53.629+0000] {processor.py:179} INFO - Processing /home/airflow/.local/lib/python3.7/site-packages/airflow/example_dags/example_params_trigger_ui.py took 0.525 seconds
