[2024-09-13T02:43:47.944+0000] {processor.py:157} INFO - Started process (PID=68) to work on /home/airflow/.local/lib/python3.7/site-packages/airflow/example_dags/example_external_task_marker_dag.py
[2024-09-13T02:43:47.947+0000] {processor.py:826} INFO - Processing file /home/airflow/.local/lib/python3.7/site-packages/airflow/example_dags/example_external_task_marker_dag.py for tasks to queue
[2024-09-13T02:43:47.950+0000] {logging_mixin.py:149} INFO - [2024-09-13T02:43:47.950+0000] {dagbag.py:541} INFO - Filling up the DagBag from /home/airflow/.local/lib/python3.7/site-packages/airflow/example_dags/example_external_task_marker_dag.py
[2024-09-13T02:43:48.302+0000] {processor.py:836} INFO - DAG(s) dict_keys(['example_external_task_marker_parent', 'example_external_task_marker_child']) retrieved from /home/airflow/.local/lib/python3.7/site-packages/airflow/example_dags/example_external_task_marker_dag.py
[2024-09-13T02:43:48.896+0000] {logging_mixin.py:149} INFO - [2024-09-13T02:43:48.896+0000] {dag.py:2726} INFO - Sync 2 DAGs
[2024-09-13T02:43:49.444+0000] {logging_mixin.py:149} INFO - [2024-09-13T02:43:49.442+0000] {dag.py:3490} INFO - Setting next_dagrun for example_external_task_marker_child to None, run_after=None
[2024-09-13T02:43:49.512+0000] {logging_mixin.py:149} INFO - [2024-09-13T02:43:49.511+0000] {dag.py:3490} INFO - Setting next_dagrun for example_external_task_marker_parent to None, run_after=None
[2024-09-13T02:43:49.853+0000] {processor.py:179} INFO - Processing /home/airflow/.local/lib/python3.7/site-packages/airflow/example_dags/example_external_task_marker_dag.py took 1.921 seconds
[2024-09-13T02:46:58.744+0000] {processor.py:157} INFO - Started process (PID=165) to work on /home/airflow/.local/lib/python3.7/site-packages/airflow/example_dags/example_external_task_marker_dag.py
[2024-09-13T02:46:58.799+0000] {processor.py:826} INFO - Processing file /home/airflow/.local/lib/python3.7/site-packages/airflow/example_dags/example_external_task_marker_dag.py for tasks to queue
[2024-09-13T02:46:58.815+0000] {logging_mixin.py:149} INFO - [2024-09-13T02:46:58.814+0000] {dagbag.py:541} INFO - Filling up the DagBag from /home/airflow/.local/lib/python3.7/site-packages/airflow/example_dags/example_external_task_marker_dag.py
[2024-09-13T02:46:58.898+0000] {processor.py:836} INFO - DAG(s) dict_keys(['example_external_task_marker_parent', 'example_external_task_marker_child']) retrieved from /home/airflow/.local/lib/python3.7/site-packages/airflow/example_dags/example_external_task_marker_dag.py
[2024-09-13T02:46:59.201+0000] {logging_mixin.py:149} INFO - [2024-09-13T02:46:59.201+0000] {dag.py:2726} INFO - Sync 2 DAGs
[2024-09-13T02:47:01.809+0000] {logging_mixin.py:149} INFO - [2024-09-13T02:47:01.806+0000] {dag.py:3490} INFO - Setting next_dagrun for example_external_task_marker_child to None, run_after=None
[2024-09-13T02:47:02.188+0000] {logging_mixin.py:149} INFO - [2024-09-13T02:47:01.989+0000] {dag.py:3490} INFO - Setting next_dagrun for example_external_task_marker_parent to None, run_after=None
[2024-09-13T02:47:02.322+0000] {processor.py:179} INFO - Processing /home/airflow/.local/lib/python3.7/site-packages/airflow/example_dags/example_external_task_marker_dag.py took 3.619 seconds
[2024-09-13T02:47:37.768+0000] {processor.py:157} INFO - Started process (PID=233) to work on /home/airflow/.local/lib/python3.7/site-packages/airflow/example_dags/example_external_task_marker_dag.py
[2024-09-13T02:47:37.772+0000] {processor.py:826} INFO - Processing file /home/airflow/.local/lib/python3.7/site-packages/airflow/example_dags/example_external_task_marker_dag.py for tasks to queue
[2024-09-13T02:47:37.775+0000] {logging_mixin.py:149} INFO - [2024-09-13T02:47:37.774+0000] {dagbag.py:541} INFO - Filling up the DagBag from /home/airflow/.local/lib/python3.7/site-packages/airflow/example_dags/example_external_task_marker_dag.py
[2024-09-13T02:47:37.801+0000] {processor.py:836} INFO - DAG(s) dict_keys(['example_external_task_marker_parent', 'example_external_task_marker_child']) retrieved from /home/airflow/.local/lib/python3.7/site-packages/airflow/example_dags/example_external_task_marker_dag.py
[2024-09-13T02:47:37.970+0000] {logging_mixin.py:149} INFO - [2024-09-13T02:47:37.969+0000] {dag.py:2726} INFO - Sync 2 DAGs
[2024-09-13T02:47:38.258+0000] {logging_mixin.py:149} INFO - [2024-09-13T02:47:38.223+0000] {dag.py:3490} INFO - Setting next_dagrun for example_external_task_marker_child to None, run_after=None
[2024-09-13T02:47:38.303+0000] {logging_mixin.py:149} INFO - [2024-09-13T02:47:38.302+0000] {dag.py:3490} INFO - Setting next_dagrun for example_external_task_marker_parent to None, run_after=None
[2024-09-13T02:47:38.397+0000] {processor.py:179} INFO - Processing /home/airflow/.local/lib/python3.7/site-packages/airflow/example_dags/example_external_task_marker_dag.py took 0.640 seconds
[2024-09-13T02:48:14.384+0000] {processor.py:157} INFO - Started process (PID=296) to work on /home/airflow/.local/lib/python3.7/site-packages/airflow/example_dags/example_external_task_marker_dag.py
[2024-09-13T02:48:14.387+0000] {processor.py:826} INFO - Processing file /home/airflow/.local/lib/python3.7/site-packages/airflow/example_dags/example_external_task_marker_dag.py for tasks to queue
[2024-09-13T02:48:14.388+0000] {logging_mixin.py:149} INFO - [2024-09-13T02:48:14.388+0000] {dagbag.py:541} INFO - Filling up the DagBag from /home/airflow/.local/lib/python3.7/site-packages/airflow/example_dags/example_external_task_marker_dag.py
[2024-09-13T02:48:14.412+0000] {processor.py:836} INFO - DAG(s) dict_keys(['example_external_task_marker_child', 'example_external_task_marker_parent']) retrieved from /home/airflow/.local/lib/python3.7/site-packages/airflow/example_dags/example_external_task_marker_dag.py
[2024-09-13T02:48:14.489+0000] {logging_mixin.py:149} INFO - [2024-09-13T02:48:14.488+0000] {dag.py:2726} INFO - Sync 2 DAGs
[2024-09-13T02:48:14.577+0000] {logging_mixin.py:149} INFO - [2024-09-13T02:48:14.577+0000] {dag.py:3490} INFO - Setting next_dagrun for example_external_task_marker_child to None, run_after=None
[2024-09-13T02:48:14.589+0000] {logging_mixin.py:149} INFO - [2024-09-13T02:48:14.589+0000] {dag.py:3490} INFO - Setting next_dagrun for example_external_task_marker_parent to None, run_after=None
[2024-09-13T02:48:14.641+0000] {processor.py:179} INFO - Processing /home/airflow/.local/lib/python3.7/site-packages/airflow/example_dags/example_external_task_marker_dag.py took 0.266 seconds
[2024-09-13T02:48:47.178+0000] {processor.py:157} INFO - Started process (PID=365) to work on /home/airflow/.local/lib/python3.7/site-packages/airflow/example_dags/example_external_task_marker_dag.py
[2024-09-13T02:48:47.240+0000] {processor.py:826} INFO - Processing file /home/airflow/.local/lib/python3.7/site-packages/airflow/example_dags/example_external_task_marker_dag.py for tasks to queue
[2024-09-13T02:48:47.253+0000] {logging_mixin.py:149} INFO - [2024-09-13T02:48:47.253+0000] {dagbag.py:541} INFO - Filling up the DagBag from /home/airflow/.local/lib/python3.7/site-packages/airflow/example_dags/example_external_task_marker_dag.py
[2024-09-13T02:48:47.301+0000] {processor.py:836} INFO - DAG(s) dict_keys(['example_external_task_marker_child', 'example_external_task_marker_parent']) retrieved from /home/airflow/.local/lib/python3.7/site-packages/airflow/example_dags/example_external_task_marker_dag.py
[2024-09-13T02:48:47.434+0000] {logging_mixin.py:149} INFO - [2024-09-13T02:48:47.433+0000] {dag.py:2726} INFO - Sync 2 DAGs
[2024-09-13T02:48:47.529+0000] {logging_mixin.py:149} INFO - [2024-09-13T02:48:47.528+0000] {dag.py:3490} INFO - Setting next_dagrun for example_external_task_marker_child to None, run_after=None
[2024-09-13T02:48:47.538+0000] {logging_mixin.py:149} INFO - [2024-09-13T02:48:47.538+0000] {dag.py:3490} INFO - Setting next_dagrun for example_external_task_marker_parent to None, run_after=None
[2024-09-13T02:48:47.608+0000] {processor.py:179} INFO - Processing /home/airflow/.local/lib/python3.7/site-packages/airflow/example_dags/example_external_task_marker_dag.py took 0.458 seconds
[2024-09-13T02:49:17.976+0000] {processor.py:157} INFO - Started process (PID=419) to work on /home/airflow/.local/lib/python3.7/site-packages/airflow/example_dags/example_external_task_marker_dag.py
[2024-09-13T02:49:17.979+0000] {processor.py:826} INFO - Processing file /home/airflow/.local/lib/python3.7/site-packages/airflow/example_dags/example_external_task_marker_dag.py for tasks to queue
[2024-09-13T02:49:17.982+0000] {logging_mixin.py:149} INFO - [2024-09-13T02:49:17.981+0000] {dagbag.py:541} INFO - Filling up the DagBag from /home/airflow/.local/lib/python3.7/site-packages/airflow/example_dags/example_external_task_marker_dag.py
[2024-09-13T02:49:18.006+0000] {processor.py:836} INFO - DAG(s) dict_keys(['example_external_task_marker_parent', 'example_external_task_marker_child']) retrieved from /home/airflow/.local/lib/python3.7/site-packages/airflow/example_dags/example_external_task_marker_dag.py
[2024-09-13T02:49:18.144+0000] {logging_mixin.py:149} INFO - [2024-09-13T02:49:18.143+0000] {dag.py:2726} INFO - Sync 2 DAGs
[2024-09-13T02:49:18.248+0000] {logging_mixin.py:149} INFO - [2024-09-13T02:49:18.248+0000] {dag.py:3490} INFO - Setting next_dagrun for example_external_task_marker_child to None, run_after=None
[2024-09-13T02:49:18.264+0000] {logging_mixin.py:149} INFO - [2024-09-13T02:49:18.263+0000] {dag.py:3490} INFO - Setting next_dagrun for example_external_task_marker_parent to None, run_after=None
[2024-09-13T02:49:18.301+0000] {processor.py:179} INFO - Processing /home/airflow/.local/lib/python3.7/site-packages/airflow/example_dags/example_external_task_marker_dag.py took 0.335 seconds
[2024-09-13T02:49:49.781+0000] {processor.py:157} INFO - Started process (PID=479) to work on /home/airflow/.local/lib/python3.7/site-packages/airflow/example_dags/example_external_task_marker_dag.py
[2024-09-13T02:49:49.787+0000] {processor.py:826} INFO - Processing file /home/airflow/.local/lib/python3.7/site-packages/airflow/example_dags/example_external_task_marker_dag.py for tasks to queue
[2024-09-13T02:49:49.791+0000] {logging_mixin.py:149} INFO - [2024-09-13T02:49:49.790+0000] {dagbag.py:541} INFO - Filling up the DagBag from /home/airflow/.local/lib/python3.7/site-packages/airflow/example_dags/example_external_task_marker_dag.py
[2024-09-13T02:49:49.842+0000] {processor.py:836} INFO - DAG(s) dict_keys(['example_external_task_marker_parent', 'example_external_task_marker_child']) retrieved from /home/airflow/.local/lib/python3.7/site-packages/airflow/example_dags/example_external_task_marker_dag.py
[2024-09-13T02:49:50.418+0000] {logging_mixin.py:149} INFO - [2024-09-13T02:49:50.417+0000] {dag.py:2726} INFO - Sync 2 DAGs
[2024-09-13T02:49:51.342+0000] {logging_mixin.py:149} INFO - [2024-09-13T02:49:51.317+0000] {dag.py:3490} INFO - Setting next_dagrun for example_external_task_marker_child to None, run_after=None
[2024-09-13T02:49:51.362+0000] {logging_mixin.py:149} INFO - [2024-09-13T02:49:51.362+0000] {dag.py:3490} INFO - Setting next_dagrun for example_external_task_marker_parent to None, run_after=None
[2024-09-13T02:49:51.598+0000] {processor.py:179} INFO - Processing /home/airflow/.local/lib/python3.7/site-packages/airflow/example_dags/example_external_task_marker_dag.py took 1.840 seconds
[2024-09-13T02:50:22.137+0000] {processor.py:157} INFO - Started process (PID=548) to work on /home/airflow/.local/lib/python3.7/site-packages/airflow/example_dags/example_external_task_marker_dag.py
[2024-09-13T02:50:22.141+0000] {processor.py:826} INFO - Processing file /home/airflow/.local/lib/python3.7/site-packages/airflow/example_dags/example_external_task_marker_dag.py for tasks to queue
[2024-09-13T02:50:22.144+0000] {logging_mixin.py:149} INFO - [2024-09-13T02:50:22.143+0000] {dagbag.py:541} INFO - Filling up the DagBag from /home/airflow/.local/lib/python3.7/site-packages/airflow/example_dags/example_external_task_marker_dag.py
[2024-09-13T02:50:22.193+0000] {processor.py:836} INFO - DAG(s) dict_keys(['example_external_task_marker_child', 'example_external_task_marker_parent']) retrieved from /home/airflow/.local/lib/python3.7/site-packages/airflow/example_dags/example_external_task_marker_dag.py
[2024-09-13T02:50:22.380+0000] {logging_mixin.py:149} INFO - [2024-09-13T02:50:22.379+0000] {dag.py:2726} INFO - Sync 2 DAGs
[2024-09-13T02:50:22.547+0000] {logging_mixin.py:149} INFO - [2024-09-13T02:50:22.547+0000] {dag.py:3490} INFO - Setting next_dagrun for example_external_task_marker_child to None, run_after=None
[2024-09-13T02:50:22.577+0000] {logging_mixin.py:149} INFO - [2024-09-13T02:50:22.576+0000] {dag.py:3490} INFO - Setting next_dagrun for example_external_task_marker_parent to None, run_after=None
[2024-09-13T02:50:22.629+0000] {processor.py:179} INFO - Processing /home/airflow/.local/lib/python3.7/site-packages/airflow/example_dags/example_external_task_marker_dag.py took 0.509 seconds
[2024-09-13T02:50:53.061+0000] {processor.py:157} INFO - Started process (PID=617) to work on /home/airflow/.local/lib/python3.7/site-packages/airflow/example_dags/example_external_task_marker_dag.py
[2024-09-13T02:50:53.065+0000] {processor.py:826} INFO - Processing file /home/airflow/.local/lib/python3.7/site-packages/airflow/example_dags/example_external_task_marker_dag.py for tasks to queue
[2024-09-13T02:50:53.068+0000] {logging_mixin.py:149} INFO - [2024-09-13T02:50:53.068+0000] {dagbag.py:541} INFO - Filling up the DagBag from /home/airflow/.local/lib/python3.7/site-packages/airflow/example_dags/example_external_task_marker_dag.py
[2024-09-13T02:50:53.096+0000] {processor.py:836} INFO - DAG(s) dict_keys(['example_external_task_marker_child', 'example_external_task_marker_parent']) retrieved from /home/airflow/.local/lib/python3.7/site-packages/airflow/example_dags/example_external_task_marker_dag.py
[2024-09-13T02:50:53.220+0000] {logging_mixin.py:149} INFO - [2024-09-13T02:50:53.220+0000] {dag.py:2726} INFO - Sync 2 DAGs
[2024-09-13T02:50:53.300+0000] {logging_mixin.py:149} INFO - [2024-09-13T02:50:53.299+0000] {dag.py:3490} INFO - Setting next_dagrun for example_external_task_marker_child to None, run_after=None
[2024-09-13T02:50:53.314+0000] {logging_mixin.py:149} INFO - [2024-09-13T02:50:53.314+0000] {dag.py:3490} INFO - Setting next_dagrun for example_external_task_marker_parent to None, run_after=None
[2024-09-13T02:50:53.354+0000] {processor.py:179} INFO - Processing /home/airflow/.local/lib/python3.7/site-packages/airflow/example_dags/example_external_task_marker_dag.py took 0.329 seconds
[2024-09-13T02:51:23.878+0000] {processor.py:157} INFO - Started process (PID=686) to work on /home/airflow/.local/lib/python3.7/site-packages/airflow/example_dags/example_external_task_marker_dag.py
[2024-09-13T02:51:23.881+0000] {processor.py:826} INFO - Processing file /home/airflow/.local/lib/python3.7/site-packages/airflow/example_dags/example_external_task_marker_dag.py for tasks to queue
[2024-09-13T02:51:23.883+0000] {logging_mixin.py:149} INFO - [2024-09-13T02:51:23.883+0000] {dagbag.py:541} INFO - Filling up the DagBag from /home/airflow/.local/lib/python3.7/site-packages/airflow/example_dags/example_external_task_marker_dag.py
[2024-09-13T02:51:23.937+0000] {processor.py:836} INFO - DAG(s) dict_keys(['example_external_task_marker_child', 'example_external_task_marker_parent']) retrieved from /home/airflow/.local/lib/python3.7/site-packages/airflow/example_dags/example_external_task_marker_dag.py
[2024-09-13T02:51:24.110+0000] {logging_mixin.py:149} INFO - [2024-09-13T02:51:24.109+0000] {dag.py:2726} INFO - Sync 2 DAGs
[2024-09-13T02:51:24.215+0000] {logging_mixin.py:149} INFO - [2024-09-13T02:51:24.215+0000] {dag.py:3490} INFO - Setting next_dagrun for example_external_task_marker_child to None, run_after=None
[2024-09-13T02:51:24.226+0000] {logging_mixin.py:149} INFO - [2024-09-13T02:51:24.225+0000] {dag.py:3490} INFO - Setting next_dagrun for example_external_task_marker_parent to None, run_after=None
[2024-09-13T02:51:24.273+0000] {processor.py:179} INFO - Processing /home/airflow/.local/lib/python3.7/site-packages/airflow/example_dags/example_external_task_marker_dag.py took 0.405 seconds
[2024-09-13T02:51:54.588+0000] {processor.py:157} INFO - Started process (PID=755) to work on /home/airflow/.local/lib/python3.7/site-packages/airflow/example_dags/example_external_task_marker_dag.py
[2024-09-13T02:51:54.592+0000] {processor.py:826} INFO - Processing file /home/airflow/.local/lib/python3.7/site-packages/airflow/example_dags/example_external_task_marker_dag.py for tasks to queue
[2024-09-13T02:51:54.593+0000] {logging_mixin.py:149} INFO - [2024-09-13T02:51:54.593+0000] {dagbag.py:541} INFO - Filling up the DagBag from /home/airflow/.local/lib/python3.7/site-packages/airflow/example_dags/example_external_task_marker_dag.py
[2024-09-13T02:51:54.602+0000] {processor.py:836} INFO - DAG(s) dict_keys(['example_external_task_marker_child', 'example_external_task_marker_parent']) retrieved from /home/airflow/.local/lib/python3.7/site-packages/airflow/example_dags/example_external_task_marker_dag.py
[2024-09-13T02:51:54.655+0000] {logging_mixin.py:149} INFO - [2024-09-13T02:51:54.654+0000] {dag.py:2726} INFO - Sync 2 DAGs
[2024-09-13T02:51:54.711+0000] {logging_mixin.py:149} INFO - [2024-09-13T02:51:54.711+0000] {dag.py:3490} INFO - Setting next_dagrun for example_external_task_marker_child to None, run_after=None
[2024-09-13T02:51:54.718+0000] {logging_mixin.py:149} INFO - [2024-09-13T02:51:54.718+0000] {dag.py:3490} INFO - Setting next_dagrun for example_external_task_marker_parent to None, run_after=None
[2024-09-13T02:51:54.756+0000] {processor.py:179} INFO - Processing /home/airflow/.local/lib/python3.7/site-packages/airflow/example_dags/example_external_task_marker_dag.py took 0.174 seconds
[2024-09-13T02:52:25.235+0000] {processor.py:157} INFO - Started process (PID=824) to work on /home/airflow/.local/lib/python3.7/site-packages/airflow/example_dags/example_external_task_marker_dag.py
[2024-09-13T02:52:25.237+0000] {processor.py:826} INFO - Processing file /home/airflow/.local/lib/python3.7/site-packages/airflow/example_dags/example_external_task_marker_dag.py for tasks to queue
[2024-09-13T02:52:25.239+0000] {logging_mixin.py:149} INFO - [2024-09-13T02:52:25.239+0000] {dagbag.py:541} INFO - Filling up the DagBag from /home/airflow/.local/lib/python3.7/site-packages/airflow/example_dags/example_external_task_marker_dag.py
[2024-09-13T02:52:25.271+0000] {processor.py:836} INFO - DAG(s) dict_keys(['example_external_task_marker_parent', 'example_external_task_marker_child']) retrieved from /home/airflow/.local/lib/python3.7/site-packages/airflow/example_dags/example_external_task_marker_dag.py
[2024-09-13T02:52:25.354+0000] {logging_mixin.py:149} INFO - [2024-09-13T02:52:25.353+0000] {dag.py:2726} INFO - Sync 2 DAGs
[2024-09-13T02:52:25.415+0000] {logging_mixin.py:149} INFO - [2024-09-13T02:52:25.414+0000] {dag.py:3490} INFO - Setting next_dagrun for example_external_task_marker_child to None, run_after=None
[2024-09-13T02:52:25.426+0000] {logging_mixin.py:149} INFO - [2024-09-13T02:52:25.426+0000] {dag.py:3490} INFO - Setting next_dagrun for example_external_task_marker_parent to None, run_after=None
[2024-09-13T02:52:25.477+0000] {processor.py:179} INFO - Processing /home/airflow/.local/lib/python3.7/site-packages/airflow/example_dags/example_external_task_marker_dag.py took 0.250 seconds
[2024-09-13T02:52:56.267+0000] {processor.py:157} INFO - Started process (PID=892) to work on /home/airflow/.local/lib/python3.7/site-packages/airflow/example_dags/example_external_task_marker_dag.py
[2024-09-13T02:52:56.272+0000] {processor.py:826} INFO - Processing file /home/airflow/.local/lib/python3.7/site-packages/airflow/example_dags/example_external_task_marker_dag.py for tasks to queue
[2024-09-13T02:52:56.278+0000] {logging_mixin.py:149} INFO - [2024-09-13T02:52:56.277+0000] {dagbag.py:541} INFO - Filling up the DagBag from /home/airflow/.local/lib/python3.7/site-packages/airflow/example_dags/example_external_task_marker_dag.py
[2024-09-13T02:52:56.393+0000] {processor.py:836} INFO - DAG(s) dict_keys(['example_external_task_marker_parent', 'example_external_task_marker_child']) retrieved from /home/airflow/.local/lib/python3.7/site-packages/airflow/example_dags/example_external_task_marker_dag.py
[2024-09-13T02:52:56.551+0000] {logging_mixin.py:149} INFO - [2024-09-13T02:52:56.550+0000] {dag.py:2726} INFO - Sync 2 DAGs
[2024-09-13T02:52:56.978+0000] {logging_mixin.py:149} INFO - [2024-09-13T02:52:56.977+0000] {dag.py:3490} INFO - Setting next_dagrun for example_external_task_marker_child to None, run_after=None
[2024-09-13T02:52:57.009+0000] {logging_mixin.py:149} INFO - [2024-09-13T02:52:57.008+0000] {dag.py:3490} INFO - Setting next_dagrun for example_external_task_marker_parent to None, run_after=None
[2024-09-13T02:52:57.144+0000] {processor.py:179} INFO - Processing /home/airflow/.local/lib/python3.7/site-packages/airflow/example_dags/example_external_task_marker_dag.py took 0.895 seconds
[2024-09-13T02:53:28.434+0000] {processor.py:157} INFO - Started process (PID=959) to work on /home/airflow/.local/lib/python3.7/site-packages/airflow/example_dags/example_external_task_marker_dag.py
[2024-09-13T02:53:28.436+0000] {processor.py:826} INFO - Processing file /home/airflow/.local/lib/python3.7/site-packages/airflow/example_dags/example_external_task_marker_dag.py for tasks to queue
[2024-09-13T02:53:28.438+0000] {logging_mixin.py:149} INFO - [2024-09-13T02:53:28.438+0000] {dagbag.py:541} INFO - Filling up the DagBag from /home/airflow/.local/lib/python3.7/site-packages/airflow/example_dags/example_external_task_marker_dag.py
[2024-09-13T02:53:28.457+0000] {processor.py:836} INFO - DAG(s) dict_keys(['example_external_task_marker_parent', 'example_external_task_marker_child']) retrieved from /home/airflow/.local/lib/python3.7/site-packages/airflow/example_dags/example_external_task_marker_dag.py
[2024-09-13T02:53:28.539+0000] {logging_mixin.py:149} INFO - [2024-09-13T02:53:28.539+0000] {dag.py:2726} INFO - Sync 2 DAGs
[2024-09-13T02:53:28.599+0000] {logging_mixin.py:149} INFO - [2024-09-13T02:53:28.599+0000] {dag.py:3490} INFO - Setting next_dagrun for example_external_task_marker_child to None, run_after=None
[2024-09-13T02:53:28.605+0000] {logging_mixin.py:149} INFO - [2024-09-13T02:53:28.605+0000] {dag.py:3490} INFO - Setting next_dagrun for example_external_task_marker_parent to None, run_after=None
[2024-09-13T02:53:28.641+0000] {processor.py:179} INFO - Processing /home/airflow/.local/lib/python3.7/site-packages/airflow/example_dags/example_external_task_marker_dag.py took 0.215 seconds
[2024-09-13T02:54:03.970+0000] {processor.py:157} INFO - Started process (PID=1028) to work on /home/airflow/.local/lib/python3.7/site-packages/airflow/example_dags/example_external_task_marker_dag.py
[2024-09-13T02:54:03.982+0000] {processor.py:826} INFO - Processing file /home/airflow/.local/lib/python3.7/site-packages/airflow/example_dags/example_external_task_marker_dag.py for tasks to queue
[2024-09-13T02:54:03.985+0000] {logging_mixin.py:149} INFO - [2024-09-13T02:54:03.984+0000] {dagbag.py:541} INFO - Filling up the DagBag from /home/airflow/.local/lib/python3.7/site-packages/airflow/example_dags/example_external_task_marker_dag.py
[2024-09-13T02:54:04.005+0000] {processor.py:836} INFO - DAG(s) dict_keys(['example_external_task_marker_parent', 'example_external_task_marker_child']) retrieved from /home/airflow/.local/lib/python3.7/site-packages/airflow/example_dags/example_external_task_marker_dag.py
[2024-09-13T02:54:04.183+0000] {logging_mixin.py:149} INFO - [2024-09-13T02:54:04.183+0000] {dag.py:2726} INFO - Sync 2 DAGs
[2024-09-13T02:54:04.291+0000] {logging_mixin.py:149} INFO - [2024-09-13T02:54:04.291+0000] {dag.py:3490} INFO - Setting next_dagrun for example_external_task_marker_child to None, run_after=None
[2024-09-13T02:54:04.299+0000] {logging_mixin.py:149} INFO - [2024-09-13T02:54:04.299+0000] {dag.py:3490} INFO - Setting next_dagrun for example_external_task_marker_parent to None, run_after=None
[2024-09-13T02:54:04.345+0000] {processor.py:179} INFO - Processing /home/airflow/.local/lib/python3.7/site-packages/airflow/example_dags/example_external_task_marker_dag.py took 0.407 seconds
[2024-09-13T02:54:35.432+0000] {processor.py:157} INFO - Started process (PID=1097) to work on /home/airflow/.local/lib/python3.7/site-packages/airflow/example_dags/example_external_task_marker_dag.py
[2024-09-13T02:54:35.436+0000] {processor.py:826} INFO - Processing file /home/airflow/.local/lib/python3.7/site-packages/airflow/example_dags/example_external_task_marker_dag.py for tasks to queue
[2024-09-13T02:54:35.438+0000] {logging_mixin.py:149} INFO - [2024-09-13T02:54:35.438+0000] {dagbag.py:541} INFO - Filling up the DagBag from /home/airflow/.local/lib/python3.7/site-packages/airflow/example_dags/example_external_task_marker_dag.py
[2024-09-13T02:54:35.452+0000] {processor.py:836} INFO - DAG(s) dict_keys(['example_external_task_marker_parent', 'example_external_task_marker_child']) retrieved from /home/airflow/.local/lib/python3.7/site-packages/airflow/example_dags/example_external_task_marker_dag.py
[2024-09-13T02:54:35.512+0000] {logging_mixin.py:149} INFO - [2024-09-13T02:54:35.512+0000] {dag.py:2726} INFO - Sync 2 DAGs
[2024-09-13T02:54:35.562+0000] {logging_mixin.py:149} INFO - [2024-09-13T02:54:35.562+0000] {dag.py:3490} INFO - Setting next_dagrun for example_external_task_marker_child to None, run_after=None
[2024-09-13T02:54:35.571+0000] {logging_mixin.py:149} INFO - [2024-09-13T02:54:35.570+0000] {dag.py:3490} INFO - Setting next_dagrun for example_external_task_marker_parent to None, run_after=None
[2024-09-13T02:54:35.603+0000] {processor.py:179} INFO - Processing /home/airflow/.local/lib/python3.7/site-packages/airflow/example_dags/example_external_task_marker_dag.py took 0.183 seconds
[2024-09-13T02:55:10.088+0000] {processor.py:157} INFO - Started process (PID=1165) to work on /home/airflow/.local/lib/python3.7/site-packages/airflow/example_dags/example_external_task_marker_dag.py
[2024-09-13T02:55:10.099+0000] {processor.py:826} INFO - Processing file /home/airflow/.local/lib/python3.7/site-packages/airflow/example_dags/example_external_task_marker_dag.py for tasks to queue
[2024-09-13T02:55:10.107+0000] {logging_mixin.py:149} INFO - [2024-09-13T02:55:10.106+0000] {dagbag.py:541} INFO - Filling up the DagBag from /home/airflow/.local/lib/python3.7/site-packages/airflow/example_dags/example_external_task_marker_dag.py
[2024-09-13T02:55:10.138+0000] {processor.py:836} INFO - DAG(s) dict_keys(['example_external_task_marker_parent', 'example_external_task_marker_child']) retrieved from /home/airflow/.local/lib/python3.7/site-packages/airflow/example_dags/example_external_task_marker_dag.py
[2024-09-13T02:55:10.343+0000] {logging_mixin.py:149} INFO - [2024-09-13T02:55:10.342+0000] {dag.py:2726} INFO - Sync 2 DAGs
[2024-09-13T02:55:10.489+0000] {logging_mixin.py:149} INFO - [2024-09-13T02:55:10.488+0000] {dag.py:3490} INFO - Setting next_dagrun for example_external_task_marker_child to None, run_after=None
[2024-09-13T02:55:10.499+0000] {logging_mixin.py:149} INFO - [2024-09-13T02:55:10.498+0000] {dag.py:3490} INFO - Setting next_dagrun for example_external_task_marker_parent to None, run_after=None
[2024-09-13T02:55:10.604+0000] {processor.py:179} INFO - Processing /home/airflow/.local/lib/python3.7/site-packages/airflow/example_dags/example_external_task_marker_dag.py took 0.539 seconds
[2024-09-13T02:55:40.878+0000] {processor.py:157} INFO - Started process (PID=1233) to work on /home/airflow/.local/lib/python3.7/site-packages/airflow/example_dags/example_external_task_marker_dag.py
[2024-09-13T02:55:40.880+0000] {processor.py:826} INFO - Processing file /home/airflow/.local/lib/python3.7/site-packages/airflow/example_dags/example_external_task_marker_dag.py for tasks to queue
[2024-09-13T02:55:40.881+0000] {logging_mixin.py:149} INFO - [2024-09-13T02:55:40.881+0000] {dagbag.py:541} INFO - Filling up the DagBag from /home/airflow/.local/lib/python3.7/site-packages/airflow/example_dags/example_external_task_marker_dag.py
[2024-09-13T02:55:40.891+0000] {processor.py:836} INFO - DAG(s) dict_keys(['example_external_task_marker_parent', 'example_external_task_marker_child']) retrieved from /home/airflow/.local/lib/python3.7/site-packages/airflow/example_dags/example_external_task_marker_dag.py
[2024-09-13T02:55:40.955+0000] {logging_mixin.py:149} INFO - [2024-09-13T02:55:40.954+0000] {dag.py:2726} INFO - Sync 2 DAGs
[2024-09-13T02:55:41.060+0000] {logging_mixin.py:149} INFO - [2024-09-13T02:55:41.040+0000] {dag.py:3490} INFO - Setting next_dagrun for example_external_task_marker_child to None, run_after=None
[2024-09-13T02:55:41.360+0000] {logging_mixin.py:149} INFO - [2024-09-13T02:55:41.359+0000] {dag.py:3490} INFO - Setting next_dagrun for example_external_task_marker_parent to None, run_after=None
[2024-09-13T02:55:41.478+0000] {processor.py:179} INFO - Processing /home/airflow/.local/lib/python3.7/site-packages/airflow/example_dags/example_external_task_marker_dag.py took 0.604 seconds
[2024-09-13T02:56:11.849+0000] {processor.py:157} INFO - Started process (PID=1293) to work on /home/airflow/.local/lib/python3.7/site-packages/airflow/example_dags/example_external_task_marker_dag.py
[2024-09-13T02:56:11.854+0000] {processor.py:826} INFO - Processing file /home/airflow/.local/lib/python3.7/site-packages/airflow/example_dags/example_external_task_marker_dag.py for tasks to queue
[2024-09-13T02:56:11.857+0000] {logging_mixin.py:149} INFO - [2024-09-13T02:56:11.857+0000] {dagbag.py:541} INFO - Filling up the DagBag from /home/airflow/.local/lib/python3.7/site-packages/airflow/example_dags/example_external_task_marker_dag.py
[2024-09-13T02:56:11.888+0000] {processor.py:836} INFO - DAG(s) dict_keys(['example_external_task_marker_child', 'example_external_task_marker_parent']) retrieved from /home/airflow/.local/lib/python3.7/site-packages/airflow/example_dags/example_external_task_marker_dag.py
[2024-09-13T02:56:12.209+0000] {logging_mixin.py:149} INFO - [2024-09-13T02:56:12.208+0000] {dag.py:2726} INFO - Sync 2 DAGs
[2024-09-13T02:56:12.586+0000] {logging_mixin.py:149} INFO - [2024-09-13T02:56:12.543+0000] {dag.py:3490} INFO - Setting next_dagrun for example_external_task_marker_child to None, run_after=None
[2024-09-13T02:56:12.614+0000] {logging_mixin.py:149} INFO - [2024-09-13T02:56:12.614+0000] {dag.py:3490} INFO - Setting next_dagrun for example_external_task_marker_parent to None, run_after=None
[2024-09-13T02:56:12.710+0000] {processor.py:179} INFO - Processing /home/airflow/.local/lib/python3.7/site-packages/airflow/example_dags/example_external_task_marker_dag.py took 0.879 seconds
[2024-09-13T02:56:42.974+0000] {processor.py:157} INFO - Started process (PID=1361) to work on /home/airflow/.local/lib/python3.7/site-packages/airflow/example_dags/example_external_task_marker_dag.py
[2024-09-13T02:56:42.976+0000] {processor.py:826} INFO - Processing file /home/airflow/.local/lib/python3.7/site-packages/airflow/example_dags/example_external_task_marker_dag.py for tasks to queue
[2024-09-13T02:56:42.977+0000] {logging_mixin.py:149} INFO - [2024-09-13T02:56:42.977+0000] {dagbag.py:541} INFO - Filling up the DagBag from /home/airflow/.local/lib/python3.7/site-packages/airflow/example_dags/example_external_task_marker_dag.py
[2024-09-13T02:56:42.991+0000] {processor.py:836} INFO - DAG(s) dict_keys(['example_external_task_marker_child', 'example_external_task_marker_parent']) retrieved from /home/airflow/.local/lib/python3.7/site-packages/airflow/example_dags/example_external_task_marker_dag.py
[2024-09-13T02:56:43.040+0000] {logging_mixin.py:149} INFO - [2024-09-13T02:56:43.040+0000] {dag.py:2726} INFO - Sync 2 DAGs
[2024-09-13T02:56:43.113+0000] {logging_mixin.py:149} INFO - [2024-09-13T02:56:43.113+0000] {dag.py:3490} INFO - Setting next_dagrun for example_external_task_marker_child to None, run_after=None
[2024-09-13T02:56:43.118+0000] {logging_mixin.py:149} INFO - [2024-09-13T02:56:43.118+0000] {dag.py:3490} INFO - Setting next_dagrun for example_external_task_marker_parent to None, run_after=None
[2024-09-13T02:56:43.141+0000] {processor.py:179} INFO - Processing /home/airflow/.local/lib/python3.7/site-packages/airflow/example_dags/example_external_task_marker_dag.py took 0.174 seconds
