[2024-09-13T02:43:54.036+0000] {processor.py:157} INFO - Started process (PID=71) to work on /home/airflow/.local/lib/python3.7/site-packages/airflow/example_dags/example_sensors.py
[2024-09-13T02:43:54.043+0000] {processor.py:826} INFO - Processing file /home/airflow/.local/lib/python3.7/site-packages/airflow/example_dags/example_sensors.py for tasks to queue
[2024-09-13T02:43:54.084+0000] {logging_mixin.py:149} INFO - [2024-09-13T02:43:54.083+0000] {dagbag.py:541} INFO - Filling up the DagBag from /home/airflow/.local/lib/python3.7/site-packages/airflow/example_dags/example_sensors.py
[2024-09-13T02:43:54.709+0000] {processor.py:836} INFO - DAG(s) dict_keys(['example_sensors']) retrieved from /home/airflow/.local/lib/python3.7/site-packages/airflow/example_dags/example_sensors.py
[2024-09-13T02:43:56.034+0000] {logging_mixin.py:149} INFO - [2024-09-13T02:43:56.033+0000] {dag.py:2726} INFO - Sync 1 DAGs
[2024-09-13T02:43:57.075+0000] {logging_mixin.py:149} INFO - [2024-09-13T02:43:57.073+0000] {dag.py:3490} INFO - Setting next_dagrun for example_sensors to None, run_after=None
[2024-09-13T02:43:57.308+0000] {processor.py:179} INFO - Processing /home/airflow/.local/lib/python3.7/site-packages/airflow/example_dags/example_sensors.py took 3.404 seconds
[2024-09-13T02:47:02.670+0000] {processor.py:157} INFO - Started process (PID=167) to work on /home/airflow/.local/lib/python3.7/site-packages/airflow/example_dags/example_sensors.py
[2024-09-13T02:47:02.678+0000] {processor.py:826} INFO - Processing file /home/airflow/.local/lib/python3.7/site-packages/airflow/example_dags/example_sensors.py for tasks to queue
[2024-09-13T02:47:02.682+0000] {logging_mixin.py:149} INFO - [2024-09-13T02:47:02.682+0000] {dagbag.py:541} INFO - Filling up the DagBag from /home/airflow/.local/lib/python3.7/site-packages/airflow/example_dags/example_sensors.py
[2024-09-13T02:47:02.753+0000] {processor.py:836} INFO - DAG(s) dict_keys(['example_sensors']) retrieved from /home/airflow/.local/lib/python3.7/site-packages/airflow/example_dags/example_sensors.py
[2024-09-13T02:47:06.388+0000] {logging_mixin.py:149} INFO - [2024-09-13T02:47:06.386+0000] {dag.py:2726} INFO - Sync 1 DAGs
[2024-09-13T02:47:06.631+0000] {logging_mixin.py:149} INFO - [2024-09-13T02:47:06.630+0000] {dag.py:3490} INFO - Setting next_dagrun for example_sensors to None, run_after=None
[2024-09-13T02:47:06.721+0000] {processor.py:179} INFO - Processing /home/airflow/.local/lib/python3.7/site-packages/airflow/example_dags/example_sensors.py took 4.157 seconds
[2024-09-13T02:47:39.138+0000] {processor.py:157} INFO - Started process (PID=243) to work on /home/airflow/.local/lib/python3.7/site-packages/airflow/example_dags/example_sensors.py
[2024-09-13T02:47:39.147+0000] {processor.py:826} INFO - Processing file /home/airflow/.local/lib/python3.7/site-packages/airflow/example_dags/example_sensors.py for tasks to queue
[2024-09-13T02:47:39.152+0000] {logging_mixin.py:149} INFO - [2024-09-13T02:47:39.152+0000] {dagbag.py:541} INFO - Filling up the DagBag from /home/airflow/.local/lib/python3.7/site-packages/airflow/example_dags/example_sensors.py
[2024-09-13T02:47:39.328+0000] {processor.py:836} INFO - DAG(s) dict_keys(['example_sensors']) retrieved from /home/airflow/.local/lib/python3.7/site-packages/airflow/example_dags/example_sensors.py
[2024-09-13T02:47:39.550+0000] {logging_mixin.py:149} INFO - [2024-09-13T02:47:39.549+0000] {dag.py:2726} INFO - Sync 1 DAGs
[2024-09-13T02:47:39.681+0000] {logging_mixin.py:149} INFO - [2024-09-13T02:47:39.680+0000] {dag.py:3490} INFO - Setting next_dagrun for example_sensors to None, run_after=None
[2024-09-13T02:47:39.755+0000] {processor.py:179} INFO - Processing /home/airflow/.local/lib/python3.7/site-packages/airflow/example_dags/example_sensors.py took 0.670 seconds
[2024-09-13T02:48:14.702+0000] {processor.py:157} INFO - Started process (PID=298) to work on /home/airflow/.local/lib/python3.7/site-packages/airflow/example_dags/example_sensors.py
[2024-09-13T02:48:14.705+0000] {processor.py:826} INFO - Processing file /home/airflow/.local/lib/python3.7/site-packages/airflow/example_dags/example_sensors.py for tasks to queue
[2024-09-13T02:48:14.708+0000] {logging_mixin.py:149} INFO - [2024-09-13T02:48:14.708+0000] {dagbag.py:541} INFO - Filling up the DagBag from /home/airflow/.local/lib/python3.7/site-packages/airflow/example_dags/example_sensors.py
[2024-09-13T02:48:14.733+0000] {processor.py:836} INFO - DAG(s) dict_keys(['example_sensors']) retrieved from /home/airflow/.local/lib/python3.7/site-packages/airflow/example_dags/example_sensors.py
[2024-09-13T02:48:14.923+0000] {logging_mixin.py:149} INFO - [2024-09-13T02:48:14.922+0000] {dag.py:2726} INFO - Sync 1 DAGs
[2024-09-13T02:48:15.002+0000] {logging_mixin.py:149} INFO - [2024-09-13T02:48:15.002+0000] {dag.py:3490} INFO - Setting next_dagrun for example_sensors to None, run_after=None
[2024-09-13T02:48:15.166+0000] {processor.py:179} INFO - Processing /home/airflow/.local/lib/python3.7/site-packages/airflow/example_dags/example_sensors.py took 0.472 seconds
[2024-09-13T02:48:48.161+0000] {processor.py:157} INFO - Started process (PID=367) to work on /home/airflow/.local/lib/python3.7/site-packages/airflow/example_dags/example_sensors.py
[2024-09-13T02:48:48.164+0000] {processor.py:826} INFO - Processing file /home/airflow/.local/lib/python3.7/site-packages/airflow/example_dags/example_sensors.py for tasks to queue
[2024-09-13T02:48:48.166+0000] {logging_mixin.py:149} INFO - [2024-09-13T02:48:48.166+0000] {dagbag.py:541} INFO - Filling up the DagBag from /home/airflow/.local/lib/python3.7/site-packages/airflow/example_dags/example_sensors.py
[2024-09-13T02:48:48.186+0000] {processor.py:836} INFO - DAG(s) dict_keys(['example_sensors']) retrieved from /home/airflow/.local/lib/python3.7/site-packages/airflow/example_dags/example_sensors.py
[2024-09-13T02:48:48.257+0000] {logging_mixin.py:149} INFO - [2024-09-13T02:48:48.257+0000] {dag.py:2726} INFO - Sync 1 DAGs
[2024-09-13T02:48:48.309+0000] {logging_mixin.py:149} INFO - [2024-09-13T02:48:48.308+0000] {dag.py:3490} INFO - Setting next_dagrun for example_sensors to None, run_after=None
[2024-09-13T02:48:48.351+0000] {processor.py:179} INFO - Processing /home/airflow/.local/lib/python3.7/site-packages/airflow/example_dags/example_sensors.py took 0.200 seconds
[2024-09-13T02:49:19.444+0000] {processor.py:157} INFO - Started process (PID=427) to work on /home/airflow/.local/lib/python3.7/site-packages/airflow/example_dags/example_sensors.py
[2024-09-13T02:49:19.449+0000] {processor.py:826} INFO - Processing file /home/airflow/.local/lib/python3.7/site-packages/airflow/example_dags/example_sensors.py for tasks to queue
[2024-09-13T02:49:19.464+0000] {logging_mixin.py:149} INFO - [2024-09-13T02:49:19.463+0000] {dagbag.py:541} INFO - Filling up the DagBag from /home/airflow/.local/lib/python3.7/site-packages/airflow/example_dags/example_sensors.py
[2024-09-13T02:49:19.577+0000] {processor.py:836} INFO - DAG(s) dict_keys(['example_sensors']) retrieved from /home/airflow/.local/lib/python3.7/site-packages/airflow/example_dags/example_sensors.py
[2024-09-13T02:49:19.667+0000] {logging_mixin.py:149} INFO - [2024-09-13T02:49:19.666+0000] {dag.py:2726} INFO - Sync 1 DAGs
[2024-09-13T02:49:19.821+0000] {logging_mixin.py:149} INFO - [2024-09-13T02:49:19.820+0000] {dag.py:3490} INFO - Setting next_dagrun for example_sensors to None, run_after=None
[2024-09-13T02:49:19.919+0000] {processor.py:179} INFO - Processing /home/airflow/.local/lib/python3.7/site-packages/airflow/example_dags/example_sensors.py took 0.486 seconds
[2024-09-13T02:49:57.736+0000] {processor.py:157} INFO - Started process (PID=495) to work on /home/airflow/.local/lib/python3.7/site-packages/airflow/example_dags/example_sensors.py
[2024-09-13T02:49:57.740+0000] {processor.py:826} INFO - Processing file /home/airflow/.local/lib/python3.7/site-packages/airflow/example_dags/example_sensors.py for tasks to queue
[2024-09-13T02:49:57.743+0000] {logging_mixin.py:149} INFO - [2024-09-13T02:49:57.743+0000] {dagbag.py:541} INFO - Filling up the DagBag from /home/airflow/.local/lib/python3.7/site-packages/airflow/example_dags/example_sensors.py
[2024-09-13T02:49:57.776+0000] {processor.py:836} INFO - DAG(s) dict_keys(['example_sensors']) retrieved from /home/airflow/.local/lib/python3.7/site-packages/airflow/example_dags/example_sensors.py
[2024-09-13T02:49:57.915+0000] {logging_mixin.py:149} INFO - [2024-09-13T02:49:57.915+0000] {dag.py:2726} INFO - Sync 1 DAGs
[2024-09-13T02:49:58.008+0000] {logging_mixin.py:149} INFO - [2024-09-13T02:49:58.007+0000] {dag.py:3490} INFO - Setting next_dagrun for example_sensors to None, run_after=None
[2024-09-13T02:49:58.064+0000] {processor.py:179} INFO - Processing /home/airflow/.local/lib/python3.7/site-packages/airflow/example_dags/example_sensors.py took 0.354 seconds
[2024-09-13T02:50:28.193+0000] {processor.py:157} INFO - Started process (PID=563) to work on /home/airflow/.local/lib/python3.7/site-packages/airflow/example_dags/example_sensors.py
[2024-09-13T02:50:28.195+0000] {processor.py:826} INFO - Processing file /home/airflow/.local/lib/python3.7/site-packages/airflow/example_dags/example_sensors.py for tasks to queue
[2024-09-13T02:50:28.196+0000] {logging_mixin.py:149} INFO - [2024-09-13T02:50:28.196+0000] {dagbag.py:541} INFO - Filling up the DagBag from /home/airflow/.local/lib/python3.7/site-packages/airflow/example_dags/example_sensors.py
[2024-09-13T02:50:28.218+0000] {processor.py:836} INFO - DAG(s) dict_keys(['example_sensors']) retrieved from /home/airflow/.local/lib/python3.7/site-packages/airflow/example_dags/example_sensors.py
[2024-09-13T02:50:28.283+0000] {logging_mixin.py:149} INFO - [2024-09-13T02:50:28.283+0000] {dag.py:2726} INFO - Sync 1 DAGs
[2024-09-13T02:50:28.334+0000] {logging_mixin.py:149} INFO - [2024-09-13T02:50:28.333+0000] {dag.py:3490} INFO - Setting next_dagrun for example_sensors to None, run_after=None
[2024-09-13T02:50:28.375+0000] {processor.py:179} INFO - Processing /home/airflow/.local/lib/python3.7/site-packages/airflow/example_dags/example_sensors.py took 0.190 seconds
[2024-09-13T02:51:00.383+0000] {processor.py:157} INFO - Started process (PID=632) to work on /home/airflow/.local/lib/python3.7/site-packages/airflow/example_dags/example_sensors.py
[2024-09-13T02:51:00.387+0000] {processor.py:826} INFO - Processing file /home/airflow/.local/lib/python3.7/site-packages/airflow/example_dags/example_sensors.py for tasks to queue
[2024-09-13T02:51:00.391+0000] {logging_mixin.py:149} INFO - [2024-09-13T02:51:00.391+0000] {dagbag.py:541} INFO - Filling up the DagBag from /home/airflow/.local/lib/python3.7/site-packages/airflow/example_dags/example_sensors.py
[2024-09-13T02:51:00.443+0000] {processor.py:836} INFO - DAG(s) dict_keys(['example_sensors']) retrieved from /home/airflow/.local/lib/python3.7/site-packages/airflow/example_dags/example_sensors.py
[2024-09-13T02:51:00.580+0000] {logging_mixin.py:149} INFO - [2024-09-13T02:51:00.579+0000] {dag.py:2726} INFO - Sync 1 DAGs
[2024-09-13T02:51:00.753+0000] {logging_mixin.py:149} INFO - [2024-09-13T02:51:00.753+0000] {dag.py:3490} INFO - Setting next_dagrun for example_sensors to None, run_after=None
[2024-09-13T02:51:00.827+0000] {processor.py:179} INFO - Processing /home/airflow/.local/lib/python3.7/site-packages/airflow/example_dags/example_sensors.py took 0.463 seconds
[2024-09-13T02:51:31.221+0000] {processor.py:157} INFO - Started process (PID=701) to work on /home/airflow/.local/lib/python3.7/site-packages/airflow/example_dags/example_sensors.py
[2024-09-13T02:51:31.223+0000] {processor.py:826} INFO - Processing file /home/airflow/.local/lib/python3.7/site-packages/airflow/example_dags/example_sensors.py for tasks to queue
[2024-09-13T02:51:31.226+0000] {logging_mixin.py:149} INFO - [2024-09-13T02:51:31.225+0000] {dagbag.py:541} INFO - Filling up the DagBag from /home/airflow/.local/lib/python3.7/site-packages/airflow/example_dags/example_sensors.py
[2024-09-13T02:51:31.260+0000] {processor.py:836} INFO - DAG(s) dict_keys(['example_sensors']) retrieved from /home/airflow/.local/lib/python3.7/site-packages/airflow/example_dags/example_sensors.py
[2024-09-13T02:51:31.353+0000] {logging_mixin.py:149} INFO - [2024-09-13T02:51:31.353+0000] {dag.py:2726} INFO - Sync 1 DAGs
[2024-09-13T02:51:31.408+0000] {logging_mixin.py:149} INFO - [2024-09-13T02:51:31.408+0000] {dag.py:3490} INFO - Setting next_dagrun for example_sensors to None, run_after=None
[2024-09-13T02:51:31.461+0000] {processor.py:179} INFO - Processing /home/airflow/.local/lib/python3.7/site-packages/airflow/example_dags/example_sensors.py took 0.251 seconds
[2024-09-13T02:52:02.151+0000] {processor.py:157} INFO - Started process (PID=770) to work on /home/airflow/.local/lib/python3.7/site-packages/airflow/example_dags/example_sensors.py
[2024-09-13T02:52:02.154+0000] {processor.py:826} INFO - Processing file /home/airflow/.local/lib/python3.7/site-packages/airflow/example_dags/example_sensors.py for tasks to queue
[2024-09-13T02:52:02.156+0000] {logging_mixin.py:149} INFO - [2024-09-13T02:52:02.155+0000] {dagbag.py:541} INFO - Filling up the DagBag from /home/airflow/.local/lib/python3.7/site-packages/airflow/example_dags/example_sensors.py
[2024-09-13T02:52:02.180+0000] {processor.py:836} INFO - DAG(s) dict_keys(['example_sensors']) retrieved from /home/airflow/.local/lib/python3.7/site-packages/airflow/example_dags/example_sensors.py
[2024-09-13T02:52:02.240+0000] {logging_mixin.py:149} INFO - [2024-09-13T02:52:02.239+0000] {dag.py:2726} INFO - Sync 1 DAGs
[2024-09-13T02:52:02.297+0000] {logging_mixin.py:149} INFO - [2024-09-13T02:52:02.296+0000] {dag.py:3490} INFO - Setting next_dagrun for example_sensors to None, run_after=None
[2024-09-13T02:52:02.328+0000] {processor.py:179} INFO - Processing /home/airflow/.local/lib/python3.7/site-packages/airflow/example_dags/example_sensors.py took 0.186 seconds
[2024-09-13T02:52:32.452+0000] {processor.py:157} INFO - Started process (PID=839) to work on /home/airflow/.local/lib/python3.7/site-packages/airflow/example_dags/example_sensors.py
[2024-09-13T02:52:32.454+0000] {processor.py:826} INFO - Processing file /home/airflow/.local/lib/python3.7/site-packages/airflow/example_dags/example_sensors.py for tasks to queue
[2024-09-13T02:52:32.456+0000] {logging_mixin.py:149} INFO - [2024-09-13T02:52:32.455+0000] {dagbag.py:541} INFO - Filling up the DagBag from /home/airflow/.local/lib/python3.7/site-packages/airflow/example_dags/example_sensors.py
[2024-09-13T02:52:32.476+0000] {processor.py:836} INFO - DAG(s) dict_keys(['example_sensors']) retrieved from /home/airflow/.local/lib/python3.7/site-packages/airflow/example_dags/example_sensors.py
[2024-09-13T02:52:32.545+0000] {logging_mixin.py:149} INFO - [2024-09-13T02:52:32.545+0000] {dag.py:2726} INFO - Sync 1 DAGs
[2024-09-13T02:52:32.630+0000] {logging_mixin.py:149} INFO - [2024-09-13T02:52:32.630+0000] {dag.py:3490} INFO - Setting next_dagrun for example_sensors to None, run_after=None
[2024-09-13T02:52:32.673+0000] {processor.py:179} INFO - Processing /home/airflow/.local/lib/python3.7/site-packages/airflow/example_dags/example_sensors.py took 0.229 seconds
[2024-09-13T02:53:03.335+0000] {processor.py:157} INFO - Started process (PID=908) to work on /home/airflow/.local/lib/python3.7/site-packages/airflow/example_dags/example_sensors.py
[2024-09-13T02:53:03.338+0000] {processor.py:826} INFO - Processing file /home/airflow/.local/lib/python3.7/site-packages/airflow/example_dags/example_sensors.py for tasks to queue
[2024-09-13T02:53:03.341+0000] {logging_mixin.py:149} INFO - [2024-09-13T02:53:03.341+0000] {dagbag.py:541} INFO - Filling up the DagBag from /home/airflow/.local/lib/python3.7/site-packages/airflow/example_dags/example_sensors.py
[2024-09-13T02:53:03.372+0000] {processor.py:836} INFO - DAG(s) dict_keys(['example_sensors']) retrieved from /home/airflow/.local/lib/python3.7/site-packages/airflow/example_dags/example_sensors.py
[2024-09-13T02:53:03.428+0000] {logging_mixin.py:149} INFO - [2024-09-13T02:53:03.428+0000] {dag.py:2726} INFO - Sync 1 DAGs
[2024-09-13T02:53:03.513+0000] {logging_mixin.py:149} INFO - [2024-09-13T02:53:03.512+0000] {dag.py:3490} INFO - Setting next_dagrun for example_sensors to None, run_after=None
[2024-09-13T02:53:03.564+0000] {processor.py:179} INFO - Processing /home/airflow/.local/lib/python3.7/site-packages/airflow/example_dags/example_sensors.py took 0.241 seconds
[2024-09-13T02:53:34.207+0000] {processor.py:157} INFO - Started process (PID=976) to work on /home/airflow/.local/lib/python3.7/site-packages/airflow/example_dags/example_sensors.py
[2024-09-13T02:53:34.209+0000] {processor.py:826} INFO - Processing file /home/airflow/.local/lib/python3.7/site-packages/airflow/example_dags/example_sensors.py for tasks to queue
[2024-09-13T02:53:34.211+0000] {logging_mixin.py:149} INFO - [2024-09-13T02:53:34.210+0000] {dagbag.py:541} INFO - Filling up the DagBag from /home/airflow/.local/lib/python3.7/site-packages/airflow/example_dags/example_sensors.py
[2024-09-13T02:53:34.232+0000] {processor.py:836} INFO - DAG(s) dict_keys(['example_sensors']) retrieved from /home/airflow/.local/lib/python3.7/site-packages/airflow/example_dags/example_sensors.py
[2024-09-13T02:53:34.295+0000] {logging_mixin.py:149} INFO - [2024-09-13T02:53:34.295+0000] {dag.py:2726} INFO - Sync 1 DAGs
[2024-09-13T02:53:34.364+0000] {logging_mixin.py:149} INFO - [2024-09-13T02:53:34.364+0000] {dag.py:3490} INFO - Setting next_dagrun for example_sensors to None, run_after=None
[2024-09-13T02:53:34.419+0000] {processor.py:179} INFO - Processing /home/airflow/.local/lib/python3.7/site-packages/airflow/example_dags/example_sensors.py took 0.220 seconds
[2024-09-13T02:54:06.519+0000] {processor.py:157} INFO - Started process (PID=1040) to work on /home/airflow/.local/lib/python3.7/site-packages/airflow/example_dags/example_sensors.py
[2024-09-13T02:54:06.523+0000] {processor.py:826} INFO - Processing file /home/airflow/.local/lib/python3.7/site-packages/airflow/example_dags/example_sensors.py for tasks to queue
[2024-09-13T02:54:06.526+0000] {logging_mixin.py:149} INFO - [2024-09-13T02:54:06.526+0000] {dagbag.py:541} INFO - Filling up the DagBag from /home/airflow/.local/lib/python3.7/site-packages/airflow/example_dags/example_sensors.py
[2024-09-13T02:54:06.555+0000] {processor.py:836} INFO - DAG(s) dict_keys(['example_sensors']) retrieved from /home/airflow/.local/lib/python3.7/site-packages/airflow/example_dags/example_sensors.py
[2024-09-13T02:54:06.625+0000] {logging_mixin.py:149} INFO - [2024-09-13T02:54:06.624+0000] {dag.py:2726} INFO - Sync 1 DAGs
[2024-09-13T02:54:06.702+0000] {logging_mixin.py:149} INFO - [2024-09-13T02:54:06.701+0000] {dag.py:3490} INFO - Setting next_dagrun for example_sensors to None, run_after=None
[2024-09-13T02:54:06.748+0000] {processor.py:179} INFO - Processing /home/airflow/.local/lib/python3.7/site-packages/airflow/example_dags/example_sensors.py took 0.254 seconds
[2024-09-13T02:54:37.434+0000] {processor.py:157} INFO - Started process (PID=1108) to work on /home/airflow/.local/lib/python3.7/site-packages/airflow/example_dags/example_sensors.py
[2024-09-13T02:54:37.436+0000] {processor.py:826} INFO - Processing file /home/airflow/.local/lib/python3.7/site-packages/airflow/example_dags/example_sensors.py for tasks to queue
[2024-09-13T02:54:37.439+0000] {logging_mixin.py:149} INFO - [2024-09-13T02:54:37.439+0000] {dagbag.py:541} INFO - Filling up the DagBag from /home/airflow/.local/lib/python3.7/site-packages/airflow/example_dags/example_sensors.py
[2024-09-13T02:54:37.465+0000] {processor.py:836} INFO - DAG(s) dict_keys(['example_sensors']) retrieved from /home/airflow/.local/lib/python3.7/site-packages/airflow/example_dags/example_sensors.py
[2024-09-13T02:54:37.534+0000] {logging_mixin.py:149} INFO - [2024-09-13T02:54:37.534+0000] {dag.py:2726} INFO - Sync 1 DAGs
[2024-09-13T02:54:37.611+0000] {logging_mixin.py:149} INFO - [2024-09-13T02:54:37.610+0000] {dag.py:3490} INFO - Setting next_dagrun for example_sensors to None, run_after=None
[2024-09-13T02:54:37.666+0000] {processor.py:179} INFO - Processing /home/airflow/.local/lib/python3.7/site-packages/airflow/example_dags/example_sensors.py took 0.242 seconds
[2024-09-13T02:55:10.725+0000] {processor.py:157} INFO - Started process (PID=1167) to work on /home/airflow/.local/lib/python3.7/site-packages/airflow/example_dags/example_sensors.py
[2024-09-13T02:55:10.728+0000] {processor.py:826} INFO - Processing file /home/airflow/.local/lib/python3.7/site-packages/airflow/example_dags/example_sensors.py for tasks to queue
[2024-09-13T02:55:10.731+0000] {logging_mixin.py:149} INFO - [2024-09-13T02:55:10.731+0000] {dagbag.py:541} INFO - Filling up the DagBag from /home/airflow/.local/lib/python3.7/site-packages/airflow/example_dags/example_sensors.py
[2024-09-13T02:55:10.793+0000] {processor.py:836} INFO - DAG(s) dict_keys(['example_sensors']) retrieved from /home/airflow/.local/lib/python3.7/site-packages/airflow/example_dags/example_sensors.py
[2024-09-13T02:55:10.884+0000] {logging_mixin.py:149} INFO - [2024-09-13T02:55:10.884+0000] {dag.py:2726} INFO - Sync 1 DAGs
[2024-09-13T02:55:10.960+0000] {logging_mixin.py:149} INFO - [2024-09-13T02:55:10.959+0000] {dag.py:3490} INFO - Setting next_dagrun for example_sensors to None, run_after=None
[2024-09-13T02:55:11.002+0000] {processor.py:179} INFO - Processing /home/airflow/.local/lib/python3.7/site-packages/airflow/example_dags/example_sensors.py took 0.297 seconds
[2024-09-13T02:55:45.455+0000] {processor.py:157} INFO - Started process (PID=1236) to work on /home/airflow/.local/lib/python3.7/site-packages/airflow/example_dags/example_sensors.py
[2024-09-13T02:55:45.461+0000] {processor.py:826} INFO - Processing file /home/airflow/.local/lib/python3.7/site-packages/airflow/example_dags/example_sensors.py for tasks to queue
[2024-09-13T02:55:45.467+0000] {logging_mixin.py:149} INFO - [2024-09-13T02:55:45.466+0000] {dagbag.py:541} INFO - Filling up the DagBag from /home/airflow/.local/lib/python3.7/site-packages/airflow/example_dags/example_sensors.py
[2024-09-13T02:55:45.547+0000] {processor.py:836} INFO - DAG(s) dict_keys(['example_sensors']) retrieved from /home/airflow/.local/lib/python3.7/site-packages/airflow/example_dags/example_sensors.py
[2024-09-13T02:55:45.668+0000] {logging_mixin.py:149} INFO - [2024-09-13T02:55:45.668+0000] {dag.py:2726} INFO - Sync 1 DAGs
[2024-09-13T02:55:45.893+0000] {logging_mixin.py:149} INFO - [2024-09-13T02:55:45.892+0000] {dag.py:3490} INFO - Setting next_dagrun for example_sensors to None, run_after=None
[2024-09-13T02:55:45.977+0000] {processor.py:179} INFO - Processing /home/airflow/.local/lib/python3.7/site-packages/airflow/example_dags/example_sensors.py took 0.564 seconds
[2024-09-13T02:56:16.427+0000] {processor.py:157} INFO - Started process (PID=1303) to work on /home/airflow/.local/lib/python3.7/site-packages/airflow/example_dags/example_sensors.py
[2024-09-13T02:56:16.429+0000] {processor.py:826} INFO - Processing file /home/airflow/.local/lib/python3.7/site-packages/airflow/example_dags/example_sensors.py for tasks to queue
[2024-09-13T02:56:16.431+0000] {logging_mixin.py:149} INFO - [2024-09-13T02:56:16.431+0000] {dagbag.py:541} INFO - Filling up the DagBag from /home/airflow/.local/lib/python3.7/site-packages/airflow/example_dags/example_sensors.py
[2024-09-13T02:56:16.462+0000] {processor.py:836} INFO - DAG(s) dict_keys(['example_sensors']) retrieved from /home/airflow/.local/lib/python3.7/site-packages/airflow/example_dags/example_sensors.py
[2024-09-13T02:56:16.523+0000] {logging_mixin.py:149} INFO - [2024-09-13T02:56:16.523+0000] {dag.py:2726} INFO - Sync 1 DAGs
[2024-09-13T02:56:16.657+0000] {logging_mixin.py:149} INFO - [2024-09-13T02:56:16.656+0000] {dag.py:3490} INFO - Setting next_dagrun for example_sensors to None, run_after=None
[2024-09-13T02:56:16.717+0000] {processor.py:179} INFO - Processing /home/airflow/.local/lib/python3.7/site-packages/airflow/example_dags/example_sensors.py took 0.299 seconds
[2024-09-13T02:56:46.925+0000] {processor.py:157} INFO - Started process (PID=1372) to work on /home/airflow/.local/lib/python3.7/site-packages/airflow/example_dags/example_sensors.py
[2024-09-13T02:56:46.928+0000] {processor.py:826} INFO - Processing file /home/airflow/.local/lib/python3.7/site-packages/airflow/example_dags/example_sensors.py for tasks to queue
[2024-09-13T02:56:46.930+0000] {logging_mixin.py:149} INFO - [2024-09-13T02:56:46.930+0000] {dagbag.py:541} INFO - Filling up the DagBag from /home/airflow/.local/lib/python3.7/site-packages/airflow/example_dags/example_sensors.py
[2024-09-13T02:56:47.005+0000] {processor.py:836} INFO - DAG(s) dict_keys(['example_sensors']) retrieved from /home/airflow/.local/lib/python3.7/site-packages/airflow/example_dags/example_sensors.py
[2024-09-13T02:56:47.116+0000] {logging_mixin.py:149} INFO - [2024-09-13T02:56:47.115+0000] {dag.py:2726} INFO - Sync 1 DAGs
[2024-09-13T02:56:47.181+0000] {logging_mixin.py:149} INFO - [2024-09-13T02:56:47.181+0000] {dag.py:3490} INFO - Setting next_dagrun for example_sensors to None, run_after=None
[2024-09-13T02:56:47.225+0000] {processor.py:179} INFO - Processing /home/airflow/.local/lib/python3.7/site-packages/airflow/example_dags/example_sensors.py took 0.309 seconds
