[2024-09-13T02:43:33.360+0000] {processor.py:157} INFO - Started process (PID=47) to work on /home/airflow/.local/lib/python3.7/site-packages/airflow/example_dags/example_xcom.py
[2024-09-13T02:43:33.375+0000] {processor.py:826} INFO - Processing file /home/airflow/.local/lib/python3.7/site-packages/airflow/example_dags/example_xcom.py for tasks to queue
[2024-09-13T02:43:33.465+0000] {logging_mixin.py:149} INFO - [2024-09-13T02:43:33.465+0000] {dagbag.py:541} INFO - Filling up the DagBag from /home/airflow/.local/lib/python3.7/site-packages/airflow/example_dags/example_xcom.py
[2024-09-13T02:43:33.565+0000] {processor.py:836} INFO - DAG(s) dict_keys(['example_xcom']) retrieved from /home/airflow/.local/lib/python3.7/site-packages/airflow/example_dags/example_xcom.py
[2024-09-13T02:43:34.020+0000] {logging_mixin.py:149} INFO - [2024-09-13T02:43:34.019+0000] {dag.py:2726} INFO - Sync 1 DAGs
[2024-09-13T02:43:34.189+0000] {logging_mixin.py:149} INFO - [2024-09-13T02:43:34.188+0000] {dag.py:3490} INFO - Setting next_dagrun for example_xcom to 2021-01-01T00:00:00+00:00, run_after=2021-01-01T00:00:00+00:00
[2024-09-13T02:43:34.458+0000] {processor.py:179} INFO - Processing /home/airflow/.local/lib/python3.7/site-packages/airflow/example_dags/example_xcom.py took 1.347 seconds
[2024-09-13T02:46:48.193+0000] {processor.py:157} INFO - Started process (PID=158) to work on /home/airflow/.local/lib/python3.7/site-packages/airflow/example_dags/example_xcom.py
[2024-09-13T02:46:48.204+0000] {processor.py:826} INFO - Processing file /home/airflow/.local/lib/python3.7/site-packages/airflow/example_dags/example_xcom.py for tasks to queue
[2024-09-13T02:46:48.207+0000] {logging_mixin.py:149} INFO - [2024-09-13T02:46:48.206+0000] {dagbag.py:541} INFO - Filling up the DagBag from /home/airflow/.local/lib/python3.7/site-packages/airflow/example_dags/example_xcom.py
[2024-09-13T02:46:48.303+0000] {processor.py:836} INFO - DAG(s) dict_keys(['example_xcom']) retrieved from /home/airflow/.local/lib/python3.7/site-packages/airflow/example_dags/example_xcom.py
[2024-09-13T02:46:49.752+0000] {logging_mixin.py:149} INFO - [2024-09-13T02:46:49.750+0000] {dag.py:2726} INFO - Sync 1 DAGs
[2024-09-13T02:46:52.562+0000] {logging_mixin.py:149} INFO - [2024-09-13T02:46:52.561+0000] {dag.py:3490} INFO - Setting next_dagrun for example_xcom to 2021-01-01T00:00:00+00:00, run_after=2021-01-01T00:00:00+00:00
[2024-09-13T02:46:52.700+0000] {processor.py:179} INFO - Processing /home/airflow/.local/lib/python3.7/site-packages/airflow/example_dags/example_xcom.py took 4.585 seconds
[2024-09-13T02:47:32.007+0000] {processor.py:157} INFO - Started process (PID=207) to work on /home/airflow/.local/lib/python3.7/site-packages/airflow/example_dags/example_xcom.py
[2024-09-13T02:47:32.010+0000] {processor.py:826} INFO - Processing file /home/airflow/.local/lib/python3.7/site-packages/airflow/example_dags/example_xcom.py for tasks to queue
[2024-09-13T02:47:32.014+0000] {logging_mixin.py:149} INFO - [2024-09-13T02:47:32.013+0000] {dagbag.py:541} INFO - Filling up the DagBag from /home/airflow/.local/lib/python3.7/site-packages/airflow/example_dags/example_xcom.py
[2024-09-13T02:47:32.054+0000] {processor.py:836} INFO - DAG(s) dict_keys(['example_xcom']) retrieved from /home/airflow/.local/lib/python3.7/site-packages/airflow/example_dags/example_xcom.py
[2024-09-13T02:47:32.194+0000] {logging_mixin.py:149} INFO - [2024-09-13T02:47:32.193+0000] {dag.py:2726} INFO - Sync 1 DAGs
[2024-09-13T02:47:32.363+0000] {logging_mixin.py:149} INFO - [2024-09-13T02:47:32.363+0000] {dag.py:3490} INFO - Setting next_dagrun for example_xcom to 2021-01-01T00:00:00+00:00, run_after=2021-01-01T00:00:00+00:00
[2024-09-13T02:47:32.445+0000] {processor.py:179} INFO - Processing /home/airflow/.local/lib/python3.7/site-packages/airflow/example_dags/example_xcom.py took 0.452 seconds
[2024-09-13T02:48:03.423+0000] {processor.py:157} INFO - Started process (PID=266) to work on /home/airflow/.local/lib/python3.7/site-packages/airflow/example_dags/example_xcom.py
[2024-09-13T02:48:03.426+0000] {processor.py:826} INFO - Processing file /home/airflow/.local/lib/python3.7/site-packages/airflow/example_dags/example_xcom.py for tasks to queue
[2024-09-13T02:48:03.428+0000] {logging_mixin.py:149} INFO - [2024-09-13T02:48:03.428+0000] {dagbag.py:541} INFO - Filling up the DagBag from /home/airflow/.local/lib/python3.7/site-packages/airflow/example_dags/example_xcom.py
[2024-09-13T02:48:03.452+0000] {processor.py:836} INFO - DAG(s) dict_keys(['example_xcom']) retrieved from /home/airflow/.local/lib/python3.7/site-packages/airflow/example_dags/example_xcom.py
[2024-09-13T02:48:03.524+0000] {logging_mixin.py:149} INFO - [2024-09-13T02:48:03.523+0000] {dag.py:2726} INFO - Sync 1 DAGs
[2024-09-13T02:48:03.593+0000] {logging_mixin.py:149} INFO - [2024-09-13T02:48:03.593+0000] {dag.py:3490} INFO - Setting next_dagrun for example_xcom to 2021-01-01T00:00:00+00:00, run_after=2021-01-01T00:00:00+00:00
[2024-09-13T02:48:03.646+0000] {processor.py:179} INFO - Processing /home/airflow/.local/lib/python3.7/site-packages/airflow/example_dags/example_xcom.py took 0.231 seconds
[2024-09-13T02:48:34.284+0000] {processor.py:157} INFO - Started process (PID=334) to work on /home/airflow/.local/lib/python3.7/site-packages/airflow/example_dags/example_xcom.py
[2024-09-13T02:48:34.290+0000] {processor.py:826} INFO - Processing file /home/airflow/.local/lib/python3.7/site-packages/airflow/example_dags/example_xcom.py for tasks to queue
[2024-09-13T02:48:34.296+0000] {logging_mixin.py:149} INFO - [2024-09-13T02:48:34.295+0000] {dagbag.py:541} INFO - Filling up the DagBag from /home/airflow/.local/lib/python3.7/site-packages/airflow/example_dags/example_xcom.py
[2024-09-13T02:48:34.328+0000] {processor.py:836} INFO - DAG(s) dict_keys(['example_xcom']) retrieved from /home/airflow/.local/lib/python3.7/site-packages/airflow/example_dags/example_xcom.py
[2024-09-13T02:48:34.437+0000] {logging_mixin.py:149} INFO - [2024-09-13T02:48:34.437+0000] {dag.py:2726} INFO - Sync 1 DAGs
[2024-09-13T02:48:34.499+0000] {logging_mixin.py:149} INFO - [2024-09-13T02:48:34.495+0000] {dag.py:3490} INFO - Setting next_dagrun for example_xcom to 2021-01-01T00:00:00+00:00, run_after=2021-01-01T00:00:00+00:00
[2024-09-13T02:48:34.674+0000] {processor.py:179} INFO - Processing /home/airflow/.local/lib/python3.7/site-packages/airflow/example_dags/example_xcom.py took 0.433 seconds
[2024-09-13T02:49:10.667+0000] {processor.py:157} INFO - Started process (PID=403) to work on /home/airflow/.local/lib/python3.7/site-packages/airflow/example_dags/example_xcom.py
[2024-09-13T02:49:10.674+0000] {processor.py:826} INFO - Processing file /home/airflow/.local/lib/python3.7/site-packages/airflow/example_dags/example_xcom.py for tasks to queue
[2024-09-13T02:49:10.678+0000] {logging_mixin.py:149} INFO - [2024-09-13T02:49:10.677+0000] {dagbag.py:541} INFO - Filling up the DagBag from /home/airflow/.local/lib/python3.7/site-packages/airflow/example_dags/example_xcom.py
[2024-09-13T02:49:10.875+0000] {processor.py:836} INFO - DAG(s) dict_keys(['example_xcom']) retrieved from /home/airflow/.local/lib/python3.7/site-packages/airflow/example_dags/example_xcom.py
[2024-09-13T02:49:11.025+0000] {logging_mixin.py:149} INFO - [2024-09-13T02:49:11.025+0000] {dag.py:2726} INFO - Sync 1 DAGs
[2024-09-13T02:49:11.759+0000] {logging_mixin.py:149} INFO - [2024-09-13T02:49:11.757+0000] {dag.py:3490} INFO - Setting next_dagrun for example_xcom to 2021-01-01T00:00:00+00:00, run_after=2021-01-01T00:00:00+00:00
[2024-09-13T02:49:12.162+0000] {processor.py:179} INFO - Processing /home/airflow/.local/lib/python3.7/site-packages/airflow/example_dags/example_xcom.py took 1.511 seconds
[2024-09-13T02:49:43.780+0000] {processor.py:157} INFO - Started process (PID=472) to work on /home/airflow/.local/lib/python3.7/site-packages/airflow/example_dags/example_xcom.py
[2024-09-13T02:49:43.785+0000] {processor.py:826} INFO - Processing file /home/airflow/.local/lib/python3.7/site-packages/airflow/example_dags/example_xcom.py for tasks to queue
[2024-09-13T02:49:43.821+0000] {logging_mixin.py:149} INFO - [2024-09-13T02:49:43.819+0000] {dagbag.py:541} INFO - Filling up the DagBag from /home/airflow/.local/lib/python3.7/site-packages/airflow/example_dags/example_xcom.py
[2024-09-13T02:49:43.946+0000] {processor.py:836} INFO - DAG(s) dict_keys(['example_xcom']) retrieved from /home/airflow/.local/lib/python3.7/site-packages/airflow/example_dags/example_xcom.py
[2024-09-13T02:49:45.816+0000] {logging_mixin.py:149} INFO - [2024-09-13T02:49:45.815+0000] {dag.py:2726} INFO - Sync 1 DAGs
[2024-09-13T02:49:46.382+0000] {logging_mixin.py:149} INFO - [2024-09-13T02:49:46.380+0000] {dag.py:3490} INFO - Setting next_dagrun for example_xcom to 2021-01-01T00:00:00+00:00, run_after=2021-01-01T00:00:00+00:00
[2024-09-13T02:49:47.024+0000] {processor.py:179} INFO - Processing /home/airflow/.local/lib/python3.7/site-packages/airflow/example_dags/example_xcom.py took 3.257 seconds
[2024-09-13T02:50:17.103+0000] {processor.py:157} INFO - Started process (PID=541) to work on /home/airflow/.local/lib/python3.7/site-packages/airflow/example_dags/example_xcom.py
[2024-09-13T02:50:17.106+0000] {processor.py:826} INFO - Processing file /home/airflow/.local/lib/python3.7/site-packages/airflow/example_dags/example_xcom.py for tasks to queue
[2024-09-13T02:50:17.108+0000] {logging_mixin.py:149} INFO - [2024-09-13T02:50:17.107+0000] {dagbag.py:541} INFO - Filling up the DagBag from /home/airflow/.local/lib/python3.7/site-packages/airflow/example_dags/example_xcom.py
[2024-09-13T02:50:17.127+0000] {processor.py:836} INFO - DAG(s) dict_keys(['example_xcom']) retrieved from /home/airflow/.local/lib/python3.7/site-packages/airflow/example_dags/example_xcom.py
[2024-09-13T02:50:17.190+0000] {logging_mixin.py:149} INFO - [2024-09-13T02:50:17.190+0000] {dag.py:2726} INFO - Sync 1 DAGs
[2024-09-13T02:50:17.272+0000] {logging_mixin.py:149} INFO - [2024-09-13T02:50:17.271+0000] {dag.py:3490} INFO - Setting next_dagrun for example_xcom to 2021-01-01T00:00:00+00:00, run_after=2021-01-01T00:00:00+00:00
[2024-09-13T02:50:17.328+0000] {processor.py:179} INFO - Processing /home/airflow/.local/lib/python3.7/site-packages/airflow/example_dags/example_xcom.py took 0.235 seconds
[2024-09-13T02:50:47.905+0000] {processor.py:157} INFO - Started process (PID=610) to work on /home/airflow/.local/lib/python3.7/site-packages/airflow/example_dags/example_xcom.py
[2024-09-13T02:50:47.908+0000] {processor.py:826} INFO - Processing file /home/airflow/.local/lib/python3.7/site-packages/airflow/example_dags/example_xcom.py for tasks to queue
[2024-09-13T02:50:47.911+0000] {logging_mixin.py:149} INFO - [2024-09-13T02:50:47.910+0000] {dagbag.py:541} INFO - Filling up the DagBag from /home/airflow/.local/lib/python3.7/site-packages/airflow/example_dags/example_xcom.py
[2024-09-13T02:50:47.931+0000] {processor.py:836} INFO - DAG(s) dict_keys(['example_xcom']) retrieved from /home/airflow/.local/lib/python3.7/site-packages/airflow/example_dags/example_xcom.py
[2024-09-13T02:50:47.990+0000] {logging_mixin.py:149} INFO - [2024-09-13T02:50:47.989+0000] {dag.py:2726} INFO - Sync 1 DAGs
[2024-09-13T02:50:48.072+0000] {logging_mixin.py:149} INFO - [2024-09-13T02:50:48.072+0000] {dag.py:3490} INFO - Setting next_dagrun for example_xcom to 2021-01-01T00:00:00+00:00, run_after=2021-01-01T00:00:00+00:00
[2024-09-13T02:50:48.123+0000] {processor.py:179} INFO - Processing /home/airflow/.local/lib/python3.7/site-packages/airflow/example_dags/example_xcom.py took 0.226 seconds
[2024-09-13T02:51:19.934+0000] {processor.py:157} INFO - Started process (PID=679) to work on /home/airflow/.local/lib/python3.7/site-packages/airflow/example_dags/example_xcom.py
[2024-09-13T02:51:19.937+0000] {processor.py:826} INFO - Processing file /home/airflow/.local/lib/python3.7/site-packages/airflow/example_dags/example_xcom.py for tasks to queue
[2024-09-13T02:51:19.939+0000] {logging_mixin.py:149} INFO - [2024-09-13T02:51:19.939+0000] {dagbag.py:541} INFO - Filling up the DagBag from /home/airflow/.local/lib/python3.7/site-packages/airflow/example_dags/example_xcom.py
[2024-09-13T02:51:19.980+0000] {processor.py:836} INFO - DAG(s) dict_keys(['example_xcom']) retrieved from /home/airflow/.local/lib/python3.7/site-packages/airflow/example_dags/example_xcom.py
[2024-09-13T02:51:20.087+0000] {logging_mixin.py:149} INFO - [2024-09-13T02:51:20.087+0000] {dag.py:2726} INFO - Sync 1 DAGs
[2024-09-13T02:51:20.230+0000] {logging_mixin.py:149} INFO - [2024-09-13T02:51:20.229+0000] {dag.py:3490} INFO - Setting next_dagrun for example_xcom to 2021-01-01T00:00:00+00:00, run_after=2021-01-01T00:00:00+00:00
[2024-09-13T02:51:20.378+0000] {processor.py:179} INFO - Processing /home/airflow/.local/lib/python3.7/site-packages/airflow/example_dags/example_xcom.py took 0.455 seconds
[2024-09-13T02:51:51.284+0000] {processor.py:157} INFO - Started process (PID=748) to work on /home/airflow/.local/lib/python3.7/site-packages/airflow/example_dags/example_xcom.py
[2024-09-13T02:51:51.286+0000] {processor.py:826} INFO - Processing file /home/airflow/.local/lib/python3.7/site-packages/airflow/example_dags/example_xcom.py for tasks to queue
[2024-09-13T02:51:51.288+0000] {logging_mixin.py:149} INFO - [2024-09-13T02:51:51.288+0000] {dagbag.py:541} INFO - Filling up the DagBag from /home/airflow/.local/lib/python3.7/site-packages/airflow/example_dags/example_xcom.py
[2024-09-13T02:51:51.311+0000] {processor.py:836} INFO - DAG(s) dict_keys(['example_xcom']) retrieved from /home/airflow/.local/lib/python3.7/site-packages/airflow/example_dags/example_xcom.py
[2024-09-13T02:51:51.433+0000] {logging_mixin.py:149} INFO - [2024-09-13T02:51:51.432+0000] {dag.py:2726} INFO - Sync 1 DAGs
[2024-09-13T02:51:51.488+0000] {logging_mixin.py:149} INFO - [2024-09-13T02:51:51.488+0000] {dag.py:3490} INFO - Setting next_dagrun for example_xcom to 2021-01-01T00:00:00+00:00, run_after=2021-01-01T00:00:00+00:00
[2024-09-13T02:51:51.549+0000] {processor.py:179} INFO - Processing /home/airflow/.local/lib/python3.7/site-packages/airflow/example_dags/example_xcom.py took 0.274 seconds
[2024-09-13T02:52:22.992+0000] {processor.py:157} INFO - Started process (PID=814) to work on /home/airflow/.local/lib/python3.7/site-packages/airflow/example_dags/example_xcom.py
[2024-09-13T02:52:22.995+0000] {processor.py:826} INFO - Processing file /home/airflow/.local/lib/python3.7/site-packages/airflow/example_dags/example_xcom.py for tasks to queue
[2024-09-13T02:52:22.998+0000] {logging_mixin.py:149} INFO - [2024-09-13T02:52:22.998+0000] {dagbag.py:541} INFO - Filling up the DagBag from /home/airflow/.local/lib/python3.7/site-packages/airflow/example_dags/example_xcom.py
[2024-09-13T02:52:23.028+0000] {processor.py:836} INFO - DAG(s) dict_keys(['example_xcom']) retrieved from /home/airflow/.local/lib/python3.7/site-packages/airflow/example_dags/example_xcom.py
[2024-09-13T02:52:23.095+0000] {logging_mixin.py:149} INFO - [2024-09-13T02:52:23.095+0000] {dag.py:2726} INFO - Sync 1 DAGs
[2024-09-13T02:52:23.167+0000] {logging_mixin.py:149} INFO - [2024-09-13T02:52:23.167+0000] {dag.py:3490} INFO - Setting next_dagrun for example_xcom to 2021-01-01T00:00:00+00:00, run_after=2021-01-01T00:00:00+00:00
[2024-09-13T02:52:23.266+0000] {processor.py:179} INFO - Processing /home/airflow/.local/lib/python3.7/site-packages/airflow/example_dags/example_xcom.py took 0.285 seconds
[2024-09-13T02:52:53.700+0000] {processor.py:157} INFO - Started process (PID=883) to work on /home/airflow/.local/lib/python3.7/site-packages/airflow/example_dags/example_xcom.py
[2024-09-13T02:52:53.703+0000] {processor.py:826} INFO - Processing file /home/airflow/.local/lib/python3.7/site-packages/airflow/example_dags/example_xcom.py for tasks to queue
[2024-09-13T02:52:53.705+0000] {logging_mixin.py:149} INFO - [2024-09-13T02:52:53.705+0000] {dagbag.py:541} INFO - Filling up the DagBag from /home/airflow/.local/lib/python3.7/site-packages/airflow/example_dags/example_xcom.py
[2024-09-13T02:52:53.724+0000] {processor.py:836} INFO - DAG(s) dict_keys(['example_xcom']) retrieved from /home/airflow/.local/lib/python3.7/site-packages/airflow/example_dags/example_xcom.py
[2024-09-13T02:52:53.779+0000] {logging_mixin.py:149} INFO - [2024-09-13T02:52:53.779+0000] {dag.py:2726} INFO - Sync 1 DAGs
[2024-09-13T02:52:53.848+0000] {logging_mixin.py:149} INFO - [2024-09-13T02:52:53.846+0000] {dag.py:3490} INFO - Setting next_dagrun for example_xcom to 2021-01-01T00:00:00+00:00, run_after=2021-01-01T00:00:00+00:00
[2024-09-13T02:52:53.887+0000] {processor.py:179} INFO - Processing /home/airflow/.local/lib/python3.7/site-packages/airflow/example_dags/example_xcom.py took 0.198 seconds
[2024-09-13T02:53:25.890+0000] {processor.py:157} INFO - Started process (PID=949) to work on /home/airflow/.local/lib/python3.7/site-packages/airflow/example_dags/example_xcom.py
[2024-09-13T02:53:25.893+0000] {processor.py:826} INFO - Processing file /home/airflow/.local/lib/python3.7/site-packages/airflow/example_dags/example_xcom.py for tasks to queue
[2024-09-13T02:53:25.896+0000] {logging_mixin.py:149} INFO - [2024-09-13T02:53:25.896+0000] {dagbag.py:541} INFO - Filling up the DagBag from /home/airflow/.local/lib/python3.7/site-packages/airflow/example_dags/example_xcom.py
[2024-09-13T02:53:25.944+0000] {processor.py:836} INFO - DAG(s) dict_keys(['example_xcom']) retrieved from /home/airflow/.local/lib/python3.7/site-packages/airflow/example_dags/example_xcom.py
[2024-09-13T02:53:26.018+0000] {logging_mixin.py:149} INFO - [2024-09-13T02:53:26.017+0000] {dag.py:2726} INFO - Sync 1 DAGs
[2024-09-13T02:53:26.075+0000] {logging_mixin.py:149} INFO - [2024-09-13T02:53:26.075+0000] {dag.py:3490} INFO - Setting next_dagrun for example_xcom to 2021-01-01T00:00:00+00:00, run_after=2021-01-01T00:00:00+00:00
[2024-09-13T02:53:26.118+0000] {processor.py:179} INFO - Processing /home/airflow/.local/lib/python3.7/site-packages/airflow/example_dags/example_xcom.py took 0.238 seconds
[2024-09-13T02:53:57.670+0000] {processor.py:157} INFO - Started process (PID=1018) to work on /home/airflow/.local/lib/python3.7/site-packages/airflow/example_dags/example_xcom.py
[2024-09-13T02:53:57.678+0000] {processor.py:826} INFO - Processing file /home/airflow/.local/lib/python3.7/site-packages/airflow/example_dags/example_xcom.py for tasks to queue
[2024-09-13T02:53:57.682+0000] {logging_mixin.py:149} INFO - [2024-09-13T02:53:57.681+0000] {dagbag.py:541} INFO - Filling up the DagBag from /home/airflow/.local/lib/python3.7/site-packages/airflow/example_dags/example_xcom.py
[2024-09-13T02:53:57.710+0000] {processor.py:836} INFO - DAG(s) dict_keys(['example_xcom']) retrieved from /home/airflow/.local/lib/python3.7/site-packages/airflow/example_dags/example_xcom.py
[2024-09-13T02:53:57.901+0000] {logging_mixin.py:149} INFO - [2024-09-13T02:53:57.900+0000] {dag.py:2726} INFO - Sync 1 DAGs
[2024-09-13T02:53:58.037+0000] {logging_mixin.py:149} INFO - [2024-09-13T02:53:58.037+0000] {dag.py:3490} INFO - Setting next_dagrun for example_xcom to 2021-01-01T00:00:00+00:00, run_after=2021-01-01T00:00:00+00:00
[2024-09-13T02:53:58.214+0000] {processor.py:179} INFO - Processing /home/airflow/.local/lib/python3.7/site-packages/airflow/example_dags/example_xcom.py took 0.559 seconds
[2024-09-13T02:54:28.654+0000] {processor.py:157} INFO - Started process (PID=1078) to work on /home/airflow/.local/lib/python3.7/site-packages/airflow/example_dags/example_xcom.py
[2024-09-13T02:54:28.656+0000] {processor.py:826} INFO - Processing file /home/airflow/.local/lib/python3.7/site-packages/airflow/example_dags/example_xcom.py for tasks to queue
[2024-09-13T02:54:28.658+0000] {logging_mixin.py:149} INFO - [2024-09-13T02:54:28.658+0000] {dagbag.py:541} INFO - Filling up the DagBag from /home/airflow/.local/lib/python3.7/site-packages/airflow/example_dags/example_xcom.py
[2024-09-13T02:54:28.675+0000] {processor.py:836} INFO - DAG(s) dict_keys(['example_xcom']) retrieved from /home/airflow/.local/lib/python3.7/site-packages/airflow/example_dags/example_xcom.py
[2024-09-13T02:54:28.722+0000] {logging_mixin.py:149} INFO - [2024-09-13T02:54:28.722+0000] {dag.py:2726} INFO - Sync 1 DAGs
[2024-09-13T02:54:28.771+0000] {logging_mixin.py:149} INFO - [2024-09-13T02:54:28.771+0000] {dag.py:3490} INFO - Setting next_dagrun for example_xcom to 2021-01-01T00:00:00+00:00, run_after=2021-01-01T00:00:00+00:00
[2024-09-13T02:54:28.811+0000] {processor.py:179} INFO - Processing /home/airflow/.local/lib/python3.7/site-packages/airflow/example_dags/example_xcom.py took 0.164 seconds
[2024-09-13T02:54:59.362+0000] {processor.py:157} INFO - Started process (PID=1138) to work on /home/airflow/.local/lib/python3.7/site-packages/airflow/example_dags/example_xcom.py
[2024-09-13T02:54:59.364+0000] {processor.py:826} INFO - Processing file /home/airflow/.local/lib/python3.7/site-packages/airflow/example_dags/example_xcom.py for tasks to queue
[2024-09-13T02:54:59.366+0000] {logging_mixin.py:149} INFO - [2024-09-13T02:54:59.366+0000] {dagbag.py:541} INFO - Filling up the DagBag from /home/airflow/.local/lib/python3.7/site-packages/airflow/example_dags/example_xcom.py
[2024-09-13T02:54:59.389+0000] {processor.py:836} INFO - DAG(s) dict_keys(['example_xcom']) retrieved from /home/airflow/.local/lib/python3.7/site-packages/airflow/example_dags/example_xcom.py
[2024-09-13T02:54:59.500+0000] {logging_mixin.py:149} INFO - [2024-09-13T02:54:59.500+0000] {dag.py:2726} INFO - Sync 1 DAGs
[2024-09-13T02:54:59.620+0000] {logging_mixin.py:149} INFO - [2024-09-13T02:54:59.620+0000] {dag.py:3490} INFO - Setting next_dagrun for example_xcom to 2021-01-01T00:00:00+00:00, run_after=2021-01-01T00:00:00+00:00
[2024-09-13T02:54:59.750+0000] {processor.py:179} INFO - Processing /home/airflow/.local/lib/python3.7/site-packages/airflow/example_dags/example_xcom.py took 0.400 seconds
[2024-09-13T02:55:30.451+0000] {processor.py:157} INFO - Started process (PID=1207) to work on /home/airflow/.local/lib/python3.7/site-packages/airflow/example_dags/example_xcom.py
[2024-09-13T02:55:30.462+0000] {processor.py:826} INFO - Processing file /home/airflow/.local/lib/python3.7/site-packages/airflow/example_dags/example_xcom.py for tasks to queue
[2024-09-13T02:55:30.470+0000] {logging_mixin.py:149} INFO - [2024-09-13T02:55:30.469+0000] {dagbag.py:541} INFO - Filling up the DagBag from /home/airflow/.local/lib/python3.7/site-packages/airflow/example_dags/example_xcom.py
[2024-09-13T02:55:30.519+0000] {processor.py:836} INFO - DAG(s) dict_keys(['example_xcom']) retrieved from /home/airflow/.local/lib/python3.7/site-packages/airflow/example_dags/example_xcom.py
[2024-09-13T02:55:30.682+0000] {logging_mixin.py:149} INFO - [2024-09-13T02:55:30.682+0000] {dag.py:2726} INFO - Sync 1 DAGs
[2024-09-13T02:55:30.830+0000] {logging_mixin.py:149} INFO - [2024-09-13T02:55:30.829+0000] {dag.py:3490} INFO - Setting next_dagrun for example_xcom to 2021-01-01T00:00:00+00:00, run_after=2021-01-01T00:00:00+00:00
[2024-09-13T02:55:30.903+0000] {processor.py:179} INFO - Processing /home/airflow/.local/lib/python3.7/site-packages/airflow/example_dags/example_xcom.py took 0.472 seconds
[2024-09-13T02:56:01.860+0000] {processor.py:157} INFO - Started process (PID=1276) to work on /home/airflow/.local/lib/python3.7/site-packages/airflow/example_dags/example_xcom.py
[2024-09-13T02:56:01.866+0000] {processor.py:826} INFO - Processing file /home/airflow/.local/lib/python3.7/site-packages/airflow/example_dags/example_xcom.py for tasks to queue
[2024-09-13T02:56:01.870+0000] {logging_mixin.py:149} INFO - [2024-09-13T02:56:01.870+0000] {dagbag.py:541} INFO - Filling up the DagBag from /home/airflow/.local/lib/python3.7/site-packages/airflow/example_dags/example_xcom.py
[2024-09-13T02:56:01.907+0000] {processor.py:836} INFO - DAG(s) dict_keys(['example_xcom']) retrieved from /home/airflow/.local/lib/python3.7/site-packages/airflow/example_dags/example_xcom.py
[2024-09-13T02:56:02.157+0000] {logging_mixin.py:149} INFO - [2024-09-13T02:56:02.156+0000] {dag.py:2726} INFO - Sync 1 DAGs
[2024-09-13T02:56:02.321+0000] {logging_mixin.py:149} INFO - [2024-09-13T02:56:02.320+0000] {dag.py:3490} INFO - Setting next_dagrun for example_xcom to 2021-01-01T00:00:00+00:00, run_after=2021-01-01T00:00:00+00:00
[2024-09-13T02:56:02.377+0000] {processor.py:179} INFO - Processing /home/airflow/.local/lib/python3.7/site-packages/airflow/example_dags/example_xcom.py took 0.550 seconds
[2024-09-13T02:56:33.737+0000] {processor.py:157} INFO - Started process (PID=1345) to work on /home/airflow/.local/lib/python3.7/site-packages/airflow/example_dags/example_xcom.py
[2024-09-13T02:56:33.785+0000] {processor.py:826} INFO - Processing file /home/airflow/.local/lib/python3.7/site-packages/airflow/example_dags/example_xcom.py for tasks to queue
[2024-09-13T02:56:33.793+0000] {logging_mixin.py:149} INFO - [2024-09-13T02:56:33.789+0000] {dagbag.py:541} INFO - Filling up the DagBag from /home/airflow/.local/lib/python3.7/site-packages/airflow/example_dags/example_xcom.py
[2024-09-13T02:56:33.948+0000] {processor.py:836} INFO - DAG(s) dict_keys(['example_xcom']) retrieved from /home/airflow/.local/lib/python3.7/site-packages/airflow/example_dags/example_xcom.py
[2024-09-13T02:56:34.099+0000] {logging_mixin.py:149} INFO - [2024-09-13T02:56:34.098+0000] {dag.py:2726} INFO - Sync 1 DAGs
[2024-09-13T02:56:34.247+0000] {logging_mixin.py:149} INFO - [2024-09-13T02:56:34.246+0000] {dag.py:3490} INFO - Setting next_dagrun for example_xcom to 2021-01-01T00:00:00+00:00, run_after=2021-01-01T00:00:00+00:00
[2024-09-13T02:56:34.328+0000] {processor.py:179} INFO - Processing /home/airflow/.local/lib/python3.7/site-packages/airflow/example_dags/example_xcom.py took 0.667 seconds
[2024-09-13T02:57:04.680+0000] {processor.py:157} INFO - Started process (PID=1414) to work on /home/airflow/.local/lib/python3.7/site-packages/airflow/example_dags/example_xcom.py
[2024-09-13T02:57:04.684+0000] {processor.py:826} INFO - Processing file /home/airflow/.local/lib/python3.7/site-packages/airflow/example_dags/example_xcom.py for tasks to queue
[2024-09-13T02:57:04.687+0000] {logging_mixin.py:149} INFO - [2024-09-13T02:57:04.686+0000] {dagbag.py:541} INFO - Filling up the DagBag from /home/airflow/.local/lib/python3.7/site-packages/airflow/example_dags/example_xcom.py
[2024-09-13T02:57:04.716+0000] {processor.py:836} INFO - DAG(s) dict_keys(['example_xcom']) retrieved from /home/airflow/.local/lib/python3.7/site-packages/airflow/example_dags/example_xcom.py
[2024-09-13T02:57:04.819+0000] {logging_mixin.py:149} INFO - [2024-09-13T02:57:04.819+0000] {dag.py:2726} INFO - Sync 1 DAGs
[2024-09-13T02:57:04.887+0000] {logging_mixin.py:149} INFO - [2024-09-13T02:57:04.886+0000] {dag.py:3490} INFO - Setting next_dagrun for example_xcom to 2021-01-01T00:00:00+00:00, run_after=2021-01-01T00:00:00+00:00
[2024-09-13T02:57:04.928+0000] {processor.py:179} INFO - Processing /home/airflow/.local/lib/python3.7/site-packages/airflow/example_dags/example_xcom.py took 0.265 seconds
