[2024-09-13T02:43:40.146+0000] {processor.py:157} INFO - Started process (PID=59) to work on /home/airflow/.local/lib/python3.7/site-packages/airflow/example_dags/example_nested_branch_dag.py
[2024-09-13T02:43:40.346+0000] {processor.py:826} INFO - Processing file /home/airflow/.local/lib/python3.7/site-packages/airflow/example_dags/example_nested_branch_dag.py for tasks to queue
[2024-09-13T02:43:40.981+0000] {logging_mixin.py:149} INFO - [2024-09-13T02:43:40.976+0000] {dagbag.py:541} INFO - Filling up the DagBag from /home/airflow/.local/lib/python3.7/site-packages/airflow/example_dags/example_nested_branch_dag.py
[2024-09-13T02:43:42.107+0000] {processor.py:836} INFO - DAG(s) dict_keys(['example_nested_branch_dag']) retrieved from /home/airflow/.local/lib/python3.7/site-packages/airflow/example_dags/example_nested_branch_dag.py
[2024-09-13T02:43:42.764+0000] {logging_mixin.py:149} INFO - [2024-09-13T02:43:42.758+0000] {dag.py:2726} INFO - Sync 1 DAGs
[2024-09-13T02:43:43.543+0000] {logging_mixin.py:149} INFO - [2024-09-13T02:43:43.537+0000] {dag.py:3490} INFO - Setting next_dagrun for example_nested_branch_dag to 2024-09-12T00:00:00+00:00, run_after=2024-09-13T00:00:00+00:00
[2024-09-13T02:43:43.776+0000] {processor.py:179} INFO - Processing /home/airflow/.local/lib/python3.7/site-packages/airflow/example_dags/example_nested_branch_dag.py took 3.687 seconds
[2024-09-13T02:46:56.459+0000] {processor.py:157} INFO - Started process (PID=162) to work on /home/airflow/.local/lib/python3.7/site-packages/airflow/example_dags/example_nested_branch_dag.py
[2024-09-13T02:46:56.473+0000] {processor.py:826} INFO - Processing file /home/airflow/.local/lib/python3.7/site-packages/airflow/example_dags/example_nested_branch_dag.py for tasks to queue
[2024-09-13T02:46:56.508+0000] {logging_mixin.py:149} INFO - [2024-09-13T02:46:56.506+0000] {dagbag.py:541} INFO - Filling up the DagBag from /home/airflow/.local/lib/python3.7/site-packages/airflow/example_dags/example_nested_branch_dag.py
[2024-09-13T02:46:56.551+0000] {processor.py:836} INFO - DAG(s) dict_keys(['example_nested_branch_dag']) retrieved from /home/airflow/.local/lib/python3.7/site-packages/airflow/example_dags/example_nested_branch_dag.py
[2024-09-13T02:46:56.760+0000] {logging_mixin.py:149} INFO - [2024-09-13T02:46:56.757+0000] {dag.py:2726} INFO - Sync 1 DAGs
[2024-09-13T02:46:57.787+0000] {logging_mixin.py:149} INFO - [2024-09-13T02:46:57.785+0000] {dag.py:3490} INFO - Setting next_dagrun for example_nested_branch_dag to 2024-09-12T00:00:00+00:00, run_after=2024-09-13T00:00:00+00:00
[2024-09-13T02:46:57.875+0000] {processor.py:179} INFO - Processing /home/airflow/.local/lib/python3.7/site-packages/airflow/example_dags/example_nested_branch_dag.py took 1.436 seconds
[2024-09-13T02:47:34.062+0000] {processor.py:157} INFO - Started process (PID=212) to work on /home/airflow/.local/lib/python3.7/site-packages/airflow/example_dags/example_nested_branch_dag.py
[2024-09-13T02:47:34.065+0000] {processor.py:826} INFO - Processing file /home/airflow/.local/lib/python3.7/site-packages/airflow/example_dags/example_nested_branch_dag.py for tasks to queue
[2024-09-13T02:47:34.067+0000] {logging_mixin.py:149} INFO - [2024-09-13T02:47:34.067+0000] {dagbag.py:541} INFO - Filling up the DagBag from /home/airflow/.local/lib/python3.7/site-packages/airflow/example_dags/example_nested_branch_dag.py
[2024-09-13T02:47:34.138+0000] {processor.py:836} INFO - DAG(s) dict_keys(['example_nested_branch_dag']) retrieved from /home/airflow/.local/lib/python3.7/site-packages/airflow/example_dags/example_nested_branch_dag.py
[2024-09-13T02:47:34.241+0000] {logging_mixin.py:149} INFO - [2024-09-13T02:47:34.239+0000] {dag.py:2726} INFO - Sync 1 DAGs
[2024-09-13T02:47:34.330+0000] {logging_mixin.py:149} INFO - [2024-09-13T02:47:34.329+0000] {dag.py:3490} INFO - Setting next_dagrun for example_nested_branch_dag to 2024-09-12T00:00:00+00:00, run_after=2024-09-13T00:00:00+00:00
[2024-09-13T02:47:34.413+0000] {processor.py:179} INFO - Processing /home/airflow/.local/lib/python3.7/site-packages/airflow/example_dags/example_nested_branch_dag.py took 0.361 seconds
[2024-09-13T02:48:06.613+0000] {processor.py:157} INFO - Started process (PID=281) to work on /home/airflow/.local/lib/python3.7/site-packages/airflow/example_dags/example_nested_branch_dag.py
[2024-09-13T02:48:06.621+0000] {processor.py:826} INFO - Processing file /home/airflow/.local/lib/python3.7/site-packages/airflow/example_dags/example_nested_branch_dag.py for tasks to queue
[2024-09-13T02:48:06.626+0000] {logging_mixin.py:149} INFO - [2024-09-13T02:48:06.625+0000] {dagbag.py:541} INFO - Filling up the DagBag from /home/airflow/.local/lib/python3.7/site-packages/airflow/example_dags/example_nested_branch_dag.py
[2024-09-13T02:48:06.668+0000] {processor.py:836} INFO - DAG(s) dict_keys(['example_nested_branch_dag']) retrieved from /home/airflow/.local/lib/python3.7/site-packages/airflow/example_dags/example_nested_branch_dag.py
[2024-09-13T02:48:06.793+0000] {logging_mixin.py:149} INFO - [2024-09-13T02:48:06.792+0000] {dag.py:2726} INFO - Sync 1 DAGs
[2024-09-13T02:48:06.914+0000] {logging_mixin.py:149} INFO - [2024-09-13T02:48:06.913+0000] {dag.py:3490} INFO - Setting next_dagrun for example_nested_branch_dag to 2024-09-12T00:00:00+00:00, run_after=2024-09-13T00:00:00+00:00
[2024-09-13T02:48:06.975+0000] {processor.py:179} INFO - Processing /home/airflow/.local/lib/python3.7/site-packages/airflow/example_dags/example_nested_branch_dag.py took 0.378 seconds
[2024-09-13T02:48:37.075+0000] {processor.py:157} INFO - Started process (PID=341) to work on /home/airflow/.local/lib/python3.7/site-packages/airflow/example_dags/example_nested_branch_dag.py
[2024-09-13T02:48:37.078+0000] {processor.py:826} INFO - Processing file /home/airflow/.local/lib/python3.7/site-packages/airflow/example_dags/example_nested_branch_dag.py for tasks to queue
[2024-09-13T02:48:37.080+0000] {logging_mixin.py:149} INFO - [2024-09-13T02:48:37.080+0000] {dagbag.py:541} INFO - Filling up the DagBag from /home/airflow/.local/lib/python3.7/site-packages/airflow/example_dags/example_nested_branch_dag.py
[2024-09-13T02:48:37.114+0000] {processor.py:836} INFO - DAG(s) dict_keys(['example_nested_branch_dag']) retrieved from /home/airflow/.local/lib/python3.7/site-packages/airflow/example_dags/example_nested_branch_dag.py
[2024-09-13T02:48:37.265+0000] {logging_mixin.py:149} INFO - [2024-09-13T02:48:37.264+0000] {dag.py:2726} INFO - Sync 1 DAGs
[2024-09-13T02:48:37.329+0000] {logging_mixin.py:149} INFO - [2024-09-13T02:48:37.329+0000] {dag.py:3490} INFO - Setting next_dagrun for example_nested_branch_dag to 2024-09-12T00:00:00+00:00, run_after=2024-09-13T00:00:00+00:00
[2024-09-13T02:48:37.404+0000] {processor.py:179} INFO - Processing /home/airflow/.local/lib/python3.7/site-packages/airflow/example_dags/example_nested_branch_dag.py took 0.339 seconds
[2024-09-13T02:49:13.823+0000] {processor.py:157} INFO - Started process (PID=407) to work on /home/airflow/.local/lib/python3.7/site-packages/airflow/example_dags/example_nested_branch_dag.py
[2024-09-13T02:49:13.826+0000] {processor.py:826} INFO - Processing file /home/airflow/.local/lib/python3.7/site-packages/airflow/example_dags/example_nested_branch_dag.py for tasks to queue
[2024-09-13T02:49:13.828+0000] {logging_mixin.py:149} INFO - [2024-09-13T02:49:13.828+0000] {dagbag.py:541} INFO - Filling up the DagBag from /home/airflow/.local/lib/python3.7/site-packages/airflow/example_dags/example_nested_branch_dag.py
[2024-09-13T02:49:13.915+0000] {processor.py:836} INFO - DAG(s) dict_keys(['example_nested_branch_dag']) retrieved from /home/airflow/.local/lib/python3.7/site-packages/airflow/example_dags/example_nested_branch_dag.py
[2024-09-13T02:49:14.107+0000] {logging_mixin.py:149} INFO - [2024-09-13T02:49:14.107+0000] {dag.py:2726} INFO - Sync 1 DAGs
[2024-09-13T02:49:14.517+0000] {logging_mixin.py:149} INFO - [2024-09-13T02:49:14.515+0000] {dag.py:3490} INFO - Setting next_dagrun for example_nested_branch_dag to 2024-09-12T00:00:00+00:00, run_after=2024-09-13T00:00:00+00:00
[2024-09-13T02:49:14.689+0000] {processor.py:179} INFO - Processing /home/airflow/.local/lib/python3.7/site-packages/airflow/example_dags/example_nested_branch_dag.py took 0.879 seconds
[2024-09-13T02:49:48.368+0000] {processor.py:157} INFO - Started process (PID=476) to work on /home/airflow/.local/lib/python3.7/site-packages/airflow/example_dags/example_nested_branch_dag.py
[2024-09-13T02:49:48.378+0000] {processor.py:826} INFO - Processing file /home/airflow/.local/lib/python3.7/site-packages/airflow/example_dags/example_nested_branch_dag.py for tasks to queue
[2024-09-13T02:49:48.387+0000] {logging_mixin.py:149} INFO - [2024-09-13T02:49:48.386+0000] {dagbag.py:541} INFO - Filling up the DagBag from /home/airflow/.local/lib/python3.7/site-packages/airflow/example_dags/example_nested_branch_dag.py
[2024-09-13T02:49:48.445+0000] {processor.py:836} INFO - DAG(s) dict_keys(['example_nested_branch_dag']) retrieved from /home/airflow/.local/lib/python3.7/site-packages/airflow/example_dags/example_nested_branch_dag.py
[2024-09-13T02:49:48.648+0000] {logging_mixin.py:149} INFO - [2024-09-13T02:49:48.648+0000] {dag.py:2726} INFO - Sync 1 DAGs
[2024-09-13T02:49:48.837+0000] {logging_mixin.py:149} INFO - [2024-09-13T02:49:48.836+0000] {dag.py:3490} INFO - Setting next_dagrun for example_nested_branch_dag to 2024-09-12T00:00:00+00:00, run_after=2024-09-13T00:00:00+00:00
[2024-09-13T02:49:48.928+0000] {processor.py:179} INFO - Processing /home/airflow/.local/lib/python3.7/site-packages/airflow/example_dags/example_nested_branch_dag.py took 0.583 seconds
[2024-09-13T02:50:19.567+0000] {processor.py:157} INFO - Started process (PID=545) to work on /home/airflow/.local/lib/python3.7/site-packages/airflow/example_dags/example_nested_branch_dag.py
[2024-09-13T02:50:19.570+0000] {processor.py:826} INFO - Processing file /home/airflow/.local/lib/python3.7/site-packages/airflow/example_dags/example_nested_branch_dag.py for tasks to queue
[2024-09-13T02:50:19.571+0000] {logging_mixin.py:149} INFO - [2024-09-13T02:50:19.571+0000] {dagbag.py:541} INFO - Filling up the DagBag from /home/airflow/.local/lib/python3.7/site-packages/airflow/example_dags/example_nested_branch_dag.py
[2024-09-13T02:50:19.592+0000] {processor.py:836} INFO - DAG(s) dict_keys(['example_nested_branch_dag']) retrieved from /home/airflow/.local/lib/python3.7/site-packages/airflow/example_dags/example_nested_branch_dag.py
[2024-09-13T02:50:19.637+0000] {logging_mixin.py:149} INFO - [2024-09-13T02:50:19.637+0000] {dag.py:2726} INFO - Sync 1 DAGs
[2024-09-13T02:50:19.690+0000] {logging_mixin.py:149} INFO - [2024-09-13T02:50:19.690+0000] {dag.py:3490} INFO - Setting next_dagrun for example_nested_branch_dag to 2024-09-12T00:00:00+00:00, run_after=2024-09-13T00:00:00+00:00
[2024-09-13T02:50:19.719+0000] {processor.py:179} INFO - Processing /home/airflow/.local/lib/python3.7/site-packages/airflow/example_dags/example_nested_branch_dag.py took 0.160 seconds
[2024-09-13T02:50:50.352+0000] {processor.py:157} INFO - Started process (PID=614) to work on /home/airflow/.local/lib/python3.7/site-packages/airflow/example_dags/example_nested_branch_dag.py
[2024-09-13T02:50:50.359+0000] {processor.py:826} INFO - Processing file /home/airflow/.local/lib/python3.7/site-packages/airflow/example_dags/example_nested_branch_dag.py for tasks to queue
[2024-09-13T02:50:50.362+0000] {logging_mixin.py:149} INFO - [2024-09-13T02:50:50.362+0000] {dagbag.py:541} INFO - Filling up the DagBag from /home/airflow/.local/lib/python3.7/site-packages/airflow/example_dags/example_nested_branch_dag.py
[2024-09-13T02:50:50.435+0000] {processor.py:836} INFO - DAG(s) dict_keys(['example_nested_branch_dag']) retrieved from /home/airflow/.local/lib/python3.7/site-packages/airflow/example_dags/example_nested_branch_dag.py
[2024-09-13T02:50:50.701+0000] {logging_mixin.py:149} INFO - [2024-09-13T02:50:50.700+0000] {dag.py:2726} INFO - Sync 1 DAGs
[2024-09-13T02:50:51.075+0000] {logging_mixin.py:149} INFO - [2024-09-13T02:50:51.074+0000] {dag.py:3490} INFO - Setting next_dagrun for example_nested_branch_dag to 2024-09-12T00:00:00+00:00, run_after=2024-09-13T00:00:00+00:00
[2024-09-13T02:50:51.169+0000] {processor.py:179} INFO - Processing /home/airflow/.local/lib/python3.7/site-packages/airflow/example_dags/example_nested_branch_dag.py took 0.834 seconds
[2024-09-13T02:51:21.624+0000] {processor.py:157} INFO - Started process (PID=683) to work on /home/airflow/.local/lib/python3.7/site-packages/airflow/example_dags/example_nested_branch_dag.py
[2024-09-13T02:51:21.628+0000] {processor.py:826} INFO - Processing file /home/airflow/.local/lib/python3.7/site-packages/airflow/example_dags/example_nested_branch_dag.py for tasks to queue
[2024-09-13T02:51:21.630+0000] {logging_mixin.py:149} INFO - [2024-09-13T02:51:21.630+0000] {dagbag.py:541} INFO - Filling up the DagBag from /home/airflow/.local/lib/python3.7/site-packages/airflow/example_dags/example_nested_branch_dag.py
[2024-09-13T02:51:21.653+0000] {processor.py:836} INFO - DAG(s) dict_keys(['example_nested_branch_dag']) retrieved from /home/airflow/.local/lib/python3.7/site-packages/airflow/example_dags/example_nested_branch_dag.py
[2024-09-13T02:51:21.708+0000] {logging_mixin.py:149} INFO - [2024-09-13T02:51:21.707+0000] {dag.py:2726} INFO - Sync 1 DAGs
[2024-09-13T02:51:21.763+0000] {logging_mixin.py:149} INFO - [2024-09-13T02:51:21.762+0000] {dag.py:3490} INFO - Setting next_dagrun for example_nested_branch_dag to 2024-09-12T00:00:00+00:00, run_after=2024-09-13T00:00:00+00:00
[2024-09-13T02:51:21.794+0000] {processor.py:179} INFO - Processing /home/airflow/.local/lib/python3.7/site-packages/airflow/example_dags/example_nested_branch_dag.py took 0.182 seconds
[2024-09-13T02:51:52.122+0000] {processor.py:157} INFO - Started process (PID=752) to work on /home/airflow/.local/lib/python3.7/site-packages/airflow/example_dags/example_nested_branch_dag.py
[2024-09-13T02:51:52.124+0000] {processor.py:826} INFO - Processing file /home/airflow/.local/lib/python3.7/site-packages/airflow/example_dags/example_nested_branch_dag.py for tasks to queue
[2024-09-13T02:51:52.126+0000] {logging_mixin.py:149} INFO - [2024-09-13T02:51:52.126+0000] {dagbag.py:541} INFO - Filling up the DagBag from /home/airflow/.local/lib/python3.7/site-packages/airflow/example_dags/example_nested_branch_dag.py
[2024-09-13T02:51:52.148+0000] {processor.py:836} INFO - DAG(s) dict_keys(['example_nested_branch_dag']) retrieved from /home/airflow/.local/lib/python3.7/site-packages/airflow/example_dags/example_nested_branch_dag.py
[2024-09-13T02:51:52.220+0000] {logging_mixin.py:149} INFO - [2024-09-13T02:51:52.220+0000] {dag.py:2726} INFO - Sync 1 DAGs
[2024-09-13T02:51:52.313+0000] {logging_mixin.py:149} INFO - [2024-09-13T02:51:52.311+0000] {dag.py:3490} INFO - Setting next_dagrun for example_nested_branch_dag to 2024-09-12T00:00:00+00:00, run_after=2024-09-13T00:00:00+00:00
[2024-09-13T02:51:52.390+0000] {processor.py:179} INFO - Processing /home/airflow/.local/lib/python3.7/site-packages/airflow/example_dags/example_nested_branch_dag.py took 0.276 seconds
[2024-09-13T02:52:23.930+0000] {processor.py:157} INFO - Started process (PID=818) to work on /home/airflow/.local/lib/python3.7/site-packages/airflow/example_dags/example_nested_branch_dag.py
[2024-09-13T02:52:23.933+0000] {processor.py:826} INFO - Processing file /home/airflow/.local/lib/python3.7/site-packages/airflow/example_dags/example_nested_branch_dag.py for tasks to queue
[2024-09-13T02:52:23.936+0000] {logging_mixin.py:149} INFO - [2024-09-13T02:52:23.936+0000] {dagbag.py:541} INFO - Filling up the DagBag from /home/airflow/.local/lib/python3.7/site-packages/airflow/example_dags/example_nested_branch_dag.py
[2024-09-13T02:52:23.971+0000] {processor.py:836} INFO - DAG(s) dict_keys(['example_nested_branch_dag']) retrieved from /home/airflow/.local/lib/python3.7/site-packages/airflow/example_dags/example_nested_branch_dag.py
[2024-09-13T02:52:24.039+0000] {logging_mixin.py:149} INFO - [2024-09-13T02:52:24.038+0000] {dag.py:2726} INFO - Sync 1 DAGs
[2024-09-13T02:52:24.151+0000] {logging_mixin.py:149} INFO - [2024-09-13T02:52:24.150+0000] {dag.py:3490} INFO - Setting next_dagrun for example_nested_branch_dag to 2024-09-12T00:00:00+00:00, run_after=2024-09-13T00:00:00+00:00
[2024-09-13T02:52:24.282+0000] {processor.py:179} INFO - Processing /home/airflow/.local/lib/python3.7/site-packages/airflow/example_dags/example_nested_branch_dag.py took 0.360 seconds
[2024-09-13T02:52:54.999+0000] {processor.py:157} INFO - Started process (PID=887) to work on /home/airflow/.local/lib/python3.7/site-packages/airflow/example_dags/example_nested_branch_dag.py
[2024-09-13T02:52:55.010+0000] {processor.py:826} INFO - Processing file /home/airflow/.local/lib/python3.7/site-packages/airflow/example_dags/example_nested_branch_dag.py for tasks to queue
[2024-09-13T02:52:55.024+0000] {logging_mixin.py:149} INFO - [2024-09-13T02:52:55.023+0000] {dagbag.py:541} INFO - Filling up the DagBag from /home/airflow/.local/lib/python3.7/site-packages/airflow/example_dags/example_nested_branch_dag.py
[2024-09-13T02:52:55.067+0000] {processor.py:836} INFO - DAG(s) dict_keys(['example_nested_branch_dag']) retrieved from /home/airflow/.local/lib/python3.7/site-packages/airflow/example_dags/example_nested_branch_dag.py
[2024-09-13T02:52:55.151+0000] {logging_mixin.py:149} INFO - [2024-09-13T02:52:55.150+0000] {dag.py:2726} INFO - Sync 1 DAGs
[2024-09-13T02:52:55.255+0000] {logging_mixin.py:149} INFO - [2024-09-13T02:52:55.254+0000] {dag.py:3490} INFO - Setting next_dagrun for example_nested_branch_dag to 2024-09-12T00:00:00+00:00, run_after=2024-09-13T00:00:00+00:00
[2024-09-13T02:52:55.297+0000] {processor.py:179} INFO - Processing /home/airflow/.local/lib/python3.7/site-packages/airflow/example_dags/example_nested_branch_dag.py took 0.312 seconds
[2024-09-13T02:53:27.983+0000] {processor.py:157} INFO - Started process (PID=956) to work on /home/airflow/.local/lib/python3.7/site-packages/airflow/example_dags/example_nested_branch_dag.py
[2024-09-13T02:53:27.985+0000] {processor.py:826} INFO - Processing file /home/airflow/.local/lib/python3.7/site-packages/airflow/example_dags/example_nested_branch_dag.py for tasks to queue
[2024-09-13T02:53:27.986+0000] {logging_mixin.py:149} INFO - [2024-09-13T02:53:27.986+0000] {dagbag.py:541} INFO - Filling up the DagBag from /home/airflow/.local/lib/python3.7/site-packages/airflow/example_dags/example_nested_branch_dag.py
[2024-09-13T02:53:28.010+0000] {processor.py:836} INFO - DAG(s) dict_keys(['example_nested_branch_dag']) retrieved from /home/airflow/.local/lib/python3.7/site-packages/airflow/example_dags/example_nested_branch_dag.py
[2024-09-13T02:53:28.107+0000] {logging_mixin.py:149} INFO - [2024-09-13T02:53:28.107+0000] {dag.py:2726} INFO - Sync 1 DAGs
[2024-09-13T02:53:28.164+0000] {logging_mixin.py:149} INFO - [2024-09-13T02:53:28.163+0000] {dag.py:3490} INFO - Setting next_dagrun for example_nested_branch_dag to 2024-09-12T00:00:00+00:00, run_after=2024-09-13T00:00:00+00:00
[2024-09-13T02:53:28.216+0000] {processor.py:179} INFO - Processing /home/airflow/.local/lib/python3.7/site-packages/airflow/example_dags/example_nested_branch_dag.py took 0.241 seconds
[2024-09-13T02:54:00.937+0000] {processor.py:157} INFO - Started process (PID=1022) to work on /home/airflow/.local/lib/python3.7/site-packages/airflow/example_dags/example_nested_branch_dag.py
[2024-09-13T02:54:00.943+0000] {processor.py:826} INFO - Processing file /home/airflow/.local/lib/python3.7/site-packages/airflow/example_dags/example_nested_branch_dag.py for tasks to queue
[2024-09-13T02:54:00.972+0000] {logging_mixin.py:149} INFO - [2024-09-13T02:54:00.972+0000] {dagbag.py:541} INFO - Filling up the DagBag from /home/airflow/.local/lib/python3.7/site-packages/airflow/example_dags/example_nested_branch_dag.py
[2024-09-13T02:54:01.060+0000] {processor.py:836} INFO - DAG(s) dict_keys(['example_nested_branch_dag']) retrieved from /home/airflow/.local/lib/python3.7/site-packages/airflow/example_dags/example_nested_branch_dag.py
[2024-09-13T02:54:01.331+0000] {logging_mixin.py:149} INFO - [2024-09-13T02:54:01.330+0000] {dag.py:2726} INFO - Sync 1 DAGs
[2024-09-13T02:54:01.708+0000] {logging_mixin.py:149} INFO - [2024-09-13T02:54:01.707+0000] {dag.py:3490} INFO - Setting next_dagrun for example_nested_branch_dag to 2024-09-12T00:00:00+00:00, run_after=2024-09-13T00:00:00+00:00
[2024-09-13T02:54:01.804+0000] {processor.py:179} INFO - Processing /home/airflow/.local/lib/python3.7/site-packages/airflow/example_dags/example_nested_branch_dag.py took 0.954 seconds
[2024-09-13T02:54:32.083+0000] {processor.py:157} INFO - Started process (PID=1091) to work on /home/airflow/.local/lib/python3.7/site-packages/airflow/example_dags/example_nested_branch_dag.py
[2024-09-13T02:54:32.089+0000] {processor.py:826} INFO - Processing file /home/airflow/.local/lib/python3.7/site-packages/airflow/example_dags/example_nested_branch_dag.py for tasks to queue
[2024-09-13T02:54:32.093+0000] {logging_mixin.py:149} INFO - [2024-09-13T02:54:32.092+0000] {dagbag.py:541} INFO - Filling up the DagBag from /home/airflow/.local/lib/python3.7/site-packages/airflow/example_dags/example_nested_branch_dag.py
[2024-09-13T02:54:32.147+0000] {processor.py:836} INFO - DAG(s) dict_keys(['example_nested_branch_dag']) retrieved from /home/airflow/.local/lib/python3.7/site-packages/airflow/example_dags/example_nested_branch_dag.py
[2024-09-13T02:54:32.309+0000] {logging_mixin.py:149} INFO - [2024-09-13T02:54:32.308+0000] {dag.py:2726} INFO - Sync 1 DAGs
[2024-09-13T02:54:32.417+0000] {logging_mixin.py:149} INFO - [2024-09-13T02:54:32.416+0000] {dag.py:3490} INFO - Setting next_dagrun for example_nested_branch_dag to 2024-09-12T00:00:00+00:00, run_after=2024-09-13T00:00:00+00:00
[2024-09-13T02:54:32.509+0000] {processor.py:179} INFO - Processing /home/airflow/.local/lib/python3.7/site-packages/airflow/example_dags/example_nested_branch_dag.py took 0.467 seconds
[2024-09-13T02:55:03.084+0000] {processor.py:157} INFO - Started process (PID=1151) to work on /home/airflow/.local/lib/python3.7/site-packages/airflow/example_dags/example_nested_branch_dag.py
[2024-09-13T02:55:03.089+0000] {processor.py:826} INFO - Processing file /home/airflow/.local/lib/python3.7/site-packages/airflow/example_dags/example_nested_branch_dag.py for tasks to queue
[2024-09-13T02:55:03.091+0000] {logging_mixin.py:149} INFO - [2024-09-13T02:55:03.091+0000] {dagbag.py:541} INFO - Filling up the DagBag from /home/airflow/.local/lib/python3.7/site-packages/airflow/example_dags/example_nested_branch_dag.py
[2024-09-13T02:55:03.148+0000] {processor.py:836} INFO - DAG(s) dict_keys(['example_nested_branch_dag']) retrieved from /home/airflow/.local/lib/python3.7/site-packages/airflow/example_dags/example_nested_branch_dag.py
[2024-09-13T02:55:03.309+0000] {logging_mixin.py:149} INFO - [2024-09-13T02:55:03.309+0000] {dag.py:2726} INFO - Sync 1 DAGs
[2024-09-13T02:55:03.466+0000] {logging_mixin.py:149} INFO - [2024-09-13T02:55:03.465+0000] {dag.py:3490} INFO - Setting next_dagrun for example_nested_branch_dag to 2024-09-12T00:00:00+00:00, run_after=2024-09-13T00:00:00+00:00
[2024-09-13T02:55:03.592+0000] {processor.py:179} INFO - Processing /home/airflow/.local/lib/python3.7/site-packages/airflow/example_dags/example_nested_branch_dag.py took 0.519 seconds
[2024-09-13T02:55:34.350+0000] {processor.py:157} INFO - Started process (PID=1220) to work on /home/airflow/.local/lib/python3.7/site-packages/airflow/example_dags/example_nested_branch_dag.py
[2024-09-13T02:55:34.354+0000] {processor.py:826} INFO - Processing file /home/airflow/.local/lib/python3.7/site-packages/airflow/example_dags/example_nested_branch_dag.py for tasks to queue
[2024-09-13T02:55:34.358+0000] {logging_mixin.py:149} INFO - [2024-09-13T02:55:34.357+0000] {dagbag.py:541} INFO - Filling up the DagBag from /home/airflow/.local/lib/python3.7/site-packages/airflow/example_dags/example_nested_branch_dag.py
[2024-09-13T02:55:34.416+0000] {processor.py:836} INFO - DAG(s) dict_keys(['example_nested_branch_dag']) retrieved from /home/airflow/.local/lib/python3.7/site-packages/airflow/example_dags/example_nested_branch_dag.py
[2024-09-13T02:55:34.529+0000] {logging_mixin.py:149} INFO - [2024-09-13T02:55:34.528+0000] {dag.py:2726} INFO - Sync 1 DAGs
[2024-09-13T02:55:34.602+0000] {logging_mixin.py:149} INFO - [2024-09-13T02:55:34.601+0000] {dag.py:3490} INFO - Setting next_dagrun for example_nested_branch_dag to 2024-09-12T00:00:00+00:00, run_after=2024-09-13T00:00:00+00:00
[2024-09-13T02:55:34.668+0000] {processor.py:179} INFO - Processing /home/airflow/.local/lib/python3.7/site-packages/airflow/example_dags/example_nested_branch_dag.py took 0.356 seconds
[2024-09-13T02:56:04.987+0000] {processor.py:157} INFO - Started process (PID=1289) to work on /home/airflow/.local/lib/python3.7/site-packages/airflow/example_dags/example_nested_branch_dag.py
[2024-09-13T02:56:04.992+0000] {processor.py:826} INFO - Processing file /home/airflow/.local/lib/python3.7/site-packages/airflow/example_dags/example_nested_branch_dag.py for tasks to queue
[2024-09-13T02:56:04.994+0000] {logging_mixin.py:149} INFO - [2024-09-13T02:56:04.994+0000] {dagbag.py:541} INFO - Filling up the DagBag from /home/airflow/.local/lib/python3.7/site-packages/airflow/example_dags/example_nested_branch_dag.py
[2024-09-13T02:56:05.067+0000] {processor.py:836} INFO - DAG(s) dict_keys(['example_nested_branch_dag']) retrieved from /home/airflow/.local/lib/python3.7/site-packages/airflow/example_dags/example_nested_branch_dag.py
[2024-09-13T02:56:05.334+0000] {logging_mixin.py:149} INFO - [2024-09-13T02:56:05.333+0000] {dag.py:2726} INFO - Sync 1 DAGs
[2024-09-13T02:56:05.932+0000] {logging_mixin.py:149} INFO - [2024-09-13T02:56:05.931+0000] {dag.py:3490} INFO - Setting next_dagrun for example_nested_branch_dag to 2024-09-12T00:00:00+00:00, run_after=2024-09-13T00:00:00+00:00
[2024-09-13T02:56:06.394+0000] {processor.py:179} INFO - Processing /home/airflow/.local/lib/python3.7/site-packages/airflow/example_dags/example_nested_branch_dag.py took 1.418 seconds
[2024-09-13T02:56:36.704+0000] {processor.py:157} INFO - Started process (PID=1349) to work on /home/airflow/.local/lib/python3.7/site-packages/airflow/example_dags/example_nested_branch_dag.py
[2024-09-13T02:56:36.709+0000] {processor.py:826} INFO - Processing file /home/airflow/.local/lib/python3.7/site-packages/airflow/example_dags/example_nested_branch_dag.py for tasks to queue
[2024-09-13T02:56:36.712+0000] {logging_mixin.py:149} INFO - [2024-09-13T02:56:36.712+0000] {dagbag.py:541} INFO - Filling up the DagBag from /home/airflow/.local/lib/python3.7/site-packages/airflow/example_dags/example_nested_branch_dag.py
[2024-09-13T02:56:36.813+0000] {processor.py:836} INFO - DAG(s) dict_keys(['example_nested_branch_dag']) retrieved from /home/airflow/.local/lib/python3.7/site-packages/airflow/example_dags/example_nested_branch_dag.py
[2024-09-13T02:56:36.960+0000] {logging_mixin.py:149} INFO - [2024-09-13T02:56:36.959+0000] {dag.py:2726} INFO - Sync 1 DAGs
[2024-09-13T02:56:37.077+0000] {logging_mixin.py:149} INFO - [2024-09-13T02:56:37.076+0000] {dag.py:3490} INFO - Setting next_dagrun for example_nested_branch_dag to 2024-09-12T00:00:00+00:00, run_after=2024-09-13T00:00:00+00:00
[2024-09-13T02:56:37.163+0000] {processor.py:179} INFO - Processing /home/airflow/.local/lib/python3.7/site-packages/airflow/example_dags/example_nested_branch_dag.py took 0.475 seconds
[2024-09-13T02:57:07.269+0000] {processor.py:157} INFO - Started process (PID=1418) to work on /home/airflow/.local/lib/python3.7/site-packages/airflow/example_dags/example_nested_branch_dag.py
[2024-09-13T02:57:07.272+0000] {processor.py:826} INFO - Processing file /home/airflow/.local/lib/python3.7/site-packages/airflow/example_dags/example_nested_branch_dag.py for tasks to queue
[2024-09-13T02:57:07.273+0000] {logging_mixin.py:149} INFO - [2024-09-13T02:57:07.272+0000] {dagbag.py:541} INFO - Filling up the DagBag from /home/airflow/.local/lib/python3.7/site-packages/airflow/example_dags/example_nested_branch_dag.py
[2024-09-13T02:57:07.284+0000] {processor.py:836} INFO - DAG(s) dict_keys(['example_nested_branch_dag']) retrieved from /home/airflow/.local/lib/python3.7/site-packages/airflow/example_dags/example_nested_branch_dag.py
[2024-09-13T02:57:07.312+0000] {logging_mixin.py:149} INFO - [2024-09-13T02:57:07.312+0000] {dag.py:2726} INFO - Sync 1 DAGs
[2024-09-13T02:57:07.340+0000] {logging_mixin.py:149} INFO - [2024-09-13T02:57:07.340+0000] {dag.py:3490} INFO - Setting next_dagrun for example_nested_branch_dag to 2024-09-12T00:00:00+00:00, run_after=2024-09-13T00:00:00+00:00
[2024-09-13T02:57:07.359+0000] {processor.py:179} INFO - Processing /home/airflow/.local/lib/python3.7/site-packages/airflow/example_dags/example_nested_branch_dag.py took 0.094 seconds
