[2024-09-13T02:44:43.677+0000] {processor.py:157} INFO - Started process (PID=91) to work on /home/airflow/.local/lib/python3.7/site-packages/airflow/example_dags/example_datasets.py
[2024-09-13T02:44:43.688+0000] {processor.py:826} INFO - Processing file /home/airflow/.local/lib/python3.7/site-packages/airflow/example_dags/example_datasets.py for tasks to queue
[2024-09-13T02:44:43.694+0000] {logging_mixin.py:149} INFO - [2024-09-13T02:44:43.693+0000] {dagbag.py:541} INFO - Filling up the DagBag from /home/airflow/.local/lib/python3.7/site-packages/airflow/example_dags/example_datasets.py
[2024-09-13T02:44:44.192+0000] {processor.py:836} INFO - DAG(s) dict_keys(['dataset_produces_2', 'dataset_consumes_1', 'dataset_consumes_1_and_2', 'dataset_consumes_1_never_scheduled', 'dataset_consumes_unknown_never_scheduled', 'dataset_produces_1']) retrieved from /home/airflow/.local/lib/python3.7/site-packages/airflow/example_dags/example_datasets.py
[2024-09-13T02:44:54.559+0000] {logging_mixin.py:149} INFO - [2024-09-13T02:44:54.388+0000] {dag.py:2726} INFO - Sync 6 DAGs
[2024-09-13T02:44:57.947+0000] {logging_mixin.py:149} INFO - [2024-09-13T02:44:57.938+0000] {dag.py:3490} INFO - Setting next_dagrun for dataset_consumes_1 to None, run_after=None
[2024-09-13T02:44:58.193+0000] {logging_mixin.py:149} INFO - [2024-09-13T02:44:58.192+0000] {dag.py:3490} INFO - Setting next_dagrun for dataset_consumes_1_and_2 to None, run_after=None
[2024-09-13T02:44:59.776+0000] {logging_mixin.py:149} INFO - [2024-09-13T02:44:59.485+0000] {dag.py:3490} INFO - Setting next_dagrun for dataset_consumes_1_never_scheduled to None, run_after=None
[2024-09-13T02:44:59.833+0000] {logging_mixin.py:149} INFO - [2024-09-13T02:44:59.830+0000] {dag.py:3490} INFO - Setting next_dagrun for dataset_consumes_unknown_never_scheduled to None, run_after=None
[2024-09-13T02:44:59.894+0000] {logging_mixin.py:149} INFO - [2024-09-13T02:44:59.893+0000] {dag.py:3490} INFO - Setting next_dagrun for dataset_produces_1 to 2024-09-12T00:00:00+00:00, run_after=2024-09-13T00:00:00+00:00
[2024-09-13T02:44:59.992+0000] {logging_mixin.py:149} INFO - [2024-09-13T02:44:59.992+0000] {dag.py:3490} INFO - Setting next_dagrun for dataset_produces_2 to None, run_after=None
[2024-09-13T02:47:29.557+0000] {processor.py:157} INFO - Started process (PID=188) to work on /home/airflow/.local/lib/python3.7/site-packages/airflow/example_dags/example_datasets.py
[2024-09-13T02:47:29.560+0000] {processor.py:826} INFO - Processing file /home/airflow/.local/lib/python3.7/site-packages/airflow/example_dags/example_datasets.py for tasks to queue
[2024-09-13T02:47:29.562+0000] {logging_mixin.py:149} INFO - [2024-09-13T02:47:29.561+0000] {dagbag.py:541} INFO - Filling up the DagBag from /home/airflow/.local/lib/python3.7/site-packages/airflow/example_dags/example_datasets.py
[2024-09-13T02:47:29.584+0000] {processor.py:836} INFO - DAG(s) dict_keys(['dataset_consumes_1_and_2', 'dataset_consumes_1_never_scheduled', 'dataset_produces_1', 'dataset_consumes_unknown_never_scheduled', 'dataset_consumes_1', 'dataset_produces_2']) retrieved from /home/airflow/.local/lib/python3.7/site-packages/airflow/example_dags/example_datasets.py
[2024-09-13T02:47:29.867+0000] {logging_mixin.py:149} INFO - [2024-09-13T02:47:29.867+0000] {dag.py:2726} INFO - Sync 6 DAGs
[2024-09-13T02:47:29.946+0000] {logging_mixin.py:149} INFO - [2024-09-13T02:47:29.946+0000] {dag.py:3490} INFO - Setting next_dagrun for dataset_consumes_1 to None, run_after=None
[2024-09-13T02:47:29.957+0000] {logging_mixin.py:149} INFO - [2024-09-13T02:47:29.957+0000] {dag.py:3490} INFO - Setting next_dagrun for dataset_consumes_1_and_2 to None, run_after=None
[2024-09-13T02:47:29.962+0000] {logging_mixin.py:149} INFO - [2024-09-13T02:47:29.962+0000] {dag.py:3490} INFO - Setting next_dagrun for dataset_consumes_1_never_scheduled to None, run_after=None
[2024-09-13T02:47:29.973+0000] {logging_mixin.py:149} INFO - [2024-09-13T02:47:29.972+0000] {dag.py:3490} INFO - Setting next_dagrun for dataset_consumes_unknown_never_scheduled to None, run_after=None
[2024-09-13T02:47:29.986+0000] {logging_mixin.py:149} INFO - [2024-09-13T02:47:29.986+0000] {dag.py:3490} INFO - Setting next_dagrun for dataset_produces_1 to 2024-09-12T00:00:00+00:00, run_after=2024-09-13T00:00:00+00:00
[2024-09-13T02:47:29.991+0000] {logging_mixin.py:149} INFO - [2024-09-13T02:47:29.991+0000] {dag.py:3490} INFO - Setting next_dagrun for dataset_produces_2 to None, run_after=None
[2024-09-13T02:47:30.093+0000] {processor.py:179} INFO - Processing /home/airflow/.local/lib/python3.7/site-packages/airflow/example_dags/example_datasets.py took 0.545 seconds
[2024-09-13T02:48:00.988+0000] {processor.py:157} INFO - Started process (PID=257) to work on /home/airflow/.local/lib/python3.7/site-packages/airflow/example_dags/example_datasets.py
[2024-09-13T02:48:00.991+0000] {processor.py:826} INFO - Processing file /home/airflow/.local/lib/python3.7/site-packages/airflow/example_dags/example_datasets.py for tasks to queue
[2024-09-13T02:48:00.994+0000] {logging_mixin.py:149} INFO - [2024-09-13T02:48:00.994+0000] {dagbag.py:541} INFO - Filling up the DagBag from /home/airflow/.local/lib/python3.7/site-packages/airflow/example_dags/example_datasets.py
[2024-09-13T02:48:01.025+0000] {processor.py:836} INFO - DAG(s) dict_keys(['dataset_consumes_unknown_never_scheduled', 'dataset_consumes_1_never_scheduled', 'dataset_consumes_1', 'dataset_produces_2', 'dataset_consumes_1_and_2', 'dataset_produces_1']) retrieved from /home/airflow/.local/lib/python3.7/site-packages/airflow/example_dags/example_datasets.py
[2024-09-13T02:48:01.160+0000] {logging_mixin.py:149} INFO - [2024-09-13T02:48:01.160+0000] {dag.py:2726} INFO - Sync 6 DAGs
[2024-09-13T02:48:01.242+0000] {logging_mixin.py:149} INFO - [2024-09-13T02:48:01.241+0000] {dag.py:3490} INFO - Setting next_dagrun for dataset_consumes_1 to None, run_after=None
[2024-09-13T02:48:01.273+0000] {logging_mixin.py:149} INFO - [2024-09-13T02:48:01.272+0000] {dag.py:3490} INFO - Setting next_dagrun for dataset_consumes_1_and_2 to None, run_after=None
[2024-09-13T02:48:01.278+0000] {logging_mixin.py:149} INFO - [2024-09-13T02:48:01.278+0000] {dag.py:3490} INFO - Setting next_dagrun for dataset_consumes_1_never_scheduled to None, run_after=None
[2024-09-13T02:48:01.285+0000] {logging_mixin.py:149} INFO - [2024-09-13T02:48:01.284+0000] {dag.py:3490} INFO - Setting next_dagrun for dataset_consumes_unknown_never_scheduled to None, run_after=None
[2024-09-13T02:48:01.294+0000] {logging_mixin.py:149} INFO - [2024-09-13T02:48:01.294+0000] {dag.py:3490} INFO - Setting next_dagrun for dataset_produces_1 to 2024-09-12T00:00:00+00:00, run_after=2024-09-13T00:00:00+00:00
[2024-09-13T02:48:01.298+0000] {logging_mixin.py:149} INFO - [2024-09-13T02:48:01.298+0000] {dag.py:3490} INFO - Setting next_dagrun for dataset_produces_2 to None, run_after=None
[2024-09-13T02:48:01.412+0000] {processor.py:179} INFO - Processing /home/airflow/.local/lib/python3.7/site-packages/airflow/example_dags/example_datasets.py took 0.447 seconds
[2024-09-13T02:48:32.221+0000] {processor.py:157} INFO - Started process (PID=326) to work on /home/airflow/.local/lib/python3.7/site-packages/airflow/example_dags/example_datasets.py
[2024-09-13T02:48:32.224+0000] {processor.py:826} INFO - Processing file /home/airflow/.local/lib/python3.7/site-packages/airflow/example_dags/example_datasets.py for tasks to queue
[2024-09-13T02:48:32.226+0000] {logging_mixin.py:149} INFO - [2024-09-13T02:48:32.225+0000] {dagbag.py:541} INFO - Filling up the DagBag from /home/airflow/.local/lib/python3.7/site-packages/airflow/example_dags/example_datasets.py
[2024-09-13T02:48:32.269+0000] {processor.py:836} INFO - DAG(s) dict_keys(['dataset_consumes_1_and_2', 'dataset_produces_1', 'dataset_produces_2', 'dataset_consumes_1', 'dataset_consumes_1_never_scheduled', 'dataset_consumes_unknown_never_scheduled']) retrieved from /home/airflow/.local/lib/python3.7/site-packages/airflow/example_dags/example_datasets.py
[2024-09-13T02:48:32.372+0000] {logging_mixin.py:149} INFO - [2024-09-13T02:48:32.372+0000] {dag.py:2726} INFO - Sync 6 DAGs
[2024-09-13T02:48:32.443+0000] {logging_mixin.py:149} INFO - [2024-09-13T02:48:32.442+0000] {dag.py:3490} INFO - Setting next_dagrun for dataset_consumes_1 to None, run_after=None
[2024-09-13T02:48:32.454+0000] {logging_mixin.py:149} INFO - [2024-09-13T02:48:32.454+0000] {dag.py:3490} INFO - Setting next_dagrun for dataset_consumes_1_and_2 to None, run_after=None
[2024-09-13T02:48:32.458+0000] {logging_mixin.py:149} INFO - [2024-09-13T02:48:32.458+0000] {dag.py:3490} INFO - Setting next_dagrun for dataset_consumes_1_never_scheduled to None, run_after=None
[2024-09-13T02:48:32.460+0000] {logging_mixin.py:149} INFO - [2024-09-13T02:48:32.460+0000] {dag.py:3490} INFO - Setting next_dagrun for dataset_consumes_unknown_never_scheduled to None, run_after=None
[2024-09-13T02:48:32.466+0000] {logging_mixin.py:149} INFO - [2024-09-13T02:48:32.465+0000] {dag.py:3490} INFO - Setting next_dagrun for dataset_produces_1 to 2024-09-12T00:00:00+00:00, run_after=2024-09-13T00:00:00+00:00
[2024-09-13T02:48:32.468+0000] {logging_mixin.py:149} INFO - [2024-09-13T02:48:32.468+0000] {dag.py:3490} INFO - Setting next_dagrun for dataset_produces_2 to None, run_after=None
[2024-09-13T02:48:32.538+0000] {processor.py:179} INFO - Processing /home/airflow/.local/lib/python3.7/site-packages/airflow/example_dags/example_datasets.py took 0.324 seconds
[2024-09-13T02:49:14.856+0000] {processor.py:157} INFO - Started process (PID=409) to work on /home/airflow/.local/lib/python3.7/site-packages/airflow/example_dags/example_datasets.py
[2024-09-13T02:49:14.859+0000] {processor.py:826} INFO - Processing file /home/airflow/.local/lib/python3.7/site-packages/airflow/example_dags/example_datasets.py for tasks to queue
[2024-09-13T02:49:14.861+0000] {logging_mixin.py:149} INFO - [2024-09-13T02:49:14.861+0000] {dagbag.py:541} INFO - Filling up the DagBag from /home/airflow/.local/lib/python3.7/site-packages/airflow/example_dags/example_datasets.py
[2024-09-13T02:49:14.908+0000] {processor.py:836} INFO - DAG(s) dict_keys(['dataset_consumes_1_never_scheduled', 'dataset_consumes_1_and_2', 'dataset_produces_2', 'dataset_consumes_unknown_never_scheduled', 'dataset_produces_1', 'dataset_consumes_1']) retrieved from /home/airflow/.local/lib/python3.7/site-packages/airflow/example_dags/example_datasets.py
[2024-09-13T02:49:15.112+0000] {logging_mixin.py:149} INFO - [2024-09-13T02:49:15.112+0000] {dag.py:2726} INFO - Sync 6 DAGs
[2024-09-13T02:49:15.427+0000] {logging_mixin.py:149} INFO - [2024-09-13T02:49:15.426+0000] {dag.py:3490} INFO - Setting next_dagrun for dataset_consumes_1 to None, run_after=None
[2024-09-13T02:49:15.496+0000] {logging_mixin.py:149} INFO - [2024-09-13T02:49:15.496+0000] {dag.py:3490} INFO - Setting next_dagrun for dataset_consumes_1_and_2 to None, run_after=None
[2024-09-13T02:49:15.529+0000] {logging_mixin.py:149} INFO - [2024-09-13T02:49:15.527+0000] {dag.py:3490} INFO - Setting next_dagrun for dataset_consumes_1_never_scheduled to None, run_after=None
[2024-09-13T02:49:15.557+0000] {logging_mixin.py:149} INFO - [2024-09-13T02:49:15.556+0000] {dag.py:3490} INFO - Setting next_dagrun for dataset_consumes_unknown_never_scheduled to None, run_after=None
[2024-09-13T02:49:15.586+0000] {logging_mixin.py:149} INFO - [2024-09-13T02:49:15.585+0000] {dag.py:3490} INFO - Setting next_dagrun for dataset_produces_1 to 2024-09-12T00:00:00+00:00, run_after=2024-09-13T00:00:00+00:00
[2024-09-13T02:49:15.592+0000] {logging_mixin.py:149} INFO - [2024-09-13T02:49:15.592+0000] {dag.py:3490} INFO - Setting next_dagrun for dataset_produces_2 to None, run_after=None
[2024-09-13T02:49:15.922+0000] {processor.py:179} INFO - Processing /home/airflow/.local/lib/python3.7/site-packages/airflow/example_dags/example_datasets.py took 1.080 seconds
[2024-09-13T02:49:49.955+0000] {processor.py:157} INFO - Started process (PID=480) to work on /home/airflow/.local/lib/python3.7/site-packages/airflow/example_dags/example_datasets.py
[2024-09-13T02:49:50.017+0000] {processor.py:826} INFO - Processing file /home/airflow/.local/lib/python3.7/site-packages/airflow/example_dags/example_datasets.py for tasks to queue
[2024-09-13T02:49:50.091+0000] {logging_mixin.py:149} INFO - [2024-09-13T02:49:50.089+0000] {dagbag.py:541} INFO - Filling up the DagBag from /home/airflow/.local/lib/python3.7/site-packages/airflow/example_dags/example_datasets.py
[2024-09-13T02:49:50.277+0000] {processor.py:836} INFO - DAG(s) dict_keys(['dataset_consumes_1', 'dataset_consumes_1_never_scheduled', 'dataset_produces_2', 'dataset_consumes_unknown_never_scheduled', 'dataset_consumes_1_and_2', 'dataset_produces_1']) retrieved from /home/airflow/.local/lib/python3.7/site-packages/airflow/example_dags/example_datasets.py
[2024-09-13T02:49:51.445+0000] {logging_mixin.py:149} INFO - [2024-09-13T02:49:51.436+0000] {dag.py:2726} INFO - Sync 6 DAGs
[2024-09-13T02:49:51.778+0000] {logging_mixin.py:149} INFO - [2024-09-13T02:49:51.777+0000] {dag.py:3490} INFO - Setting next_dagrun for dataset_consumes_1 to None, run_after=None
[2024-09-13T02:49:51.829+0000] {logging_mixin.py:149} INFO - [2024-09-13T02:49:51.828+0000] {dag.py:3490} INFO - Setting next_dagrun for dataset_consumes_1_and_2 to None, run_after=None
[2024-09-13T02:49:51.838+0000] {logging_mixin.py:149} INFO - [2024-09-13T02:49:51.836+0000] {dag.py:3490} INFO - Setting next_dagrun for dataset_consumes_1_never_scheduled to None, run_after=None
[2024-09-13T02:49:51.919+0000] {logging_mixin.py:149} INFO - [2024-09-13T02:49:51.893+0000] {dag.py:3490} INFO - Setting next_dagrun for dataset_consumes_unknown_never_scheduled to None, run_after=None
[2024-09-13T02:49:51.990+0000] {logging_mixin.py:149} INFO - [2024-09-13T02:49:51.990+0000] {dag.py:3490} INFO - Setting next_dagrun for dataset_produces_1 to 2024-09-12T00:00:00+00:00, run_after=2024-09-13T00:00:00+00:00
[2024-09-13T02:49:51.999+0000] {logging_mixin.py:149} INFO - [2024-09-13T02:49:51.998+0000] {dag.py:3490} INFO - Setting next_dagrun for dataset_produces_2 to None, run_after=None
[2024-09-13T02:49:52.210+0000] {processor.py:179} INFO - Processing /home/airflow/.local/lib/python3.7/site-packages/airflow/example_dags/example_datasets.py took 2.315 seconds
[2024-09-13T02:50:22.709+0000] {processor.py:157} INFO - Started process (PID=549) to work on /home/airflow/.local/lib/python3.7/site-packages/airflow/example_dags/example_datasets.py
[2024-09-13T02:50:22.712+0000] {processor.py:826} INFO - Processing file /home/airflow/.local/lib/python3.7/site-packages/airflow/example_dags/example_datasets.py for tasks to queue
[2024-09-13T02:50:22.714+0000] {logging_mixin.py:149} INFO - [2024-09-13T02:50:22.714+0000] {dagbag.py:541} INFO - Filling up the DagBag from /home/airflow/.local/lib/python3.7/site-packages/airflow/example_dags/example_datasets.py
[2024-09-13T02:50:22.750+0000] {processor.py:836} INFO - DAG(s) dict_keys(['dataset_produces_1', 'dataset_produces_2', 'dataset_consumes_unknown_never_scheduled', 'dataset_consumes_1', 'dataset_consumes_1_never_scheduled', 'dataset_consumes_1_and_2']) retrieved from /home/airflow/.local/lib/python3.7/site-packages/airflow/example_dags/example_datasets.py
[2024-09-13T02:50:22.862+0000] {logging_mixin.py:149} INFO - [2024-09-13T02:50:22.862+0000] {dag.py:2726} INFO - Sync 6 DAGs
[2024-09-13T02:50:22.919+0000] {logging_mixin.py:149} INFO - [2024-09-13T02:50:22.919+0000] {dag.py:3490} INFO - Setting next_dagrun for dataset_consumes_1 to None, run_after=None
[2024-09-13T02:50:22.925+0000] {logging_mixin.py:149} INFO - [2024-09-13T02:50:22.925+0000] {dag.py:3490} INFO - Setting next_dagrun for dataset_consumes_1_and_2 to None, run_after=None
[2024-09-13T02:50:22.928+0000] {logging_mixin.py:149} INFO - [2024-09-13T02:50:22.927+0000] {dag.py:3490} INFO - Setting next_dagrun for dataset_consumes_1_never_scheduled to None, run_after=None
[2024-09-13T02:50:22.930+0000] {logging_mixin.py:149} INFO - [2024-09-13T02:50:22.929+0000] {dag.py:3490} INFO - Setting next_dagrun for dataset_consumes_unknown_never_scheduled to None, run_after=None
[2024-09-13T02:50:22.935+0000] {logging_mixin.py:149} INFO - [2024-09-13T02:50:22.934+0000] {dag.py:3490} INFO - Setting next_dagrun for dataset_produces_1 to 2024-09-12T00:00:00+00:00, run_after=2024-09-13T00:00:00+00:00
[2024-09-13T02:50:22.938+0000] {logging_mixin.py:149} INFO - [2024-09-13T02:50:22.937+0000] {dag.py:3490} INFO - Setting next_dagrun for dataset_produces_2 to None, run_after=None
[2024-09-13T02:50:23.010+0000] {processor.py:179} INFO - Processing /home/airflow/.local/lib/python3.7/site-packages/airflow/example_dags/example_datasets.py took 0.312 seconds
[2024-09-13T02:50:53.437+0000] {processor.py:157} INFO - Started process (PID=618) to work on /home/airflow/.local/lib/python3.7/site-packages/airflow/example_dags/example_datasets.py
[2024-09-13T02:50:53.441+0000] {processor.py:826} INFO - Processing file /home/airflow/.local/lib/python3.7/site-packages/airflow/example_dags/example_datasets.py for tasks to queue
[2024-09-13T02:50:53.445+0000] {logging_mixin.py:149} INFO - [2024-09-13T02:50:53.444+0000] {dagbag.py:541} INFO - Filling up the DagBag from /home/airflow/.local/lib/python3.7/site-packages/airflow/example_dags/example_datasets.py
[2024-09-13T02:50:53.489+0000] {processor.py:836} INFO - DAG(s) dict_keys(['dataset_consumes_unknown_never_scheduled', 'dataset_consumes_1_and_2', 'dataset_produces_2', 'dataset_consumes_1_never_scheduled', 'dataset_consumes_1', 'dataset_produces_1']) retrieved from /home/airflow/.local/lib/python3.7/site-packages/airflow/example_dags/example_datasets.py
[2024-09-13T02:50:53.597+0000] {logging_mixin.py:149} INFO - [2024-09-13T02:50:53.596+0000] {dag.py:2726} INFO - Sync 6 DAGs
[2024-09-13T02:50:53.659+0000] {logging_mixin.py:149} INFO - [2024-09-13T02:50:53.659+0000] {dag.py:3490} INFO - Setting next_dagrun for dataset_consumes_1 to None, run_after=None
[2024-09-13T02:50:53.671+0000] {logging_mixin.py:149} INFO - [2024-09-13T02:50:53.671+0000] {dag.py:3490} INFO - Setting next_dagrun for dataset_consumes_1_and_2 to None, run_after=None
[2024-09-13T02:50:53.674+0000] {logging_mixin.py:149} INFO - [2024-09-13T02:50:53.674+0000] {dag.py:3490} INFO - Setting next_dagrun for dataset_consumes_1_never_scheduled to None, run_after=None
[2024-09-13T02:50:53.677+0000] {logging_mixin.py:149} INFO - [2024-09-13T02:50:53.677+0000] {dag.py:3490} INFO - Setting next_dagrun for dataset_consumes_unknown_never_scheduled to None, run_after=None
[2024-09-13T02:50:53.685+0000] {logging_mixin.py:149} INFO - [2024-09-13T02:50:53.685+0000] {dag.py:3490} INFO - Setting next_dagrun for dataset_produces_1 to 2024-09-12T00:00:00+00:00, run_after=2024-09-13T00:00:00+00:00
[2024-09-13T02:50:53.689+0000] {logging_mixin.py:149} INFO - [2024-09-13T02:50:53.689+0000] {dag.py:3490} INFO - Setting next_dagrun for dataset_produces_2 to None, run_after=None
[2024-09-13T02:50:53.776+0000] {processor.py:179} INFO - Processing /home/airflow/.local/lib/python3.7/site-packages/airflow/example_dags/example_datasets.py took 0.349 seconds
[2024-09-13T02:51:23.896+0000] {processor.py:157} INFO - Started process (PID=687) to work on /home/airflow/.local/lib/python3.7/site-packages/airflow/example_dags/example_datasets.py
[2024-09-13T02:51:23.901+0000] {processor.py:826} INFO - Processing file /home/airflow/.local/lib/python3.7/site-packages/airflow/example_dags/example_datasets.py for tasks to queue
[2024-09-13T02:51:23.904+0000] {logging_mixin.py:149} INFO - [2024-09-13T02:51:23.903+0000] {dagbag.py:541} INFO - Filling up the DagBag from /home/airflow/.local/lib/python3.7/site-packages/airflow/example_dags/example_datasets.py
[2024-09-13T02:51:23.986+0000] {processor.py:836} INFO - DAG(s) dict_keys(['dataset_produces_1', 'dataset_consumes_1', 'dataset_consumes_unknown_never_scheduled', 'dataset_consumes_1_never_scheduled', 'dataset_consumes_1_and_2', 'dataset_produces_2']) retrieved from /home/airflow/.local/lib/python3.7/site-packages/airflow/example_dags/example_datasets.py
[2024-09-13T02:51:24.172+0000] {logging_mixin.py:149} INFO - [2024-09-13T02:51:24.172+0000] {dag.py:2726} INFO - Sync 6 DAGs
[2024-09-13T02:51:24.254+0000] {logging_mixin.py:149} INFO - [2024-09-13T02:51:24.254+0000] {dag.py:3490} INFO - Setting next_dagrun for dataset_consumes_1 to None, run_after=None
[2024-09-13T02:51:24.264+0000] {logging_mixin.py:149} INFO - [2024-09-13T02:51:24.263+0000] {dag.py:3490} INFO - Setting next_dagrun for dataset_consumes_1_and_2 to None, run_after=None
[2024-09-13T02:51:24.269+0000] {logging_mixin.py:149} INFO - [2024-09-13T02:51:24.268+0000] {dag.py:3490} INFO - Setting next_dagrun for dataset_consumes_1_never_scheduled to None, run_after=None
[2024-09-13T02:51:24.281+0000] {logging_mixin.py:149} INFO - [2024-09-13T02:51:24.280+0000] {dag.py:3490} INFO - Setting next_dagrun for dataset_consumes_unknown_never_scheduled to None, run_after=None
[2024-09-13T02:51:24.296+0000] {logging_mixin.py:149} INFO - [2024-09-13T02:51:24.295+0000] {dag.py:3490} INFO - Setting next_dagrun for dataset_produces_1 to 2024-09-12T00:00:00+00:00, run_after=2024-09-13T00:00:00+00:00
[2024-09-13T02:51:24.300+0000] {logging_mixin.py:149} INFO - [2024-09-13T02:51:24.300+0000] {dag.py:3490} INFO - Setting next_dagrun for dataset_produces_2 to None, run_after=None
[2024-09-13T02:51:24.450+0000] {processor.py:179} INFO - Processing /home/airflow/.local/lib/python3.7/site-packages/airflow/example_dags/example_datasets.py took 0.569 seconds
[2024-09-13T02:51:54.598+0000] {processor.py:157} INFO - Started process (PID=756) to work on /home/airflow/.local/lib/python3.7/site-packages/airflow/example_dags/example_datasets.py
[2024-09-13T02:51:54.599+0000] {processor.py:826} INFO - Processing file /home/airflow/.local/lib/python3.7/site-packages/airflow/example_dags/example_datasets.py for tasks to queue
[2024-09-13T02:51:54.601+0000] {logging_mixin.py:149} INFO - [2024-09-13T02:51:54.600+0000] {dagbag.py:541} INFO - Filling up the DagBag from /home/airflow/.local/lib/python3.7/site-packages/airflow/example_dags/example_datasets.py
[2024-09-13T02:51:54.623+0000] {processor.py:836} INFO - DAG(s) dict_keys(['dataset_consumes_1_and_2', 'dataset_produces_1', 'dataset_produces_2', 'dataset_consumes_unknown_never_scheduled', 'dataset_consumes_1', 'dataset_consumes_1_never_scheduled']) retrieved from /home/airflow/.local/lib/python3.7/site-packages/airflow/example_dags/example_datasets.py
[2024-09-13T02:51:54.710+0000] {logging_mixin.py:149} INFO - [2024-09-13T02:51:54.710+0000] {dag.py:2726} INFO - Sync 6 DAGs
[2024-09-13T02:51:54.771+0000] {logging_mixin.py:149} INFO - [2024-09-13T02:51:54.770+0000] {dag.py:3490} INFO - Setting next_dagrun for dataset_consumes_1 to None, run_after=None
[2024-09-13T02:51:54.789+0000] {logging_mixin.py:149} INFO - [2024-09-13T02:51:54.788+0000] {dag.py:3490} INFO - Setting next_dagrun for dataset_consumes_1_and_2 to None, run_after=None
[2024-09-13T02:51:54.799+0000] {logging_mixin.py:149} INFO - [2024-09-13T02:51:54.799+0000] {dag.py:3490} INFO - Setting next_dagrun for dataset_consumes_1_never_scheduled to None, run_after=None
[2024-09-13T02:51:54.807+0000] {logging_mixin.py:149} INFO - [2024-09-13T02:51:54.806+0000] {dag.py:3490} INFO - Setting next_dagrun for dataset_consumes_unknown_never_scheduled to None, run_after=None
[2024-09-13T02:51:54.837+0000] {logging_mixin.py:149} INFO - [2024-09-13T02:51:54.835+0000] {dag.py:3490} INFO - Setting next_dagrun for dataset_produces_1 to 2024-09-12T00:00:00+00:00, run_after=2024-09-13T00:00:00+00:00
[2024-09-13T02:51:54.851+0000] {logging_mixin.py:149} INFO - [2024-09-13T02:51:54.850+0000] {dag.py:3490} INFO - Setting next_dagrun for dataset_produces_2 to None, run_after=None
[2024-09-13T02:51:55.143+0000] {processor.py:179} INFO - Processing /home/airflow/.local/lib/python3.7/site-packages/airflow/example_dags/example_datasets.py took 0.550 seconds
[2024-09-13T02:52:25.320+0000] {processor.py:157} INFO - Started process (PID=825) to work on /home/airflow/.local/lib/python3.7/site-packages/airflow/example_dags/example_datasets.py
[2024-09-13T02:52:25.322+0000] {processor.py:826} INFO - Processing file /home/airflow/.local/lib/python3.7/site-packages/airflow/example_dags/example_datasets.py for tasks to queue
[2024-09-13T02:52:25.325+0000] {logging_mixin.py:149} INFO - [2024-09-13T02:52:25.325+0000] {dagbag.py:541} INFO - Filling up the DagBag from /home/airflow/.local/lib/python3.7/site-packages/airflow/example_dags/example_datasets.py
[2024-09-13T02:52:25.355+0000] {processor.py:836} INFO - DAG(s) dict_keys(['dataset_consumes_1', 'dataset_consumes_unknown_never_scheduled', 'dataset_consumes_1_and_2', 'dataset_consumes_1_never_scheduled', 'dataset_produces_2', 'dataset_produces_1']) retrieved from /home/airflow/.local/lib/python3.7/site-packages/airflow/example_dags/example_datasets.py
[2024-09-13T02:52:25.460+0000] {logging_mixin.py:149} INFO - [2024-09-13T02:52:25.459+0000] {dag.py:2726} INFO - Sync 6 DAGs
[2024-09-13T02:52:25.517+0000] {logging_mixin.py:149} INFO - [2024-09-13T02:52:25.516+0000] {dag.py:3490} INFO - Setting next_dagrun for dataset_consumes_1 to None, run_after=None
[2024-09-13T02:52:25.522+0000] {logging_mixin.py:149} INFO - [2024-09-13T02:52:25.522+0000] {dag.py:3490} INFO - Setting next_dagrun for dataset_consumes_1_and_2 to None, run_after=None
[2024-09-13T02:52:25.525+0000] {logging_mixin.py:149} INFO - [2024-09-13T02:52:25.525+0000] {dag.py:3490} INFO - Setting next_dagrun for dataset_consumes_1_never_scheduled to None, run_after=None
[2024-09-13T02:52:25.528+0000] {logging_mixin.py:149} INFO - [2024-09-13T02:52:25.527+0000] {dag.py:3490} INFO - Setting next_dagrun for dataset_consumes_unknown_never_scheduled to None, run_after=None
[2024-09-13T02:52:25.532+0000] {logging_mixin.py:149} INFO - [2024-09-13T02:52:25.531+0000] {dag.py:3490} INFO - Setting next_dagrun for dataset_produces_1 to 2024-09-12T00:00:00+00:00, run_after=2024-09-13T00:00:00+00:00
[2024-09-13T02:52:25.533+0000] {logging_mixin.py:149} INFO - [2024-09-13T02:52:25.533+0000] {dag.py:3490} INFO - Setting next_dagrun for dataset_produces_2 to None, run_after=None
[2024-09-13T02:52:25.586+0000] {processor.py:179} INFO - Processing /home/airflow/.local/lib/python3.7/site-packages/airflow/example_dags/example_datasets.py took 0.274 seconds
[2024-09-13T02:52:57.348+0000] {processor.py:157} INFO - Started process (PID=894) to work on /home/airflow/.local/lib/python3.7/site-packages/airflow/example_dags/example_datasets.py
[2024-09-13T02:52:57.354+0000] {processor.py:826} INFO - Processing file /home/airflow/.local/lib/python3.7/site-packages/airflow/example_dags/example_datasets.py for tasks to queue
[2024-09-13T02:52:57.358+0000] {logging_mixin.py:149} INFO - [2024-09-13T02:52:57.357+0000] {dagbag.py:541} INFO - Filling up the DagBag from /home/airflow/.local/lib/python3.7/site-packages/airflow/example_dags/example_datasets.py
[2024-09-13T02:52:57.422+0000] {processor.py:836} INFO - DAG(s) dict_keys(['dataset_consumes_1_never_scheduled', 'dataset_consumes_1', 'dataset_produces_2', 'dataset_consumes_1_and_2', 'dataset_consumes_unknown_never_scheduled', 'dataset_produces_1']) retrieved from /home/airflow/.local/lib/python3.7/site-packages/airflow/example_dags/example_datasets.py
[2024-09-13T02:52:58.212+0000] {logging_mixin.py:149} INFO - [2024-09-13T02:52:58.211+0000] {dag.py:2726} INFO - Sync 6 DAGs
[2024-09-13T02:52:58.335+0000] {logging_mixin.py:149} INFO - [2024-09-13T02:52:58.334+0000] {dag.py:3490} INFO - Setting next_dagrun for dataset_consumes_1 to None, run_after=None
[2024-09-13T02:52:58.348+0000] {logging_mixin.py:149} INFO - [2024-09-13T02:52:58.348+0000] {dag.py:3490} INFO - Setting next_dagrun for dataset_consumes_1_and_2 to None, run_after=None
[2024-09-13T02:52:58.353+0000] {logging_mixin.py:149} INFO - [2024-09-13T02:52:58.352+0000] {dag.py:3490} INFO - Setting next_dagrun for dataset_consumes_1_never_scheduled to None, run_after=None
[2024-09-13T02:52:58.357+0000] {logging_mixin.py:149} INFO - [2024-09-13T02:52:58.357+0000] {dag.py:3490} INFO - Setting next_dagrun for dataset_consumes_unknown_never_scheduled to None, run_after=None
[2024-09-13T02:52:58.367+0000] {logging_mixin.py:149} INFO - [2024-09-13T02:52:58.367+0000] {dag.py:3490} INFO - Setting next_dagrun for dataset_produces_1 to 2024-09-12T00:00:00+00:00, run_after=2024-09-13T00:00:00+00:00
[2024-09-13T02:52:58.372+0000] {logging_mixin.py:149} INFO - [2024-09-13T02:52:58.371+0000] {dag.py:3490} INFO - Setting next_dagrun for dataset_produces_2 to None, run_after=None
[2024-09-13T02:52:58.498+0000] {processor.py:179} INFO - Processing /home/airflow/.local/lib/python3.7/site-packages/airflow/example_dags/example_datasets.py took 1.195 seconds
[2024-09-13T02:53:29.001+0000] {processor.py:157} INFO - Started process (PID=963) to work on /home/airflow/.local/lib/python3.7/site-packages/airflow/example_dags/example_datasets.py
[2024-09-13T02:53:29.006+0000] {processor.py:826} INFO - Processing file /home/airflow/.local/lib/python3.7/site-packages/airflow/example_dags/example_datasets.py for tasks to queue
[2024-09-13T02:53:29.015+0000] {logging_mixin.py:149} INFO - [2024-09-13T02:53:29.014+0000] {dagbag.py:541} INFO - Filling up the DagBag from /home/airflow/.local/lib/python3.7/site-packages/airflow/example_dags/example_datasets.py
[2024-09-13T02:53:29.050+0000] {processor.py:836} INFO - DAG(s) dict_keys(['dataset_produces_1', 'dataset_consumes_1_never_scheduled', 'dataset_consumes_unknown_never_scheduled', 'dataset_consumes_1', 'dataset_consumes_1_and_2', 'dataset_produces_2']) retrieved from /home/airflow/.local/lib/python3.7/site-packages/airflow/example_dags/example_datasets.py
[2024-09-13T02:53:29.197+0000] {logging_mixin.py:149} INFO - [2024-09-13T02:53:29.197+0000] {dag.py:2726} INFO - Sync 6 DAGs
[2024-09-13T02:53:29.264+0000] {logging_mixin.py:149} INFO - [2024-09-13T02:53:29.264+0000] {dag.py:3490} INFO - Setting next_dagrun for dataset_consumes_1 to None, run_after=None
[2024-09-13T02:53:29.273+0000] {logging_mixin.py:149} INFO - [2024-09-13T02:53:29.272+0000] {dag.py:3490} INFO - Setting next_dagrun for dataset_consumes_1_and_2 to None, run_after=None
[2024-09-13T02:53:29.277+0000] {logging_mixin.py:149} INFO - [2024-09-13T02:53:29.276+0000] {dag.py:3490} INFO - Setting next_dagrun for dataset_consumes_1_never_scheduled to None, run_after=None
[2024-09-13T02:53:29.279+0000] {logging_mixin.py:149} INFO - [2024-09-13T02:53:29.279+0000] {dag.py:3490} INFO - Setting next_dagrun for dataset_consumes_unknown_never_scheduled to None, run_after=None
[2024-09-13T02:53:29.285+0000] {logging_mixin.py:149} INFO - [2024-09-13T02:53:29.285+0000] {dag.py:3490} INFO - Setting next_dagrun for dataset_produces_1 to 2024-09-12T00:00:00+00:00, run_after=2024-09-13T00:00:00+00:00
[2024-09-13T02:53:29.291+0000] {logging_mixin.py:149} INFO - [2024-09-13T02:53:29.291+0000] {dag.py:3490} INFO - Setting next_dagrun for dataset_produces_2 to None, run_after=None
[2024-09-13T02:53:29.426+0000] {processor.py:179} INFO - Processing /home/airflow/.local/lib/python3.7/site-packages/airflow/example_dags/example_datasets.py took 0.437 seconds
[2024-09-13T02:54:04.844+0000] {processor.py:157} INFO - Started process (PID=1032) to work on /home/airflow/.local/lib/python3.7/site-packages/airflow/example_dags/example_datasets.py
[2024-09-13T02:54:04.848+0000] {processor.py:826} INFO - Processing file /home/airflow/.local/lib/python3.7/site-packages/airflow/example_dags/example_datasets.py for tasks to queue
[2024-09-13T02:54:04.851+0000] {logging_mixin.py:149} INFO - [2024-09-13T02:54:04.850+0000] {dagbag.py:541} INFO - Filling up the DagBag from /home/airflow/.local/lib/python3.7/site-packages/airflow/example_dags/example_datasets.py
[2024-09-13T02:54:04.882+0000] {processor.py:836} INFO - DAG(s) dict_keys(['dataset_produces_2', 'dataset_consumes_1_and_2', 'dataset_consumes_1_never_scheduled', 'dataset_consumes_1', 'dataset_produces_1', 'dataset_consumes_unknown_never_scheduled']) retrieved from /home/airflow/.local/lib/python3.7/site-packages/airflow/example_dags/example_datasets.py
[2024-09-13T02:54:05.046+0000] {logging_mixin.py:149} INFO - [2024-09-13T02:54:05.045+0000] {dag.py:2726} INFO - Sync 6 DAGs
[2024-09-13T02:54:05.266+0000] {logging_mixin.py:149} INFO - [2024-09-13T02:54:05.266+0000] {dag.py:3490} INFO - Setting next_dagrun for dataset_consumes_1 to None, run_after=None
[2024-09-13T02:54:05.277+0000] {logging_mixin.py:149} INFO - [2024-09-13T02:54:05.276+0000] {dag.py:3490} INFO - Setting next_dagrun for dataset_consumes_1_and_2 to None, run_after=None
[2024-09-13T02:54:05.281+0000] {logging_mixin.py:149} INFO - [2024-09-13T02:54:05.281+0000] {dag.py:3490} INFO - Setting next_dagrun for dataset_consumes_1_never_scheduled to None, run_after=None
[2024-09-13T02:54:05.286+0000] {logging_mixin.py:149} INFO - [2024-09-13T02:54:05.286+0000] {dag.py:3490} INFO - Setting next_dagrun for dataset_consumes_unknown_never_scheduled to None, run_after=None
[2024-09-13T02:54:05.308+0000] {logging_mixin.py:149} INFO - [2024-09-13T02:54:05.308+0000] {dag.py:3490} INFO - Setting next_dagrun for dataset_produces_1 to 2024-09-12T00:00:00+00:00, run_after=2024-09-13T00:00:00+00:00
[2024-09-13T02:54:05.313+0000] {logging_mixin.py:149} INFO - [2024-09-13T02:54:05.313+0000] {dag.py:3490} INFO - Setting next_dagrun for dataset_produces_2 to None, run_after=None
[2024-09-13T02:54:05.418+0000] {processor.py:179} INFO - Processing /home/airflow/.local/lib/python3.7/site-packages/airflow/example_dags/example_datasets.py took 0.588 seconds
[2024-09-13T02:54:36.339+0000] {processor.py:157} INFO - Started process (PID=1101) to work on /home/airflow/.local/lib/python3.7/site-packages/airflow/example_dags/example_datasets.py
[2024-09-13T02:54:36.341+0000] {processor.py:826} INFO - Processing file /home/airflow/.local/lib/python3.7/site-packages/airflow/example_dags/example_datasets.py for tasks to queue
[2024-09-13T02:54:36.343+0000] {logging_mixin.py:149} INFO - [2024-09-13T02:54:36.343+0000] {dagbag.py:541} INFO - Filling up the DagBag from /home/airflow/.local/lib/python3.7/site-packages/airflow/example_dags/example_datasets.py
[2024-09-13T02:54:36.365+0000] {processor.py:836} INFO - DAG(s) dict_keys(['dataset_consumes_unknown_never_scheduled', 'dataset_produces_2', 'dataset_consumes_1', 'dataset_consumes_1_and_2', 'dataset_produces_1', 'dataset_consumes_1_never_scheduled']) retrieved from /home/airflow/.local/lib/python3.7/site-packages/airflow/example_dags/example_datasets.py
[2024-09-13T02:54:36.476+0000] {logging_mixin.py:149} INFO - [2024-09-13T02:54:36.476+0000] {dag.py:2726} INFO - Sync 6 DAGs
[2024-09-13T02:54:36.551+0000] {logging_mixin.py:149} INFO - [2024-09-13T02:54:36.551+0000] {dag.py:3490} INFO - Setting next_dagrun for dataset_consumes_1 to None, run_after=None
[2024-09-13T02:54:36.559+0000] {logging_mixin.py:149} INFO - [2024-09-13T02:54:36.559+0000] {dag.py:3490} INFO - Setting next_dagrun for dataset_consumes_1_and_2 to None, run_after=None
[2024-09-13T02:54:36.562+0000] {logging_mixin.py:149} INFO - [2024-09-13T02:54:36.562+0000] {dag.py:3490} INFO - Setting next_dagrun for dataset_consumes_1_never_scheduled to None, run_after=None
[2024-09-13T02:54:36.564+0000] {logging_mixin.py:149} INFO - [2024-09-13T02:54:36.564+0000] {dag.py:3490} INFO - Setting next_dagrun for dataset_consumes_unknown_never_scheduled to None, run_after=None
[2024-09-13T02:54:36.571+0000] {logging_mixin.py:149} INFO - [2024-09-13T02:54:36.570+0000] {dag.py:3490} INFO - Setting next_dagrun for dataset_produces_1 to 2024-09-12T00:00:00+00:00, run_after=2024-09-13T00:00:00+00:00
[2024-09-13T02:54:36.576+0000] {logging_mixin.py:149} INFO - [2024-09-13T02:54:36.576+0000] {dag.py:3490} INFO - Setting next_dagrun for dataset_produces_2 to None, run_after=None
[2024-09-13T02:54:36.757+0000] {processor.py:179} INFO - Processing /home/airflow/.local/lib/python3.7/site-packages/airflow/example_dags/example_datasets.py took 0.427 seconds
[2024-09-13T02:55:14.679+0000] {processor.py:157} INFO - Started process (PID=1174) to work on /home/airflow/.local/lib/python3.7/site-packages/airflow/example_dags/example_datasets.py
[2024-09-13T02:55:14.683+0000] {processor.py:826} INFO - Processing file /home/airflow/.local/lib/python3.7/site-packages/airflow/example_dags/example_datasets.py for tasks to queue
[2024-09-13T02:55:14.699+0000] {logging_mixin.py:149} INFO - [2024-09-13T02:55:14.691+0000] {dagbag.py:541} INFO - Filling up the DagBag from /home/airflow/.local/lib/python3.7/site-packages/airflow/example_dags/example_datasets.py
[2024-09-13T02:55:14.752+0000] {processor.py:836} INFO - DAG(s) dict_keys(['dataset_consumes_1_never_scheduled', 'dataset_consumes_1', 'dataset_consumes_1_and_2', 'dataset_consumes_unknown_never_scheduled', 'dataset_produces_1', 'dataset_produces_2']) retrieved from /home/airflow/.local/lib/python3.7/site-packages/airflow/example_dags/example_datasets.py
[2024-09-13T02:55:14.879+0000] {logging_mixin.py:149} INFO - [2024-09-13T02:55:14.878+0000] {dag.py:2726} INFO - Sync 6 DAGs
[2024-09-13T02:55:14.997+0000] {logging_mixin.py:149} INFO - [2024-09-13T02:55:14.997+0000] {dag.py:3490} INFO - Setting next_dagrun for dataset_consumes_1 to None, run_after=None
[2024-09-13T02:55:15.012+0000] {logging_mixin.py:149} INFO - [2024-09-13T02:55:15.012+0000] {dag.py:3490} INFO - Setting next_dagrun for dataset_consumes_1_and_2 to None, run_after=None
[2024-09-13T02:55:15.017+0000] {logging_mixin.py:149} INFO - [2024-09-13T02:55:15.016+0000] {dag.py:3490} INFO - Setting next_dagrun for dataset_consumes_1_never_scheduled to None, run_after=None
[2024-09-13T02:55:15.032+0000] {logging_mixin.py:149} INFO - [2024-09-13T02:55:15.031+0000] {dag.py:3490} INFO - Setting next_dagrun for dataset_consumes_unknown_never_scheduled to None, run_after=None
[2024-09-13T02:55:15.073+0000] {logging_mixin.py:149} INFO - [2024-09-13T02:55:15.072+0000] {dag.py:3490} INFO - Setting next_dagrun for dataset_produces_1 to 2024-09-12T00:00:00+00:00, run_after=2024-09-13T00:00:00+00:00
[2024-09-13T02:55:15.092+0000] {logging_mixin.py:149} INFO - [2024-09-13T02:55:15.091+0000] {dag.py:3490} INFO - Setting next_dagrun for dataset_produces_2 to None, run_after=None
[2024-09-13T02:55:15.347+0000] {processor.py:179} INFO - Processing /home/airflow/.local/lib/python3.7/site-packages/airflow/example_dags/example_datasets.py took 0.679 seconds
[2024-09-13T02:55:50.452+0000] {processor.py:157} INFO - Started process (PID=1255) to work on /home/airflow/.local/lib/python3.7/site-packages/airflow/example_dags/example_datasets.py
[2024-09-13T02:55:50.454+0000] {processor.py:826} INFO - Processing file /home/airflow/.local/lib/python3.7/site-packages/airflow/example_dags/example_datasets.py for tasks to queue
[2024-09-13T02:55:50.457+0000] {logging_mixin.py:149} INFO - [2024-09-13T02:55:50.457+0000] {dagbag.py:541} INFO - Filling up the DagBag from /home/airflow/.local/lib/python3.7/site-packages/airflow/example_dags/example_datasets.py
[2024-09-13T02:55:50.479+0000] {processor.py:836} INFO - DAG(s) dict_keys(['dataset_produces_2', 'dataset_consumes_1', 'dataset_consumes_1_and_2', 'dataset_consumes_unknown_never_scheduled', 'dataset_produces_1', 'dataset_consumes_1_never_scheduled']) retrieved from /home/airflow/.local/lib/python3.7/site-packages/airflow/example_dags/example_datasets.py
[2024-09-13T02:55:50.565+0000] {logging_mixin.py:149} INFO - [2024-09-13T02:55:50.564+0000] {dag.py:2726} INFO - Sync 6 DAGs
[2024-09-13T02:55:50.652+0000] {logging_mixin.py:149} INFO - [2024-09-13T02:55:50.651+0000] {dag.py:3490} INFO - Setting next_dagrun for dataset_consumes_1 to None, run_after=None
[2024-09-13T02:55:50.669+0000] {logging_mixin.py:149} INFO - [2024-09-13T02:55:50.668+0000] {dag.py:3490} INFO - Setting next_dagrun for dataset_consumes_1_and_2 to None, run_after=None
[2024-09-13T02:55:50.684+0000] {logging_mixin.py:149} INFO - [2024-09-13T02:55:50.684+0000] {dag.py:3490} INFO - Setting next_dagrun for dataset_consumes_1_never_scheduled to None, run_after=None
[2024-09-13T02:55:50.704+0000] {logging_mixin.py:149} INFO - [2024-09-13T02:55:50.704+0000] {dag.py:3490} INFO - Setting next_dagrun for dataset_consumes_unknown_never_scheduled to None, run_after=None
[2024-09-13T02:55:50.722+0000] {logging_mixin.py:149} INFO - [2024-09-13T02:55:50.721+0000] {dag.py:3490} INFO - Setting next_dagrun for dataset_produces_1 to 2024-09-12T00:00:00+00:00, run_after=2024-09-13T00:00:00+00:00
[2024-09-13T02:55:50.790+0000] {logging_mixin.py:149} INFO - [2024-09-13T02:55:50.790+0000] {dag.py:3490} INFO - Setting next_dagrun for dataset_produces_2 to None, run_after=None
[2024-09-13T02:55:51.135+0000] {processor.py:179} INFO - Processing /home/airflow/.local/lib/python3.7/site-packages/airflow/example_dags/example_datasets.py took 0.690 seconds
[2024-09-13T02:56:24.378+0000] {processor.py:157} INFO - Started process (PID=1324) to work on /home/airflow/.local/lib/python3.7/site-packages/airflow/example_dags/example_datasets.py
[2024-09-13T02:56:24.382+0000] {processor.py:826} INFO - Processing file /home/airflow/.local/lib/python3.7/site-packages/airflow/example_dags/example_datasets.py for tasks to queue
[2024-09-13T02:56:24.386+0000] {logging_mixin.py:149} INFO - [2024-09-13T02:56:24.385+0000] {dagbag.py:541} INFO - Filling up the DagBag from /home/airflow/.local/lib/python3.7/site-packages/airflow/example_dags/example_datasets.py
[2024-09-13T02:56:24.434+0000] {processor.py:836} INFO - DAG(s) dict_keys(['dataset_consumes_1', 'dataset_consumes_unknown_never_scheduled', 'dataset_consumes_1_and_2', 'dataset_consumes_1_never_scheduled', 'dataset_produces_2', 'dataset_produces_1']) retrieved from /home/airflow/.local/lib/python3.7/site-packages/airflow/example_dags/example_datasets.py
[2024-09-13T02:56:24.567+0000] {logging_mixin.py:149} INFO - [2024-09-13T02:56:24.567+0000] {dag.py:2726} INFO - Sync 6 DAGs
[2024-09-13T02:56:24.636+0000] {logging_mixin.py:149} INFO - [2024-09-13T02:56:24.636+0000] {dag.py:3490} INFO - Setting next_dagrun for dataset_consumes_1 to None, run_after=None
[2024-09-13T02:56:24.645+0000] {logging_mixin.py:149} INFO - [2024-09-13T02:56:24.644+0000] {dag.py:3490} INFO - Setting next_dagrun for dataset_consumes_1_and_2 to None, run_after=None
[2024-09-13T02:56:24.648+0000] {logging_mixin.py:149} INFO - [2024-09-13T02:56:24.647+0000] {dag.py:3490} INFO - Setting next_dagrun for dataset_consumes_1_never_scheduled to None, run_after=None
[2024-09-13T02:56:24.652+0000] {logging_mixin.py:149} INFO - [2024-09-13T02:56:24.651+0000] {dag.py:3490} INFO - Setting next_dagrun for dataset_consumes_unknown_never_scheduled to None, run_after=None
[2024-09-13T02:56:24.660+0000] {logging_mixin.py:149} INFO - [2024-09-13T02:56:24.659+0000] {dag.py:3490} INFO - Setting next_dagrun for dataset_produces_1 to 2024-09-12T00:00:00+00:00, run_after=2024-09-13T00:00:00+00:00
[2024-09-13T02:56:24.665+0000] {logging_mixin.py:149} INFO - [2024-09-13T02:56:24.664+0000] {dag.py:3490} INFO - Setting next_dagrun for dataset_produces_2 to None, run_after=None
[2024-09-13T02:56:25.027+0000] {processor.py:179} INFO - Processing /home/airflow/.local/lib/python3.7/site-packages/airflow/example_dags/example_datasets.py took 0.661 seconds
[2024-09-13T02:56:55.873+0000] {processor.py:157} INFO - Started process (PID=1393) to work on /home/airflow/.local/lib/python3.7/site-packages/airflow/example_dags/example_datasets.py
[2024-09-13T02:56:55.878+0000] {processor.py:826} INFO - Processing file /home/airflow/.local/lib/python3.7/site-packages/airflow/example_dags/example_datasets.py for tasks to queue
[2024-09-13T02:56:55.882+0000] {logging_mixin.py:149} INFO - [2024-09-13T02:56:55.881+0000] {dagbag.py:541} INFO - Filling up the DagBag from /home/airflow/.local/lib/python3.7/site-packages/airflow/example_dags/example_datasets.py
[2024-09-13T02:56:55.920+0000] {processor.py:836} INFO - DAG(s) dict_keys(['dataset_produces_2', 'dataset_consumes_unknown_never_scheduled', 'dataset_consumes_1', 'dataset_produces_1', 'dataset_consumes_1_and_2', 'dataset_consumes_1_never_scheduled']) retrieved from /home/airflow/.local/lib/python3.7/site-packages/airflow/example_dags/example_datasets.py
[2024-09-13T02:56:56.050+0000] {logging_mixin.py:149} INFO - [2024-09-13T02:56:56.050+0000] {dag.py:2726} INFO - Sync 6 DAGs
[2024-09-13T02:56:56.185+0000] {logging_mixin.py:149} INFO - [2024-09-13T02:56:56.184+0000] {dag.py:3490} INFO - Setting next_dagrun for dataset_consumes_1 to None, run_after=None
[2024-09-13T02:56:56.198+0000] {logging_mixin.py:149} INFO - [2024-09-13T02:56:56.198+0000] {dag.py:3490} INFO - Setting next_dagrun for dataset_consumes_1_and_2 to None, run_after=None
[2024-09-13T02:56:56.215+0000] {logging_mixin.py:149} INFO - [2024-09-13T02:56:56.215+0000] {dag.py:3490} INFO - Setting next_dagrun for dataset_consumes_1_never_scheduled to None, run_after=None
[2024-09-13T02:56:56.221+0000] {logging_mixin.py:149} INFO - [2024-09-13T02:56:56.221+0000] {dag.py:3490} INFO - Setting next_dagrun for dataset_consumes_unknown_never_scheduled to None, run_after=None
[2024-09-13T02:56:56.234+0000] {logging_mixin.py:149} INFO - [2024-09-13T02:56:56.234+0000] {dag.py:3490} INFO - Setting next_dagrun for dataset_produces_1 to 2024-09-12T00:00:00+00:00, run_after=2024-09-13T00:00:00+00:00
[2024-09-13T02:56:56.239+0000] {logging_mixin.py:149} INFO - [2024-09-13T02:56:56.239+0000] {dag.py:3490} INFO - Setting next_dagrun for dataset_produces_2 to None, run_after=None
[2024-09-13T02:56:56.386+0000] {processor.py:179} INFO - Processing /home/airflow/.local/lib/python3.7/site-packages/airflow/example_dags/example_datasets.py took 0.537 seconds
