[2024-09-13T02:44:00.790+0000] {processor.py:157} INFO - Started process (PID=78) to work on /home/airflow/.local/lib/python3.7/site-packages/airflow/example_dags/example_task_group_decorator.py
[2024-09-13T02:44:00.829+0000] {processor.py:826} INFO - Processing file /home/airflow/.local/lib/python3.7/site-packages/airflow/example_dags/example_task_group_decorator.py for tasks to queue
[2024-09-13T02:44:00.844+0000] {logging_mixin.py:149} INFO - [2024-09-13T02:44:00.844+0000] {dagbag.py:541} INFO - Filling up the DagBag from /home/airflow/.local/lib/python3.7/site-packages/airflow/example_dags/example_task_group_decorator.py
[2024-09-13T02:44:01.129+0000] {processor.py:836} INFO - DAG(s) dict_keys(['example_task_group_decorator']) retrieved from /home/airflow/.local/lib/python3.7/site-packages/airflow/example_dags/example_task_group_decorator.py
[2024-09-13T02:44:01.633+0000] {logging_mixin.py:149} INFO - [2024-09-13T02:44:01.632+0000] {dag.py:2726} INFO - Sync 1 DAGs
[2024-09-13T02:44:02.128+0000] {logging_mixin.py:149} INFO - [2024-09-13T02:44:02.120+0000] {dag.py:3490} INFO - Setting next_dagrun for example_task_group_decorator to 2024-09-12T02:44:02.111844+00:00, run_after=2024-09-13T02:44:02.111844+00:00
[2024-09-13T02:44:02.944+0000] {processor.py:179} INFO - Processing /home/airflow/.local/lib/python3.7/site-packages/airflow/example_dags/example_task_group_decorator.py took 2.172 seconds
[2024-09-13T02:47:22.616+0000] {processor.py:157} INFO - Started process (PID=181) to work on /home/airflow/.local/lib/python3.7/site-packages/airflow/example_dags/example_task_group_decorator.py
[2024-09-13T02:47:22.635+0000] {processor.py:826} INFO - Processing file /home/airflow/.local/lib/python3.7/site-packages/airflow/example_dags/example_task_group_decorator.py for tasks to queue
[2024-09-13T02:47:22.645+0000] {logging_mixin.py:149} INFO - [2024-09-13T02:47:22.645+0000] {dagbag.py:541} INFO - Filling up the DagBag from /home/airflow/.local/lib/python3.7/site-packages/airflow/example_dags/example_task_group_decorator.py
[2024-09-13T02:47:26.152+0000] {processor.py:836} INFO - DAG(s) dict_keys(['example_task_group_decorator']) retrieved from /home/airflow/.local/lib/python3.7/site-packages/airflow/example_dags/example_task_group_decorator.py
[2024-09-13T02:47:26.432+0000] {logging_mixin.py:149} INFO - [2024-09-13T02:47:26.431+0000] {dag.py:2726} INFO - Sync 1 DAGs
[2024-09-13T02:47:26.543+0000] {logging_mixin.py:149} INFO - [2024-09-13T02:47:26.543+0000] {dag.py:3490} INFO - Setting next_dagrun for example_task_group_decorator to 2024-09-12T02:47:26.542584+00:00, run_after=2024-09-13T02:47:26.542584+00:00
[2024-09-13T02:47:26.671+0000] {processor.py:179} INFO - Processing /home/airflow/.local/lib/python3.7/site-packages/airflow/example_dags/example_task_group_decorator.py took 4.068 seconds
[2024-09-13T02:47:57.393+0000] {processor.py:157} INFO - Started process (PID=250) to work on /home/airflow/.local/lib/python3.7/site-packages/airflow/example_dags/example_task_group_decorator.py
[2024-09-13T02:47:57.409+0000] {processor.py:826} INFO - Processing file /home/airflow/.local/lib/python3.7/site-packages/airflow/example_dags/example_task_group_decorator.py for tasks to queue
[2024-09-13T02:47:57.420+0000] {logging_mixin.py:149} INFO - [2024-09-13T02:47:57.419+0000] {dagbag.py:541} INFO - Filling up the DagBag from /home/airflow/.local/lib/python3.7/site-packages/airflow/example_dags/example_task_group_decorator.py
[2024-09-13T02:47:57.562+0000] {processor.py:836} INFO - DAG(s) dict_keys(['example_task_group_decorator']) retrieved from /home/airflow/.local/lib/python3.7/site-packages/airflow/example_dags/example_task_group_decorator.py
[2024-09-13T02:47:57.898+0000] {logging_mixin.py:149} INFO - [2024-09-13T02:47:57.897+0000] {dag.py:2726} INFO - Sync 1 DAGs
[2024-09-13T02:47:58.049+0000] {logging_mixin.py:149} INFO - [2024-09-13T02:47:58.048+0000] {dag.py:3490} INFO - Setting next_dagrun for example_task_group_decorator to 2024-09-12T02:47:58.047092+00:00, run_after=2024-09-13T02:47:58.047092+00:00
[2024-09-13T02:47:58.142+0000] {processor.py:179} INFO - Processing /home/airflow/.local/lib/python3.7/site-packages/airflow/example_dags/example_task_group_decorator.py took 0.796 seconds
[2024-09-13T02:48:28.529+0000] {processor.py:157} INFO - Started process (PID=319) to work on /home/airflow/.local/lib/python3.7/site-packages/airflow/example_dags/example_task_group_decorator.py
[2024-09-13T02:48:28.534+0000] {processor.py:826} INFO - Processing file /home/airflow/.local/lib/python3.7/site-packages/airflow/example_dags/example_task_group_decorator.py for tasks to queue
[2024-09-13T02:48:28.538+0000] {logging_mixin.py:149} INFO - [2024-09-13T02:48:28.537+0000] {dagbag.py:541} INFO - Filling up the DagBag from /home/airflow/.local/lib/python3.7/site-packages/airflow/example_dags/example_task_group_decorator.py
[2024-09-13T02:48:28.657+0000] {processor.py:836} INFO - DAG(s) dict_keys(['example_task_group_decorator']) retrieved from /home/airflow/.local/lib/python3.7/site-packages/airflow/example_dags/example_task_group_decorator.py
[2024-09-13T02:48:28.952+0000] {logging_mixin.py:149} INFO - [2024-09-13T02:48:28.952+0000] {dag.py:2726} INFO - Sync 1 DAGs
[2024-09-13T02:48:29.141+0000] {logging_mixin.py:149} INFO - [2024-09-13T02:48:29.140+0000] {dag.py:3490} INFO - Setting next_dagrun for example_task_group_decorator to 2024-09-12T02:48:29.127653+00:00, run_after=2024-09-13T02:48:29.127653+00:00
[2024-09-13T02:48:29.275+0000] {processor.py:179} INFO - Processing /home/airflow/.local/lib/python3.7/site-packages/airflow/example_dags/example_task_group_decorator.py took 0.771 seconds
[2024-09-13T02:49:00.534+0000] {processor.py:157} INFO - Started process (PID=387) to work on /home/airflow/.local/lib/python3.7/site-packages/airflow/example_dags/example_task_group_decorator.py
[2024-09-13T02:49:00.580+0000] {processor.py:826} INFO - Processing file /home/airflow/.local/lib/python3.7/site-packages/airflow/example_dags/example_task_group_decorator.py for tasks to queue
[2024-09-13T02:49:00.602+0000] {logging_mixin.py:149} INFO - [2024-09-13T02:49:00.601+0000] {dagbag.py:541} INFO - Filling up the DagBag from /home/airflow/.local/lib/python3.7/site-packages/airflow/example_dags/example_task_group_decorator.py
[2024-09-13T02:49:01.454+0000] {processor.py:836} INFO - DAG(s) dict_keys(['example_task_group_decorator']) retrieved from /home/airflow/.local/lib/python3.7/site-packages/airflow/example_dags/example_task_group_decorator.py
[2024-09-13T02:49:02.031+0000] {logging_mixin.py:149} INFO - [2024-09-13T02:49:02.031+0000] {dag.py:2726} INFO - Sync 1 DAGs
[2024-09-13T02:49:02.301+0000] {logging_mixin.py:149} INFO - [2024-09-13T02:49:02.300+0000] {dag.py:3490} INFO - Setting next_dagrun for example_task_group_decorator to 2024-09-12T02:49:02.273970+00:00, run_after=2024-09-13T02:49:02.273970+00:00
[2024-09-13T02:49:02.797+0000] {processor.py:179} INFO - Processing /home/airflow/.local/lib/python3.7/site-packages/airflow/example_dags/example_task_group_decorator.py took 2.470 seconds
[2024-09-13T02:49:33.431+0000] {processor.py:157} INFO - Started process (PID=455) to work on /home/airflow/.local/lib/python3.7/site-packages/airflow/example_dags/example_task_group_decorator.py
[2024-09-13T02:49:33.434+0000] {processor.py:826} INFO - Processing file /home/airflow/.local/lib/python3.7/site-packages/airflow/example_dags/example_task_group_decorator.py for tasks to queue
[2024-09-13T02:49:33.436+0000] {logging_mixin.py:149} INFO - [2024-09-13T02:49:33.435+0000] {dagbag.py:541} INFO - Filling up the DagBag from /home/airflow/.local/lib/python3.7/site-packages/airflow/example_dags/example_task_group_decorator.py
[2024-09-13T02:49:33.471+0000] {processor.py:836} INFO - DAG(s) dict_keys(['example_task_group_decorator']) retrieved from /home/airflow/.local/lib/python3.7/site-packages/airflow/example_dags/example_task_group_decorator.py
[2024-09-13T02:49:33.639+0000] {logging_mixin.py:149} INFO - [2024-09-13T02:49:33.636+0000] {dag.py:2726} INFO - Sync 1 DAGs
[2024-09-13T02:49:33.719+0000] {logging_mixin.py:149} INFO - [2024-09-13T02:49:33.719+0000] {dag.py:3490} INFO - Setting next_dagrun for example_task_group_decorator to 2024-09-12T02:49:33.718616+00:00, run_after=2024-09-13T02:49:33.718616+00:00
[2024-09-13T02:49:33.767+0000] {processor.py:179} INFO - Processing /home/airflow/.local/lib/python3.7/site-packages/airflow/example_dags/example_task_group_decorator.py took 0.343 seconds
[2024-09-13T02:50:04.000+0000] {processor.py:157} INFO - Started process (PID=524) to work on /home/airflow/.local/lib/python3.7/site-packages/airflow/example_dags/example_task_group_decorator.py
[2024-09-13T02:50:04.004+0000] {processor.py:826} INFO - Processing file /home/airflow/.local/lib/python3.7/site-packages/airflow/example_dags/example_task_group_decorator.py for tasks to queue
[2024-09-13T02:50:04.006+0000] {logging_mixin.py:149} INFO - [2024-09-13T02:50:04.006+0000] {dagbag.py:541} INFO - Filling up the DagBag from /home/airflow/.local/lib/python3.7/site-packages/airflow/example_dags/example_task_group_decorator.py
[2024-09-13T02:50:04.043+0000] {processor.py:836} INFO - DAG(s) dict_keys(['example_task_group_decorator']) retrieved from /home/airflow/.local/lib/python3.7/site-packages/airflow/example_dags/example_task_group_decorator.py
[2024-09-13T02:50:04.128+0000] {logging_mixin.py:149} INFO - [2024-09-13T02:50:04.127+0000] {dag.py:2726} INFO - Sync 1 DAGs
[2024-09-13T02:50:04.206+0000] {logging_mixin.py:149} INFO - [2024-09-13T02:50:04.204+0000] {dag.py:3490} INFO - Setting next_dagrun for example_task_group_decorator to 2024-09-12T02:50:04.203891+00:00, run_after=2024-09-13T02:50:04.203891+00:00
[2024-09-13T02:50:04.282+0000] {processor.py:179} INFO - Processing /home/airflow/.local/lib/python3.7/site-packages/airflow/example_dags/example_task_group_decorator.py took 0.300 seconds
[2024-09-13T02:50:34.540+0000] {processor.py:157} INFO - Started process (PID=593) to work on /home/airflow/.local/lib/python3.7/site-packages/airflow/example_dags/example_task_group_decorator.py
[2024-09-13T02:50:34.543+0000] {processor.py:826} INFO - Processing file /home/airflow/.local/lib/python3.7/site-packages/airflow/example_dags/example_task_group_decorator.py for tasks to queue
[2024-09-13T02:50:34.546+0000] {logging_mixin.py:149} INFO - [2024-09-13T02:50:34.545+0000] {dagbag.py:541} INFO - Filling up the DagBag from /home/airflow/.local/lib/python3.7/site-packages/airflow/example_dags/example_task_group_decorator.py
[2024-09-13T02:50:34.588+0000] {processor.py:836} INFO - DAG(s) dict_keys(['example_task_group_decorator']) retrieved from /home/airflow/.local/lib/python3.7/site-packages/airflow/example_dags/example_task_group_decorator.py
[2024-09-13T02:50:34.760+0000] {logging_mixin.py:149} INFO - [2024-09-13T02:50:34.758+0000] {dag.py:2726} INFO - Sync 1 DAGs
[2024-09-13T02:50:34.988+0000] {logging_mixin.py:149} INFO - [2024-09-13T02:50:34.988+0000] {dag.py:3490} INFO - Setting next_dagrun for example_task_group_decorator to 2024-09-12T02:50:34.986193+00:00, run_after=2024-09-13T02:50:34.986193+00:00
[2024-09-13T02:50:35.581+0000] {processor.py:179} INFO - Processing /home/airflow/.local/lib/python3.7/site-packages/airflow/example_dags/example_task_group_decorator.py took 1.051 seconds
[2024-09-13T02:51:07.503+0000] {processor.py:157} INFO - Started process (PID=652) to work on /home/airflow/.local/lib/python3.7/site-packages/airflow/example_dags/example_task_group_decorator.py
[2024-09-13T02:51:07.525+0000] {processor.py:826} INFO - Processing file /home/airflow/.local/lib/python3.7/site-packages/airflow/example_dags/example_task_group_decorator.py for tasks to queue
[2024-09-13T02:51:07.532+0000] {logging_mixin.py:149} INFO - [2024-09-13T02:51:07.530+0000] {dagbag.py:541} INFO - Filling up the DagBag from /home/airflow/.local/lib/python3.7/site-packages/airflow/example_dags/example_task_group_decorator.py
[2024-09-13T02:51:07.703+0000] {processor.py:836} INFO - DAG(s) dict_keys(['example_task_group_decorator']) retrieved from /home/airflow/.local/lib/python3.7/site-packages/airflow/example_dags/example_task_group_decorator.py
[2024-09-13T02:51:08.006+0000] {logging_mixin.py:149} INFO - [2024-09-13T02:51:08.005+0000] {dag.py:2726} INFO - Sync 1 DAGs
[2024-09-13T02:51:08.695+0000] {logging_mixin.py:149} INFO - [2024-09-13T02:51:08.694+0000] {dag.py:3490} INFO - Setting next_dagrun for example_task_group_decorator to 2024-09-12T02:51:08.687296+00:00, run_after=2024-09-13T02:51:08.687296+00:00
[2024-09-13T02:51:09.060+0000] {processor.py:179} INFO - Processing /home/airflow/.local/lib/python3.7/site-packages/airflow/example_dags/example_task_group_decorator.py took 1.568 seconds
[2024-09-13T02:51:39.916+0000] {processor.py:157} INFO - Started process (PID=712) to work on /home/airflow/.local/lib/python3.7/site-packages/airflow/example_dags/example_task_group_decorator.py
[2024-09-13T02:51:39.921+0000] {processor.py:826} INFO - Processing file /home/airflow/.local/lib/python3.7/site-packages/airflow/example_dags/example_task_group_decorator.py for tasks to queue
[2024-09-13T02:51:39.923+0000] {logging_mixin.py:149} INFO - [2024-09-13T02:51:39.923+0000] {dagbag.py:541} INFO - Filling up the DagBag from /home/airflow/.local/lib/python3.7/site-packages/airflow/example_dags/example_task_group_decorator.py
[2024-09-13T02:51:39.958+0000] {processor.py:836} INFO - DAG(s) dict_keys(['example_task_group_decorator']) retrieved from /home/airflow/.local/lib/python3.7/site-packages/airflow/example_dags/example_task_group_decorator.py
[2024-09-13T02:51:40.020+0000] {logging_mixin.py:149} INFO - [2024-09-13T02:51:40.020+0000] {dag.py:2726} INFO - Sync 1 DAGs
[2024-09-13T02:51:40.061+0000] {logging_mixin.py:149} INFO - [2024-09-13T02:51:40.060+0000] {dag.py:3490} INFO - Setting next_dagrun for example_task_group_decorator to 2024-09-12T02:51:40.060293+00:00, run_after=2024-09-13T02:51:40.060293+00:00
[2024-09-13T02:51:40.091+0000] {processor.py:179} INFO - Processing /home/airflow/.local/lib/python3.7/site-packages/airflow/example_dags/example_task_group_decorator.py took 0.198 seconds
[2024-09-13T02:52:10.603+0000] {processor.py:157} INFO - Started process (PID=781) to work on /home/airflow/.local/lib/python3.7/site-packages/airflow/example_dags/example_task_group_decorator.py
[2024-09-13T02:52:10.609+0000] {processor.py:826} INFO - Processing file /home/airflow/.local/lib/python3.7/site-packages/airflow/example_dags/example_task_group_decorator.py for tasks to queue
[2024-09-13T02:52:10.614+0000] {logging_mixin.py:149} INFO - [2024-09-13T02:52:10.613+0000] {dagbag.py:541} INFO - Filling up the DagBag from /home/airflow/.local/lib/python3.7/site-packages/airflow/example_dags/example_task_group_decorator.py
[2024-09-13T02:52:10.681+0000] {processor.py:836} INFO - DAG(s) dict_keys(['example_task_group_decorator']) retrieved from /home/airflow/.local/lib/python3.7/site-packages/airflow/example_dags/example_task_group_decorator.py
[2024-09-13T02:52:10.797+0000] {logging_mixin.py:149} INFO - [2024-09-13T02:52:10.797+0000] {dag.py:2726} INFO - Sync 1 DAGs
[2024-09-13T02:52:10.863+0000] {logging_mixin.py:149} INFO - [2024-09-13T02:52:10.863+0000] {dag.py:3490} INFO - Setting next_dagrun for example_task_group_decorator to 2024-09-12T02:52:10.862504+00:00, run_after=2024-09-13T02:52:10.862504+00:00
[2024-09-13T02:52:10.987+0000] {processor.py:179} INFO - Processing /home/airflow/.local/lib/python3.7/site-packages/airflow/example_dags/example_task_group_decorator.py took 0.408 seconds
[2024-09-13T02:52:41.574+0000] {processor.py:157} INFO - Started process (PID=850) to work on /home/airflow/.local/lib/python3.7/site-packages/airflow/example_dags/example_task_group_decorator.py
[2024-09-13T02:52:41.577+0000] {processor.py:826} INFO - Processing file /home/airflow/.local/lib/python3.7/site-packages/airflow/example_dags/example_task_group_decorator.py for tasks to queue
[2024-09-13T02:52:41.580+0000] {logging_mixin.py:149} INFO - [2024-09-13T02:52:41.579+0000] {dagbag.py:541} INFO - Filling up the DagBag from /home/airflow/.local/lib/python3.7/site-packages/airflow/example_dags/example_task_group_decorator.py
[2024-09-13T02:52:41.653+0000] {processor.py:836} INFO - DAG(s) dict_keys(['example_task_group_decorator']) retrieved from /home/airflow/.local/lib/python3.7/site-packages/airflow/example_dags/example_task_group_decorator.py
[2024-09-13T02:52:41.998+0000] {logging_mixin.py:149} INFO - [2024-09-13T02:52:41.998+0000] {dag.py:2726} INFO - Sync 1 DAGs
[2024-09-13T02:52:42.104+0000] {logging_mixin.py:149} INFO - [2024-09-13T02:52:42.103+0000] {dag.py:3490} INFO - Setting next_dagrun for example_task_group_decorator to 2024-09-12T02:52:42.102782+00:00, run_after=2024-09-13T02:52:42.102782+00:00
[2024-09-13T02:52:42.335+0000] {processor.py:179} INFO - Processing /home/airflow/.local/lib/python3.7/site-packages/airflow/example_dags/example_task_group_decorator.py took 0.775 seconds
[2024-09-13T02:53:12.875+0000] {processor.py:157} INFO - Started process (PID=919) to work on /home/airflow/.local/lib/python3.7/site-packages/airflow/example_dags/example_task_group_decorator.py
[2024-09-13T02:53:12.877+0000] {processor.py:826} INFO - Processing file /home/airflow/.local/lib/python3.7/site-packages/airflow/example_dags/example_task_group_decorator.py for tasks to queue
[2024-09-13T02:53:12.879+0000] {logging_mixin.py:149} INFO - [2024-09-13T02:53:12.879+0000] {dagbag.py:541} INFO - Filling up the DagBag from /home/airflow/.local/lib/python3.7/site-packages/airflow/example_dags/example_task_group_decorator.py
[2024-09-13T02:53:12.909+0000] {processor.py:836} INFO - DAG(s) dict_keys(['example_task_group_decorator']) retrieved from /home/airflow/.local/lib/python3.7/site-packages/airflow/example_dags/example_task_group_decorator.py
[2024-09-13T02:53:12.990+0000] {logging_mixin.py:149} INFO - [2024-09-13T02:53:12.990+0000] {dag.py:2726} INFO - Sync 1 DAGs
[2024-09-13T02:53:13.054+0000] {logging_mixin.py:149} INFO - [2024-09-13T02:53:13.053+0000] {dag.py:3490} INFO - Setting next_dagrun for example_task_group_decorator to 2024-09-12T02:53:13.051745+00:00, run_after=2024-09-13T02:53:13.051745+00:00
[2024-09-13T02:53:13.114+0000] {processor.py:179} INFO - Processing /home/airflow/.local/lib/python3.7/site-packages/airflow/example_dags/example_task_group_decorator.py took 0.250 seconds
[2024-09-13T02:53:44.259+0000] {processor.py:157} INFO - Started process (PID=988) to work on /home/airflow/.local/lib/python3.7/site-packages/airflow/example_dags/example_task_group_decorator.py
[2024-09-13T02:53:44.266+0000] {processor.py:826} INFO - Processing file /home/airflow/.local/lib/python3.7/site-packages/airflow/example_dags/example_task_group_decorator.py for tasks to queue
[2024-09-13T02:53:44.271+0000] {logging_mixin.py:149} INFO - [2024-09-13T02:53:44.270+0000] {dagbag.py:541} INFO - Filling up the DagBag from /home/airflow/.local/lib/python3.7/site-packages/airflow/example_dags/example_task_group_decorator.py
[2024-09-13T02:53:44.498+0000] {processor.py:836} INFO - DAG(s) dict_keys(['example_task_group_decorator']) retrieved from /home/airflow/.local/lib/python3.7/site-packages/airflow/example_dags/example_task_group_decorator.py
[2024-09-13T02:53:44.593+0000] {logging_mixin.py:149} INFO - [2024-09-13T02:53:44.592+0000] {dag.py:2726} INFO - Sync 1 DAGs
[2024-09-13T02:53:44.736+0000] {logging_mixin.py:149} INFO - [2024-09-13T02:53:44.735+0000] {dag.py:3490} INFO - Setting next_dagrun for example_task_group_decorator to 2024-09-12T02:53:44.734776+00:00, run_after=2024-09-13T02:53:44.734776+00:00
[2024-09-13T02:53:44.837+0000] {processor.py:179} INFO - Processing /home/airflow/.local/lib/python3.7/site-packages/airflow/example_dags/example_task_group_decorator.py took 0.618 seconds
[2024-09-13T02:54:15.694+0000] {processor.py:157} INFO - Started process (PID=1065) to work on /home/airflow/.local/lib/python3.7/site-packages/airflow/example_dags/example_task_group_decorator.py
[2024-09-13T02:54:15.700+0000] {processor.py:826} INFO - Processing file /home/airflow/.local/lib/python3.7/site-packages/airflow/example_dags/example_task_group_decorator.py for tasks to queue
[2024-09-13T02:54:15.707+0000] {logging_mixin.py:149} INFO - [2024-09-13T02:54:15.706+0000] {dagbag.py:541} INFO - Filling up the DagBag from /home/airflow/.local/lib/python3.7/site-packages/airflow/example_dags/example_task_group_decorator.py
[2024-09-13T02:54:15.809+0000] {processor.py:836} INFO - DAG(s) dict_keys(['example_task_group_decorator']) retrieved from /home/airflow/.local/lib/python3.7/site-packages/airflow/example_dags/example_task_group_decorator.py
[2024-09-13T02:54:16.028+0000] {logging_mixin.py:149} INFO - [2024-09-13T02:54:16.027+0000] {dag.py:2726} INFO - Sync 1 DAGs
[2024-09-13T02:54:16.151+0000] {logging_mixin.py:149} INFO - [2024-09-13T02:54:16.150+0000] {dag.py:3490} INFO - Setting next_dagrun for example_task_group_decorator to 2024-09-12T02:54:16.149167+00:00, run_after=2024-09-13T02:54:16.149167+00:00
[2024-09-13T02:54:16.205+0000] {processor.py:179} INFO - Processing /home/airflow/.local/lib/python3.7/site-packages/airflow/example_dags/example_task_group_decorator.py took 0.536 seconds
[2024-09-13T02:54:46.422+0000] {processor.py:157} INFO - Started process (PID=1133) to work on /home/airflow/.local/lib/python3.7/site-packages/airflow/example_dags/example_task_group_decorator.py
[2024-09-13T02:54:46.434+0000] {processor.py:826} INFO - Processing file /home/airflow/.local/lib/python3.7/site-packages/airflow/example_dags/example_task_group_decorator.py for tasks to queue
[2024-09-13T02:54:46.438+0000] {logging_mixin.py:149} INFO - [2024-09-13T02:54:46.437+0000] {dagbag.py:541} INFO - Filling up the DagBag from /home/airflow/.local/lib/python3.7/site-packages/airflow/example_dags/example_task_group_decorator.py
[2024-09-13T02:54:46.498+0000] {processor.py:836} INFO - DAG(s) dict_keys(['example_task_group_decorator']) retrieved from /home/airflow/.local/lib/python3.7/site-packages/airflow/example_dags/example_task_group_decorator.py
[2024-09-13T02:54:46.628+0000] {logging_mixin.py:149} INFO - [2024-09-13T02:54:46.628+0000] {dag.py:2726} INFO - Sync 1 DAGs
[2024-09-13T02:54:46.750+0000] {logging_mixin.py:149} INFO - [2024-09-13T02:54:46.750+0000] {dag.py:3490} INFO - Setting next_dagrun for example_task_group_decorator to 2024-09-12T02:54:46.748756+00:00, run_after=2024-09-13T02:54:46.748756+00:00
[2024-09-13T02:54:46.852+0000] {processor.py:179} INFO - Processing /home/airflow/.local/lib/python3.7/site-packages/airflow/example_dags/example_task_group_decorator.py took 0.452 seconds
[2024-09-13T02:55:17.534+0000] {processor.py:157} INFO - Started process (PID=1197) to work on /home/airflow/.local/lib/python3.7/site-packages/airflow/example_dags/example_task_group_decorator.py
[2024-09-13T02:55:17.537+0000] {processor.py:826} INFO - Processing file /home/airflow/.local/lib/python3.7/site-packages/airflow/example_dags/example_task_group_decorator.py for tasks to queue
[2024-09-13T02:55:17.539+0000] {logging_mixin.py:149} INFO - [2024-09-13T02:55:17.539+0000] {dagbag.py:541} INFO - Filling up the DagBag from /home/airflow/.local/lib/python3.7/site-packages/airflow/example_dags/example_task_group_decorator.py
[2024-09-13T02:55:17.572+0000] {processor.py:836} INFO - DAG(s) dict_keys(['example_task_group_decorator']) retrieved from /home/airflow/.local/lib/python3.7/site-packages/airflow/example_dags/example_task_group_decorator.py
[2024-09-13T02:55:17.638+0000] {logging_mixin.py:149} INFO - [2024-09-13T02:55:17.638+0000] {dag.py:2726} INFO - Sync 1 DAGs
[2024-09-13T02:55:17.710+0000] {logging_mixin.py:149} INFO - [2024-09-13T02:55:17.709+0000] {dag.py:3490} INFO - Setting next_dagrun for example_task_group_decorator to 2024-09-12T02:55:17.708896+00:00, run_after=2024-09-13T02:55:17.708896+00:00
[2024-09-13T02:55:17.753+0000] {processor.py:179} INFO - Processing /home/airflow/.local/lib/python3.7/site-packages/airflow/example_dags/example_task_group_decorator.py took 0.231 seconds
[2024-09-13T02:55:49.238+0000] {processor.py:157} INFO - Started process (PID=1251) to work on /home/airflow/.local/lib/python3.7/site-packages/airflow/example_dags/example_task_group_decorator.py
[2024-09-13T02:55:49.257+0000] {processor.py:826} INFO - Processing file /home/airflow/.local/lib/python3.7/site-packages/airflow/example_dags/example_task_group_decorator.py for tasks to queue
[2024-09-13T02:55:49.294+0000] {logging_mixin.py:149} INFO - [2024-09-13T02:55:49.289+0000] {dagbag.py:541} INFO - Filling up the DagBag from /home/airflow/.local/lib/python3.7/site-packages/airflow/example_dags/example_task_group_decorator.py
[2024-09-13T02:55:49.501+0000] {processor.py:836} INFO - DAG(s) dict_keys(['example_task_group_decorator']) retrieved from /home/airflow/.local/lib/python3.7/site-packages/airflow/example_dags/example_task_group_decorator.py
[2024-09-13T02:55:49.843+0000] {logging_mixin.py:149} INFO - [2024-09-13T02:55:49.842+0000] {dag.py:2726} INFO - Sync 1 DAGs
[2024-09-13T02:55:49.969+0000] {logging_mixin.py:149} INFO - [2024-09-13T02:55:49.968+0000] {dag.py:3490} INFO - Setting next_dagrun for example_task_group_decorator to 2024-09-12T02:55:49.966799+00:00, run_after=2024-09-13T02:55:49.966799+00:00
[2024-09-13T02:55:50.062+0000] {processor.py:179} INFO - Processing /home/airflow/.local/lib/python3.7/site-packages/airflow/example_dags/example_task_group_decorator.py took 1.097 seconds
[2024-09-13T02:56:22.728+0000] {processor.py:157} INFO - Started process (PID=1320) to work on /home/airflow/.local/lib/python3.7/site-packages/airflow/example_dags/example_task_group_decorator.py
[2024-09-13T02:56:22.736+0000] {processor.py:826} INFO - Processing file /home/airflow/.local/lib/python3.7/site-packages/airflow/example_dags/example_task_group_decorator.py for tasks to queue
[2024-09-13T02:56:22.742+0000] {logging_mixin.py:149} INFO - [2024-09-13T02:56:22.740+0000] {dagbag.py:541} INFO - Filling up the DagBag from /home/airflow/.local/lib/python3.7/site-packages/airflow/example_dags/example_task_group_decorator.py
[2024-09-13T02:56:22.809+0000] {processor.py:836} INFO - DAG(s) dict_keys(['example_task_group_decorator']) retrieved from /home/airflow/.local/lib/python3.7/site-packages/airflow/example_dags/example_task_group_decorator.py
[2024-09-13T02:56:22.937+0000] {logging_mixin.py:149} INFO - [2024-09-13T02:56:22.937+0000] {dag.py:2726} INFO - Sync 1 DAGs
[2024-09-13T02:56:23.018+0000] {logging_mixin.py:149} INFO - [2024-09-13T02:56:23.017+0000] {dag.py:3490} INFO - Setting next_dagrun for example_task_group_decorator to 2024-09-12T02:56:23.016983+00:00, run_after=2024-09-13T02:56:23.016983+00:00
[2024-09-13T02:56:23.272+0000] {processor.py:179} INFO - Processing /home/airflow/.local/lib/python3.7/site-packages/airflow/example_dags/example_task_group_decorator.py took 0.557 seconds
[2024-09-13T02:56:54.281+0000] {processor.py:157} INFO - Started process (PID=1389) to work on /home/airflow/.local/lib/python3.7/site-packages/airflow/example_dags/example_task_group_decorator.py
[2024-09-13T02:56:54.286+0000] {processor.py:826} INFO - Processing file /home/airflow/.local/lib/python3.7/site-packages/airflow/example_dags/example_task_group_decorator.py for tasks to queue
[2024-09-13T02:56:54.290+0000] {logging_mixin.py:149} INFO - [2024-09-13T02:56:54.290+0000] {dagbag.py:541} INFO - Filling up the DagBag from /home/airflow/.local/lib/python3.7/site-packages/airflow/example_dags/example_task_group_decorator.py
[2024-09-13T02:56:54.349+0000] {processor.py:836} INFO - DAG(s) dict_keys(['example_task_group_decorator']) retrieved from /home/airflow/.local/lib/python3.7/site-packages/airflow/example_dags/example_task_group_decorator.py
[2024-09-13T02:56:54.477+0000] {logging_mixin.py:149} INFO - [2024-09-13T02:56:54.476+0000] {dag.py:2726} INFO - Sync 1 DAGs
[2024-09-13T02:56:54.549+0000] {logging_mixin.py:149} INFO - [2024-09-13T02:56:54.548+0000] {dag.py:3490} INFO - Setting next_dagrun for example_task_group_decorator to 2024-09-12T02:56:54.548087+00:00, run_after=2024-09-13T02:56:54.548087+00:00
[2024-09-13T02:56:54.587+0000] {processor.py:179} INFO - Processing /home/airflow/.local/lib/python3.7/site-packages/airflow/example_dags/example_task_group_decorator.py took 0.350 seconds
