[2024-09-13T02:43:58.423+0000] {processor.py:157} INFO - Started process (PID=75) to work on /home/airflow/.local/lib/python3.7/site-packages/airflow/example_dags/example_skip_dag.py
[2024-09-13T02:43:58.427+0000] {processor.py:826} INFO - Processing file /home/airflow/.local/lib/python3.7/site-packages/airflow/example_dags/example_skip_dag.py for tasks to queue
[2024-09-13T02:43:58.430+0000] {logging_mixin.py:149} INFO - [2024-09-13T02:43:58.430+0000] {dagbag.py:541} INFO - Filling up the DagBag from /home/airflow/.local/lib/python3.7/site-packages/airflow/example_dags/example_skip_dag.py
[2024-09-13T02:43:58.474+0000] {processor.py:836} INFO - DAG(s) dict_keys(['example_skip_dag']) retrieved from /home/airflow/.local/lib/python3.7/site-packages/airflow/example_dags/example_skip_dag.py
[2024-09-13T02:43:58.744+0000] {logging_mixin.py:149} INFO - [2024-09-13T02:43:58.744+0000] {dag.py:2726} INFO - Sync 1 DAGs
[2024-09-13T02:43:58.932+0000] {logging_mixin.py:149} INFO - [2024-09-13T02:43:58.932+0000] {dag.py:3490} INFO - Setting next_dagrun for example_skip_dag to 2024-09-12T02:43:58.931730+00:00, run_after=2024-09-13T02:43:58.931730+00:00
[2024-09-13T02:43:59.220+0000] {processor.py:179} INFO - Processing /home/airflow/.local/lib/python3.7/site-packages/airflow/example_dags/example_skip_dag.py took 0.806 seconds
[2024-09-13T02:47:14.488+0000] {processor.py:157} INFO - Started process (PID=178) to work on /home/airflow/.local/lib/python3.7/site-packages/airflow/example_dags/example_skip_dag.py
[2024-09-13T02:47:14.523+0000] {processor.py:826} INFO - Processing file /home/airflow/.local/lib/python3.7/site-packages/airflow/example_dags/example_skip_dag.py for tasks to queue
[2024-09-13T02:47:14.554+0000] {logging_mixin.py:149} INFO - [2024-09-13T02:47:14.554+0000] {dagbag.py:541} INFO - Filling up the DagBag from /home/airflow/.local/lib/python3.7/site-packages/airflow/example_dags/example_skip_dag.py
[2024-09-13T02:47:14.909+0000] {processor.py:836} INFO - DAG(s) dict_keys(['example_skip_dag']) retrieved from /home/airflow/.local/lib/python3.7/site-packages/airflow/example_dags/example_skip_dag.py
[2024-09-13T02:47:19.848+0000] {logging_mixin.py:149} INFO - [2024-09-13T02:47:19.847+0000] {dag.py:2726} INFO - Sync 1 DAGs
[2024-09-13T02:47:20.075+0000] {logging_mixin.py:149} INFO - [2024-09-13T02:47:20.074+0000] {dag.py:3490} INFO - Setting next_dagrun for example_skip_dag to 2024-09-12T02:47:20.073928+00:00, run_after=2024-09-13T02:47:20.073928+00:00
[2024-09-13T02:47:20.165+0000] {processor.py:179} INFO - Processing /home/airflow/.local/lib/python3.7/site-packages/airflow/example_dags/example_skip_dag.py took 5.856 seconds
[2024-09-13T02:47:51.032+0000] {processor.py:157} INFO - Started process (PID=247) to work on /home/airflow/.local/lib/python3.7/site-packages/airflow/example_dags/example_skip_dag.py
[2024-09-13T02:47:51.046+0000] {processor.py:826} INFO - Processing file /home/airflow/.local/lib/python3.7/site-packages/airflow/example_dags/example_skip_dag.py for tasks to queue
[2024-09-13T02:47:51.061+0000] {logging_mixin.py:149} INFO - [2024-09-13T02:47:51.061+0000] {dagbag.py:541} INFO - Filling up the DagBag from /home/airflow/.local/lib/python3.7/site-packages/airflow/example_dags/example_skip_dag.py
[2024-09-13T02:47:51.192+0000] {processor.py:836} INFO - DAG(s) dict_keys(['example_skip_dag']) retrieved from /home/airflow/.local/lib/python3.7/site-packages/airflow/example_dags/example_skip_dag.py
[2024-09-13T02:47:51.435+0000] {logging_mixin.py:149} INFO - [2024-09-13T02:47:51.434+0000] {dag.py:2726} INFO - Sync 1 DAGs
[2024-09-13T02:47:51.584+0000] {logging_mixin.py:149} INFO - [2024-09-13T02:47:51.580+0000] {dag.py:3490} INFO - Setting next_dagrun for example_skip_dag to 2024-09-12T02:47:51.572800+00:00, run_after=2024-09-13T02:47:51.572800+00:00
[2024-09-13T02:47:51.661+0000] {processor.py:179} INFO - Processing /home/airflow/.local/lib/python3.7/site-packages/airflow/example_dags/example_skip_dag.py took 0.732 seconds
[2024-09-13T02:48:22.756+0000] {processor.py:157} INFO - Started process (PID=316) to work on /home/airflow/.local/lib/python3.7/site-packages/airflow/example_dags/example_skip_dag.py
[2024-09-13T02:48:22.780+0000] {processor.py:826} INFO - Processing file /home/airflow/.local/lib/python3.7/site-packages/airflow/example_dags/example_skip_dag.py for tasks to queue
[2024-09-13T02:48:22.784+0000] {logging_mixin.py:149} INFO - [2024-09-13T02:48:22.783+0000] {dagbag.py:541} INFO - Filling up the DagBag from /home/airflow/.local/lib/python3.7/site-packages/airflow/example_dags/example_skip_dag.py
[2024-09-13T02:48:22.830+0000] {processor.py:836} INFO - DAG(s) dict_keys(['example_skip_dag']) retrieved from /home/airflow/.local/lib/python3.7/site-packages/airflow/example_dags/example_skip_dag.py
[2024-09-13T02:48:23.134+0000] {logging_mixin.py:149} INFO - [2024-09-13T02:48:23.133+0000] {dag.py:2726} INFO - Sync 1 DAGs
[2024-09-13T02:48:23.350+0000] {logging_mixin.py:149} INFO - [2024-09-13T02:48:23.349+0000] {dag.py:3490} INFO - Setting next_dagrun for example_skip_dag to 2024-09-12T02:48:23.347874+00:00, run_after=2024-09-13T02:48:23.347874+00:00
[2024-09-13T02:48:23.515+0000] {processor.py:179} INFO - Processing /home/airflow/.local/lib/python3.7/site-packages/airflow/example_dags/example_skip_dag.py took 0.800 seconds
[2024-09-13T02:48:53.912+0000] {processor.py:157} INFO - Started process (PID=385) to work on /home/airflow/.local/lib/python3.7/site-packages/airflow/example_dags/example_skip_dag.py
[2024-09-13T02:48:53.917+0000] {processor.py:826} INFO - Processing file /home/airflow/.local/lib/python3.7/site-packages/airflow/example_dags/example_skip_dag.py for tasks to queue
[2024-09-13T02:48:53.921+0000] {logging_mixin.py:149} INFO - [2024-09-13T02:48:53.920+0000] {dagbag.py:541} INFO - Filling up the DagBag from /home/airflow/.local/lib/python3.7/site-packages/airflow/example_dags/example_skip_dag.py
[2024-09-13T02:48:54.001+0000] {processor.py:836} INFO - DAG(s) dict_keys(['example_skip_dag']) retrieved from /home/airflow/.local/lib/python3.7/site-packages/airflow/example_dags/example_skip_dag.py
[2024-09-13T02:48:54.217+0000] {logging_mixin.py:149} INFO - [2024-09-13T02:48:54.217+0000] {dag.py:2726} INFO - Sync 1 DAGs
[2024-09-13T02:48:54.706+0000] {logging_mixin.py:149} INFO - [2024-09-13T02:48:54.703+0000] {dag.py:3490} INFO - Setting next_dagrun for example_skip_dag to 2024-09-12T02:48:54.699980+00:00, run_after=2024-09-13T02:48:54.699980+00:00
[2024-09-13T02:48:54.797+0000] {processor.py:179} INFO - Processing /home/airflow/.local/lib/python3.7/site-packages/airflow/example_dags/example_skip_dag.py took 0.937 seconds
[2024-09-13T02:49:25.338+0000] {processor.py:157} INFO - Started process (PID=453) to work on /home/airflow/.local/lib/python3.7/site-packages/airflow/example_dags/example_skip_dag.py
[2024-09-13T02:49:25.343+0000] {processor.py:826} INFO - Processing file /home/airflow/.local/lib/python3.7/site-packages/airflow/example_dags/example_skip_dag.py for tasks to queue
[2024-09-13T02:49:25.346+0000] {logging_mixin.py:149} INFO - [2024-09-13T02:49:25.345+0000] {dagbag.py:541} INFO - Filling up the DagBag from /home/airflow/.local/lib/python3.7/site-packages/airflow/example_dags/example_skip_dag.py
[2024-09-13T02:49:25.442+0000] {processor.py:836} INFO - DAG(s) dict_keys(['example_skip_dag']) retrieved from /home/airflow/.local/lib/python3.7/site-packages/airflow/example_dags/example_skip_dag.py
[2024-09-13T02:49:25.805+0000] {logging_mixin.py:149} INFO - [2024-09-13T02:49:25.804+0000] {dag.py:2726} INFO - Sync 1 DAGs
[2024-09-13T02:49:25.981+0000] {logging_mixin.py:149} INFO - [2024-09-13T02:49:25.981+0000] {dag.py:3490} INFO - Setting next_dagrun for example_skip_dag to 2024-09-12T02:49:25.978694+00:00, run_after=2024-09-13T02:49:25.978694+00:00
[2024-09-13T02:49:26.125+0000] {processor.py:179} INFO - Processing /home/airflow/.local/lib/python3.7/site-packages/airflow/example_dags/example_skip_dag.py took 0.847 seconds
[2024-09-13T02:50:00.742+0000] {processor.py:157} INFO - Started process (PID=507) to work on /home/airflow/.local/lib/python3.7/site-packages/airflow/example_dags/example_skip_dag.py
[2024-09-13T02:50:00.746+0000] {processor.py:826} INFO - Processing file /home/airflow/.local/lib/python3.7/site-packages/airflow/example_dags/example_skip_dag.py for tasks to queue
[2024-09-13T02:50:00.749+0000] {logging_mixin.py:149} INFO - [2024-09-13T02:50:00.749+0000] {dagbag.py:541} INFO - Filling up the DagBag from /home/airflow/.local/lib/python3.7/site-packages/airflow/example_dags/example_skip_dag.py
[2024-09-13T02:50:00.778+0000] {processor.py:836} INFO - DAG(s) dict_keys(['example_skip_dag']) retrieved from /home/airflow/.local/lib/python3.7/site-packages/airflow/example_dags/example_skip_dag.py
[2024-09-13T02:50:00.936+0000] {logging_mixin.py:149} INFO - [2024-09-13T02:50:00.935+0000] {dag.py:2726} INFO - Sync 1 DAGs
[2024-09-13T02:50:01.022+0000] {logging_mixin.py:149} INFO - [2024-09-13T02:50:01.021+0000] {dag.py:3490} INFO - Setting next_dagrun for example_skip_dag to 2024-09-12T02:50:01.021042+00:00, run_after=2024-09-13T02:50:01.021042+00:00
[2024-09-13T02:50:01.122+0000] {processor.py:179} INFO - Processing /home/airflow/.local/lib/python3.7/site-packages/airflow/example_dags/example_skip_dag.py took 0.421 seconds
[2024-09-13T02:50:31.945+0000] {processor.py:157} INFO - Started process (PID=576) to work on /home/airflow/.local/lib/python3.7/site-packages/airflow/example_dags/example_skip_dag.py
[2024-09-13T02:50:31.950+0000] {processor.py:826} INFO - Processing file /home/airflow/.local/lib/python3.7/site-packages/airflow/example_dags/example_skip_dag.py for tasks to queue
[2024-09-13T02:50:31.953+0000] {logging_mixin.py:149} INFO - [2024-09-13T02:50:31.953+0000] {dagbag.py:541} INFO - Filling up the DagBag from /home/airflow/.local/lib/python3.7/site-packages/airflow/example_dags/example_skip_dag.py
[2024-09-13T02:50:32.013+0000] {processor.py:836} INFO - DAG(s) dict_keys(['example_skip_dag']) retrieved from /home/airflow/.local/lib/python3.7/site-packages/airflow/example_dags/example_skip_dag.py
[2024-09-13T02:50:32.114+0000] {logging_mixin.py:149} INFO - [2024-09-13T02:50:32.113+0000] {dag.py:2726} INFO - Sync 1 DAGs
[2024-09-13T02:50:32.181+0000] {logging_mixin.py:149} INFO - [2024-09-13T02:50:32.180+0000] {dag.py:3490} INFO - Setting next_dagrun for example_skip_dag to 2024-09-12T02:50:32.179840+00:00, run_after=2024-09-13T02:50:32.179840+00:00
[2024-09-13T02:50:32.224+0000] {processor.py:179} INFO - Processing /home/airflow/.local/lib/python3.7/site-packages/airflow/example_dags/example_skip_dag.py took 0.298 seconds
[2024-09-13T02:51:03.136+0000] {processor.py:157} INFO - Started process (PID=636) to work on /home/airflow/.local/lib/python3.7/site-packages/airflow/example_dags/example_skip_dag.py
[2024-09-13T02:51:03.140+0000] {processor.py:826} INFO - Processing file /home/airflow/.local/lib/python3.7/site-packages/airflow/example_dags/example_skip_dag.py for tasks to queue
[2024-09-13T02:51:03.143+0000] {logging_mixin.py:149} INFO - [2024-09-13T02:51:03.143+0000] {dagbag.py:541} INFO - Filling up the DagBag from /home/airflow/.local/lib/python3.7/site-packages/airflow/example_dags/example_skip_dag.py
[2024-09-13T02:51:03.169+0000] {processor.py:836} INFO - DAG(s) dict_keys(['example_skip_dag']) retrieved from /home/airflow/.local/lib/python3.7/site-packages/airflow/example_dags/example_skip_dag.py
[2024-09-13T02:51:03.294+0000] {logging_mixin.py:149} INFO - [2024-09-13T02:51:03.293+0000] {dag.py:2726} INFO - Sync 1 DAGs
[2024-09-13T02:51:03.442+0000] {logging_mixin.py:149} INFO - [2024-09-13T02:51:03.441+0000] {dag.py:3490} INFO - Setting next_dagrun for example_skip_dag to 2024-09-12T02:51:03.438055+00:00, run_after=2024-09-13T02:51:03.438055+00:00
[2024-09-13T02:51:03.554+0000] {processor.py:179} INFO - Processing /home/airflow/.local/lib/python3.7/site-packages/airflow/example_dags/example_skip_dag.py took 0.427 seconds
[2024-09-13T02:51:33.924+0000] {processor.py:157} INFO - Started process (PID=705) to work on /home/airflow/.local/lib/python3.7/site-packages/airflow/example_dags/example_skip_dag.py
[2024-09-13T02:51:33.926+0000] {processor.py:826} INFO - Processing file /home/airflow/.local/lib/python3.7/site-packages/airflow/example_dags/example_skip_dag.py for tasks to queue
[2024-09-13T02:51:33.927+0000] {logging_mixin.py:149} INFO - [2024-09-13T02:51:33.927+0000] {dagbag.py:541} INFO - Filling up the DagBag from /home/airflow/.local/lib/python3.7/site-packages/airflow/example_dags/example_skip_dag.py
[2024-09-13T02:51:33.936+0000] {processor.py:836} INFO - DAG(s) dict_keys(['example_skip_dag']) retrieved from /home/airflow/.local/lib/python3.7/site-packages/airflow/example_dags/example_skip_dag.py
[2024-09-13T02:51:33.969+0000] {logging_mixin.py:149} INFO - [2024-09-13T02:51:33.968+0000] {dag.py:2726} INFO - Sync 1 DAGs
[2024-09-13T02:51:33.997+0000] {logging_mixin.py:149} INFO - [2024-09-13T02:51:33.997+0000] {dag.py:3490} INFO - Setting next_dagrun for example_skip_dag to 2024-09-12T02:51:33.997329+00:00, run_after=2024-09-13T02:51:33.997329+00:00
[2024-09-13T02:51:34.023+0000] {processor.py:179} INFO - Processing /home/airflow/.local/lib/python3.7/site-packages/airflow/example_dags/example_skip_dag.py took 0.104 seconds
[2024-09-13T02:52:04.957+0000] {processor.py:157} INFO - Started process (PID=774) to work on /home/airflow/.local/lib/python3.7/site-packages/airflow/example_dags/example_skip_dag.py
[2024-09-13T02:52:04.960+0000] {processor.py:826} INFO - Processing file /home/airflow/.local/lib/python3.7/site-packages/airflow/example_dags/example_skip_dag.py for tasks to queue
[2024-09-13T02:52:04.962+0000] {logging_mixin.py:149} INFO - [2024-09-13T02:52:04.961+0000] {dagbag.py:541} INFO - Filling up the DagBag from /home/airflow/.local/lib/python3.7/site-packages/airflow/example_dags/example_skip_dag.py
[2024-09-13T02:52:04.980+0000] {processor.py:836} INFO - DAG(s) dict_keys(['example_skip_dag']) retrieved from /home/airflow/.local/lib/python3.7/site-packages/airflow/example_dags/example_skip_dag.py
[2024-09-13T02:52:05.042+0000] {logging_mixin.py:149} INFO - [2024-09-13T02:52:05.042+0000] {dag.py:2726} INFO - Sync 1 DAGs
[2024-09-13T02:52:05.116+0000] {logging_mixin.py:149} INFO - [2024-09-13T02:52:05.115+0000] {dag.py:3490} INFO - Setting next_dagrun for example_skip_dag to 2024-09-12T02:52:05.115188+00:00, run_after=2024-09-13T02:52:05.115188+00:00
[2024-09-13T02:52:05.169+0000] {processor.py:179} INFO - Processing /home/airflow/.local/lib/python3.7/site-packages/airflow/example_dags/example_skip_dag.py took 0.221 seconds
[2024-09-13T02:52:35.855+0000] {processor.py:157} INFO - Started process (PID=843) to work on /home/airflow/.local/lib/python3.7/site-packages/airflow/example_dags/example_skip_dag.py
[2024-09-13T02:52:35.858+0000] {processor.py:826} INFO - Processing file /home/airflow/.local/lib/python3.7/site-packages/airflow/example_dags/example_skip_dag.py for tasks to queue
[2024-09-13T02:52:35.860+0000] {logging_mixin.py:149} INFO - [2024-09-13T02:52:35.860+0000] {dagbag.py:541} INFO - Filling up the DagBag from /home/airflow/.local/lib/python3.7/site-packages/airflow/example_dags/example_skip_dag.py
[2024-09-13T02:52:35.885+0000] {processor.py:836} INFO - DAG(s) dict_keys(['example_skip_dag']) retrieved from /home/airflow/.local/lib/python3.7/site-packages/airflow/example_dags/example_skip_dag.py
[2024-09-13T02:52:35.942+0000] {logging_mixin.py:149} INFO - [2024-09-13T02:52:35.941+0000] {dag.py:2726} INFO - Sync 1 DAGs
[2024-09-13T02:52:36.007+0000] {logging_mixin.py:149} INFO - [2024-09-13T02:52:36.007+0000] {dag.py:3490} INFO - Setting next_dagrun for example_skip_dag to 2024-09-12T02:52:36.006746+00:00, run_after=2024-09-13T02:52:36.006746+00:00
[2024-09-13T02:52:36.050+0000] {processor.py:179} INFO - Processing /home/airflow/.local/lib/python3.7/site-packages/airflow/example_dags/example_skip_dag.py took 0.205 seconds
[2024-09-13T02:53:07.189+0000] {processor.py:157} INFO - Started process (PID=912) to work on /home/airflow/.local/lib/python3.7/site-packages/airflow/example_dags/example_skip_dag.py
[2024-09-13T02:53:07.198+0000] {processor.py:826} INFO - Processing file /home/airflow/.local/lib/python3.7/site-packages/airflow/example_dags/example_skip_dag.py for tasks to queue
[2024-09-13T02:53:07.207+0000] {logging_mixin.py:149} INFO - [2024-09-13T02:53:07.206+0000] {dagbag.py:541} INFO - Filling up the DagBag from /home/airflow/.local/lib/python3.7/site-packages/airflow/example_dags/example_skip_dag.py
[2024-09-13T02:53:07.247+0000] {processor.py:836} INFO - DAG(s) dict_keys(['example_skip_dag']) retrieved from /home/airflow/.local/lib/python3.7/site-packages/airflow/example_dags/example_skip_dag.py
[2024-09-13T02:53:07.366+0000] {logging_mixin.py:149} INFO - [2024-09-13T02:53:07.366+0000] {dag.py:2726} INFO - Sync 1 DAGs
[2024-09-13T02:53:07.475+0000] {logging_mixin.py:149} INFO - [2024-09-13T02:53:07.474+0000] {dag.py:3490} INFO - Setting next_dagrun for example_skip_dag to 2024-09-12T02:53:07.473637+00:00, run_after=2024-09-13T02:53:07.473637+00:00
[2024-09-13T02:53:07.535+0000] {processor.py:179} INFO - Processing /home/airflow/.local/lib/python3.7/site-packages/airflow/example_dags/example_skip_dag.py took 0.365 seconds
[2024-09-13T02:53:38.249+0000] {processor.py:157} INFO - Started process (PID=981) to work on /home/airflow/.local/lib/python3.7/site-packages/airflow/example_dags/example_skip_dag.py
[2024-09-13T02:53:38.252+0000] {processor.py:826} INFO - Processing file /home/airflow/.local/lib/python3.7/site-packages/airflow/example_dags/example_skip_dag.py for tasks to queue
[2024-09-13T02:53:38.255+0000] {logging_mixin.py:149} INFO - [2024-09-13T02:53:38.255+0000] {dagbag.py:541} INFO - Filling up the DagBag from /home/airflow/.local/lib/python3.7/site-packages/airflow/example_dags/example_skip_dag.py
[2024-09-13T02:53:38.279+0000] {processor.py:836} INFO - DAG(s) dict_keys(['example_skip_dag']) retrieved from /home/airflow/.local/lib/python3.7/site-packages/airflow/example_dags/example_skip_dag.py
[2024-09-13T02:53:38.716+0000] {logging_mixin.py:149} INFO - [2024-09-13T02:53:38.715+0000] {dag.py:2726} INFO - Sync 1 DAGs
[2024-09-13T02:53:38.921+0000] {logging_mixin.py:149} INFO - [2024-09-13T02:53:38.920+0000] {dag.py:3490} INFO - Setting next_dagrun for example_skip_dag to 2024-09-12T02:53:38.918176+00:00, run_after=2024-09-13T02:53:38.918176+00:00
[2024-09-13T02:53:39.008+0000] {processor.py:179} INFO - Processing /home/airflow/.local/lib/python3.7/site-packages/airflow/example_dags/example_skip_dag.py took 0.771 seconds
[2024-09-13T02:54:09.488+0000] {processor.py:157} INFO - Started process (PID=1050) to work on /home/airflow/.local/lib/python3.7/site-packages/airflow/example_dags/example_skip_dag.py
[2024-09-13T02:54:09.497+0000] {processor.py:826} INFO - Processing file /home/airflow/.local/lib/python3.7/site-packages/airflow/example_dags/example_skip_dag.py for tasks to queue
[2024-09-13T02:54:09.502+0000] {logging_mixin.py:149} INFO - [2024-09-13T02:54:09.501+0000] {dagbag.py:541} INFO - Filling up the DagBag from /home/airflow/.local/lib/python3.7/site-packages/airflow/example_dags/example_skip_dag.py
[2024-09-13T02:54:09.553+0000] {processor.py:836} INFO - DAG(s) dict_keys(['example_skip_dag']) retrieved from /home/airflow/.local/lib/python3.7/site-packages/airflow/example_dags/example_skip_dag.py
[2024-09-13T02:54:10.863+0000] {logging_mixin.py:149} INFO - [2024-09-13T02:54:10.862+0000] {dag.py:2726} INFO - Sync 1 DAGs
[2024-09-13T02:54:12.095+0000] {logging_mixin.py:149} INFO - [2024-09-13T02:54:12.091+0000] {dag.py:3490} INFO - Setting next_dagrun for example_skip_dag to 2024-09-12T02:54:12.081175+00:00, run_after=2024-09-13T02:54:12.081175+00:00
[2024-09-13T02:54:12.405+0000] {processor.py:179} INFO - Processing /home/airflow/.local/lib/python3.7/site-packages/airflow/example_dags/example_skip_dag.py took 2.953 seconds
[2024-09-13T02:54:43.320+0000] {processor.py:157} INFO - Started process (PID=1119) to work on /home/airflow/.local/lib/python3.7/site-packages/airflow/example_dags/example_skip_dag.py
[2024-09-13T02:54:43.326+0000] {processor.py:826} INFO - Processing file /home/airflow/.local/lib/python3.7/site-packages/airflow/example_dags/example_skip_dag.py for tasks to queue
[2024-09-13T02:54:43.331+0000] {logging_mixin.py:149} INFO - [2024-09-13T02:54:43.331+0000] {dagbag.py:541} INFO - Filling up the DagBag from /home/airflow/.local/lib/python3.7/site-packages/airflow/example_dags/example_skip_dag.py
[2024-09-13T02:54:43.419+0000] {processor.py:836} INFO - DAG(s) dict_keys(['example_skip_dag']) retrieved from /home/airflow/.local/lib/python3.7/site-packages/airflow/example_dags/example_skip_dag.py
[2024-09-13T02:54:43.512+0000] {logging_mixin.py:149} INFO - [2024-09-13T02:54:43.512+0000] {dag.py:2726} INFO - Sync 1 DAGs
[2024-09-13T02:54:43.597+0000] {logging_mixin.py:149} INFO - [2024-09-13T02:54:43.597+0000] {dag.py:3490} INFO - Setting next_dagrun for example_skip_dag to 2024-09-12T02:54:43.595897+00:00, run_after=2024-09-13T02:54:43.595897+00:00
[2024-09-13T02:54:43.643+0000] {processor.py:179} INFO - Processing /home/airflow/.local/lib/python3.7/site-packages/airflow/example_dags/example_skip_dag.py took 0.339 seconds
[2024-09-13T02:55:17.308+0000] {processor.py:157} INFO - Started process (PID=1195) to work on /home/airflow/.local/lib/python3.7/site-packages/airflow/example_dags/example_skip_dag.py
[2024-09-13T02:55:17.311+0000] {processor.py:826} INFO - Processing file /home/airflow/.local/lib/python3.7/site-packages/airflow/example_dags/example_skip_dag.py for tasks to queue
[2024-09-13T02:55:17.312+0000] {logging_mixin.py:149} INFO - [2024-09-13T02:55:17.312+0000] {dagbag.py:541} INFO - Filling up the DagBag from /home/airflow/.local/lib/python3.7/site-packages/airflow/example_dags/example_skip_dag.py
[2024-09-13T02:55:17.325+0000] {processor.py:836} INFO - DAG(s) dict_keys(['example_skip_dag']) retrieved from /home/airflow/.local/lib/python3.7/site-packages/airflow/example_dags/example_skip_dag.py
[2024-09-13T02:55:17.370+0000] {logging_mixin.py:149} INFO - [2024-09-13T02:55:17.370+0000] {dag.py:2726} INFO - Sync 1 DAGs
[2024-09-13T02:55:17.444+0000] {logging_mixin.py:149} INFO - [2024-09-13T02:55:17.444+0000] {dag.py:3490} INFO - Setting next_dagrun for example_skip_dag to 2024-09-12T02:55:17.444181+00:00, run_after=2024-09-13T02:55:17.444181+00:00
[2024-09-13T02:55:17.484+0000] {processor.py:179} INFO - Processing /home/airflow/.local/lib/python3.7/site-packages/airflow/example_dags/example_skip_dag.py took 0.182 seconds
[2024-09-13T02:55:48.549+0000] {processor.py:157} INFO - Started process (PID=1249) to work on /home/airflow/.local/lib/python3.7/site-packages/airflow/example_dags/example_skip_dag.py
[2024-09-13T02:55:48.552+0000] {processor.py:826} INFO - Processing file /home/airflow/.local/lib/python3.7/site-packages/airflow/example_dags/example_skip_dag.py for tasks to queue
[2024-09-13T02:55:48.555+0000] {logging_mixin.py:149} INFO - [2024-09-13T02:55:48.554+0000] {dagbag.py:541} INFO - Filling up the DagBag from /home/airflow/.local/lib/python3.7/site-packages/airflow/example_dags/example_skip_dag.py
[2024-09-13T02:55:48.577+0000] {processor.py:836} INFO - DAG(s) dict_keys(['example_skip_dag']) retrieved from /home/airflow/.local/lib/python3.7/site-packages/airflow/example_dags/example_skip_dag.py
[2024-09-13T02:55:48.630+0000] {logging_mixin.py:149} INFO - [2024-09-13T02:55:48.629+0000] {dag.py:2726} INFO - Sync 1 DAGs
[2024-09-13T02:55:48.745+0000] {logging_mixin.py:149} INFO - [2024-09-13T02:55:48.744+0000] {dag.py:3490} INFO - Setting next_dagrun for example_skip_dag to 2024-09-12T02:55:48.743660+00:00, run_after=2024-09-13T02:55:48.743660+00:00
[2024-09-13T02:55:48.846+0000] {processor.py:179} INFO - Processing /home/airflow/.local/lib/python3.7/site-packages/airflow/example_dags/example_skip_dag.py took 0.308 seconds
[2024-09-13T02:56:19.915+0000] {processor.py:157} INFO - Started process (PID=1316) to work on /home/airflow/.local/lib/python3.7/site-packages/airflow/example_dags/example_skip_dag.py
[2024-09-13T02:56:19.920+0000] {processor.py:826} INFO - Processing file /home/airflow/.local/lib/python3.7/site-packages/airflow/example_dags/example_skip_dag.py for tasks to queue
[2024-09-13T02:56:19.923+0000] {logging_mixin.py:149} INFO - [2024-09-13T02:56:19.923+0000] {dagbag.py:541} INFO - Filling up the DagBag from /home/airflow/.local/lib/python3.7/site-packages/airflow/example_dags/example_skip_dag.py
[2024-09-13T02:56:19.958+0000] {processor.py:836} INFO - DAG(s) dict_keys(['example_skip_dag']) retrieved from /home/airflow/.local/lib/python3.7/site-packages/airflow/example_dags/example_skip_dag.py
[2024-09-13T02:56:20.105+0000] {logging_mixin.py:149} INFO - [2024-09-13T02:56:20.105+0000] {dag.py:2726} INFO - Sync 1 DAGs
[2024-09-13T02:56:20.210+0000] {logging_mixin.py:149} INFO - [2024-09-13T02:56:20.207+0000] {dag.py:3490} INFO - Setting next_dagrun for example_skip_dag to 2024-09-12T02:56:20.197719+00:00, run_after=2024-09-13T02:56:20.197719+00:00
[2024-09-13T02:56:20.277+0000] {processor.py:179} INFO - Processing /home/airflow/.local/lib/python3.7/site-packages/airflow/example_dags/example_skip_dag.py took 0.392 seconds
[2024-09-13T02:56:50.592+0000] {processor.py:157} INFO - Started process (PID=1376) to work on /home/airflow/.local/lib/python3.7/site-packages/airflow/example_dags/example_skip_dag.py
[2024-09-13T02:56:50.596+0000] {processor.py:826} INFO - Processing file /home/airflow/.local/lib/python3.7/site-packages/airflow/example_dags/example_skip_dag.py for tasks to queue
[2024-09-13T02:56:50.602+0000] {logging_mixin.py:149} INFO - [2024-09-13T02:56:50.601+0000] {dagbag.py:541} INFO - Filling up the DagBag from /home/airflow/.local/lib/python3.7/site-packages/airflow/example_dags/example_skip_dag.py
[2024-09-13T02:56:50.630+0000] {processor.py:836} INFO - DAG(s) dict_keys(['example_skip_dag']) retrieved from /home/airflow/.local/lib/python3.7/site-packages/airflow/example_dags/example_skip_dag.py
[2024-09-13T02:56:50.718+0000] {logging_mixin.py:149} INFO - [2024-09-13T02:56:50.718+0000] {dag.py:2726} INFO - Sync 1 DAGs
[2024-09-13T02:56:50.774+0000] {logging_mixin.py:149} INFO - [2024-09-13T02:56:50.773+0000] {dag.py:3490} INFO - Setting next_dagrun for example_skip_dag to 2024-09-12T02:56:50.773170+00:00, run_after=2024-09-13T02:56:50.773170+00:00
[2024-09-13T02:56:50.818+0000] {processor.py:179} INFO - Processing /home/airflow/.local/lib/python3.7/site-packages/airflow/example_dags/example_skip_dag.py took 0.242 seconds
