[2024-09-13T02:45:48.530+0000] {processor.py:157} INFO - Started process (PID=114) to work on /home/airflow/.local/lib/python3.7/site-packages/airflow/example_dags/example_branch_labels.py
[2024-09-13T02:45:48.537+0000] {processor.py:826} INFO - Processing file /home/airflow/.local/lib/python3.7/site-packages/airflow/example_dags/example_branch_labels.py for tasks to queue
[2024-09-13T02:45:48.570+0000] {logging_mixin.py:149} INFO - [2024-09-13T02:45:48.569+0000] {dagbag.py:541} INFO - Filling up the DagBag from /home/airflow/.local/lib/python3.7/site-packages/airflow/example_dags/example_branch_labels.py
[2024-09-13T02:45:48.948+0000] {processor.py:836} INFO - DAG(s) dict_keys(['example_branch_labels']) retrieved from /home/airflow/.local/lib/python3.7/site-packages/airflow/example_dags/example_branch_labels.py
[2024-09-13T02:45:50.235+0000] {logging_mixin.py:149} INFO - [2024-09-13T02:45:50.228+0000] {dag.py:2726} INFO - Sync 1 DAGs
[2024-09-13T02:46:02.205+0000] {logging_mixin.py:149} INFO - [2024-09-13T02:46:02.203+0000] {dag.py:3490} INFO - Setting next_dagrun for example_branch_labels to 2024-09-12T00:00:00+00:00, run_after=2024-09-13T00:00:00+00:00
[2024-09-13T02:46:03.451+0000] {processor.py:179} INFO - Processing /home/airflow/.local/lib/python3.7/site-packages/airflow/example_dags/example_branch_labels.py took 14.960 seconds
[2024-09-13T02:47:34.824+0000] {processor.py:157} INFO - Started process (PID=215) to work on /home/airflow/.local/lib/python3.7/site-packages/airflow/example_dags/example_branch_labels.py
[2024-09-13T02:47:34.827+0000] {processor.py:826} INFO - Processing file /home/airflow/.local/lib/python3.7/site-packages/airflow/example_dags/example_branch_labels.py for tasks to queue
[2024-09-13T02:47:34.829+0000] {logging_mixin.py:149} INFO - [2024-09-13T02:47:34.829+0000] {dagbag.py:541} INFO - Filling up the DagBag from /home/airflow/.local/lib/python3.7/site-packages/airflow/example_dags/example_branch_labels.py
[2024-09-13T02:47:34.851+0000] {processor.py:836} INFO - DAG(s) dict_keys(['example_branch_labels']) retrieved from /home/airflow/.local/lib/python3.7/site-packages/airflow/example_dags/example_branch_labels.py
[2024-09-13T02:47:34.932+0000] {logging_mixin.py:149} INFO - [2024-09-13T02:47:34.932+0000] {dag.py:2726} INFO - Sync 1 DAGs
[2024-09-13T02:47:35.038+0000] {logging_mixin.py:149} INFO - [2024-09-13T02:47:35.038+0000] {dag.py:3490} INFO - Setting next_dagrun for example_branch_labels to 2024-09-12T00:00:00+00:00, run_after=2024-09-13T00:00:00+00:00
[2024-09-13T02:47:35.152+0000] {processor.py:179} INFO - Processing /home/airflow/.local/lib/python3.7/site-packages/airflow/example_dags/example_branch_labels.py took 0.337 seconds
[2024-09-13T02:48:10.964+0000] {processor.py:157} INFO - Started process (PID=291) to work on /home/airflow/.local/lib/python3.7/site-packages/airflow/example_dags/example_branch_labels.py
[2024-09-13T02:48:10.970+0000] {processor.py:826} INFO - Processing file /home/airflow/.local/lib/python3.7/site-packages/airflow/example_dags/example_branch_labels.py for tasks to queue
[2024-09-13T02:48:10.975+0000] {logging_mixin.py:149} INFO - [2024-09-13T02:48:10.974+0000] {dagbag.py:541} INFO - Filling up the DagBag from /home/airflow/.local/lib/python3.7/site-packages/airflow/example_dags/example_branch_labels.py
[2024-09-13T02:48:11.237+0000] {processor.py:836} INFO - DAG(s) dict_keys(['example_branch_labels']) retrieved from /home/airflow/.local/lib/python3.7/site-packages/airflow/example_dags/example_branch_labels.py
[2024-09-13T02:48:12.611+0000] {logging_mixin.py:149} INFO - [2024-09-13T02:48:12.609+0000] {dag.py:2726} INFO - Sync 1 DAGs
[2024-09-13T02:48:12.822+0000] {logging_mixin.py:149} INFO - [2024-09-13T02:48:12.821+0000] {dag.py:3490} INFO - Setting next_dagrun for example_branch_labels to 2024-09-12T00:00:00+00:00, run_after=2024-09-13T00:00:00+00:00
[2024-09-13T02:48:13.028+0000] {processor.py:179} INFO - Processing /home/airflow/.local/lib/python3.7/site-packages/airflow/example_dags/example_branch_labels.py took 2.097 seconds
[2024-09-13T02:48:43.432+0000] {processor.py:157} INFO - Started process (PID=351) to work on /home/airflow/.local/lib/python3.7/site-packages/airflow/example_dags/example_branch_labels.py
[2024-09-13T02:48:43.438+0000] {processor.py:826} INFO - Processing file /home/airflow/.local/lib/python3.7/site-packages/airflow/example_dags/example_branch_labels.py for tasks to queue
[2024-09-13T02:48:43.441+0000] {logging_mixin.py:149} INFO - [2024-09-13T02:48:43.441+0000] {dagbag.py:541} INFO - Filling up the DagBag from /home/airflow/.local/lib/python3.7/site-packages/airflow/example_dags/example_branch_labels.py
[2024-09-13T02:48:43.483+0000] {processor.py:836} INFO - DAG(s) dict_keys(['example_branch_labels']) retrieved from /home/airflow/.local/lib/python3.7/site-packages/airflow/example_dags/example_branch_labels.py
[2024-09-13T02:48:43.606+0000] {logging_mixin.py:149} INFO - [2024-09-13T02:48:43.606+0000] {dag.py:2726} INFO - Sync 1 DAGs
[2024-09-13T02:48:43.682+0000] {logging_mixin.py:149} INFO - [2024-09-13T02:48:43.681+0000] {dag.py:3490} INFO - Setting next_dagrun for example_branch_labels to 2024-09-12T00:00:00+00:00, run_after=2024-09-13T00:00:00+00:00
[2024-09-13T02:48:43.732+0000] {processor.py:179} INFO - Processing /home/airflow/.local/lib/python3.7/site-packages/airflow/example_dags/example_branch_labels.py took 0.319 seconds
[2024-09-13T02:49:18.292+0000] {processor.py:157} INFO - Started process (PID=420) to work on /home/airflow/.local/lib/python3.7/site-packages/airflow/example_dags/example_branch_labels.py
[2024-09-13T02:49:18.295+0000] {processor.py:826} INFO - Processing file /home/airflow/.local/lib/python3.7/site-packages/airflow/example_dags/example_branch_labels.py for tasks to queue
[2024-09-13T02:49:18.297+0000] {logging_mixin.py:149} INFO - [2024-09-13T02:49:18.296+0000] {dagbag.py:541} INFO - Filling up the DagBag from /home/airflow/.local/lib/python3.7/site-packages/airflow/example_dags/example_branch_labels.py
[2024-09-13T02:49:18.316+0000] {processor.py:836} INFO - DAG(s) dict_keys(['example_branch_labels']) retrieved from /home/airflow/.local/lib/python3.7/site-packages/airflow/example_dags/example_branch_labels.py
[2024-09-13T02:49:18.391+0000] {logging_mixin.py:149} INFO - [2024-09-13T02:49:18.391+0000] {dag.py:2726} INFO - Sync 1 DAGs
[2024-09-13T02:49:18.469+0000] {logging_mixin.py:149} INFO - [2024-09-13T02:49:18.469+0000] {dag.py:3490} INFO - Setting next_dagrun for example_branch_labels to 2024-09-12T00:00:00+00:00, run_after=2024-09-13T00:00:00+00:00
[2024-09-13T02:49:18.511+0000] {processor.py:179} INFO - Processing /home/airflow/.local/lib/python3.7/site-packages/airflow/example_dags/example_branch_labels.py took 0.226 seconds
[2024-09-13T02:49:55.281+0000] {processor.py:157} INFO - Started process (PID=489) to work on /home/airflow/.local/lib/python3.7/site-packages/airflow/example_dags/example_branch_labels.py
[2024-09-13T02:49:55.285+0000] {processor.py:826} INFO - Processing file /home/airflow/.local/lib/python3.7/site-packages/airflow/example_dags/example_branch_labels.py for tasks to queue
[2024-09-13T02:49:55.287+0000] {logging_mixin.py:149} INFO - [2024-09-13T02:49:55.287+0000] {dagbag.py:541} INFO - Filling up the DagBag from /home/airflow/.local/lib/python3.7/site-packages/airflow/example_dags/example_branch_labels.py
[2024-09-13T02:49:55.336+0000] {processor.py:836} INFO - DAG(s) dict_keys(['example_branch_labels']) retrieved from /home/airflow/.local/lib/python3.7/site-packages/airflow/example_dags/example_branch_labels.py
[2024-09-13T02:49:55.465+0000] {logging_mixin.py:149} INFO - [2024-09-13T02:49:55.464+0000] {dag.py:2726} INFO - Sync 1 DAGs
[2024-09-13T02:49:55.560+0000] {logging_mixin.py:149} INFO - [2024-09-13T02:49:55.559+0000] {dag.py:3490} INFO - Setting next_dagrun for example_branch_labels to 2024-09-12T00:00:00+00:00, run_after=2024-09-13T00:00:00+00:00
[2024-09-13T02:49:55.655+0000] {processor.py:179} INFO - Processing /home/airflow/.local/lib/python3.7/site-packages/airflow/example_dags/example_branch_labels.py took 0.385 seconds
[2024-09-13T02:50:26.236+0000] {processor.py:157} INFO - Started process (PID=558) to work on /home/airflow/.local/lib/python3.7/site-packages/airflow/example_dags/example_branch_labels.py
[2024-09-13T02:50:26.239+0000] {processor.py:826} INFO - Processing file /home/airflow/.local/lib/python3.7/site-packages/airflow/example_dags/example_branch_labels.py for tasks to queue
[2024-09-13T02:50:26.242+0000] {logging_mixin.py:149} INFO - [2024-09-13T02:50:26.241+0000] {dagbag.py:541} INFO - Filling up the DagBag from /home/airflow/.local/lib/python3.7/site-packages/airflow/example_dags/example_branch_labels.py
[2024-09-13T02:50:26.262+0000] {processor.py:836} INFO - DAG(s) dict_keys(['example_branch_labels']) retrieved from /home/airflow/.local/lib/python3.7/site-packages/airflow/example_dags/example_branch_labels.py
[2024-09-13T02:50:26.336+0000] {logging_mixin.py:149} INFO - [2024-09-13T02:50:26.336+0000] {dag.py:2726} INFO - Sync 1 DAGs
[2024-09-13T02:50:26.429+0000] {logging_mixin.py:149} INFO - [2024-09-13T02:50:26.428+0000] {dag.py:3490} INFO - Setting next_dagrun for example_branch_labels to 2024-09-12T00:00:00+00:00, run_after=2024-09-13T00:00:00+00:00
[2024-09-13T02:50:26.477+0000] {processor.py:179} INFO - Processing /home/airflow/.local/lib/python3.7/site-packages/airflow/example_dags/example_branch_labels.py took 0.248 seconds
[2024-09-13T02:50:56.863+0000] {processor.py:157} INFO - Started process (PID=627) to work on /home/airflow/.local/lib/python3.7/site-packages/airflow/example_dags/example_branch_labels.py
[2024-09-13T02:50:56.866+0000] {processor.py:826} INFO - Processing file /home/airflow/.local/lib/python3.7/site-packages/airflow/example_dags/example_branch_labels.py for tasks to queue
[2024-09-13T02:50:56.868+0000] {logging_mixin.py:149} INFO - [2024-09-13T02:50:56.868+0000] {dagbag.py:541} INFO - Filling up the DagBag from /home/airflow/.local/lib/python3.7/site-packages/airflow/example_dags/example_branch_labels.py
[2024-09-13T02:50:56.887+0000] {processor.py:836} INFO - DAG(s) dict_keys(['example_branch_labels']) retrieved from /home/airflow/.local/lib/python3.7/site-packages/airflow/example_dags/example_branch_labels.py
[2024-09-13T02:50:56.957+0000] {logging_mixin.py:149} INFO - [2024-09-13T02:50:56.956+0000] {dag.py:2726} INFO - Sync 1 DAGs
[2024-09-13T02:50:57.040+0000] {logging_mixin.py:149} INFO - [2024-09-13T02:50:57.040+0000] {dag.py:3490} INFO - Setting next_dagrun for example_branch_labels to 2024-09-12T00:00:00+00:00, run_after=2024-09-13T00:00:00+00:00
[2024-09-13T02:50:57.087+0000] {processor.py:179} INFO - Processing /home/airflow/.local/lib/python3.7/site-packages/airflow/example_dags/example_branch_labels.py took 0.233 seconds
[2024-09-13T02:51:29.471+0000] {processor.py:157} INFO - Started process (PID=696) to work on /home/airflow/.local/lib/python3.7/site-packages/airflow/example_dags/example_branch_labels.py
[2024-09-13T02:51:29.487+0000] {processor.py:826} INFO - Processing file /home/airflow/.local/lib/python3.7/site-packages/airflow/example_dags/example_branch_labels.py for tasks to queue
[2024-09-13T02:51:29.492+0000] {logging_mixin.py:149} INFO - [2024-09-13T02:51:29.492+0000] {dagbag.py:541} INFO - Filling up the DagBag from /home/airflow/.local/lib/python3.7/site-packages/airflow/example_dags/example_branch_labels.py
[2024-09-13T02:51:29.557+0000] {processor.py:836} INFO - DAG(s) dict_keys(['example_branch_labels']) retrieved from /home/airflow/.local/lib/python3.7/site-packages/airflow/example_dags/example_branch_labels.py
[2024-09-13T02:51:29.693+0000] {logging_mixin.py:149} INFO - [2024-09-13T02:51:29.693+0000] {dag.py:2726} INFO - Sync 1 DAGs
[2024-09-13T02:51:29.755+0000] {logging_mixin.py:149} INFO - [2024-09-13T02:51:29.755+0000] {dag.py:3490} INFO - Setting next_dagrun for example_branch_labels to 2024-09-12T00:00:00+00:00, run_after=2024-09-13T00:00:00+00:00
[2024-09-13T02:51:29.815+0000] {processor.py:179} INFO - Processing /home/airflow/.local/lib/python3.7/site-packages/airflow/example_dags/example_branch_labels.py took 0.387 seconds
[2024-09-13T02:52:01.150+0000] {processor.py:157} INFO - Started process (PID=765) to work on /home/airflow/.local/lib/python3.7/site-packages/airflow/example_dags/example_branch_labels.py
[2024-09-13T02:52:01.155+0000] {processor.py:826} INFO - Processing file /home/airflow/.local/lib/python3.7/site-packages/airflow/example_dags/example_branch_labels.py for tasks to queue
[2024-09-13T02:52:01.163+0000] {logging_mixin.py:149} INFO - [2024-09-13T02:52:01.162+0000] {dagbag.py:541} INFO - Filling up the DagBag from /home/airflow/.local/lib/python3.7/site-packages/airflow/example_dags/example_branch_labels.py
[2024-09-13T02:52:01.223+0000] {processor.py:836} INFO - DAG(s) dict_keys(['example_branch_labels']) retrieved from /home/airflow/.local/lib/python3.7/site-packages/airflow/example_dags/example_branch_labels.py
[2024-09-13T02:52:01.330+0000] {logging_mixin.py:149} INFO - [2024-09-13T02:52:01.330+0000] {dag.py:2726} INFO - Sync 1 DAGs
[2024-09-13T02:52:01.412+0000] {logging_mixin.py:149} INFO - [2024-09-13T02:52:01.410+0000] {dag.py:3490} INFO - Setting next_dagrun for example_branch_labels to 2024-09-12T00:00:00+00:00, run_after=2024-09-13T00:00:00+00:00
[2024-09-13T02:52:01.470+0000] {processor.py:179} INFO - Processing /home/airflow/.local/lib/python3.7/site-packages/airflow/example_dags/example_branch_labels.py took 0.333 seconds
[2024-09-13T02:52:31.621+0000] {processor.py:157} INFO - Started process (PID=834) to work on /home/airflow/.local/lib/python3.7/site-packages/airflow/example_dags/example_branch_labels.py
[2024-09-13T02:52:31.625+0000] {processor.py:826} INFO - Processing file /home/airflow/.local/lib/python3.7/site-packages/airflow/example_dags/example_branch_labels.py for tasks to queue
[2024-09-13T02:52:31.633+0000] {logging_mixin.py:149} INFO - [2024-09-13T02:52:31.632+0000] {dagbag.py:541} INFO - Filling up the DagBag from /home/airflow/.local/lib/python3.7/site-packages/airflow/example_dags/example_branch_labels.py
[2024-09-13T02:52:31.655+0000] {processor.py:836} INFO - DAG(s) dict_keys(['example_branch_labels']) retrieved from /home/airflow/.local/lib/python3.7/site-packages/airflow/example_dags/example_branch_labels.py
[2024-09-13T02:52:31.742+0000] {logging_mixin.py:149} INFO - [2024-09-13T02:52:31.742+0000] {dag.py:2726} INFO - Sync 1 DAGs
[2024-09-13T02:52:31.843+0000] {logging_mixin.py:149} INFO - [2024-09-13T02:52:31.842+0000] {dag.py:3490} INFO - Setting next_dagrun for example_branch_labels to 2024-09-12T00:00:00+00:00, run_after=2024-09-13T00:00:00+00:00
[2024-09-13T02:52:31.907+0000] {processor.py:179} INFO - Processing /home/airflow/.local/lib/python3.7/site-packages/airflow/example_dags/example_branch_labels.py took 0.295 seconds
[2024-09-13T02:53:02.190+0000] {processor.py:157} INFO - Started process (PID=902) to work on /home/airflow/.local/lib/python3.7/site-packages/airflow/example_dags/example_branch_labels.py
[2024-09-13T02:53:02.193+0000] {processor.py:826} INFO - Processing file /home/airflow/.local/lib/python3.7/site-packages/airflow/example_dags/example_branch_labels.py for tasks to queue
[2024-09-13T02:53:02.197+0000] {logging_mixin.py:149} INFO - [2024-09-13T02:53:02.197+0000] {dagbag.py:541} INFO - Filling up the DagBag from /home/airflow/.local/lib/python3.7/site-packages/airflow/example_dags/example_branch_labels.py
[2024-09-13T02:53:02.219+0000] {processor.py:836} INFO - DAG(s) dict_keys(['example_branch_labels']) retrieved from /home/airflow/.local/lib/python3.7/site-packages/airflow/example_dags/example_branch_labels.py
[2024-09-13T02:53:02.325+0000] {logging_mixin.py:149} INFO - [2024-09-13T02:53:02.324+0000] {dag.py:2726} INFO - Sync 1 DAGs
[2024-09-13T02:53:02.475+0000] {logging_mixin.py:149} INFO - [2024-09-13T02:53:02.475+0000] {dag.py:3490} INFO - Setting next_dagrun for example_branch_labels to 2024-09-12T00:00:00+00:00, run_after=2024-09-13T00:00:00+00:00
[2024-09-13T02:53:02.542+0000] {processor.py:179} INFO - Processing /home/airflow/.local/lib/python3.7/site-packages/airflow/example_dags/example_branch_labels.py took 0.371 seconds
[2024-09-13T02:53:33.635+0000] {processor.py:157} INFO - Started process (PID=972) to work on /home/airflow/.local/lib/python3.7/site-packages/airflow/example_dags/example_branch_labels.py
[2024-09-13T02:53:33.640+0000] {processor.py:826} INFO - Processing file /home/airflow/.local/lib/python3.7/site-packages/airflow/example_dags/example_branch_labels.py for tasks to queue
[2024-09-13T02:53:33.644+0000] {logging_mixin.py:149} INFO - [2024-09-13T02:53:33.643+0000] {dagbag.py:541} INFO - Filling up the DagBag from /home/airflow/.local/lib/python3.7/site-packages/airflow/example_dags/example_branch_labels.py
[2024-09-13T02:53:33.677+0000] {processor.py:836} INFO - DAG(s) dict_keys(['example_branch_labels']) retrieved from /home/airflow/.local/lib/python3.7/site-packages/airflow/example_dags/example_branch_labels.py
[2024-09-13T02:53:33.764+0000] {logging_mixin.py:149} INFO - [2024-09-13T02:53:33.763+0000] {dag.py:2726} INFO - Sync 1 DAGs
[2024-09-13T02:53:33.935+0000] {logging_mixin.py:149} INFO - [2024-09-13T02:53:33.935+0000] {dag.py:3490} INFO - Setting next_dagrun for example_branch_labels to 2024-09-12T00:00:00+00:00, run_after=2024-09-13T00:00:00+00:00
[2024-09-13T02:53:34.003+0000] {processor.py:179} INFO - Processing /home/airflow/.local/lib/python3.7/site-packages/airflow/example_dags/example_branch_labels.py took 0.379 seconds
[2024-09-13T02:54:07.180+0000] {processor.py:157} INFO - Started process (PID=1043) to work on /home/airflow/.local/lib/python3.7/site-packages/airflow/example_dags/example_branch_labels.py
[2024-09-13T02:54:07.191+0000] {processor.py:826} INFO - Processing file /home/airflow/.local/lib/python3.7/site-packages/airflow/example_dags/example_branch_labels.py for tasks to queue
[2024-09-13T02:54:07.195+0000] {logging_mixin.py:149} INFO - [2024-09-13T02:54:07.195+0000] {dagbag.py:541} INFO - Filling up the DagBag from /home/airflow/.local/lib/python3.7/site-packages/airflow/example_dags/example_branch_labels.py
[2024-09-13T02:54:07.220+0000] {processor.py:836} INFO - DAG(s) dict_keys(['example_branch_labels']) retrieved from /home/airflow/.local/lib/python3.7/site-packages/airflow/example_dags/example_branch_labels.py
[2024-09-13T02:54:07.286+0000] {logging_mixin.py:149} INFO - [2024-09-13T02:54:07.286+0000] {dag.py:2726} INFO - Sync 1 DAGs
[2024-09-13T02:54:07.362+0000] {logging_mixin.py:149} INFO - [2024-09-13T02:54:07.362+0000] {dag.py:3490} INFO - Setting next_dagrun for example_branch_labels to 2024-09-12T00:00:00+00:00, run_after=2024-09-13T00:00:00+00:00
[2024-09-13T02:54:07.404+0000] {processor.py:179} INFO - Processing /home/airflow/.local/lib/python3.7/site-packages/airflow/example_dags/example_branch_labels.py took 0.235 seconds
[2024-09-13T02:54:38.454+0000] {processor.py:157} INFO - Started process (PID=1114) to work on /home/airflow/.local/lib/python3.7/site-packages/airflow/example_dags/example_branch_labels.py
[2024-09-13T02:54:38.456+0000] {processor.py:826} INFO - Processing file /home/airflow/.local/lib/python3.7/site-packages/airflow/example_dags/example_branch_labels.py for tasks to queue
[2024-09-13T02:54:38.458+0000] {logging_mixin.py:149} INFO - [2024-09-13T02:54:38.458+0000] {dagbag.py:541} INFO - Filling up the DagBag from /home/airflow/.local/lib/python3.7/site-packages/airflow/example_dags/example_branch_labels.py
[2024-09-13T02:54:38.472+0000] {processor.py:836} INFO - DAG(s) dict_keys(['example_branch_labels']) retrieved from /home/airflow/.local/lib/python3.7/site-packages/airflow/example_dags/example_branch_labels.py
[2024-09-13T02:54:38.528+0000] {logging_mixin.py:149} INFO - [2024-09-13T02:54:38.528+0000] {dag.py:2726} INFO - Sync 1 DAGs
[2024-09-13T02:54:38.585+0000] {logging_mixin.py:149} INFO - [2024-09-13T02:54:38.584+0000] {dag.py:3490} INFO - Setting next_dagrun for example_branch_labels to 2024-09-12T00:00:00+00:00, run_after=2024-09-13T00:00:00+00:00
[2024-09-13T02:54:38.621+0000] {processor.py:179} INFO - Processing /home/airflow/.local/lib/python3.7/site-packages/airflow/example_dags/example_branch_labels.py took 0.173 seconds
[2024-09-13T02:55:16.755+0000] {processor.py:157} INFO - Started process (PID=1190) to work on /home/airflow/.local/lib/python3.7/site-packages/airflow/example_dags/example_branch_labels.py
[2024-09-13T02:55:16.781+0000] {processor.py:826} INFO - Processing file /home/airflow/.local/lib/python3.7/site-packages/airflow/example_dags/example_branch_labels.py for tasks to queue
[2024-09-13T02:55:16.784+0000] {logging_mixin.py:149} INFO - [2024-09-13T02:55:16.783+0000] {dagbag.py:541} INFO - Filling up the DagBag from /home/airflow/.local/lib/python3.7/site-packages/airflow/example_dags/example_branch_labels.py
[2024-09-13T02:55:16.817+0000] {processor.py:836} INFO - DAG(s) dict_keys(['example_branch_labels']) retrieved from /home/airflow/.local/lib/python3.7/site-packages/airflow/example_dags/example_branch_labels.py
[2024-09-13T02:55:16.885+0000] {logging_mixin.py:149} INFO - [2024-09-13T02:55:16.884+0000] {dag.py:2726} INFO - Sync 1 DAGs
[2024-09-13T02:55:16.948+0000] {logging_mixin.py:149} INFO - [2024-09-13T02:55:16.947+0000] {dag.py:3490} INFO - Setting next_dagrun for example_branch_labels to 2024-09-12T00:00:00+00:00, run_after=2024-09-13T00:00:00+00:00
[2024-09-13T02:55:16.988+0000] {processor.py:179} INFO - Processing /home/airflow/.local/lib/python3.7/site-packages/airflow/example_dags/example_branch_labels.py took 0.244 seconds
[2024-09-13T02:55:52.458+0000] {processor.py:157} INFO - Started process (PID=1264) to work on /home/airflow/.local/lib/python3.7/site-packages/airflow/example_dags/example_branch_labels.py
[2024-09-13T02:55:52.463+0000] {processor.py:826} INFO - Processing file /home/airflow/.local/lib/python3.7/site-packages/airflow/example_dags/example_branch_labels.py for tasks to queue
[2024-09-13T02:55:52.466+0000] {logging_mixin.py:149} INFO - [2024-09-13T02:55:52.465+0000] {dagbag.py:541} INFO - Filling up the DagBag from /home/airflow/.local/lib/python3.7/site-packages/airflow/example_dags/example_branch_labels.py
[2024-09-13T02:55:52.494+0000] {processor.py:836} INFO - DAG(s) dict_keys(['example_branch_labels']) retrieved from /home/airflow/.local/lib/python3.7/site-packages/airflow/example_dags/example_branch_labels.py
[2024-09-13T02:55:52.566+0000] {logging_mixin.py:149} INFO - [2024-09-13T02:55:52.565+0000] {dag.py:2726} INFO - Sync 1 DAGs
[2024-09-13T02:55:52.634+0000] {logging_mixin.py:149} INFO - [2024-09-13T02:55:52.633+0000] {dag.py:3490} INFO - Setting next_dagrun for example_branch_labels to 2024-09-12T00:00:00+00:00, run_after=2024-09-13T00:00:00+00:00
[2024-09-13T02:55:52.782+0000] {processor.py:179} INFO - Processing /home/airflow/.local/lib/python3.7/site-packages/airflow/example_dags/example_branch_labels.py took 0.338 seconds
[2024-09-13T02:56:26.933+0000] {processor.py:157} INFO - Started process (PID=1333) to work on /home/airflow/.local/lib/python3.7/site-packages/airflow/example_dags/example_branch_labels.py
[2024-09-13T02:56:26.938+0000] {processor.py:826} INFO - Processing file /home/airflow/.local/lib/python3.7/site-packages/airflow/example_dags/example_branch_labels.py for tasks to queue
[2024-09-13T02:56:26.941+0000] {logging_mixin.py:149} INFO - [2024-09-13T02:56:26.940+0000] {dagbag.py:541} INFO - Filling up the DagBag from /home/airflow/.local/lib/python3.7/site-packages/airflow/example_dags/example_branch_labels.py
[2024-09-13T02:56:26.975+0000] {processor.py:836} INFO - DAG(s) dict_keys(['example_branch_labels']) retrieved from /home/airflow/.local/lib/python3.7/site-packages/airflow/example_dags/example_branch_labels.py
[2024-09-13T02:56:27.078+0000] {logging_mixin.py:149} INFO - [2024-09-13T02:56:27.078+0000] {dag.py:2726} INFO - Sync 1 DAGs
[2024-09-13T02:56:27.158+0000] {logging_mixin.py:149} INFO - [2024-09-13T02:56:27.158+0000] {dag.py:3490} INFO - Setting next_dagrun for example_branch_labels to 2024-09-12T00:00:00+00:00, run_after=2024-09-13T00:00:00+00:00
[2024-09-13T02:56:27.204+0000] {processor.py:179} INFO - Processing /home/airflow/.local/lib/python3.7/site-packages/airflow/example_dags/example_branch_labels.py took 0.281 seconds
[2024-09-13T02:56:58.008+0000] {processor.py:157} INFO - Started process (PID=1402) to work on /home/airflow/.local/lib/python3.7/site-packages/airflow/example_dags/example_branch_labels.py
[2024-09-13T02:56:58.012+0000] {processor.py:826} INFO - Processing file /home/airflow/.local/lib/python3.7/site-packages/airflow/example_dags/example_branch_labels.py for tasks to queue
[2024-09-13T02:56:58.014+0000] {logging_mixin.py:149} INFO - [2024-09-13T02:56:58.014+0000] {dagbag.py:541} INFO - Filling up the DagBag from /home/airflow/.local/lib/python3.7/site-packages/airflow/example_dags/example_branch_labels.py
[2024-09-13T02:56:58.037+0000] {processor.py:836} INFO - DAG(s) dict_keys(['example_branch_labels']) retrieved from /home/airflow/.local/lib/python3.7/site-packages/airflow/example_dags/example_branch_labels.py
[2024-09-13T02:56:58.144+0000] {logging_mixin.py:149} INFO - [2024-09-13T02:56:58.144+0000] {dag.py:2726} INFO - Sync 1 DAGs
[2024-09-13T02:56:58.205+0000] {logging_mixin.py:149} INFO - [2024-09-13T02:56:58.205+0000] {dag.py:3490} INFO - Setting next_dagrun for example_branch_labels to 2024-09-12T00:00:00+00:00, run_after=2024-09-13T00:00:00+00:00
[2024-09-13T02:56:58.249+0000] {processor.py:179} INFO - Processing /home/airflow/.local/lib/python3.7/site-packages/airflow/example_dags/example_branch_labels.py took 0.250 seconds
