[2024-09-13T02:46:17.876+0000] {processor.py:157} INFO - Started process (PID=126) to work on /home/airflow/.local/lib/python3.7/site-packages/airflow/example_dags/example_branch_day_of_week_operator.py
[2024-09-13T02:46:17.932+0000] {processor.py:826} INFO - Processing file /home/airflow/.local/lib/python3.7/site-packages/airflow/example_dags/example_branch_day_of_week_operator.py for tasks to queue
[2024-09-13T02:46:17.954+0000] {logging_mixin.py:149} INFO - [2024-09-13T02:46:17.953+0000] {dagbag.py:541} INFO - Filling up the DagBag from /home/airflow/.local/lib/python3.7/site-packages/airflow/example_dags/example_branch_day_of_week_operator.py
[2024-09-13T02:46:18.691+0000] {processor.py:836} INFO - DAG(s) dict_keys(['example_weekday_branch_operator']) retrieved from /home/airflow/.local/lib/python3.7/site-packages/airflow/example_dags/example_branch_day_of_week_operator.py
[2024-09-13T02:46:20.306+0000] {logging_mixin.py:149} INFO - [2024-09-13T02:46:20.303+0000] {dag.py:2726} INFO - Sync 1 DAGs
[2024-09-13T02:46:21.417+0000] {logging_mixin.py:149} INFO - [2024-09-13T02:46:21.415+0000] {dag.py:3490} INFO - Setting next_dagrun for example_weekday_branch_operator to 2024-09-12T00:00:00+00:00, run_after=2024-09-13T00:00:00+00:00
[2024-09-13T02:46:21.826+0000] {processor.py:179} INFO - Processing /home/airflow/.local/lib/python3.7/site-packages/airflow/example_dags/example_branch_day_of_week_operator.py took 4.190 seconds
[2024-09-13T02:47:36.773+0000] {processor.py:157} INFO - Started process (PID=221) to work on /home/airflow/.local/lib/python3.7/site-packages/airflow/example_dags/example_branch_day_of_week_operator.py
[2024-09-13T02:47:36.779+0000] {processor.py:826} INFO - Processing file /home/airflow/.local/lib/python3.7/site-packages/airflow/example_dags/example_branch_day_of_week_operator.py for tasks to queue
[2024-09-13T02:47:36.781+0000] {logging_mixin.py:149} INFO - [2024-09-13T02:47:36.781+0000] {dagbag.py:541} INFO - Filling up the DagBag from /home/airflow/.local/lib/python3.7/site-packages/airflow/example_dags/example_branch_day_of_week_operator.py
[2024-09-13T02:47:36.814+0000] {processor.py:836} INFO - DAG(s) dict_keys(['example_weekday_branch_operator']) retrieved from /home/airflow/.local/lib/python3.7/site-packages/airflow/example_dags/example_branch_day_of_week_operator.py
[2024-09-13T02:47:36.924+0000] {logging_mixin.py:149} INFO - [2024-09-13T02:47:36.924+0000] {dag.py:2726} INFO - Sync 1 DAGs
[2024-09-13T02:47:37.086+0000] {logging_mixin.py:149} INFO - [2024-09-13T02:47:37.086+0000] {dag.py:3490} INFO - Setting next_dagrun for example_weekday_branch_operator to 2024-09-12T00:00:00+00:00, run_after=2024-09-13T00:00:00+00:00
[2024-09-13T02:47:37.181+0000] {processor.py:179} INFO - Processing /home/airflow/.local/lib/python3.7/site-packages/airflow/example_dags/example_branch_day_of_week_operator.py took 0.438 seconds
[2024-09-13T02:48:15.719+0000] {processor.py:157} INFO - Started process (PID=301) to work on /home/airflow/.local/lib/python3.7/site-packages/airflow/example_dags/example_branch_day_of_week_operator.py
[2024-09-13T02:48:15.726+0000] {processor.py:826} INFO - Processing file /home/airflow/.local/lib/python3.7/site-packages/airflow/example_dags/example_branch_day_of_week_operator.py for tasks to queue
[2024-09-13T02:48:15.731+0000] {logging_mixin.py:149} INFO - [2024-09-13T02:48:15.731+0000] {dagbag.py:541} INFO - Filling up the DagBag from /home/airflow/.local/lib/python3.7/site-packages/airflow/example_dags/example_branch_day_of_week_operator.py
[2024-09-13T02:48:15.801+0000] {processor.py:836} INFO - DAG(s) dict_keys(['example_weekday_branch_operator']) retrieved from /home/airflow/.local/lib/python3.7/site-packages/airflow/example_dags/example_branch_day_of_week_operator.py
[2024-09-13T02:48:16.055+0000] {logging_mixin.py:149} INFO - [2024-09-13T02:48:16.054+0000] {dag.py:2726} INFO - Sync 1 DAGs
[2024-09-13T02:48:16.235+0000] {logging_mixin.py:149} INFO - [2024-09-13T02:48:16.234+0000] {dag.py:3490} INFO - Setting next_dagrun for example_weekday_branch_operator to 2024-09-12T00:00:00+00:00, run_after=2024-09-13T00:00:00+00:00
[2024-09-13T02:48:16.355+0000] {processor.py:179} INFO - Processing /home/airflow/.local/lib/python3.7/site-packages/airflow/example_dags/example_branch_day_of_week_operator.py took 0.695 seconds
[2024-09-13T02:48:48.444+0000] {processor.py:157} INFO - Started process (PID=370) to work on /home/airflow/.local/lib/python3.7/site-packages/airflow/example_dags/example_branch_day_of_week_operator.py
[2024-09-13T02:48:48.447+0000] {processor.py:826} INFO - Processing file /home/airflow/.local/lib/python3.7/site-packages/airflow/example_dags/example_branch_day_of_week_operator.py for tasks to queue
[2024-09-13T02:48:48.449+0000] {logging_mixin.py:149} INFO - [2024-09-13T02:48:48.448+0000] {dagbag.py:541} INFO - Filling up the DagBag from /home/airflow/.local/lib/python3.7/site-packages/airflow/example_dags/example_branch_day_of_week_operator.py
[2024-09-13T02:48:48.462+0000] {processor.py:836} INFO - DAG(s) dict_keys(['example_weekday_branch_operator']) retrieved from /home/airflow/.local/lib/python3.7/site-packages/airflow/example_dags/example_branch_day_of_week_operator.py
[2024-09-13T02:48:48.518+0000] {logging_mixin.py:149} INFO - [2024-09-13T02:48:48.518+0000] {dag.py:2726} INFO - Sync 1 DAGs
[2024-09-13T02:48:48.572+0000] {logging_mixin.py:149} INFO - [2024-09-13T02:48:48.572+0000] {dag.py:3490} INFO - Setting next_dagrun for example_weekday_branch_operator to 2024-09-12T00:00:00+00:00, run_after=2024-09-13T00:00:00+00:00
[2024-09-13T02:48:48.628+0000] {processor.py:179} INFO - Processing /home/airflow/.local/lib/python3.7/site-packages/airflow/example_dags/example_branch_day_of_week_operator.py took 0.191 seconds
[2024-09-13T02:49:20.720+0000] {processor.py:157} INFO - Started process (PID=437) to work on /home/airflow/.local/lib/python3.7/site-packages/airflow/example_dags/example_branch_day_of_week_operator.py
[2024-09-13T02:49:20.728+0000] {processor.py:826} INFO - Processing file /home/airflow/.local/lib/python3.7/site-packages/airflow/example_dags/example_branch_day_of_week_operator.py for tasks to queue
[2024-09-13T02:49:20.732+0000] {logging_mixin.py:149} INFO - [2024-09-13T02:49:20.732+0000] {dagbag.py:541} INFO - Filling up the DagBag from /home/airflow/.local/lib/python3.7/site-packages/airflow/example_dags/example_branch_day_of_week_operator.py
[2024-09-13T02:49:20.768+0000] {processor.py:836} INFO - DAG(s) dict_keys(['example_weekday_branch_operator']) retrieved from /home/airflow/.local/lib/python3.7/site-packages/airflow/example_dags/example_branch_day_of_week_operator.py
[2024-09-13T02:49:20.901+0000] {logging_mixin.py:149} INFO - [2024-09-13T02:49:20.901+0000] {dag.py:2726} INFO - Sync 1 DAGs
[2024-09-13T02:49:21.078+0000] {logging_mixin.py:149} INFO - [2024-09-13T02:49:21.077+0000] {dag.py:3490} INFO - Setting next_dagrun for example_weekday_branch_operator to 2024-09-12T00:00:00+00:00, run_after=2024-09-13T00:00:00+00:00
[2024-09-13T02:49:21.173+0000] {processor.py:179} INFO - Processing /home/airflow/.local/lib/python3.7/site-packages/airflow/example_dags/example_branch_day_of_week_operator.py took 0.483 seconds
[2024-09-13T02:50:01.391+0000] {processor.py:157} INFO - Started process (PID=510) to work on /home/airflow/.local/lib/python3.7/site-packages/airflow/example_dags/example_branch_day_of_week_operator.py
[2024-09-13T02:50:01.393+0000] {processor.py:826} INFO - Processing file /home/airflow/.local/lib/python3.7/site-packages/airflow/example_dags/example_branch_day_of_week_operator.py for tasks to queue
[2024-09-13T02:50:01.396+0000] {logging_mixin.py:149} INFO - [2024-09-13T02:50:01.395+0000] {dagbag.py:541} INFO - Filling up the DagBag from /home/airflow/.local/lib/python3.7/site-packages/airflow/example_dags/example_branch_day_of_week_operator.py
[2024-09-13T02:50:01.414+0000] {processor.py:836} INFO - DAG(s) dict_keys(['example_weekday_branch_operator']) retrieved from /home/airflow/.local/lib/python3.7/site-packages/airflow/example_dags/example_branch_day_of_week_operator.py
[2024-09-13T02:50:01.510+0000] {logging_mixin.py:149} INFO - [2024-09-13T02:50:01.510+0000] {dag.py:2726} INFO - Sync 1 DAGs
[2024-09-13T02:50:01.586+0000] {logging_mixin.py:149} INFO - [2024-09-13T02:50:01.585+0000] {dag.py:3490} INFO - Setting next_dagrun for example_weekday_branch_operator to 2024-09-12T00:00:00+00:00, run_after=2024-09-13T00:00:00+00:00
[2024-09-13T02:50:01.637+0000] {processor.py:179} INFO - Processing /home/airflow/.local/lib/python3.7/site-packages/airflow/example_dags/example_branch_day_of_week_operator.py took 0.255 seconds
[2024-09-13T02:50:33.437+0000] {processor.py:157} INFO - Started process (PID=579) to work on /home/airflow/.local/lib/python3.7/site-packages/airflow/example_dags/example_branch_day_of_week_operator.py
[2024-09-13T02:50:33.440+0000] {processor.py:826} INFO - Processing file /home/airflow/.local/lib/python3.7/site-packages/airflow/example_dags/example_branch_day_of_week_operator.py for tasks to queue
[2024-09-13T02:50:33.443+0000] {logging_mixin.py:149} INFO - [2024-09-13T02:50:33.443+0000] {dagbag.py:541} INFO - Filling up the DagBag from /home/airflow/.local/lib/python3.7/site-packages/airflow/example_dags/example_branch_day_of_week_operator.py
[2024-09-13T02:50:33.484+0000] {processor.py:836} INFO - DAG(s) dict_keys(['example_weekday_branch_operator']) retrieved from /home/airflow/.local/lib/python3.7/site-packages/airflow/example_dags/example_branch_day_of_week_operator.py
[2024-09-13T02:50:33.600+0000] {logging_mixin.py:149} INFO - [2024-09-13T02:50:33.599+0000] {dag.py:2726} INFO - Sync 1 DAGs
[2024-09-13T02:50:33.727+0000] {logging_mixin.py:149} INFO - [2024-09-13T02:50:33.726+0000] {dag.py:3490} INFO - Setting next_dagrun for example_weekday_branch_operator to 2024-09-12T00:00:00+00:00, run_after=2024-09-13T00:00:00+00:00
[2024-09-13T02:50:33.843+0000] {processor.py:179} INFO - Processing /home/airflow/.local/lib/python3.7/site-packages/airflow/example_dags/example_branch_day_of_week_operator.py took 0.421 seconds
[2024-09-13T02:51:04.707+0000] {processor.py:157} INFO - Started process (PID=640) to work on /home/airflow/.local/lib/python3.7/site-packages/airflow/example_dags/example_branch_day_of_week_operator.py
[2024-09-13T02:51:04.747+0000] {processor.py:826} INFO - Processing file /home/airflow/.local/lib/python3.7/site-packages/airflow/example_dags/example_branch_day_of_week_operator.py for tasks to queue
[2024-09-13T02:51:04.791+0000] {logging_mixin.py:149} INFO - [2024-09-13T02:51:04.782+0000] {dagbag.py:541} INFO - Filling up the DagBag from /home/airflow/.local/lib/python3.7/site-packages/airflow/example_dags/example_branch_day_of_week_operator.py
[2024-09-13T02:51:04.826+0000] {processor.py:836} INFO - DAG(s) dict_keys(['example_weekday_branch_operator']) retrieved from /home/airflow/.local/lib/python3.7/site-packages/airflow/example_dags/example_branch_day_of_week_operator.py
[2024-09-13T02:51:04.921+0000] {logging_mixin.py:149} INFO - [2024-09-13T02:51:04.921+0000] {dag.py:2726} INFO - Sync 1 DAGs
[2024-09-13T02:51:05.039+0000] {logging_mixin.py:149} INFO - [2024-09-13T02:51:05.037+0000] {dag.py:3490} INFO - Setting next_dagrun for example_weekday_branch_operator to 2024-09-12T00:00:00+00:00, run_after=2024-09-13T00:00:00+00:00
[2024-09-13T02:51:05.172+0000] {processor.py:179} INFO - Processing /home/airflow/.local/lib/python3.7/site-packages/airflow/example_dags/example_branch_day_of_week_operator.py took 0.474 seconds
[2024-09-13T02:51:35.415+0000] {processor.py:157} INFO - Started process (PID=708) to work on /home/airflow/.local/lib/python3.7/site-packages/airflow/example_dags/example_branch_day_of_week_operator.py
[2024-09-13T02:51:35.416+0000] {processor.py:826} INFO - Processing file /home/airflow/.local/lib/python3.7/site-packages/airflow/example_dags/example_branch_day_of_week_operator.py for tasks to queue
[2024-09-13T02:51:35.417+0000] {logging_mixin.py:149} INFO - [2024-09-13T02:51:35.417+0000] {dagbag.py:541} INFO - Filling up the DagBag from /home/airflow/.local/lib/python3.7/site-packages/airflow/example_dags/example_branch_day_of_week_operator.py
[2024-09-13T02:51:35.428+0000] {processor.py:836} INFO - DAG(s) dict_keys(['example_weekday_branch_operator']) retrieved from /home/airflow/.local/lib/python3.7/site-packages/airflow/example_dags/example_branch_day_of_week_operator.py
[2024-09-13T02:51:35.482+0000] {logging_mixin.py:149} INFO - [2024-09-13T02:51:35.481+0000] {dag.py:2726} INFO - Sync 1 DAGs
[2024-09-13T02:51:35.524+0000] {logging_mixin.py:149} INFO - [2024-09-13T02:51:35.524+0000] {dag.py:3490} INFO - Setting next_dagrun for example_weekday_branch_operator to 2024-09-12T00:00:00+00:00, run_after=2024-09-13T00:00:00+00:00
[2024-09-13T02:51:35.550+0000] {processor.py:179} INFO - Processing /home/airflow/.local/lib/python3.7/site-packages/airflow/example_dags/example_branch_day_of_week_operator.py took 0.140 seconds
[2024-09-13T02:52:06.013+0000] {processor.py:157} INFO - Started process (PID=777) to work on /home/airflow/.local/lib/python3.7/site-packages/airflow/example_dags/example_branch_day_of_week_operator.py
[2024-09-13T02:52:06.015+0000] {processor.py:826} INFO - Processing file /home/airflow/.local/lib/python3.7/site-packages/airflow/example_dags/example_branch_day_of_week_operator.py for tasks to queue
[2024-09-13T02:52:06.016+0000] {logging_mixin.py:149} INFO - [2024-09-13T02:52:06.016+0000] {dagbag.py:541} INFO - Filling up the DagBag from /home/airflow/.local/lib/python3.7/site-packages/airflow/example_dags/example_branch_day_of_week_operator.py
[2024-09-13T02:52:06.030+0000] {processor.py:836} INFO - DAG(s) dict_keys(['example_weekday_branch_operator']) retrieved from /home/airflow/.local/lib/python3.7/site-packages/airflow/example_dags/example_branch_day_of_week_operator.py
[2024-09-13T02:52:06.101+0000] {logging_mixin.py:149} INFO - [2024-09-13T02:52:06.100+0000] {dag.py:2726} INFO - Sync 1 DAGs
[2024-09-13T02:52:06.174+0000] {logging_mixin.py:149} INFO - [2024-09-13T02:52:06.173+0000] {dag.py:3490} INFO - Setting next_dagrun for example_weekday_branch_operator to 2024-09-12T00:00:00+00:00, run_after=2024-09-13T00:00:00+00:00
[2024-09-13T02:52:06.226+0000] {processor.py:179} INFO - Processing /home/airflow/.local/lib/python3.7/site-packages/airflow/example_dags/example_branch_day_of_week_operator.py took 0.220 seconds
[2024-09-13T02:52:36.903+0000] {processor.py:157} INFO - Started process (PID=846) to work on /home/airflow/.local/lib/python3.7/site-packages/airflow/example_dags/example_branch_day_of_week_operator.py
[2024-09-13T02:52:36.905+0000] {processor.py:826} INFO - Processing file /home/airflow/.local/lib/python3.7/site-packages/airflow/example_dags/example_branch_day_of_week_operator.py for tasks to queue
[2024-09-13T02:52:36.907+0000] {logging_mixin.py:149} INFO - [2024-09-13T02:52:36.906+0000] {dagbag.py:541} INFO - Filling up the DagBag from /home/airflow/.local/lib/python3.7/site-packages/airflow/example_dags/example_branch_day_of_week_operator.py
[2024-09-13T02:52:36.921+0000] {processor.py:836} INFO - DAG(s) dict_keys(['example_weekday_branch_operator']) retrieved from /home/airflow/.local/lib/python3.7/site-packages/airflow/example_dags/example_branch_day_of_week_operator.py
[2024-09-13T02:52:36.985+0000] {logging_mixin.py:149} INFO - [2024-09-13T02:52:36.984+0000] {dag.py:2726} INFO - Sync 1 DAGs
[2024-09-13T02:52:37.046+0000] {logging_mixin.py:149} INFO - [2024-09-13T02:52:37.045+0000] {dag.py:3490} INFO - Setting next_dagrun for example_weekday_branch_operator to 2024-09-12T00:00:00+00:00, run_after=2024-09-13T00:00:00+00:00
[2024-09-13T02:52:37.080+0000] {processor.py:179} INFO - Processing /home/airflow/.local/lib/python3.7/site-packages/airflow/example_dags/example_branch_day_of_week_operator.py took 0.183 seconds
[2024-09-13T02:53:07.840+0000] {processor.py:157} INFO - Started process (PID=915) to work on /home/airflow/.local/lib/python3.7/site-packages/airflow/example_dags/example_branch_day_of_week_operator.py
[2024-09-13T02:53:07.843+0000] {processor.py:826} INFO - Processing file /home/airflow/.local/lib/python3.7/site-packages/airflow/example_dags/example_branch_day_of_week_operator.py for tasks to queue
[2024-09-13T02:53:07.846+0000] {logging_mixin.py:149} INFO - [2024-09-13T02:53:07.846+0000] {dagbag.py:541} INFO - Filling up the DagBag from /home/airflow/.local/lib/python3.7/site-packages/airflow/example_dags/example_branch_day_of_week_operator.py
[2024-09-13T02:53:07.867+0000] {processor.py:836} INFO - DAG(s) dict_keys(['example_weekday_branch_operator']) retrieved from /home/airflow/.local/lib/python3.7/site-packages/airflow/example_dags/example_branch_day_of_week_operator.py
[2024-09-13T02:53:07.956+0000] {logging_mixin.py:149} INFO - [2024-09-13T02:53:07.955+0000] {dag.py:2726} INFO - Sync 1 DAGs
[2024-09-13T02:53:08.087+0000] {logging_mixin.py:149} INFO - [2024-09-13T02:53:08.087+0000] {dag.py:3490} INFO - Setting next_dagrun for example_weekday_branch_operator to 2024-09-12T00:00:00+00:00, run_after=2024-09-13T00:00:00+00:00
[2024-09-13T02:53:08.162+0000] {processor.py:179} INFO - Processing /home/airflow/.local/lib/python3.7/site-packages/airflow/example_dags/example_branch_day_of_week_operator.py took 0.332 seconds
[2024-09-13T02:53:39.605+0000] {processor.py:157} INFO - Started process (PID=984) to work on /home/airflow/.local/lib/python3.7/site-packages/airflow/example_dags/example_branch_day_of_week_operator.py
[2024-09-13T02:53:39.608+0000] {processor.py:826} INFO - Processing file /home/airflow/.local/lib/python3.7/site-packages/airflow/example_dags/example_branch_day_of_week_operator.py for tasks to queue
[2024-09-13T02:53:39.610+0000] {logging_mixin.py:149} INFO - [2024-09-13T02:53:39.610+0000] {dagbag.py:541} INFO - Filling up the DagBag from /home/airflow/.local/lib/python3.7/site-packages/airflow/example_dags/example_branch_day_of_week_operator.py
[2024-09-13T02:53:39.754+0000] {processor.py:836} INFO - DAG(s) dict_keys(['example_weekday_branch_operator']) retrieved from /home/airflow/.local/lib/python3.7/site-packages/airflow/example_dags/example_branch_day_of_week_operator.py
[2024-09-13T02:53:40.111+0000] {logging_mixin.py:149} INFO - [2024-09-13T02:53:40.111+0000] {dag.py:2726} INFO - Sync 1 DAGs
[2024-09-13T02:53:40.420+0000] {logging_mixin.py:149} INFO - [2024-09-13T02:53:40.420+0000] {dag.py:3490} INFO - Setting next_dagrun for example_weekday_branch_operator to 2024-09-12T00:00:00+00:00, run_after=2024-09-13T00:00:00+00:00
[2024-09-13T02:53:40.583+0000] {processor.py:179} INFO - Processing /home/airflow/.local/lib/python3.7/site-packages/airflow/example_dags/example_branch_day_of_week_operator.py took 0.990 seconds
[2024-09-13T02:54:13.413+0000] {processor.py:157} INFO - Started process (PID=1054) to work on /home/airflow/.local/lib/python3.7/site-packages/airflow/example_dags/example_branch_day_of_week_operator.py
[2024-09-13T02:54:13.426+0000] {processor.py:826} INFO - Processing file /home/airflow/.local/lib/python3.7/site-packages/airflow/example_dags/example_branch_day_of_week_operator.py for tasks to queue
[2024-09-13T02:54:13.429+0000] {logging_mixin.py:149} INFO - [2024-09-13T02:54:13.428+0000] {dagbag.py:541} INFO - Filling up the DagBag from /home/airflow/.local/lib/python3.7/site-packages/airflow/example_dags/example_branch_day_of_week_operator.py
[2024-09-13T02:54:13.456+0000] {processor.py:836} INFO - DAG(s) dict_keys(['example_weekday_branch_operator']) retrieved from /home/airflow/.local/lib/python3.7/site-packages/airflow/example_dags/example_branch_day_of_week_operator.py
[2024-09-13T02:54:13.544+0000] {logging_mixin.py:149} INFO - [2024-09-13T02:54:13.544+0000] {dag.py:2726} INFO - Sync 1 DAGs
[2024-09-13T02:54:13.620+0000] {logging_mixin.py:149} INFO - [2024-09-13T02:54:13.619+0000] {dag.py:3490} INFO - Setting next_dagrun for example_weekday_branch_operator to 2024-09-12T00:00:00+00:00, run_after=2024-09-13T00:00:00+00:00
[2024-09-13T02:54:13.671+0000] {processor.py:179} INFO - Processing /home/airflow/.local/lib/python3.7/site-packages/airflow/example_dags/example_branch_day_of_week_operator.py took 0.268 seconds
[2024-09-13T02:54:44.078+0000] {processor.py:157} INFO - Started process (PID=1123) to work on /home/airflow/.local/lib/python3.7/site-packages/airflow/example_dags/example_branch_day_of_week_operator.py
[2024-09-13T02:54:44.080+0000] {processor.py:826} INFO - Processing file /home/airflow/.local/lib/python3.7/site-packages/airflow/example_dags/example_branch_day_of_week_operator.py for tasks to queue
[2024-09-13T02:54:44.083+0000] {logging_mixin.py:149} INFO - [2024-09-13T02:54:44.083+0000] {dagbag.py:541} INFO - Filling up the DagBag from /home/airflow/.local/lib/python3.7/site-packages/airflow/example_dags/example_branch_day_of_week_operator.py
[2024-09-13T02:54:44.099+0000] {processor.py:836} INFO - DAG(s) dict_keys(['example_weekday_branch_operator']) retrieved from /home/airflow/.local/lib/python3.7/site-packages/airflow/example_dags/example_branch_day_of_week_operator.py
[2024-09-13T02:54:44.162+0000] {logging_mixin.py:149} INFO - [2024-09-13T02:54:44.162+0000] {dag.py:2726} INFO - Sync 1 DAGs
[2024-09-13T02:54:44.232+0000] {logging_mixin.py:149} INFO - [2024-09-13T02:54:44.232+0000] {dag.py:3490} INFO - Setting next_dagrun for example_weekday_branch_operator to 2024-09-12T00:00:00+00:00, run_after=2024-09-13T00:00:00+00:00
[2024-09-13T02:54:44.272+0000] {processor.py:179} INFO - Processing /home/airflow/.local/lib/python3.7/site-packages/airflow/example_dags/example_branch_day_of_week_operator.py took 0.201 seconds
[2024-09-13T02:55:18.141+0000] {processor.py:157} INFO - Started process (PID=1201) to work on /home/airflow/.local/lib/python3.7/site-packages/airflow/example_dags/example_branch_day_of_week_operator.py
[2024-09-13T02:55:18.148+0000] {processor.py:826} INFO - Processing file /home/airflow/.local/lib/python3.7/site-packages/airflow/example_dags/example_branch_day_of_week_operator.py for tasks to queue
[2024-09-13T02:55:18.160+0000] {logging_mixin.py:149} INFO - [2024-09-13T02:55:18.160+0000] {dagbag.py:541} INFO - Filling up the DagBag from /home/airflow/.local/lib/python3.7/site-packages/airflow/example_dags/example_branch_day_of_week_operator.py
[2024-09-13T02:55:18.204+0000] {processor.py:836} INFO - DAG(s) dict_keys(['example_weekday_branch_operator']) retrieved from /home/airflow/.local/lib/python3.7/site-packages/airflow/example_dags/example_branch_day_of_week_operator.py
[2024-09-13T02:55:18.327+0000] {logging_mixin.py:149} INFO - [2024-09-13T02:55:18.326+0000] {dag.py:2726} INFO - Sync 1 DAGs
[2024-09-13T02:55:18.476+0000] {logging_mixin.py:149} INFO - [2024-09-13T02:55:18.475+0000] {dag.py:3490} INFO - Setting next_dagrun for example_weekday_branch_operator to 2024-09-12T00:00:00+00:00, run_after=2024-09-13T00:00:00+00:00
[2024-09-13T02:55:18.535+0000] {processor.py:179} INFO - Processing /home/airflow/.local/lib/python3.7/site-packages/airflow/example_dags/example_branch_day_of_week_operator.py took 0.403 seconds
[2024-09-13T02:55:53.668+0000] {processor.py:157} INFO - Started process (PID=1270) to work on /home/airflow/.local/lib/python3.7/site-packages/airflow/example_dags/example_branch_day_of_week_operator.py
[2024-09-13T02:55:53.671+0000] {processor.py:826} INFO - Processing file /home/airflow/.local/lib/python3.7/site-packages/airflow/example_dags/example_branch_day_of_week_operator.py for tasks to queue
[2024-09-13T02:55:53.673+0000] {logging_mixin.py:149} INFO - [2024-09-13T02:55:53.673+0000] {dagbag.py:541} INFO - Filling up the DagBag from /home/airflow/.local/lib/python3.7/site-packages/airflow/example_dags/example_branch_day_of_week_operator.py
[2024-09-13T02:55:53.694+0000] {processor.py:836} INFO - DAG(s) dict_keys(['example_weekday_branch_operator']) retrieved from /home/airflow/.local/lib/python3.7/site-packages/airflow/example_dags/example_branch_day_of_week_operator.py
[2024-09-13T02:55:53.769+0000] {logging_mixin.py:149} INFO - [2024-09-13T02:55:53.768+0000] {dag.py:2726} INFO - Sync 1 DAGs
[2024-09-13T02:55:53.846+0000] {logging_mixin.py:149} INFO - [2024-09-13T02:55:53.846+0000] {dag.py:3490} INFO - Setting next_dagrun for example_weekday_branch_operator to 2024-09-12T00:00:00+00:00, run_after=2024-09-13T00:00:00+00:00
[2024-09-13T02:55:53.901+0000] {processor.py:179} INFO - Processing /home/airflow/.local/lib/python3.7/site-packages/airflow/example_dags/example_branch_day_of_week_operator.py took 0.241 seconds
[2024-09-13T02:56:27.710+0000] {processor.py:157} INFO - Started process (PID=1339) to work on /home/airflow/.local/lib/python3.7/site-packages/airflow/example_dags/example_branch_day_of_week_operator.py
[2024-09-13T02:56:27.713+0000] {processor.py:826} INFO - Processing file /home/airflow/.local/lib/python3.7/site-packages/airflow/example_dags/example_branch_day_of_week_operator.py for tasks to queue
[2024-09-13T02:56:27.715+0000] {logging_mixin.py:149} INFO - [2024-09-13T02:56:27.715+0000] {dagbag.py:541} INFO - Filling up the DagBag from /home/airflow/.local/lib/python3.7/site-packages/airflow/example_dags/example_branch_day_of_week_operator.py
[2024-09-13T02:56:27.733+0000] {processor.py:836} INFO - DAG(s) dict_keys(['example_weekday_branch_operator']) retrieved from /home/airflow/.local/lib/python3.7/site-packages/airflow/example_dags/example_branch_day_of_week_operator.py
[2024-09-13T02:56:27.796+0000] {logging_mixin.py:149} INFO - [2024-09-13T02:56:27.796+0000] {dag.py:2726} INFO - Sync 1 DAGs
[2024-09-13T02:56:27.858+0000] {logging_mixin.py:149} INFO - [2024-09-13T02:56:27.858+0000] {dag.py:3490} INFO - Setting next_dagrun for example_weekday_branch_operator to 2024-09-12T00:00:00+00:00, run_after=2024-09-13T00:00:00+00:00
[2024-09-13T02:56:27.902+0000] {processor.py:179} INFO - Processing /home/airflow/.local/lib/python3.7/site-packages/airflow/example_dags/example_branch_day_of_week_operator.py took 0.201 seconds
[2024-09-13T02:56:59.072+0000] {processor.py:157} INFO - Started process (PID=1408) to work on /home/airflow/.local/lib/python3.7/site-packages/airflow/example_dags/example_branch_day_of_week_operator.py
[2024-09-13T02:56:59.074+0000] {processor.py:826} INFO - Processing file /home/airflow/.local/lib/python3.7/site-packages/airflow/example_dags/example_branch_day_of_week_operator.py for tasks to queue
[2024-09-13T02:56:59.076+0000] {logging_mixin.py:149} INFO - [2024-09-13T02:56:59.076+0000] {dagbag.py:541} INFO - Filling up the DagBag from /home/airflow/.local/lib/python3.7/site-packages/airflow/example_dags/example_branch_day_of_week_operator.py
[2024-09-13T02:56:59.105+0000] {processor.py:836} INFO - DAG(s) dict_keys(['example_weekday_branch_operator']) retrieved from /home/airflow/.local/lib/python3.7/site-packages/airflow/example_dags/example_branch_day_of_week_operator.py
[2024-09-13T02:56:59.366+0000] {logging_mixin.py:149} INFO - [2024-09-13T02:56:59.365+0000] {dag.py:2726} INFO - Sync 1 DAGs
[2024-09-13T02:56:59.465+0000] {logging_mixin.py:149} INFO - [2024-09-13T02:56:59.464+0000] {dag.py:3490} INFO - Setting next_dagrun for example_weekday_branch_operator to 2024-09-12T00:00:00+00:00, run_after=2024-09-13T00:00:00+00:00
[2024-09-13T02:56:59.546+0000] {processor.py:179} INFO - Processing /home/airflow/.local/lib/python3.7/site-packages/airflow/example_dags/example_branch_day_of_week_operator.py took 0.484 seconds
