[2024-09-13T02:43:38.067+0000] {processor.py:157} INFO - Started process (PID=58) to work on /home/airflow/.local/lib/python3.7/site-packages/airflow/example_dags/example_python_operator.py
[2024-09-13T02:43:38.076+0000] {processor.py:826} INFO - Processing file /home/airflow/.local/lib/python3.7/site-packages/airflow/example_dags/example_python_operator.py for tasks to queue
[2024-09-13T02:43:38.110+0000] {logging_mixin.py:149} INFO - [2024-09-13T02:43:38.104+0000] {dagbag.py:541} INFO - Filling up the DagBag from /home/airflow/.local/lib/python3.7/site-packages/airflow/example_dags/example_python_operator.py
[2024-09-13T02:43:38.141+0000] {logging_mixin.py:149} INFO - [2024-09-13T02:43:38.141+0000] {taskmixin.py:211} WARNING - Dependency <Task(_PythonDecoratedOperator): print_the_context>, log_sql_query already registered for DAG: example_python_operator
[2024-09-13T02:43:38.143+0000] {logging_mixin.py:149} INFO - [2024-09-13T02:43:38.143+0000] {taskmixin.py:211} WARNING - Dependency <Task(_PythonDecoratedOperator): log_sql_query>, print_the_context already registered for DAG: example_python_operator
[2024-09-13T02:43:38.147+0000] {logging_mixin.py:149} INFO - [2024-09-13T02:43:38.146+0000] {taskmixin.py:211} WARNING - Dependency <Task(_PythonDecoratedOperator): print_the_context>, log_sql_query already registered for DAG: example_python_operator
[2024-09-13T02:43:38.162+0000] {logging_mixin.py:149} INFO - [2024-09-13T02:43:38.153+0000] {taskmixin.py:211} WARNING - Dependency <Task(_PythonDecoratedOperator): log_sql_query>, print_the_context already registered for DAG: example_python_operator
[2024-09-13T02:43:38.166+0000] {logging_mixin.py:149} INFO - [2024-09-13T02:43:38.165+0000] {taskmixin.py:211} WARNING - Dependency <Task(_PythonDecoratedOperator): print_the_context>, log_sql_query already registered for DAG: example_python_operator
[2024-09-13T02:43:38.168+0000] {logging_mixin.py:149} INFO - [2024-09-13T02:43:38.168+0000] {taskmixin.py:211} WARNING - Dependency <Task(_PythonDecoratedOperator): log_sql_query>, print_the_context already registered for DAG: example_python_operator
[2024-09-13T02:43:38.177+0000] {logging_mixin.py:149} INFO - [2024-09-13T02:43:38.173+0000] {taskmixin.py:211} WARNING - Dependency <Task(_PythonDecoratedOperator): print_the_context>, log_sql_query already registered for DAG: example_python_operator
[2024-09-13T02:43:38.183+0000] {logging_mixin.py:149} INFO - [2024-09-13T02:43:38.183+0000] {taskmixin.py:211} WARNING - Dependency <Task(_PythonDecoratedOperator): log_sql_query>, print_the_context already registered for DAG: example_python_operator
[2024-09-13T02:43:38.199+0000] {processor.py:836} INFO - DAG(s) dict_keys(['example_python_operator']) retrieved from /home/airflow/.local/lib/python3.7/site-packages/airflow/example_dags/example_python_operator.py
[2024-09-13T02:43:38.927+0000] {logging_mixin.py:149} INFO - [2024-09-13T02:43:38.926+0000] {dag.py:2726} INFO - Sync 1 DAGs
[2024-09-13T02:43:39.182+0000] {logging_mixin.py:149} INFO - [2024-09-13T02:43:39.181+0000] {dag.py:3490} INFO - Setting next_dagrun for example_python_operator to None, run_after=None
[2024-09-13T02:43:39.523+0000] {processor.py:179} INFO - Processing /home/airflow/.local/lib/python3.7/site-packages/airflow/example_dags/example_python_operator.py took 1.492 seconds
[2024-09-13T02:46:55.209+0000] {processor.py:157} INFO - Started process (PID=161) to work on /home/airflow/.local/lib/python3.7/site-packages/airflow/example_dags/example_python_operator.py
[2024-09-13T02:46:55.216+0000] {processor.py:826} INFO - Processing file /home/airflow/.local/lib/python3.7/site-packages/airflow/example_dags/example_python_operator.py for tasks to queue
[2024-09-13T02:46:55.226+0000] {logging_mixin.py:149} INFO - [2024-09-13T02:46:55.225+0000] {dagbag.py:541} INFO - Filling up the DagBag from /home/airflow/.local/lib/python3.7/site-packages/airflow/example_dags/example_python_operator.py
[2024-09-13T02:46:55.342+0000] {logging_mixin.py:149} INFO - [2024-09-13T02:46:55.342+0000] {taskmixin.py:211} WARNING - Dependency <Task(_PythonDecoratedOperator): print_the_context>, log_sql_query already registered for DAG: example_python_operator
[2024-09-13T02:46:55.351+0000] {logging_mixin.py:149} INFO - [2024-09-13T02:46:55.350+0000] {taskmixin.py:211} WARNING - Dependency <Task(_PythonDecoratedOperator): log_sql_query>, print_the_context already registered for DAG: example_python_operator
[2024-09-13T02:46:55.368+0000] {logging_mixin.py:149} INFO - [2024-09-13T02:46:55.367+0000] {taskmixin.py:211} WARNING - Dependency <Task(_PythonDecoratedOperator): print_the_context>, log_sql_query already registered for DAG: example_python_operator
[2024-09-13T02:46:55.373+0000] {logging_mixin.py:149} INFO - [2024-09-13T02:46:55.372+0000] {taskmixin.py:211} WARNING - Dependency <Task(_PythonDecoratedOperator): log_sql_query>, print_the_context already registered for DAG: example_python_operator
[2024-09-13T02:46:55.383+0000] {logging_mixin.py:149} INFO - [2024-09-13T02:46:55.382+0000] {taskmixin.py:211} WARNING - Dependency <Task(_PythonDecoratedOperator): print_the_context>, log_sql_query already registered for DAG: example_python_operator
[2024-09-13T02:46:55.388+0000] {logging_mixin.py:149} INFO - [2024-09-13T02:46:55.388+0000] {taskmixin.py:211} WARNING - Dependency <Task(_PythonDecoratedOperator): log_sql_query>, print_the_context already registered for DAG: example_python_operator
[2024-09-13T02:46:55.392+0000] {logging_mixin.py:149} INFO - [2024-09-13T02:46:55.392+0000] {taskmixin.py:211} WARNING - Dependency <Task(_PythonDecoratedOperator): print_the_context>, log_sql_query already registered for DAG: example_python_operator
[2024-09-13T02:46:55.393+0000] {logging_mixin.py:149} INFO - [2024-09-13T02:46:55.393+0000] {taskmixin.py:211} WARNING - Dependency <Task(_PythonDecoratedOperator): log_sql_query>, print_the_context already registered for DAG: example_python_operator
[2024-09-13T02:46:55.405+0000] {processor.py:836} INFO - DAG(s) dict_keys(['example_python_operator']) retrieved from /home/airflow/.local/lib/python3.7/site-packages/airflow/example_dags/example_python_operator.py
[2024-09-13T02:46:57.015+0000] {logging_mixin.py:149} INFO - [2024-09-13T02:46:57.003+0000] {dag.py:2726} INFO - Sync 1 DAGs
[2024-09-13T02:46:57.153+0000] {logging_mixin.py:149} INFO - [2024-09-13T02:46:57.151+0000] {dag.py:3490} INFO - Setting next_dagrun for example_python_operator to None, run_after=None
[2024-09-13T02:46:57.354+0000] {processor.py:179} INFO - Processing /home/airflow/.local/lib/python3.7/site-packages/airflow/example_dags/example_python_operator.py took 2.183 seconds
[2024-09-13T02:47:33.827+0000] {processor.py:157} INFO - Started process (PID=211) to work on /home/airflow/.local/lib/python3.7/site-packages/airflow/example_dags/example_python_operator.py
[2024-09-13T02:47:33.905+0000] {processor.py:826} INFO - Processing file /home/airflow/.local/lib/python3.7/site-packages/airflow/example_dags/example_python_operator.py for tasks to queue
[2024-09-13T02:47:33.912+0000] {logging_mixin.py:149} INFO - [2024-09-13T02:47:33.912+0000] {dagbag.py:541} INFO - Filling up the DagBag from /home/airflow/.local/lib/python3.7/site-packages/airflow/example_dags/example_python_operator.py
[2024-09-13T02:47:33.979+0000] {logging_mixin.py:149} INFO - [2024-09-13T02:47:33.978+0000] {taskmixin.py:211} WARNING - Dependency <Task(_PythonDecoratedOperator): print_the_context>, log_sql_query already registered for DAG: example_python_operator
[2024-09-13T02:47:33.983+0000] {logging_mixin.py:149} INFO - [2024-09-13T02:47:33.981+0000] {taskmixin.py:211} WARNING - Dependency <Task(_PythonDecoratedOperator): log_sql_query>, print_the_context already registered for DAG: example_python_operator
[2024-09-13T02:47:33.989+0000] {logging_mixin.py:149} INFO - [2024-09-13T02:47:33.989+0000] {taskmixin.py:211} WARNING - Dependency <Task(_PythonDecoratedOperator): print_the_context>, log_sql_query already registered for DAG: example_python_operator
[2024-09-13T02:47:33.992+0000] {logging_mixin.py:149} INFO - [2024-09-13T02:47:33.992+0000] {taskmixin.py:211} WARNING - Dependency <Task(_PythonDecoratedOperator): log_sql_query>, print_the_context already registered for DAG: example_python_operator
[2024-09-13T02:47:33.997+0000] {logging_mixin.py:149} INFO - [2024-09-13T02:47:33.997+0000] {taskmixin.py:211} WARNING - Dependency <Task(_PythonDecoratedOperator): print_the_context>, log_sql_query already registered for DAG: example_python_operator
[2024-09-13T02:47:33.998+0000] {logging_mixin.py:149} INFO - [2024-09-13T02:47:33.998+0000] {taskmixin.py:211} WARNING - Dependency <Task(_PythonDecoratedOperator): log_sql_query>, print_the_context already registered for DAG: example_python_operator
[2024-09-13T02:47:34.013+0000] {logging_mixin.py:149} INFO - [2024-09-13T02:47:34.012+0000] {taskmixin.py:211} WARNING - Dependency <Task(_PythonDecoratedOperator): print_the_context>, log_sql_query already registered for DAG: example_python_operator
[2024-09-13T02:47:34.014+0000] {logging_mixin.py:149} INFO - [2024-09-13T02:47:34.014+0000] {taskmixin.py:211} WARNING - Dependency <Task(_PythonDecoratedOperator): log_sql_query>, print_the_context already registered for DAG: example_python_operator
[2024-09-13T02:47:34.026+0000] {processor.py:836} INFO - DAG(s) dict_keys(['example_python_operator']) retrieved from /home/airflow/.local/lib/python3.7/site-packages/airflow/example_dags/example_python_operator.py
[2024-09-13T02:47:34.196+0000] {logging_mixin.py:149} INFO - [2024-09-13T02:47:34.196+0000] {dag.py:2726} INFO - Sync 1 DAGs
[2024-09-13T02:47:34.324+0000] {logging_mixin.py:149} INFO - [2024-09-13T02:47:34.323+0000] {dag.py:3490} INFO - Setting next_dagrun for example_python_operator to None, run_after=None
[2024-09-13T02:47:34.408+0000] {processor.py:179} INFO - Processing /home/airflow/.local/lib/python3.7/site-packages/airflow/example_dags/example_python_operator.py took 0.596 seconds
[2024-09-13T02:48:06.140+0000] {processor.py:157} INFO - Started process (PID=279) to work on /home/airflow/.local/lib/python3.7/site-packages/airflow/example_dags/example_python_operator.py
[2024-09-13T02:48:06.156+0000] {processor.py:826} INFO - Processing file /home/airflow/.local/lib/python3.7/site-packages/airflow/example_dags/example_python_operator.py for tasks to queue
[2024-09-13T02:48:06.161+0000] {logging_mixin.py:149} INFO - [2024-09-13T02:48:06.161+0000] {dagbag.py:541} INFO - Filling up the DagBag from /home/airflow/.local/lib/python3.7/site-packages/airflow/example_dags/example_python_operator.py
[2024-09-13T02:48:06.189+0000] {logging_mixin.py:149} INFO - [2024-09-13T02:48:06.188+0000] {taskmixin.py:211} WARNING - Dependency <Task(_PythonDecoratedOperator): print_the_context>, log_sql_query already registered for DAG: example_python_operator
[2024-09-13T02:48:06.190+0000] {logging_mixin.py:149} INFO - [2024-09-13T02:48:06.190+0000] {taskmixin.py:211} WARNING - Dependency <Task(_PythonDecoratedOperator): log_sql_query>, print_the_context already registered for DAG: example_python_operator
[2024-09-13T02:48:06.194+0000] {logging_mixin.py:149} INFO - [2024-09-13T02:48:06.194+0000] {taskmixin.py:211} WARNING - Dependency <Task(_PythonDecoratedOperator): print_the_context>, log_sql_query already registered for DAG: example_python_operator
[2024-09-13T02:48:06.196+0000] {logging_mixin.py:149} INFO - [2024-09-13T02:48:06.195+0000] {taskmixin.py:211} WARNING - Dependency <Task(_PythonDecoratedOperator): log_sql_query>, print_the_context already registered for DAG: example_python_operator
[2024-09-13T02:48:06.199+0000] {logging_mixin.py:149} INFO - [2024-09-13T02:48:06.199+0000] {taskmixin.py:211} WARNING - Dependency <Task(_PythonDecoratedOperator): print_the_context>, log_sql_query already registered for DAG: example_python_operator
[2024-09-13T02:48:06.201+0000] {logging_mixin.py:149} INFO - [2024-09-13T02:48:06.201+0000] {taskmixin.py:211} WARNING - Dependency <Task(_PythonDecoratedOperator): log_sql_query>, print_the_context already registered for DAG: example_python_operator
[2024-09-13T02:48:06.203+0000] {logging_mixin.py:149} INFO - [2024-09-13T02:48:06.203+0000] {taskmixin.py:211} WARNING - Dependency <Task(_PythonDecoratedOperator): print_the_context>, log_sql_query already registered for DAG: example_python_operator
[2024-09-13T02:48:06.206+0000] {logging_mixin.py:149} INFO - [2024-09-13T02:48:06.205+0000] {taskmixin.py:211} WARNING - Dependency <Task(_PythonDecoratedOperator): log_sql_query>, print_the_context already registered for DAG: example_python_operator
[2024-09-13T02:48:06.215+0000] {processor.py:836} INFO - DAG(s) dict_keys(['example_python_operator']) retrieved from /home/airflow/.local/lib/python3.7/site-packages/airflow/example_dags/example_python_operator.py
[2024-09-13T02:48:06.318+0000] {logging_mixin.py:149} INFO - [2024-09-13T02:48:06.317+0000] {dag.py:2726} INFO - Sync 1 DAGs
[2024-09-13T02:48:06.420+0000] {logging_mixin.py:149} INFO - [2024-09-13T02:48:06.417+0000] {dag.py:3490} INFO - Setting next_dagrun for example_python_operator to None, run_after=None
[2024-09-13T02:48:06.526+0000] {processor.py:179} INFO - Processing /home/airflow/.local/lib/python3.7/site-packages/airflow/example_dags/example_python_operator.py took 0.381 seconds
[2024-09-13T02:48:36.789+0000] {processor.py:157} INFO - Started process (PID=340) to work on /home/airflow/.local/lib/python3.7/site-packages/airflow/example_dags/example_python_operator.py
[2024-09-13T02:48:36.793+0000] {processor.py:826} INFO - Processing file /home/airflow/.local/lib/python3.7/site-packages/airflow/example_dags/example_python_operator.py for tasks to queue
[2024-09-13T02:48:36.796+0000] {logging_mixin.py:149} INFO - [2024-09-13T02:48:36.795+0000] {dagbag.py:541} INFO - Filling up the DagBag from /home/airflow/.local/lib/python3.7/site-packages/airflow/example_dags/example_python_operator.py
[2024-09-13T02:48:36.820+0000] {logging_mixin.py:149} INFO - [2024-09-13T02:48:36.819+0000] {taskmixin.py:211} WARNING - Dependency <Task(_PythonDecoratedOperator): print_the_context>, log_sql_query already registered for DAG: example_python_operator
[2024-09-13T02:48:36.821+0000] {logging_mixin.py:149} INFO - [2024-09-13T02:48:36.821+0000] {taskmixin.py:211} WARNING - Dependency <Task(_PythonDecoratedOperator): log_sql_query>, print_the_context already registered for DAG: example_python_operator
[2024-09-13T02:48:36.823+0000] {logging_mixin.py:149} INFO - [2024-09-13T02:48:36.823+0000] {taskmixin.py:211} WARNING - Dependency <Task(_PythonDecoratedOperator): print_the_context>, log_sql_query already registered for DAG: example_python_operator
[2024-09-13T02:48:36.824+0000] {logging_mixin.py:149} INFO - [2024-09-13T02:48:36.824+0000] {taskmixin.py:211} WARNING - Dependency <Task(_PythonDecoratedOperator): log_sql_query>, print_the_context already registered for DAG: example_python_operator
[2024-09-13T02:48:36.827+0000] {logging_mixin.py:149} INFO - [2024-09-13T02:48:36.826+0000] {taskmixin.py:211} WARNING - Dependency <Task(_PythonDecoratedOperator): print_the_context>, log_sql_query already registered for DAG: example_python_operator
[2024-09-13T02:48:36.827+0000] {logging_mixin.py:149} INFO - [2024-09-13T02:48:36.827+0000] {taskmixin.py:211} WARNING - Dependency <Task(_PythonDecoratedOperator): log_sql_query>, print_the_context already registered for DAG: example_python_operator
[2024-09-13T02:48:36.830+0000] {logging_mixin.py:149} INFO - [2024-09-13T02:48:36.829+0000] {taskmixin.py:211} WARNING - Dependency <Task(_PythonDecoratedOperator): print_the_context>, log_sql_query already registered for DAG: example_python_operator
[2024-09-13T02:48:36.830+0000] {logging_mixin.py:149} INFO - [2024-09-13T02:48:36.830+0000] {taskmixin.py:211} WARNING - Dependency <Task(_PythonDecoratedOperator): log_sql_query>, print_the_context already registered for DAG: example_python_operator
[2024-09-13T02:48:36.837+0000] {processor.py:836} INFO - DAG(s) dict_keys(['example_python_operator']) retrieved from /home/airflow/.local/lib/python3.7/site-packages/airflow/example_dags/example_python_operator.py
[2024-09-13T02:48:36.892+0000] {logging_mixin.py:149} INFO - [2024-09-13T02:48:36.892+0000] {dag.py:2726} INFO - Sync 1 DAGs
[2024-09-13T02:48:36.964+0000] {logging_mixin.py:149} INFO - [2024-09-13T02:48:36.964+0000] {dag.py:3490} INFO - Setting next_dagrun for example_python_operator to None, run_after=None
[2024-09-13T02:48:37.010+0000] {processor.py:179} INFO - Processing /home/airflow/.local/lib/python3.7/site-packages/airflow/example_dags/example_python_operator.py took 0.230 seconds
[2024-09-13T02:49:13.517+0000] {processor.py:157} INFO - Started process (PID=406) to work on /home/airflow/.local/lib/python3.7/site-packages/airflow/example_dags/example_python_operator.py
[2024-09-13T02:49:13.527+0000] {processor.py:826} INFO - Processing file /home/airflow/.local/lib/python3.7/site-packages/airflow/example_dags/example_python_operator.py for tasks to queue
[2024-09-13T02:49:13.533+0000] {logging_mixin.py:149} INFO - [2024-09-13T02:49:13.533+0000] {dagbag.py:541} INFO - Filling up the DagBag from /home/airflow/.local/lib/python3.7/site-packages/airflow/example_dags/example_python_operator.py
[2024-09-13T02:49:13.564+0000] {logging_mixin.py:149} INFO - [2024-09-13T02:49:13.563+0000] {taskmixin.py:211} WARNING - Dependency <Task(_PythonDecoratedOperator): print_the_context>, log_sql_query already registered for DAG: example_python_operator
[2024-09-13T02:49:13.576+0000] {logging_mixin.py:149} INFO - [2024-09-13T02:49:13.576+0000] {taskmixin.py:211} WARNING - Dependency <Task(_PythonDecoratedOperator): log_sql_query>, print_the_context already registered for DAG: example_python_operator
[2024-09-13T02:49:13.589+0000] {logging_mixin.py:149} INFO - [2024-09-13T02:49:13.588+0000] {taskmixin.py:211} WARNING - Dependency <Task(_PythonDecoratedOperator): print_the_context>, log_sql_query already registered for DAG: example_python_operator
[2024-09-13T02:49:13.599+0000] {logging_mixin.py:149} INFO - [2024-09-13T02:49:13.599+0000] {taskmixin.py:211} WARNING - Dependency <Task(_PythonDecoratedOperator): log_sql_query>, print_the_context already registered for DAG: example_python_operator
[2024-09-13T02:49:13.609+0000] {logging_mixin.py:149} INFO - [2024-09-13T02:49:13.609+0000] {taskmixin.py:211} WARNING - Dependency <Task(_PythonDecoratedOperator): print_the_context>, log_sql_query already registered for DAG: example_python_operator
[2024-09-13T02:49:13.638+0000] {logging_mixin.py:149} INFO - [2024-09-13T02:49:13.638+0000] {taskmixin.py:211} WARNING - Dependency <Task(_PythonDecoratedOperator): log_sql_query>, print_the_context already registered for DAG: example_python_operator
[2024-09-13T02:49:13.643+0000] {logging_mixin.py:149} INFO - [2024-09-13T02:49:13.643+0000] {taskmixin.py:211} WARNING - Dependency <Task(_PythonDecoratedOperator): print_the_context>, log_sql_query already registered for DAG: example_python_operator
[2024-09-13T02:49:13.648+0000] {logging_mixin.py:149} INFO - [2024-09-13T02:49:13.648+0000] {taskmixin.py:211} WARNING - Dependency <Task(_PythonDecoratedOperator): log_sql_query>, print_the_context already registered for DAG: example_python_operator
[2024-09-13T02:49:13.657+0000] {processor.py:836} INFO - DAG(s) dict_keys(['example_python_operator']) retrieved from /home/airflow/.local/lib/python3.7/site-packages/airflow/example_dags/example_python_operator.py
[2024-09-13T02:49:13.865+0000] {logging_mixin.py:149} INFO - [2024-09-13T02:49:13.865+0000] {dag.py:2726} INFO - Sync 1 DAGs
[2024-09-13T02:49:14.006+0000] {logging_mixin.py:149} INFO - [2024-09-13T02:49:14.005+0000] {dag.py:3490} INFO - Setting next_dagrun for example_python_operator to None, run_after=None
[2024-09-13T02:49:14.159+0000] {processor.py:179} INFO - Processing /home/airflow/.local/lib/python3.7/site-packages/airflow/example_dags/example_python_operator.py took 0.684 seconds
[2024-09-13T02:49:47.851+0000] {processor.py:157} INFO - Started process (PID=475) to work on /home/airflow/.local/lib/python3.7/site-packages/airflow/example_dags/example_python_operator.py
[2024-09-13T02:49:47.853+0000] {processor.py:826} INFO - Processing file /home/airflow/.local/lib/python3.7/site-packages/airflow/example_dags/example_python_operator.py for tasks to queue
[2024-09-13T02:49:47.855+0000] {logging_mixin.py:149} INFO - [2024-09-13T02:49:47.855+0000] {dagbag.py:541} INFO - Filling up the DagBag from /home/airflow/.local/lib/python3.7/site-packages/airflow/example_dags/example_python_operator.py
[2024-09-13T02:49:47.879+0000] {logging_mixin.py:149} INFO - [2024-09-13T02:49:47.878+0000] {taskmixin.py:211} WARNING - Dependency <Task(_PythonDecoratedOperator): print_the_context>, log_sql_query already registered for DAG: example_python_operator
[2024-09-13T02:49:47.880+0000] {logging_mixin.py:149} INFO - [2024-09-13T02:49:47.880+0000] {taskmixin.py:211} WARNING - Dependency <Task(_PythonDecoratedOperator): log_sql_query>, print_the_context already registered for DAG: example_python_operator
[2024-09-13T02:49:47.883+0000] {logging_mixin.py:149} INFO - [2024-09-13T02:49:47.883+0000] {taskmixin.py:211} WARNING - Dependency <Task(_PythonDecoratedOperator): print_the_context>, log_sql_query already registered for DAG: example_python_operator
[2024-09-13T02:49:47.885+0000] {logging_mixin.py:149} INFO - [2024-09-13T02:49:47.884+0000] {taskmixin.py:211} WARNING - Dependency <Task(_PythonDecoratedOperator): log_sql_query>, print_the_context already registered for DAG: example_python_operator
[2024-09-13T02:49:47.890+0000] {logging_mixin.py:149} INFO - [2024-09-13T02:49:47.889+0000] {taskmixin.py:211} WARNING - Dependency <Task(_PythonDecoratedOperator): print_the_context>, log_sql_query already registered for DAG: example_python_operator
[2024-09-13T02:49:47.894+0000] {logging_mixin.py:149} INFO - [2024-09-13T02:49:47.892+0000] {taskmixin.py:211} WARNING - Dependency <Task(_PythonDecoratedOperator): log_sql_query>, print_the_context already registered for DAG: example_python_operator
[2024-09-13T02:49:47.899+0000] {logging_mixin.py:149} INFO - [2024-09-13T02:49:47.898+0000] {taskmixin.py:211} WARNING - Dependency <Task(_PythonDecoratedOperator): print_the_context>, log_sql_query already registered for DAG: example_python_operator
[2024-09-13T02:49:47.901+0000] {logging_mixin.py:149} INFO - [2024-09-13T02:49:47.900+0000] {taskmixin.py:211} WARNING - Dependency <Task(_PythonDecoratedOperator): log_sql_query>, print_the_context already registered for DAG: example_python_operator
[2024-09-13T02:49:47.910+0000] {processor.py:836} INFO - DAG(s) dict_keys(['example_python_operator']) retrieved from /home/airflow/.local/lib/python3.7/site-packages/airflow/example_dags/example_python_operator.py
[2024-09-13T02:49:48.014+0000] {logging_mixin.py:149} INFO - [2024-09-13T02:49:48.013+0000] {dag.py:2726} INFO - Sync 1 DAGs
[2024-09-13T02:49:48.132+0000] {logging_mixin.py:149} INFO - [2024-09-13T02:49:48.131+0000] {dag.py:3490} INFO - Setting next_dagrun for example_python_operator to None, run_after=None
[2024-09-13T02:49:48.247+0000] {processor.py:179} INFO - Processing /home/airflow/.local/lib/python3.7/site-packages/airflow/example_dags/example_python_operator.py took 0.411 seconds
[2024-09-13T02:50:18.528+0000] {processor.py:157} INFO - Started process (PID=544) to work on /home/airflow/.local/lib/python3.7/site-packages/airflow/example_dags/example_python_operator.py
[2024-09-13T02:50:18.530+0000] {processor.py:826} INFO - Processing file /home/airflow/.local/lib/python3.7/site-packages/airflow/example_dags/example_python_operator.py for tasks to queue
[2024-09-13T02:50:18.531+0000] {logging_mixin.py:149} INFO - [2024-09-13T02:50:18.531+0000] {dagbag.py:541} INFO - Filling up the DagBag from /home/airflow/.local/lib/python3.7/site-packages/airflow/example_dags/example_python_operator.py
[2024-09-13T02:50:18.552+0000] {logging_mixin.py:149} INFO - [2024-09-13T02:50:18.552+0000] {taskmixin.py:211} WARNING - Dependency <Task(_PythonDecoratedOperator): print_the_context>, log_sql_query already registered for DAG: example_python_operator
[2024-09-13T02:50:18.553+0000] {logging_mixin.py:149} INFO - [2024-09-13T02:50:18.553+0000] {taskmixin.py:211} WARNING - Dependency <Task(_PythonDecoratedOperator): log_sql_query>, print_the_context already registered for DAG: example_python_operator
[2024-09-13T02:50:18.554+0000] {logging_mixin.py:149} INFO - [2024-09-13T02:50:18.554+0000] {taskmixin.py:211} WARNING - Dependency <Task(_PythonDecoratedOperator): print_the_context>, log_sql_query already registered for DAG: example_python_operator
[2024-09-13T02:50:18.554+0000] {logging_mixin.py:149} INFO - [2024-09-13T02:50:18.554+0000] {taskmixin.py:211} WARNING - Dependency <Task(_PythonDecoratedOperator): log_sql_query>, print_the_context already registered for DAG: example_python_operator
[2024-09-13T02:50:18.555+0000] {logging_mixin.py:149} INFO - [2024-09-13T02:50:18.555+0000] {taskmixin.py:211} WARNING - Dependency <Task(_PythonDecoratedOperator): print_the_context>, log_sql_query already registered for DAG: example_python_operator
[2024-09-13T02:50:18.556+0000] {logging_mixin.py:149} INFO - [2024-09-13T02:50:18.556+0000] {taskmixin.py:211} WARNING - Dependency <Task(_PythonDecoratedOperator): log_sql_query>, print_the_context already registered for DAG: example_python_operator
[2024-09-13T02:50:18.558+0000] {logging_mixin.py:149} INFO - [2024-09-13T02:50:18.558+0000] {taskmixin.py:211} WARNING - Dependency <Task(_PythonDecoratedOperator): print_the_context>, log_sql_query already registered for DAG: example_python_operator
[2024-09-13T02:50:18.559+0000] {logging_mixin.py:149} INFO - [2024-09-13T02:50:18.558+0000] {taskmixin.py:211} WARNING - Dependency <Task(_PythonDecoratedOperator): log_sql_query>, print_the_context already registered for DAG: example_python_operator
[2024-09-13T02:50:18.564+0000] {processor.py:836} INFO - DAG(s) dict_keys(['example_python_operator']) retrieved from /home/airflow/.local/lib/python3.7/site-packages/airflow/example_dags/example_python_operator.py
[2024-09-13T02:50:18.616+0000] {logging_mixin.py:149} INFO - [2024-09-13T02:50:18.616+0000] {dag.py:2726} INFO - Sync 1 DAGs
[2024-09-13T02:50:18.658+0000] {logging_mixin.py:149} INFO - [2024-09-13T02:50:18.658+0000] {dag.py:3490} INFO - Setting next_dagrun for example_python_operator to None, run_after=None
[2024-09-13T02:50:18.689+0000] {processor.py:179} INFO - Processing /home/airflow/.local/lib/python3.7/site-packages/airflow/example_dags/example_python_operator.py took 0.167 seconds
[2024-09-13T02:50:49.719+0000] {processor.py:157} INFO - Started process (PID=613) to work on /home/airflow/.local/lib/python3.7/site-packages/airflow/example_dags/example_python_operator.py
[2024-09-13T02:50:49.722+0000] {processor.py:826} INFO - Processing file /home/airflow/.local/lib/python3.7/site-packages/airflow/example_dags/example_python_operator.py for tasks to queue
[2024-09-13T02:50:49.725+0000] {logging_mixin.py:149} INFO - [2024-09-13T02:50:49.724+0000] {dagbag.py:541} INFO - Filling up the DagBag from /home/airflow/.local/lib/python3.7/site-packages/airflow/example_dags/example_python_operator.py
[2024-09-13T02:50:49.758+0000] {logging_mixin.py:149} INFO - [2024-09-13T02:50:49.757+0000] {taskmixin.py:211} WARNING - Dependency <Task(_PythonDecoratedOperator): print_the_context>, log_sql_query already registered for DAG: example_python_operator
[2024-09-13T02:50:49.759+0000] {logging_mixin.py:149} INFO - [2024-09-13T02:50:49.759+0000] {taskmixin.py:211} WARNING - Dependency <Task(_PythonDecoratedOperator): log_sql_query>, print_the_context already registered for DAG: example_python_operator
[2024-09-13T02:50:49.761+0000] {logging_mixin.py:149} INFO - [2024-09-13T02:50:49.761+0000] {taskmixin.py:211} WARNING - Dependency <Task(_PythonDecoratedOperator): print_the_context>, log_sql_query already registered for DAG: example_python_operator
[2024-09-13T02:50:49.762+0000] {logging_mixin.py:149} INFO - [2024-09-13T02:50:49.762+0000] {taskmixin.py:211} WARNING - Dependency <Task(_PythonDecoratedOperator): log_sql_query>, print_the_context already registered for DAG: example_python_operator
[2024-09-13T02:50:49.764+0000] {logging_mixin.py:149} INFO - [2024-09-13T02:50:49.763+0000] {taskmixin.py:211} WARNING - Dependency <Task(_PythonDecoratedOperator): print_the_context>, log_sql_query already registered for DAG: example_python_operator
[2024-09-13T02:50:49.764+0000] {logging_mixin.py:149} INFO - [2024-09-13T02:50:49.764+0000] {taskmixin.py:211} WARNING - Dependency <Task(_PythonDecoratedOperator): log_sql_query>, print_the_context already registered for DAG: example_python_operator
[2024-09-13T02:50:49.766+0000] {logging_mixin.py:149} INFO - [2024-09-13T02:50:49.766+0000] {taskmixin.py:211} WARNING - Dependency <Task(_PythonDecoratedOperator): print_the_context>, log_sql_query already registered for DAG: example_python_operator
[2024-09-13T02:50:49.767+0000] {logging_mixin.py:149} INFO - [2024-09-13T02:50:49.767+0000] {taskmixin.py:211} WARNING - Dependency <Task(_PythonDecoratedOperator): log_sql_query>, print_the_context already registered for DAG: example_python_operator
[2024-09-13T02:50:49.774+0000] {processor.py:836} INFO - DAG(s) dict_keys(['example_python_operator']) retrieved from /home/airflow/.local/lib/python3.7/site-packages/airflow/example_dags/example_python_operator.py
[2024-09-13T02:50:49.868+0000] {logging_mixin.py:149} INFO - [2024-09-13T02:50:49.867+0000] {dag.py:2726} INFO - Sync 1 DAGs
[2024-09-13T02:50:50.016+0000] {logging_mixin.py:149} INFO - [2024-09-13T02:50:50.015+0000] {dag.py:3490} INFO - Setting next_dagrun for example_python_operator to None, run_after=None
[2024-09-13T02:50:50.251+0000] {processor.py:179} INFO - Processing /home/airflow/.local/lib/python3.7/site-packages/airflow/example_dags/example_python_operator.py took 0.541 seconds
[2024-09-13T02:51:20.422+0000] {processor.py:157} INFO - Started process (PID=682) to work on /home/airflow/.local/lib/python3.7/site-packages/airflow/example_dags/example_python_operator.py
[2024-09-13T02:51:20.425+0000] {processor.py:826} INFO - Processing file /home/airflow/.local/lib/python3.7/site-packages/airflow/example_dags/example_python_operator.py for tasks to queue
[2024-09-13T02:51:20.426+0000] {logging_mixin.py:149} INFO - [2024-09-13T02:51:20.426+0000] {dagbag.py:541} INFO - Filling up the DagBag from /home/airflow/.local/lib/python3.7/site-packages/airflow/example_dags/example_python_operator.py
[2024-09-13T02:51:20.442+0000] {logging_mixin.py:149} INFO - [2024-09-13T02:51:20.442+0000] {taskmixin.py:211} WARNING - Dependency <Task(_PythonDecoratedOperator): print_the_context>, log_sql_query already registered for DAG: example_python_operator
[2024-09-13T02:51:20.443+0000] {logging_mixin.py:149} INFO - [2024-09-13T02:51:20.443+0000] {taskmixin.py:211} WARNING - Dependency <Task(_PythonDecoratedOperator): log_sql_query>, print_the_context already registered for DAG: example_python_operator
[2024-09-13T02:51:20.445+0000] {logging_mixin.py:149} INFO - [2024-09-13T02:51:20.445+0000] {taskmixin.py:211} WARNING - Dependency <Task(_PythonDecoratedOperator): print_the_context>, log_sql_query already registered for DAG: example_python_operator
[2024-09-13T02:51:20.445+0000] {logging_mixin.py:149} INFO - [2024-09-13T02:51:20.445+0000] {taskmixin.py:211} WARNING - Dependency <Task(_PythonDecoratedOperator): log_sql_query>, print_the_context already registered for DAG: example_python_operator
[2024-09-13T02:51:20.447+0000] {logging_mixin.py:149} INFO - [2024-09-13T02:51:20.447+0000] {taskmixin.py:211} WARNING - Dependency <Task(_PythonDecoratedOperator): print_the_context>, log_sql_query already registered for DAG: example_python_operator
[2024-09-13T02:51:20.447+0000] {logging_mixin.py:149} INFO - [2024-09-13T02:51:20.447+0000] {taskmixin.py:211} WARNING - Dependency <Task(_PythonDecoratedOperator): log_sql_query>, print_the_context already registered for DAG: example_python_operator
[2024-09-13T02:51:20.449+0000] {logging_mixin.py:149} INFO - [2024-09-13T02:51:20.449+0000] {taskmixin.py:211} WARNING - Dependency <Task(_PythonDecoratedOperator): print_the_context>, log_sql_query already registered for DAG: example_python_operator
[2024-09-13T02:51:20.450+0000] {logging_mixin.py:149} INFO - [2024-09-13T02:51:20.449+0000] {taskmixin.py:211} WARNING - Dependency <Task(_PythonDecoratedOperator): log_sql_query>, print_the_context already registered for DAG: example_python_operator
[2024-09-13T02:51:20.455+0000] {processor.py:836} INFO - DAG(s) dict_keys(['example_python_operator']) retrieved from /home/airflow/.local/lib/python3.7/site-packages/airflow/example_dags/example_python_operator.py
[2024-09-13T02:51:20.518+0000] {logging_mixin.py:149} INFO - [2024-09-13T02:51:20.518+0000] {dag.py:2726} INFO - Sync 1 DAGs
[2024-09-13T02:51:20.572+0000] {logging_mixin.py:149} INFO - [2024-09-13T02:51:20.572+0000] {dag.py:3490} INFO - Setting next_dagrun for example_python_operator to None, run_after=None
[2024-09-13T02:51:20.595+0000] {processor.py:179} INFO - Processing /home/airflow/.local/lib/python3.7/site-packages/airflow/example_dags/example_python_operator.py took 0.179 seconds
[2024-09-13T02:51:51.898+0000] {processor.py:157} INFO - Started process (PID=751) to work on /home/airflow/.local/lib/python3.7/site-packages/airflow/example_dags/example_python_operator.py
[2024-09-13T02:51:51.900+0000] {processor.py:826} INFO - Processing file /home/airflow/.local/lib/python3.7/site-packages/airflow/example_dags/example_python_operator.py for tasks to queue
[2024-09-13T02:51:51.901+0000] {logging_mixin.py:149} INFO - [2024-09-13T02:51:51.901+0000] {dagbag.py:541} INFO - Filling up the DagBag from /home/airflow/.local/lib/python3.7/site-packages/airflow/example_dags/example_python_operator.py
[2024-09-13T02:51:51.914+0000] {logging_mixin.py:149} INFO - [2024-09-13T02:51:51.914+0000] {taskmixin.py:211} WARNING - Dependency <Task(_PythonDecoratedOperator): print_the_context>, log_sql_query already registered for DAG: example_python_operator
[2024-09-13T02:51:51.915+0000] {logging_mixin.py:149} INFO - [2024-09-13T02:51:51.915+0000] {taskmixin.py:211} WARNING - Dependency <Task(_PythonDecoratedOperator): log_sql_query>, print_the_context already registered for DAG: example_python_operator
[2024-09-13T02:51:51.916+0000] {logging_mixin.py:149} INFO - [2024-09-13T02:51:51.916+0000] {taskmixin.py:211} WARNING - Dependency <Task(_PythonDecoratedOperator): print_the_context>, log_sql_query already registered for DAG: example_python_operator
[2024-09-13T02:51:51.917+0000] {logging_mixin.py:149} INFO - [2024-09-13T02:51:51.916+0000] {taskmixin.py:211} WARNING - Dependency <Task(_PythonDecoratedOperator): log_sql_query>, print_the_context already registered for DAG: example_python_operator
[2024-09-13T02:51:51.918+0000] {logging_mixin.py:149} INFO - [2024-09-13T02:51:51.918+0000] {taskmixin.py:211} WARNING - Dependency <Task(_PythonDecoratedOperator): print_the_context>, log_sql_query already registered for DAG: example_python_operator
[2024-09-13T02:51:51.918+0000] {logging_mixin.py:149} INFO - [2024-09-13T02:51:51.918+0000] {taskmixin.py:211} WARNING - Dependency <Task(_PythonDecoratedOperator): log_sql_query>, print_the_context already registered for DAG: example_python_operator
[2024-09-13T02:51:51.919+0000] {logging_mixin.py:149} INFO - [2024-09-13T02:51:51.919+0000] {taskmixin.py:211} WARNING - Dependency <Task(_PythonDecoratedOperator): print_the_context>, log_sql_query already registered for DAG: example_python_operator
[2024-09-13T02:51:51.920+0000] {logging_mixin.py:149} INFO - [2024-09-13T02:51:51.920+0000] {taskmixin.py:211} WARNING - Dependency <Task(_PythonDecoratedOperator): log_sql_query>, print_the_context already registered for DAG: example_python_operator
[2024-09-13T02:51:51.923+0000] {processor.py:836} INFO - DAG(s) dict_keys(['example_python_operator']) retrieved from /home/airflow/.local/lib/python3.7/site-packages/airflow/example_dags/example_python_operator.py
[2024-09-13T02:51:51.970+0000] {logging_mixin.py:149} INFO - [2024-09-13T02:51:51.969+0000] {dag.py:2726} INFO - Sync 1 DAGs
[2024-09-13T02:51:52.008+0000] {logging_mixin.py:149} INFO - [2024-09-13T02:51:52.008+0000] {dag.py:3490} INFO - Setting next_dagrun for example_python_operator to None, run_after=None
[2024-09-13T02:51:52.057+0000] {processor.py:179} INFO - Processing /home/airflow/.local/lib/python3.7/site-packages/airflow/example_dags/example_python_operator.py took 0.168 seconds
[2024-09-13T02:52:23.897+0000] {processor.py:157} INFO - Started process (PID=817) to work on /home/airflow/.local/lib/python3.7/site-packages/airflow/example_dags/example_python_operator.py
[2024-09-13T02:52:23.902+0000] {processor.py:826} INFO - Processing file /home/airflow/.local/lib/python3.7/site-packages/airflow/example_dags/example_python_operator.py for tasks to queue
[2024-09-13T02:52:23.904+0000] {logging_mixin.py:149} INFO - [2024-09-13T02:52:23.903+0000] {dagbag.py:541} INFO - Filling up the DagBag from /home/airflow/.local/lib/python3.7/site-packages/airflow/example_dags/example_python_operator.py
[2024-09-13T02:52:23.924+0000] {logging_mixin.py:149} INFO - [2024-09-13T02:52:23.924+0000] {taskmixin.py:211} WARNING - Dependency <Task(_PythonDecoratedOperator): print_the_context>, log_sql_query already registered for DAG: example_python_operator
[2024-09-13T02:52:23.925+0000] {logging_mixin.py:149} INFO - [2024-09-13T02:52:23.925+0000] {taskmixin.py:211} WARNING - Dependency <Task(_PythonDecoratedOperator): log_sql_query>, print_the_context already registered for DAG: example_python_operator
[2024-09-13T02:52:23.927+0000] {logging_mixin.py:149} INFO - [2024-09-13T02:52:23.927+0000] {taskmixin.py:211} WARNING - Dependency <Task(_PythonDecoratedOperator): print_the_context>, log_sql_query already registered for DAG: example_python_operator
[2024-09-13T02:52:23.928+0000] {logging_mixin.py:149} INFO - [2024-09-13T02:52:23.928+0000] {taskmixin.py:211} WARNING - Dependency <Task(_PythonDecoratedOperator): log_sql_query>, print_the_context already registered for DAG: example_python_operator
[2024-09-13T02:52:23.933+0000] {logging_mixin.py:149} INFO - [2024-09-13T02:52:23.932+0000] {taskmixin.py:211} WARNING - Dependency <Task(_PythonDecoratedOperator): print_the_context>, log_sql_query already registered for DAG: example_python_operator
[2024-09-13T02:52:23.934+0000] {logging_mixin.py:149} INFO - [2024-09-13T02:52:23.934+0000] {taskmixin.py:211} WARNING - Dependency <Task(_PythonDecoratedOperator): log_sql_query>, print_the_context already registered for DAG: example_python_operator
[2024-09-13T02:52:23.937+0000] {logging_mixin.py:149} INFO - [2024-09-13T02:52:23.937+0000] {taskmixin.py:211} WARNING - Dependency <Task(_PythonDecoratedOperator): print_the_context>, log_sql_query already registered for DAG: example_python_operator
[2024-09-13T02:52:23.938+0000] {logging_mixin.py:149} INFO - [2024-09-13T02:52:23.938+0000] {taskmixin.py:211} WARNING - Dependency <Task(_PythonDecoratedOperator): log_sql_query>, print_the_context already registered for DAG: example_python_operator
[2024-09-13T02:52:23.945+0000] {processor.py:836} INFO - DAG(s) dict_keys(['example_python_operator']) retrieved from /home/airflow/.local/lib/python3.7/site-packages/airflow/example_dags/example_python_operator.py
[2024-09-13T02:52:24.019+0000] {logging_mixin.py:149} INFO - [2024-09-13T02:52:24.019+0000] {dag.py:2726} INFO - Sync 1 DAGs
[2024-09-13T02:52:24.115+0000] {logging_mixin.py:149} INFO - [2024-09-13T02:52:24.112+0000] {dag.py:3490} INFO - Setting next_dagrun for example_python_operator to None, run_after=None
[2024-09-13T02:52:24.187+0000] {processor.py:179} INFO - Processing /home/airflow/.local/lib/python3.7/site-packages/airflow/example_dags/example_python_operator.py took 0.302 seconds
[2024-09-13T02:52:54.986+0000] {processor.py:157} INFO - Started process (PID=886) to work on /home/airflow/.local/lib/python3.7/site-packages/airflow/example_dags/example_python_operator.py
[2024-09-13T02:52:54.991+0000] {processor.py:826} INFO - Processing file /home/airflow/.local/lib/python3.7/site-packages/airflow/example_dags/example_python_operator.py for tasks to queue
[2024-09-13T02:52:54.997+0000] {logging_mixin.py:149} INFO - [2024-09-13T02:52:54.996+0000] {dagbag.py:541} INFO - Filling up the DagBag from /home/airflow/.local/lib/python3.7/site-packages/airflow/example_dags/example_python_operator.py
[2024-09-13T02:52:55.047+0000] {logging_mixin.py:149} INFO - [2024-09-13T02:52:55.047+0000] {taskmixin.py:211} WARNING - Dependency <Task(_PythonDecoratedOperator): print_the_context>, log_sql_query already registered for DAG: example_python_operator
[2024-09-13T02:52:55.049+0000] {logging_mixin.py:149} INFO - [2024-09-13T02:52:55.048+0000] {taskmixin.py:211} WARNING - Dependency <Task(_PythonDecoratedOperator): log_sql_query>, print_the_context already registered for DAG: example_python_operator
[2024-09-13T02:52:55.052+0000] {logging_mixin.py:149} INFO - [2024-09-13T02:52:55.052+0000] {taskmixin.py:211} WARNING - Dependency <Task(_PythonDecoratedOperator): print_the_context>, log_sql_query already registered for DAG: example_python_operator
[2024-09-13T02:52:55.055+0000] {logging_mixin.py:149} INFO - [2024-09-13T02:52:55.055+0000] {taskmixin.py:211} WARNING - Dependency <Task(_PythonDecoratedOperator): log_sql_query>, print_the_context already registered for DAG: example_python_operator
[2024-09-13T02:52:55.062+0000] {logging_mixin.py:149} INFO - [2024-09-13T02:52:55.062+0000] {taskmixin.py:211} WARNING - Dependency <Task(_PythonDecoratedOperator): print_the_context>, log_sql_query already registered for DAG: example_python_operator
[2024-09-13T02:52:55.063+0000] {logging_mixin.py:149} INFO - [2024-09-13T02:52:55.063+0000] {taskmixin.py:211} WARNING - Dependency <Task(_PythonDecoratedOperator): log_sql_query>, print_the_context already registered for DAG: example_python_operator
[2024-09-13T02:52:55.066+0000] {logging_mixin.py:149} INFO - [2024-09-13T02:52:55.066+0000] {taskmixin.py:211} WARNING - Dependency <Task(_PythonDecoratedOperator): print_the_context>, log_sql_query already registered for DAG: example_python_operator
[2024-09-13T02:52:55.068+0000] {logging_mixin.py:149} INFO - [2024-09-13T02:52:55.067+0000] {taskmixin.py:211} WARNING - Dependency <Task(_PythonDecoratedOperator): log_sql_query>, print_the_context already registered for DAG: example_python_operator
[2024-09-13T02:52:55.073+0000] {processor.py:836} INFO - DAG(s) dict_keys(['example_python_operator']) retrieved from /home/airflow/.local/lib/python3.7/site-packages/airflow/example_dags/example_python_operator.py
[2024-09-13T02:52:55.162+0000] {logging_mixin.py:149} INFO - [2024-09-13T02:52:55.160+0000] {dag.py:2726} INFO - Sync 1 DAGs
[2024-09-13T02:52:55.251+0000] {logging_mixin.py:149} INFO - [2024-09-13T02:52:55.250+0000] {dag.py:3490} INFO - Setting next_dagrun for example_python_operator to None, run_after=None
[2024-09-13T02:52:55.297+0000] {processor.py:179} INFO - Processing /home/airflow/.local/lib/python3.7/site-packages/airflow/example_dags/example_python_operator.py took 0.324 seconds
[2024-09-13T02:53:27.970+0000] {processor.py:157} INFO - Started process (PID=955) to work on /home/airflow/.local/lib/python3.7/site-packages/airflow/example_dags/example_python_operator.py
[2024-09-13T02:53:27.973+0000] {processor.py:826} INFO - Processing file /home/airflow/.local/lib/python3.7/site-packages/airflow/example_dags/example_python_operator.py for tasks to queue
[2024-09-13T02:53:27.974+0000] {logging_mixin.py:149} INFO - [2024-09-13T02:53:27.974+0000] {dagbag.py:541} INFO - Filling up the DagBag from /home/airflow/.local/lib/python3.7/site-packages/airflow/example_dags/example_python_operator.py
[2024-09-13T02:53:27.989+0000] {logging_mixin.py:149} INFO - [2024-09-13T02:53:27.989+0000] {taskmixin.py:211} WARNING - Dependency <Task(_PythonDecoratedOperator): print_the_context>, log_sql_query already registered for DAG: example_python_operator
[2024-09-13T02:53:27.990+0000] {logging_mixin.py:149} INFO - [2024-09-13T02:53:27.989+0000] {taskmixin.py:211} WARNING - Dependency <Task(_PythonDecoratedOperator): log_sql_query>, print_the_context already registered for DAG: example_python_operator
[2024-09-13T02:53:27.991+0000] {logging_mixin.py:149} INFO - [2024-09-13T02:53:27.991+0000] {taskmixin.py:211} WARNING - Dependency <Task(_PythonDecoratedOperator): print_the_context>, log_sql_query already registered for DAG: example_python_operator
[2024-09-13T02:53:27.992+0000] {logging_mixin.py:149} INFO - [2024-09-13T02:53:27.992+0000] {taskmixin.py:211} WARNING - Dependency <Task(_PythonDecoratedOperator): log_sql_query>, print_the_context already registered for DAG: example_python_operator
[2024-09-13T02:53:27.993+0000] {logging_mixin.py:149} INFO - [2024-09-13T02:53:27.993+0000] {taskmixin.py:211} WARNING - Dependency <Task(_PythonDecoratedOperator): print_the_context>, log_sql_query already registered for DAG: example_python_operator
[2024-09-13T02:53:27.994+0000] {logging_mixin.py:149} INFO - [2024-09-13T02:53:27.994+0000] {taskmixin.py:211} WARNING - Dependency <Task(_PythonDecoratedOperator): log_sql_query>, print_the_context already registered for DAG: example_python_operator
[2024-09-13T02:53:27.995+0000] {logging_mixin.py:149} INFO - [2024-09-13T02:53:27.995+0000] {taskmixin.py:211} WARNING - Dependency <Task(_PythonDecoratedOperator): print_the_context>, log_sql_query already registered for DAG: example_python_operator
[2024-09-13T02:53:27.996+0000] {logging_mixin.py:149} INFO - [2024-09-13T02:53:27.996+0000] {taskmixin.py:211} WARNING - Dependency <Task(_PythonDecoratedOperator): log_sql_query>, print_the_context already registered for DAG: example_python_operator
[2024-09-13T02:53:28.000+0000] {processor.py:836} INFO - DAG(s) dict_keys(['example_python_operator']) retrieved from /home/airflow/.local/lib/python3.7/site-packages/airflow/example_dags/example_python_operator.py
[2024-09-13T02:53:28.094+0000] {logging_mixin.py:149} INFO - [2024-09-13T02:53:28.094+0000] {dag.py:2726} INFO - Sync 1 DAGs
[2024-09-13T02:53:28.148+0000] {logging_mixin.py:149} INFO - [2024-09-13T02:53:28.148+0000] {dag.py:3490} INFO - Setting next_dagrun for example_python_operator to None, run_after=None
[2024-09-13T02:53:28.195+0000] {processor.py:179} INFO - Processing /home/airflow/.local/lib/python3.7/site-packages/airflow/example_dags/example_python_operator.py took 0.232 seconds
[2024-09-13T02:53:59.883+0000] {processor.py:157} INFO - Started process (PID=1021) to work on /home/airflow/.local/lib/python3.7/site-packages/airflow/example_dags/example_python_operator.py
[2024-09-13T02:53:59.888+0000] {processor.py:826} INFO - Processing file /home/airflow/.local/lib/python3.7/site-packages/airflow/example_dags/example_python_operator.py for tasks to queue
[2024-09-13T02:53:59.893+0000] {logging_mixin.py:149} INFO - [2024-09-13T02:53:59.892+0000] {dagbag.py:541} INFO - Filling up the DagBag from /home/airflow/.local/lib/python3.7/site-packages/airflow/example_dags/example_python_operator.py
[2024-09-13T02:53:59.967+0000] {logging_mixin.py:149} INFO - [2024-09-13T02:53:59.965+0000] {taskmixin.py:211} WARNING - Dependency <Task(_PythonDecoratedOperator): print_the_context>, log_sql_query already registered for DAG: example_python_operator
[2024-09-13T02:53:59.970+0000] {logging_mixin.py:149} INFO - [2024-09-13T02:53:59.969+0000] {taskmixin.py:211} WARNING - Dependency <Task(_PythonDecoratedOperator): log_sql_query>, print_the_context already registered for DAG: example_python_operator
[2024-09-13T02:53:59.978+0000] {logging_mixin.py:149} INFO - [2024-09-13T02:53:59.977+0000] {taskmixin.py:211} WARNING - Dependency <Task(_PythonDecoratedOperator): print_the_context>, log_sql_query already registered for DAG: example_python_operator
[2024-09-13T02:53:59.980+0000] {logging_mixin.py:149} INFO - [2024-09-13T02:53:59.980+0000] {taskmixin.py:211} WARNING - Dependency <Task(_PythonDecoratedOperator): log_sql_query>, print_the_context already registered for DAG: example_python_operator
[2024-09-13T02:53:59.984+0000] {logging_mixin.py:149} INFO - [2024-09-13T02:53:59.983+0000] {taskmixin.py:211} WARNING - Dependency <Task(_PythonDecoratedOperator): print_the_context>, log_sql_query already registered for DAG: example_python_operator
[2024-09-13T02:53:59.985+0000] {logging_mixin.py:149} INFO - [2024-09-13T02:53:59.985+0000] {taskmixin.py:211} WARNING - Dependency <Task(_PythonDecoratedOperator): log_sql_query>, print_the_context already registered for DAG: example_python_operator
[2024-09-13T02:53:59.987+0000] {logging_mixin.py:149} INFO - [2024-09-13T02:53:59.987+0000] {taskmixin.py:211} WARNING - Dependency <Task(_PythonDecoratedOperator): print_the_context>, log_sql_query already registered for DAG: example_python_operator
[2024-09-13T02:53:59.989+0000] {logging_mixin.py:149} INFO - [2024-09-13T02:53:59.989+0000] {taskmixin.py:211} WARNING - Dependency <Task(_PythonDecoratedOperator): log_sql_query>, print_the_context already registered for DAG: example_python_operator
[2024-09-13T02:53:59.999+0000] {processor.py:836} INFO - DAG(s) dict_keys(['example_python_operator']) retrieved from /home/airflow/.local/lib/python3.7/site-packages/airflow/example_dags/example_python_operator.py
[2024-09-13T02:54:00.271+0000] {logging_mixin.py:149} INFO - [2024-09-13T02:54:00.271+0000] {dag.py:2726} INFO - Sync 1 DAGs
[2024-09-13T02:54:00.366+0000] {logging_mixin.py:149} INFO - [2024-09-13T02:54:00.366+0000] {dag.py:3490} INFO - Setting next_dagrun for example_python_operator to None, run_after=None
[2024-09-13T02:54:00.423+0000] {processor.py:179} INFO - Processing /home/airflow/.local/lib/python3.7/site-packages/airflow/example_dags/example_python_operator.py took 0.562 seconds
[2024-09-13T02:54:30.898+0000] {processor.py:157} INFO - Started process (PID=1082) to work on /home/airflow/.local/lib/python3.7/site-packages/airflow/example_dags/example_python_operator.py
[2024-09-13T02:54:30.899+0000] {processor.py:826} INFO - Processing file /home/airflow/.local/lib/python3.7/site-packages/airflow/example_dags/example_python_operator.py for tasks to queue
[2024-09-13T02:54:30.901+0000] {logging_mixin.py:149} INFO - [2024-09-13T02:54:30.900+0000] {dagbag.py:541} INFO - Filling up the DagBag from /home/airflow/.local/lib/python3.7/site-packages/airflow/example_dags/example_python_operator.py
[2024-09-13T02:54:30.915+0000] {logging_mixin.py:149} INFO - [2024-09-13T02:54:30.915+0000] {taskmixin.py:211} WARNING - Dependency <Task(_PythonDecoratedOperator): print_the_context>, log_sql_query already registered for DAG: example_python_operator
[2024-09-13T02:54:30.916+0000] {logging_mixin.py:149} INFO - [2024-09-13T02:54:30.916+0000] {taskmixin.py:211} WARNING - Dependency <Task(_PythonDecoratedOperator): log_sql_query>, print_the_context already registered for DAG: example_python_operator
[2024-09-13T02:54:30.918+0000] {logging_mixin.py:149} INFO - [2024-09-13T02:54:30.917+0000] {taskmixin.py:211} WARNING - Dependency <Task(_PythonDecoratedOperator): print_the_context>, log_sql_query already registered for DAG: example_python_operator
[2024-09-13T02:54:30.918+0000] {logging_mixin.py:149} INFO - [2024-09-13T02:54:30.918+0000] {taskmixin.py:211} WARNING - Dependency <Task(_PythonDecoratedOperator): log_sql_query>, print_the_context already registered for DAG: example_python_operator
[2024-09-13T02:54:30.920+0000] {logging_mixin.py:149} INFO - [2024-09-13T02:54:30.920+0000] {taskmixin.py:211} WARNING - Dependency <Task(_PythonDecoratedOperator): print_the_context>, log_sql_query already registered for DAG: example_python_operator
[2024-09-13T02:54:30.920+0000] {logging_mixin.py:149} INFO - [2024-09-13T02:54:30.920+0000] {taskmixin.py:211} WARNING - Dependency <Task(_PythonDecoratedOperator): log_sql_query>, print_the_context already registered for DAG: example_python_operator
[2024-09-13T02:54:30.922+0000] {logging_mixin.py:149} INFO - [2024-09-13T02:54:30.922+0000] {taskmixin.py:211} WARNING - Dependency <Task(_PythonDecoratedOperator): print_the_context>, log_sql_query already registered for DAG: example_python_operator
[2024-09-13T02:54:30.923+0000] {logging_mixin.py:149} INFO - [2024-09-13T02:54:30.922+0000] {taskmixin.py:211} WARNING - Dependency <Task(_PythonDecoratedOperator): log_sql_query>, print_the_context already registered for DAG: example_python_operator
[2024-09-13T02:54:30.928+0000] {processor.py:836} INFO - DAG(s) dict_keys(['example_python_operator']) retrieved from /home/airflow/.local/lib/python3.7/site-packages/airflow/example_dags/example_python_operator.py
[2024-09-13T02:54:31.007+0000] {logging_mixin.py:149} INFO - [2024-09-13T02:54:31.007+0000] {dag.py:2726} INFO - Sync 1 DAGs
[2024-09-13T02:54:31.067+0000] {logging_mixin.py:149} INFO - [2024-09-13T02:54:31.067+0000] {dag.py:3490} INFO - Setting next_dagrun for example_python_operator to None, run_after=None
[2024-09-13T02:54:31.147+0000] {processor.py:179} INFO - Processing /home/airflow/.local/lib/python3.7/site-packages/airflow/example_dags/example_python_operator.py took 0.255 seconds
[2024-09-13T02:55:02.031+0000] {processor.py:157} INFO - Started process (PID=1150) to work on /home/airflow/.local/lib/python3.7/site-packages/airflow/example_dags/example_python_operator.py
[2024-09-13T02:55:02.033+0000] {processor.py:826} INFO - Processing file /home/airflow/.local/lib/python3.7/site-packages/airflow/example_dags/example_python_operator.py for tasks to queue
[2024-09-13T02:55:02.036+0000] {logging_mixin.py:149} INFO - [2024-09-13T02:55:02.035+0000] {dagbag.py:541} INFO - Filling up the DagBag from /home/airflow/.local/lib/python3.7/site-packages/airflow/example_dags/example_python_operator.py
[2024-09-13T02:55:02.058+0000] {logging_mixin.py:149} INFO - [2024-09-13T02:55:02.058+0000] {taskmixin.py:211} WARNING - Dependency <Task(_PythonDecoratedOperator): print_the_context>, log_sql_query already registered for DAG: example_python_operator
[2024-09-13T02:55:02.060+0000] {logging_mixin.py:149} INFO - [2024-09-13T02:55:02.059+0000] {taskmixin.py:211} WARNING - Dependency <Task(_PythonDecoratedOperator): log_sql_query>, print_the_context already registered for DAG: example_python_operator
[2024-09-13T02:55:02.064+0000] {logging_mixin.py:149} INFO - [2024-09-13T02:55:02.063+0000] {taskmixin.py:211} WARNING - Dependency <Task(_PythonDecoratedOperator): print_the_context>, log_sql_query already registered for DAG: example_python_operator
[2024-09-13T02:55:02.065+0000] {logging_mixin.py:149} INFO - [2024-09-13T02:55:02.065+0000] {taskmixin.py:211} WARNING - Dependency <Task(_PythonDecoratedOperator): log_sql_query>, print_the_context already registered for DAG: example_python_operator
[2024-09-13T02:55:02.067+0000] {logging_mixin.py:149} INFO - [2024-09-13T02:55:02.067+0000] {taskmixin.py:211} WARNING - Dependency <Task(_PythonDecoratedOperator): print_the_context>, log_sql_query already registered for DAG: example_python_operator
[2024-09-13T02:55:02.068+0000] {logging_mixin.py:149} INFO - [2024-09-13T02:55:02.068+0000] {taskmixin.py:211} WARNING - Dependency <Task(_PythonDecoratedOperator): log_sql_query>, print_the_context already registered for DAG: example_python_operator
[2024-09-13T02:55:02.070+0000] {logging_mixin.py:149} INFO - [2024-09-13T02:55:02.070+0000] {taskmixin.py:211} WARNING - Dependency <Task(_PythonDecoratedOperator): print_the_context>, log_sql_query already registered for DAG: example_python_operator
[2024-09-13T02:55:02.072+0000] {logging_mixin.py:149} INFO - [2024-09-13T02:55:02.072+0000] {taskmixin.py:211} WARNING - Dependency <Task(_PythonDecoratedOperator): log_sql_query>, print_the_context already registered for DAG: example_python_operator
[2024-09-13T02:55:02.084+0000] {processor.py:836} INFO - DAG(s) dict_keys(['example_python_operator']) retrieved from /home/airflow/.local/lib/python3.7/site-packages/airflow/example_dags/example_python_operator.py
[2024-09-13T02:55:02.223+0000] {logging_mixin.py:149} INFO - [2024-09-13T02:55:02.222+0000] {dag.py:2726} INFO - Sync 1 DAGs
[2024-09-13T02:55:02.267+0000] {logging_mixin.py:149} INFO - [2024-09-13T02:55:02.267+0000] {dag.py:3490} INFO - Setting next_dagrun for example_python_operator to None, run_after=None
[2024-09-13T02:55:02.308+0000] {processor.py:179} INFO - Processing /home/airflow/.local/lib/python3.7/site-packages/airflow/example_dags/example_python_operator.py took 0.287 seconds
[2024-09-13T02:55:32.644+0000] {processor.py:157} INFO - Started process (PID=1219) to work on /home/airflow/.local/lib/python3.7/site-packages/airflow/example_dags/example_python_operator.py
[2024-09-13T02:55:32.648+0000] {processor.py:826} INFO - Processing file /home/airflow/.local/lib/python3.7/site-packages/airflow/example_dags/example_python_operator.py for tasks to queue
[2024-09-13T02:55:32.653+0000] {logging_mixin.py:149} INFO - [2024-09-13T02:55:32.653+0000] {dagbag.py:541} INFO - Filling up the DagBag from /home/airflow/.local/lib/python3.7/site-packages/airflow/example_dags/example_python_operator.py
[2024-09-13T02:55:32.715+0000] {logging_mixin.py:149} INFO - [2024-09-13T02:55:32.714+0000] {taskmixin.py:211} WARNING - Dependency <Task(_PythonDecoratedOperator): print_the_context>, log_sql_query already registered for DAG: example_python_operator
[2024-09-13T02:55:32.717+0000] {logging_mixin.py:149} INFO - [2024-09-13T02:55:32.716+0000] {taskmixin.py:211} WARNING - Dependency <Task(_PythonDecoratedOperator): log_sql_query>, print_the_context already registered for DAG: example_python_operator
[2024-09-13T02:55:32.719+0000] {logging_mixin.py:149} INFO - [2024-09-13T02:55:32.719+0000] {taskmixin.py:211} WARNING - Dependency <Task(_PythonDecoratedOperator): print_the_context>, log_sql_query already registered for DAG: example_python_operator
[2024-09-13T02:55:32.721+0000] {logging_mixin.py:149} INFO - [2024-09-13T02:55:32.721+0000] {taskmixin.py:211} WARNING - Dependency <Task(_PythonDecoratedOperator): log_sql_query>, print_the_context already registered for DAG: example_python_operator
[2024-09-13T02:55:32.725+0000] {logging_mixin.py:149} INFO - [2024-09-13T02:55:32.724+0000] {taskmixin.py:211} WARNING - Dependency <Task(_PythonDecoratedOperator): print_the_context>, log_sql_query already registered for DAG: example_python_operator
[2024-09-13T02:55:32.727+0000] {logging_mixin.py:149} INFO - [2024-09-13T02:55:32.726+0000] {taskmixin.py:211} WARNING - Dependency <Task(_PythonDecoratedOperator): log_sql_query>, print_the_context already registered for DAG: example_python_operator
[2024-09-13T02:55:32.731+0000] {logging_mixin.py:149} INFO - [2024-09-13T02:55:32.730+0000] {taskmixin.py:211} WARNING - Dependency <Task(_PythonDecoratedOperator): print_the_context>, log_sql_query already registered for DAG: example_python_operator
[2024-09-13T02:55:32.734+0000] {logging_mixin.py:149} INFO - [2024-09-13T02:55:32.733+0000] {taskmixin.py:211} WARNING - Dependency <Task(_PythonDecoratedOperator): log_sql_query>, print_the_context already registered for DAG: example_python_operator
[2024-09-13T02:55:32.746+0000] {processor.py:836} INFO - DAG(s) dict_keys(['example_python_operator']) retrieved from /home/airflow/.local/lib/python3.7/site-packages/airflow/example_dags/example_python_operator.py
[2024-09-13T02:55:32.935+0000] {logging_mixin.py:149} INFO - [2024-09-13T02:55:32.934+0000] {dag.py:2726} INFO - Sync 1 DAGs
[2024-09-13T02:55:33.119+0000] {logging_mixin.py:149} INFO - [2024-09-13T02:55:33.119+0000] {dag.py:3490} INFO - Setting next_dagrun for example_python_operator to None, run_after=None
[2024-09-13T02:55:33.192+0000] {processor.py:179} INFO - Processing /home/airflow/.local/lib/python3.7/site-packages/airflow/example_dags/example_python_operator.py took 0.567 seconds
[2024-09-13T02:56:03.499+0000] {processor.py:157} INFO - Started process (PID=1279) to work on /home/airflow/.local/lib/python3.7/site-packages/airflow/example_dags/example_python_operator.py
[2024-09-13T02:56:03.506+0000] {processor.py:826} INFO - Processing file /home/airflow/.local/lib/python3.7/site-packages/airflow/example_dags/example_python_operator.py for tasks to queue
[2024-09-13T02:56:03.511+0000] {logging_mixin.py:149} INFO - [2024-09-13T02:56:03.511+0000] {dagbag.py:541} INFO - Filling up the DagBag from /home/airflow/.local/lib/python3.7/site-packages/airflow/example_dags/example_python_operator.py
[2024-09-13T02:56:03.536+0000] {logging_mixin.py:149} INFO - [2024-09-13T02:56:03.536+0000] {taskmixin.py:211} WARNING - Dependency <Task(_PythonDecoratedOperator): print_the_context>, log_sql_query already registered for DAG: example_python_operator
[2024-09-13T02:56:03.538+0000] {logging_mixin.py:149} INFO - [2024-09-13T02:56:03.537+0000] {taskmixin.py:211} WARNING - Dependency <Task(_PythonDecoratedOperator): log_sql_query>, print_the_context already registered for DAG: example_python_operator
[2024-09-13T02:56:03.541+0000] {logging_mixin.py:149} INFO - [2024-09-13T02:56:03.540+0000] {taskmixin.py:211} WARNING - Dependency <Task(_PythonDecoratedOperator): print_the_context>, log_sql_query already registered for DAG: example_python_operator
[2024-09-13T02:56:03.541+0000] {logging_mixin.py:149} INFO - [2024-09-13T02:56:03.541+0000] {taskmixin.py:211} WARNING - Dependency <Task(_PythonDecoratedOperator): log_sql_query>, print_the_context already registered for DAG: example_python_operator
[2024-09-13T02:56:03.547+0000] {logging_mixin.py:149} INFO - [2024-09-13T02:56:03.547+0000] {taskmixin.py:211} WARNING - Dependency <Task(_PythonDecoratedOperator): print_the_context>, log_sql_query already registered for DAG: example_python_operator
[2024-09-13T02:56:03.550+0000] {logging_mixin.py:149} INFO - [2024-09-13T02:56:03.549+0000] {taskmixin.py:211} WARNING - Dependency <Task(_PythonDecoratedOperator): log_sql_query>, print_the_context already registered for DAG: example_python_operator
[2024-09-13T02:56:03.553+0000] {logging_mixin.py:149} INFO - [2024-09-13T02:56:03.552+0000] {taskmixin.py:211} WARNING - Dependency <Task(_PythonDecoratedOperator): print_the_context>, log_sql_query already registered for DAG: example_python_operator
[2024-09-13T02:56:03.554+0000] {logging_mixin.py:149} INFO - [2024-09-13T02:56:03.554+0000] {taskmixin.py:211} WARNING - Dependency <Task(_PythonDecoratedOperator): log_sql_query>, print_the_context already registered for DAG: example_python_operator
[2024-09-13T02:56:03.570+0000] {processor.py:836} INFO - DAG(s) dict_keys(['example_python_operator']) retrieved from /home/airflow/.local/lib/python3.7/site-packages/airflow/example_dags/example_python_operator.py
[2024-09-13T02:56:03.683+0000] {logging_mixin.py:149} INFO - [2024-09-13T02:56:03.683+0000] {dag.py:2726} INFO - Sync 1 DAGs
[2024-09-13T02:56:03.765+0000] {logging_mixin.py:149} INFO - [2024-09-13T02:56:03.765+0000] {dag.py:3490} INFO - Setting next_dagrun for example_python_operator to None, run_after=None
[2024-09-13T02:56:03.821+0000] {processor.py:179} INFO - Processing /home/airflow/.local/lib/python3.7/site-packages/airflow/example_dags/example_python_operator.py took 0.333 seconds
[2024-09-13T02:56:34.579+0000] {processor.py:157} INFO - Started process (PID=1348) to work on /home/airflow/.local/lib/python3.7/site-packages/airflow/example_dags/example_python_operator.py
[2024-09-13T02:56:34.581+0000] {processor.py:826} INFO - Processing file /home/airflow/.local/lib/python3.7/site-packages/airflow/example_dags/example_python_operator.py for tasks to queue
[2024-09-13T02:56:34.583+0000] {logging_mixin.py:149} INFO - [2024-09-13T02:56:34.582+0000] {dagbag.py:541} INFO - Filling up the DagBag from /home/airflow/.local/lib/python3.7/site-packages/airflow/example_dags/example_python_operator.py
[2024-09-13T02:56:34.602+0000] {logging_mixin.py:149} INFO - [2024-09-13T02:56:34.602+0000] {taskmixin.py:211} WARNING - Dependency <Task(_PythonDecoratedOperator): print_the_context>, log_sql_query already registered for DAG: example_python_operator
[2024-09-13T02:56:34.603+0000] {logging_mixin.py:149} INFO - [2024-09-13T02:56:34.603+0000] {taskmixin.py:211} WARNING - Dependency <Task(_PythonDecoratedOperator): log_sql_query>, print_the_context already registered for DAG: example_python_operator
[2024-09-13T02:56:34.604+0000] {logging_mixin.py:149} INFO - [2024-09-13T02:56:34.604+0000] {taskmixin.py:211} WARNING - Dependency <Task(_PythonDecoratedOperator): print_the_context>, log_sql_query already registered for DAG: example_python_operator
[2024-09-13T02:56:34.605+0000] {logging_mixin.py:149} INFO - [2024-09-13T02:56:34.605+0000] {taskmixin.py:211} WARNING - Dependency <Task(_PythonDecoratedOperator): log_sql_query>, print_the_context already registered for DAG: example_python_operator
[2024-09-13T02:56:34.607+0000] {logging_mixin.py:149} INFO - [2024-09-13T02:56:34.607+0000] {taskmixin.py:211} WARNING - Dependency <Task(_PythonDecoratedOperator): print_the_context>, log_sql_query already registered for DAG: example_python_operator
[2024-09-13T02:56:34.608+0000] {logging_mixin.py:149} INFO - [2024-09-13T02:56:34.608+0000] {taskmixin.py:211} WARNING - Dependency <Task(_PythonDecoratedOperator): log_sql_query>, print_the_context already registered for DAG: example_python_operator
[2024-09-13T02:56:34.610+0000] {logging_mixin.py:149} INFO - [2024-09-13T02:56:34.610+0000] {taskmixin.py:211} WARNING - Dependency <Task(_PythonDecoratedOperator): print_the_context>, log_sql_query already registered for DAG: example_python_operator
[2024-09-13T02:56:34.611+0000] {logging_mixin.py:149} INFO - [2024-09-13T02:56:34.611+0000] {taskmixin.py:211} WARNING - Dependency <Task(_PythonDecoratedOperator): log_sql_query>, print_the_context already registered for DAG: example_python_operator
[2024-09-13T02:56:34.616+0000] {processor.py:836} INFO - DAG(s) dict_keys(['example_python_operator']) retrieved from /home/airflow/.local/lib/python3.7/site-packages/airflow/example_dags/example_python_operator.py
[2024-09-13T02:56:34.663+0000] {logging_mixin.py:149} INFO - [2024-09-13T02:56:34.663+0000] {dag.py:2726} INFO - Sync 1 DAGs
[2024-09-13T02:56:34.696+0000] {logging_mixin.py:149} INFO - [2024-09-13T02:56:34.696+0000] {dag.py:3490} INFO - Setting next_dagrun for example_python_operator to None, run_after=None
[2024-09-13T02:56:34.720+0000] {processor.py:179} INFO - Processing /home/airflow/.local/lib/python3.7/site-packages/airflow/example_dags/example_python_operator.py took 0.151 seconds
[2024-09-13T02:57:05.235+0000] {processor.py:157} INFO - Started process (PID=1417) to work on /home/airflow/.local/lib/python3.7/site-packages/airflow/example_dags/example_python_operator.py
[2024-09-13T02:57:05.238+0000] {processor.py:826} INFO - Processing file /home/airflow/.local/lib/python3.7/site-packages/airflow/example_dags/example_python_operator.py for tasks to queue
[2024-09-13T02:57:05.239+0000] {logging_mixin.py:149} INFO - [2024-09-13T02:57:05.239+0000] {dagbag.py:541} INFO - Filling up the DagBag from /home/airflow/.local/lib/python3.7/site-packages/airflow/example_dags/example_python_operator.py
[2024-09-13T02:57:05.252+0000] {logging_mixin.py:149} INFO - [2024-09-13T02:57:05.251+0000] {taskmixin.py:211} WARNING - Dependency <Task(_PythonDecoratedOperator): print_the_context>, log_sql_query already registered for DAG: example_python_operator
[2024-09-13T02:57:05.253+0000] {logging_mixin.py:149} INFO - [2024-09-13T02:57:05.253+0000] {taskmixin.py:211} WARNING - Dependency <Task(_PythonDecoratedOperator): log_sql_query>, print_the_context already registered for DAG: example_python_operator
[2024-09-13T02:57:05.255+0000] {logging_mixin.py:149} INFO - [2024-09-13T02:57:05.254+0000] {taskmixin.py:211} WARNING - Dependency <Task(_PythonDecoratedOperator): print_the_context>, log_sql_query already registered for DAG: example_python_operator
[2024-09-13T02:57:05.255+0000] {logging_mixin.py:149} INFO - [2024-09-13T02:57:05.255+0000] {taskmixin.py:211} WARNING - Dependency <Task(_PythonDecoratedOperator): log_sql_query>, print_the_context already registered for DAG: example_python_operator
[2024-09-13T02:57:05.256+0000] {logging_mixin.py:149} INFO - [2024-09-13T02:57:05.256+0000] {taskmixin.py:211} WARNING - Dependency <Task(_PythonDecoratedOperator): print_the_context>, log_sql_query already registered for DAG: example_python_operator
[2024-09-13T02:57:05.257+0000] {logging_mixin.py:149} INFO - [2024-09-13T02:57:05.257+0000] {taskmixin.py:211} WARNING - Dependency <Task(_PythonDecoratedOperator): log_sql_query>, print_the_context already registered for DAG: example_python_operator
[2024-09-13T02:57:05.258+0000] {logging_mixin.py:149} INFO - [2024-09-13T02:57:05.258+0000] {taskmixin.py:211} WARNING - Dependency <Task(_PythonDecoratedOperator): print_the_context>, log_sql_query already registered for DAG: example_python_operator
[2024-09-13T02:57:05.259+0000] {logging_mixin.py:149} INFO - [2024-09-13T02:57:05.258+0000] {taskmixin.py:211} WARNING - Dependency <Task(_PythonDecoratedOperator): log_sql_query>, print_the_context already registered for DAG: example_python_operator
[2024-09-13T02:57:05.263+0000] {processor.py:836} INFO - DAG(s) dict_keys(['example_python_operator']) retrieved from /home/airflow/.local/lib/python3.7/site-packages/airflow/example_dags/example_python_operator.py
[2024-09-13T02:57:05.313+0000] {logging_mixin.py:149} INFO - [2024-09-13T02:57:05.313+0000] {dag.py:2726} INFO - Sync 1 DAGs
[2024-09-13T02:57:05.379+0000] {logging_mixin.py:149} INFO - [2024-09-13T02:57:05.378+0000] {dag.py:3490} INFO - Setting next_dagrun for example_python_operator to None, run_after=None
[2024-09-13T02:57:05.411+0000] {processor.py:179} INFO - Processing /home/airflow/.local/lib/python3.7/site-packages/airflow/example_dags/example_python_operator.py took 0.183 seconds
