[2024-09-13T02:45:38.398+0000] {processor.py:157} INFO - Started process (PID=113) to work on /home/airflow/.local/lib/python3.7/site-packages/airflow/example_dags/example_branch_datetime_operator.py
[2024-09-13T02:45:38.433+0000] {processor.py:826} INFO - Processing file /home/airflow/.local/lib/python3.7/site-packages/airflow/example_dags/example_branch_datetime_operator.py for tasks to queue
[2024-09-13T02:45:38.495+0000] {logging_mixin.py:149} INFO - [2024-09-13T02:45:38.495+0000] {dagbag.py:541} INFO - Filling up the DagBag from /home/airflow/.local/lib/python3.7/site-packages/airflow/example_dags/example_branch_datetime_operator.py
[2024-09-13T02:45:38.812+0000] {processor.py:836} INFO - DAG(s) dict_keys(['example_branch_datetime_operator', 'example_branch_datetime_operator_2', 'example_branch_datetime_operator_3']) retrieved from /home/airflow/.local/lib/python3.7/site-packages/airflow/example_dags/example_branch_datetime_operator.py
[2024-09-13T02:45:40.561+0000] {logging_mixin.py:149} INFO - [2024-09-13T02:45:40.541+0000] {dag.py:2726} INFO - Sync 3 DAGs
[2024-09-13T02:45:42.410+0000] {logging_mixin.py:149} INFO - [2024-09-13T02:45:42.394+0000] {dag.py:3490} INFO - Setting next_dagrun for example_branch_datetime_operator to 2024-09-12T00:00:00+00:00, run_after=2024-09-13T00:00:00+00:00
[2024-09-13T02:45:42.767+0000] {logging_mixin.py:149} INFO - [2024-09-13T02:45:42.762+0000] {dag.py:3490} INFO - Setting next_dagrun for example_branch_datetime_operator_2 to 2024-09-12T00:00:00+00:00, run_after=2024-09-13T00:00:00+00:00
[2024-09-13T02:45:42.808+0000] {logging_mixin.py:149} INFO - [2024-09-13T02:45:42.808+0000] {dag.py:3490} INFO - Setting next_dagrun for example_branch_datetime_operator_3 to 2024-09-12T00:00:00+00:00, run_after=2024-09-13T00:00:00+00:00
[2024-09-13T02:45:45.135+0000] {processor.py:179} INFO - Processing /home/airflow/.local/lib/python3.7/site-packages/airflow/example_dags/example_branch_datetime_operator.py took 6.846 seconds
[2024-09-13T02:47:30.768+0000] {processor.py:157} INFO - Started process (PID=196) to work on /home/airflow/.local/lib/python3.7/site-packages/airflow/example_dags/example_branch_datetime_operator.py
[2024-09-13T02:47:30.771+0000] {processor.py:826} INFO - Processing file /home/airflow/.local/lib/python3.7/site-packages/airflow/example_dags/example_branch_datetime_operator.py for tasks to queue
[2024-09-13T02:47:30.773+0000] {logging_mixin.py:149} INFO - [2024-09-13T02:47:30.773+0000] {dagbag.py:541} INFO - Filling up the DagBag from /home/airflow/.local/lib/python3.7/site-packages/airflow/example_dags/example_branch_datetime_operator.py
[2024-09-13T02:47:30.797+0000] {processor.py:836} INFO - DAG(s) dict_keys(['example_branch_datetime_operator_2', 'example_branch_datetime_operator_3', 'example_branch_datetime_operator']) retrieved from /home/airflow/.local/lib/python3.7/site-packages/airflow/example_dags/example_branch_datetime_operator.py
[2024-09-13T02:47:30.890+0000] {logging_mixin.py:149} INFO - [2024-09-13T02:47:30.890+0000] {dag.py:2726} INFO - Sync 3 DAGs
[2024-09-13T02:47:30.985+0000] {logging_mixin.py:149} INFO - [2024-09-13T02:47:30.984+0000] {dag.py:3490} INFO - Setting next_dagrun for example_branch_datetime_operator to 2024-09-12T00:00:00+00:00, run_after=2024-09-13T00:00:00+00:00
[2024-09-13T02:47:30.999+0000] {logging_mixin.py:149} INFO - [2024-09-13T02:47:30.998+0000] {dag.py:3490} INFO - Setting next_dagrun for example_branch_datetime_operator_2 to 2024-09-12T00:00:00+00:00, run_after=2024-09-13T00:00:00+00:00
[2024-09-13T02:47:31.006+0000] {logging_mixin.py:149} INFO - [2024-09-13T02:47:31.006+0000] {dag.py:3490} INFO - Setting next_dagrun for example_branch_datetime_operator_3 to 2024-09-12T00:00:00+00:00, run_after=2024-09-13T00:00:00+00:00
[2024-09-13T02:47:31.053+0000] {processor.py:179} INFO - Processing /home/airflow/.local/lib/python3.7/site-packages/airflow/example_dags/example_branch_datetime_operator.py took 0.292 seconds
[2024-09-13T02:48:03.714+0000] {processor.py:157} INFO - Started process (PID=268) to work on /home/airflow/.local/lib/python3.7/site-packages/airflow/example_dags/example_branch_datetime_operator.py
[2024-09-13T02:48:03.718+0000] {processor.py:826} INFO - Processing file /home/airflow/.local/lib/python3.7/site-packages/airflow/example_dags/example_branch_datetime_operator.py for tasks to queue
[2024-09-13T02:48:03.721+0000] {logging_mixin.py:149} INFO - [2024-09-13T02:48:03.720+0000] {dagbag.py:541} INFO - Filling up the DagBag from /home/airflow/.local/lib/python3.7/site-packages/airflow/example_dags/example_branch_datetime_operator.py
[2024-09-13T02:48:03.750+0000] {processor.py:836} INFO - DAG(s) dict_keys(['example_branch_datetime_operator', 'example_branch_datetime_operator_2', 'example_branch_datetime_operator_3']) retrieved from /home/airflow/.local/lib/python3.7/site-packages/airflow/example_dags/example_branch_datetime_operator.py
[2024-09-13T02:48:04.182+0000] {logging_mixin.py:149} INFO - [2024-09-13T02:48:04.180+0000] {dag.py:2726} INFO - Sync 3 DAGs
[2024-09-13T02:48:04.648+0000] {logging_mixin.py:149} INFO - [2024-09-13T02:48:04.647+0000] {dag.py:3490} INFO - Setting next_dagrun for example_branch_datetime_operator to 2024-09-12T00:00:00+00:00, run_after=2024-09-13T00:00:00+00:00
[2024-09-13T02:48:04.671+0000] {logging_mixin.py:149} INFO - [2024-09-13T02:48:04.671+0000] {dag.py:3490} INFO - Setting next_dagrun for example_branch_datetime_operator_2 to 2024-09-12T00:00:00+00:00, run_after=2024-09-13T00:00:00+00:00
[2024-09-13T02:48:04.714+0000] {logging_mixin.py:149} INFO - [2024-09-13T02:48:04.713+0000] {dag.py:3490} INFO - Setting next_dagrun for example_branch_datetime_operator_3 to 2024-09-12T00:00:00+00:00, run_after=2024-09-13T00:00:00+00:00
[2024-09-13T02:48:04.840+0000] {processor.py:179} INFO - Processing /home/airflow/.local/lib/python3.7/site-packages/airflow/example_dags/example_branch_datetime_operator.py took 1.137 seconds
[2024-09-13T02:48:35.238+0000] {processor.py:157} INFO - Started process (PID=337) to work on /home/airflow/.local/lib/python3.7/site-packages/airflow/example_dags/example_branch_datetime_operator.py
[2024-09-13T02:48:35.245+0000] {processor.py:826} INFO - Processing file /home/airflow/.local/lib/python3.7/site-packages/airflow/example_dags/example_branch_datetime_operator.py for tasks to queue
[2024-09-13T02:48:35.252+0000] {logging_mixin.py:149} INFO - [2024-09-13T02:48:35.252+0000] {dagbag.py:541} INFO - Filling up the DagBag from /home/airflow/.local/lib/python3.7/site-packages/airflow/example_dags/example_branch_datetime_operator.py
[2024-09-13T02:48:35.279+0000] {processor.py:836} INFO - DAG(s) dict_keys(['example_branch_datetime_operator_3', 'example_branch_datetime_operator', 'example_branch_datetime_operator_2']) retrieved from /home/airflow/.local/lib/python3.7/site-packages/airflow/example_dags/example_branch_datetime_operator.py
[2024-09-13T02:48:35.441+0000] {logging_mixin.py:149} INFO - [2024-09-13T02:48:35.441+0000] {dag.py:2726} INFO - Sync 3 DAGs
[2024-09-13T02:48:35.554+0000] {logging_mixin.py:149} INFO - [2024-09-13T02:48:35.554+0000] {dag.py:3490} INFO - Setting next_dagrun for example_branch_datetime_operator to 2024-09-12T00:00:00+00:00, run_after=2024-09-13T00:00:00+00:00
[2024-09-13T02:48:35.565+0000] {logging_mixin.py:149} INFO - [2024-09-13T02:48:35.565+0000] {dag.py:3490} INFO - Setting next_dagrun for example_branch_datetime_operator_2 to 2024-09-12T00:00:00+00:00, run_after=2024-09-13T00:00:00+00:00
[2024-09-13T02:48:35.572+0000] {logging_mixin.py:149} INFO - [2024-09-13T02:48:35.572+0000] {dag.py:3490} INFO - Setting next_dagrun for example_branch_datetime_operator_3 to 2024-09-12T00:00:00+00:00, run_after=2024-09-13T00:00:00+00:00
[2024-09-13T02:48:35.638+0000] {processor.py:179} INFO - Processing /home/airflow/.local/lib/python3.7/site-packages/airflow/example_dags/example_branch_datetime_operator.py took 0.410 seconds
[2024-09-13T02:49:17.507+0000] {processor.py:157} INFO - Started process (PID=417) to work on /home/airflow/.local/lib/python3.7/site-packages/airflow/example_dags/example_branch_datetime_operator.py
[2024-09-13T02:49:17.509+0000] {processor.py:826} INFO - Processing file /home/airflow/.local/lib/python3.7/site-packages/airflow/example_dags/example_branch_datetime_operator.py for tasks to queue
[2024-09-13T02:49:17.512+0000] {logging_mixin.py:149} INFO - [2024-09-13T02:49:17.511+0000] {dagbag.py:541} INFO - Filling up the DagBag from /home/airflow/.local/lib/python3.7/site-packages/airflow/example_dags/example_branch_datetime_operator.py
[2024-09-13T02:49:17.538+0000] {processor.py:836} INFO - DAG(s) dict_keys(['example_branch_datetime_operator', 'example_branch_datetime_operator_2', 'example_branch_datetime_operator_3']) retrieved from /home/airflow/.local/lib/python3.7/site-packages/airflow/example_dags/example_branch_datetime_operator.py
[2024-09-13T02:49:17.648+0000] {logging_mixin.py:149} INFO - [2024-09-13T02:49:17.648+0000] {dag.py:2726} INFO - Sync 3 DAGs
[2024-09-13T02:49:17.785+0000] {logging_mixin.py:149} INFO - [2024-09-13T02:49:17.785+0000] {dag.py:3490} INFO - Setting next_dagrun for example_branch_datetime_operator to 2024-09-12T00:00:00+00:00, run_after=2024-09-13T00:00:00+00:00
[2024-09-13T02:49:17.820+0000] {logging_mixin.py:149} INFO - [2024-09-13T02:49:17.819+0000] {dag.py:3490} INFO - Setting next_dagrun for example_branch_datetime_operator_2 to 2024-09-12T00:00:00+00:00, run_after=2024-09-13T00:00:00+00:00
[2024-09-13T02:49:17.829+0000] {logging_mixin.py:149} INFO - [2024-09-13T02:49:17.828+0000] {dag.py:3490} INFO - Setting next_dagrun for example_branch_datetime_operator_3 to 2024-09-12T00:00:00+00:00, run_after=2024-09-13T00:00:00+00:00
[2024-09-13T02:49:17.902+0000] {processor.py:179} INFO - Processing /home/airflow/.local/lib/python3.7/site-packages/airflow/example_dags/example_branch_datetime_operator.py took 0.404 seconds
[2024-09-13T02:49:54.441+0000] {processor.py:157} INFO - Started process (PID=488) to work on /home/airflow/.local/lib/python3.7/site-packages/airflow/example_dags/example_branch_datetime_operator.py
[2024-09-13T02:49:54.448+0000] {processor.py:826} INFO - Processing file /home/airflow/.local/lib/python3.7/site-packages/airflow/example_dags/example_branch_datetime_operator.py for tasks to queue
[2024-09-13T02:49:54.453+0000] {logging_mixin.py:149} INFO - [2024-09-13T02:49:54.452+0000] {dagbag.py:541} INFO - Filling up the DagBag from /home/airflow/.local/lib/python3.7/site-packages/airflow/example_dags/example_branch_datetime_operator.py
[2024-09-13T02:49:54.563+0000] {processor.py:836} INFO - DAG(s) dict_keys(['example_branch_datetime_operator_2', 'example_branch_datetime_operator', 'example_branch_datetime_operator_3']) retrieved from /home/airflow/.local/lib/python3.7/site-packages/airflow/example_dags/example_branch_datetime_operator.py
[2024-09-13T02:49:54.785+0000] {logging_mixin.py:149} INFO - [2024-09-13T02:49:54.784+0000] {dag.py:2726} INFO - Sync 3 DAGs
[2024-09-13T02:49:54.923+0000] {logging_mixin.py:149} INFO - [2024-09-13T02:49:54.922+0000] {dag.py:3490} INFO - Setting next_dagrun for example_branch_datetime_operator to 2024-09-12T00:00:00+00:00, run_after=2024-09-13T00:00:00+00:00
[2024-09-13T02:49:54.939+0000] {logging_mixin.py:149} INFO - [2024-09-13T02:49:54.939+0000] {dag.py:3490} INFO - Setting next_dagrun for example_branch_datetime_operator_2 to 2024-09-12T00:00:00+00:00, run_after=2024-09-13T00:00:00+00:00
[2024-09-13T02:49:54.959+0000] {logging_mixin.py:149} INFO - [2024-09-13T02:49:54.958+0000] {dag.py:3490} INFO - Setting next_dagrun for example_branch_datetime_operator_3 to 2024-09-12T00:00:00+00:00, run_after=2024-09-13T00:00:00+00:00
[2024-09-13T02:49:55.134+0000] {processor.py:179} INFO - Processing /home/airflow/.local/lib/python3.7/site-packages/airflow/example_dags/example_branch_datetime_operator.py took 0.712 seconds
[2024-09-13T02:50:25.885+0000] {processor.py:157} INFO - Started process (PID=557) to work on /home/airflow/.local/lib/python3.7/site-packages/airflow/example_dags/example_branch_datetime_operator.py
[2024-09-13T02:50:25.889+0000] {processor.py:826} INFO - Processing file /home/airflow/.local/lib/python3.7/site-packages/airflow/example_dags/example_branch_datetime_operator.py for tasks to queue
[2024-09-13T02:50:25.892+0000] {logging_mixin.py:149} INFO - [2024-09-13T02:50:25.892+0000] {dagbag.py:541} INFO - Filling up the DagBag from /home/airflow/.local/lib/python3.7/site-packages/airflow/example_dags/example_branch_datetime_operator.py
[2024-09-13T02:50:25.956+0000] {processor.py:836} INFO - DAG(s) dict_keys(['example_branch_datetime_operator', 'example_branch_datetime_operator_3', 'example_branch_datetime_operator_2']) retrieved from /home/airflow/.local/lib/python3.7/site-packages/airflow/example_dags/example_branch_datetime_operator.py
[2024-09-13T02:50:26.054+0000] {logging_mixin.py:149} INFO - [2024-09-13T02:50:26.053+0000] {dag.py:2726} INFO - Sync 3 DAGs
[2024-09-13T02:50:26.122+0000] {logging_mixin.py:149} INFO - [2024-09-13T02:50:26.122+0000] {dag.py:3490} INFO - Setting next_dagrun for example_branch_datetime_operator to 2024-09-12T00:00:00+00:00, run_after=2024-09-13T00:00:00+00:00
[2024-09-13T02:50:26.139+0000] {logging_mixin.py:149} INFO - [2024-09-13T02:50:26.139+0000] {dag.py:3490} INFO - Setting next_dagrun for example_branch_datetime_operator_2 to 2024-09-12T00:00:00+00:00, run_after=2024-09-13T00:00:00+00:00
[2024-09-13T02:50:26.144+0000] {logging_mixin.py:149} INFO - [2024-09-13T02:50:26.144+0000] {dag.py:3490} INFO - Setting next_dagrun for example_branch_datetime_operator_3 to 2024-09-12T00:00:00+00:00, run_after=2024-09-13T00:00:00+00:00
[2024-09-13T02:50:26.185+0000] {processor.py:179} INFO - Processing /home/airflow/.local/lib/python3.7/site-packages/airflow/example_dags/example_branch_datetime_operator.py took 0.319 seconds
[2024-09-13T02:50:56.520+0000] {processor.py:157} INFO - Started process (PID=626) to work on /home/airflow/.local/lib/python3.7/site-packages/airflow/example_dags/example_branch_datetime_operator.py
[2024-09-13T02:50:56.523+0000] {processor.py:826} INFO - Processing file /home/airflow/.local/lib/python3.7/site-packages/airflow/example_dags/example_branch_datetime_operator.py for tasks to queue
[2024-09-13T02:50:56.525+0000] {logging_mixin.py:149} INFO - [2024-09-13T02:50:56.524+0000] {dagbag.py:541} INFO - Filling up the DagBag from /home/airflow/.local/lib/python3.7/site-packages/airflow/example_dags/example_branch_datetime_operator.py
[2024-09-13T02:50:56.552+0000] {processor.py:836} INFO - DAG(s) dict_keys(['example_branch_datetime_operator_3', 'example_branch_datetime_operator_2', 'example_branch_datetime_operator']) retrieved from /home/airflow/.local/lib/python3.7/site-packages/airflow/example_dags/example_branch_datetime_operator.py
[2024-09-13T02:50:56.672+0000] {logging_mixin.py:149} INFO - [2024-09-13T02:50:56.671+0000] {dag.py:2726} INFO - Sync 3 DAGs
[2024-09-13T02:50:56.741+0000] {logging_mixin.py:149} INFO - [2024-09-13T02:50:56.740+0000] {dag.py:3490} INFO - Setting next_dagrun for example_branch_datetime_operator to 2024-09-12T00:00:00+00:00, run_after=2024-09-13T00:00:00+00:00
[2024-09-13T02:50:56.752+0000] {logging_mixin.py:149} INFO - [2024-09-13T02:50:56.751+0000] {dag.py:3490} INFO - Setting next_dagrun for example_branch_datetime_operator_2 to 2024-09-12T00:00:00+00:00, run_after=2024-09-13T00:00:00+00:00
[2024-09-13T02:50:56.759+0000] {logging_mixin.py:149} INFO - [2024-09-13T02:50:56.758+0000] {dag.py:3490} INFO - Setting next_dagrun for example_branch_datetime_operator_3 to 2024-09-12T00:00:00+00:00, run_after=2024-09-13T00:00:00+00:00
[2024-09-13T02:50:56.812+0000] {processor.py:179} INFO - Processing /home/airflow/.local/lib/python3.7/site-packages/airflow/example_dags/example_branch_datetime_operator.py took 0.305 seconds
[2024-09-13T02:51:27.406+0000] {processor.py:157} INFO - Started process (PID=695) to work on /home/airflow/.local/lib/python3.7/site-packages/airflow/example_dags/example_branch_datetime_operator.py
[2024-09-13T02:51:27.409+0000] {processor.py:826} INFO - Processing file /home/airflow/.local/lib/python3.7/site-packages/airflow/example_dags/example_branch_datetime_operator.py for tasks to queue
[2024-09-13T02:51:27.411+0000] {logging_mixin.py:149} INFO - [2024-09-13T02:51:27.410+0000] {dagbag.py:541} INFO - Filling up the DagBag from /home/airflow/.local/lib/python3.7/site-packages/airflow/example_dags/example_branch_datetime_operator.py
[2024-09-13T02:51:27.494+0000] {processor.py:836} INFO - DAG(s) dict_keys(['example_branch_datetime_operator', 'example_branch_datetime_operator_3', 'example_branch_datetime_operator_2']) retrieved from /home/airflow/.local/lib/python3.7/site-packages/airflow/example_dags/example_branch_datetime_operator.py
[2024-09-13T02:51:28.323+0000] {logging_mixin.py:149} INFO - [2024-09-13T02:51:28.279+0000] {dag.py:2726} INFO - Sync 3 DAGs
[2024-09-13T02:51:28.707+0000] {logging_mixin.py:149} INFO - [2024-09-13T02:51:28.706+0000] {dag.py:3490} INFO - Setting next_dagrun for example_branch_datetime_operator to 2024-09-12T00:00:00+00:00, run_after=2024-09-13T00:00:00+00:00
[2024-09-13T02:51:28.810+0000] {logging_mixin.py:149} INFO - [2024-09-13T02:51:28.800+0000] {dag.py:3490} INFO - Setting next_dagrun for example_branch_datetime_operator_2 to 2024-09-12T00:00:00+00:00, run_after=2024-09-13T00:00:00+00:00
[2024-09-13T02:51:28.861+0000] {logging_mixin.py:149} INFO - [2024-09-13T02:51:28.860+0000] {dag.py:3490} INFO - Setting next_dagrun for example_branch_datetime_operator_3 to 2024-09-12T00:00:00+00:00, run_after=2024-09-13T00:00:00+00:00
[2024-09-13T02:51:29.213+0000] {processor.py:179} INFO - Processing /home/airflow/.local/lib/python3.7/site-packages/airflow/example_dags/example_branch_datetime_operator.py took 1.820 seconds
[2024-09-13T02:51:59.570+0000] {processor.py:157} INFO - Started process (PID=763) to work on /home/airflow/.local/lib/python3.7/site-packages/airflow/example_dags/example_branch_datetime_operator.py
[2024-09-13T02:51:59.577+0000] {processor.py:826} INFO - Processing file /home/airflow/.local/lib/python3.7/site-packages/airflow/example_dags/example_branch_datetime_operator.py for tasks to queue
[2024-09-13T02:51:59.582+0000] {logging_mixin.py:149} INFO - [2024-09-13T02:51:59.581+0000] {dagbag.py:541} INFO - Filling up the DagBag from /home/airflow/.local/lib/python3.7/site-packages/airflow/example_dags/example_branch_datetime_operator.py
[2024-09-13T02:51:59.663+0000] {processor.py:836} INFO - DAG(s) dict_keys(['example_branch_datetime_operator_3', 'example_branch_datetime_operator_2', 'example_branch_datetime_operator']) retrieved from /home/airflow/.local/lib/python3.7/site-packages/airflow/example_dags/example_branch_datetime_operator.py
[2024-09-13T02:52:00.511+0000] {logging_mixin.py:149} INFO - [2024-09-13T02:52:00.494+0000] {dag.py:2726} INFO - Sync 3 DAGs
[2024-09-13T02:52:00.931+0000] {logging_mixin.py:149} INFO - [2024-09-13T02:52:00.930+0000] {dag.py:3490} INFO - Setting next_dagrun for example_branch_datetime_operator to 2024-09-12T00:00:00+00:00, run_after=2024-09-13T00:00:00+00:00
[2024-09-13T02:52:00.946+0000] {logging_mixin.py:149} INFO - [2024-09-13T02:52:00.945+0000] {dag.py:3490} INFO - Setting next_dagrun for example_branch_datetime_operator_2 to 2024-09-12T00:00:00+00:00, run_after=2024-09-13T00:00:00+00:00
[2024-09-13T02:52:00.953+0000] {logging_mixin.py:149} INFO - [2024-09-13T02:52:00.953+0000] {dag.py:3490} INFO - Setting next_dagrun for example_branch_datetime_operator_3 to 2024-09-12T00:00:00+00:00, run_after=2024-09-13T00:00:00+00:00
[2024-09-13T02:52:01.027+0000] {processor.py:179} INFO - Processing /home/airflow/.local/lib/python3.7/site-packages/airflow/example_dags/example_branch_datetime_operator.py took 1.475 seconds
[2024-09-13T02:52:31.263+0000] {processor.py:157} INFO - Started process (PID=832) to work on /home/airflow/.local/lib/python3.7/site-packages/airflow/example_dags/example_branch_datetime_operator.py
[2024-09-13T02:52:31.274+0000] {processor.py:826} INFO - Processing file /home/airflow/.local/lib/python3.7/site-packages/airflow/example_dags/example_branch_datetime_operator.py for tasks to queue
[2024-09-13T02:52:31.278+0000] {logging_mixin.py:149} INFO - [2024-09-13T02:52:31.277+0000] {dagbag.py:541} INFO - Filling up the DagBag from /home/airflow/.local/lib/python3.7/site-packages/airflow/example_dags/example_branch_datetime_operator.py
[2024-09-13T02:52:31.316+0000] {processor.py:836} INFO - DAG(s) dict_keys(['example_branch_datetime_operator', 'example_branch_datetime_operator_2', 'example_branch_datetime_operator_3']) retrieved from /home/airflow/.local/lib/python3.7/site-packages/airflow/example_dags/example_branch_datetime_operator.py
[2024-09-13T02:52:31.450+0000] {logging_mixin.py:149} INFO - [2024-09-13T02:52:31.450+0000] {dag.py:2726} INFO - Sync 3 DAGs
[2024-09-13T02:52:31.493+0000] {logging_mixin.py:149} INFO - [2024-09-13T02:52:31.493+0000] {dag.py:3490} INFO - Setting next_dagrun for example_branch_datetime_operator to 2024-09-12T00:00:00+00:00, run_after=2024-09-13T00:00:00+00:00
[2024-09-13T02:52:31.499+0000] {logging_mixin.py:149} INFO - [2024-09-13T02:52:31.499+0000] {dag.py:3490} INFO - Setting next_dagrun for example_branch_datetime_operator_2 to 2024-09-12T00:00:00+00:00, run_after=2024-09-13T00:00:00+00:00
[2024-09-13T02:52:31.502+0000] {logging_mixin.py:149} INFO - [2024-09-13T02:52:31.502+0000] {dag.py:3490} INFO - Setting next_dagrun for example_branch_datetime_operator_3 to 2024-09-12T00:00:00+00:00, run_after=2024-09-13T00:00:00+00:00
[2024-09-13T02:52:31.532+0000] {processor.py:179} INFO - Processing /home/airflow/.local/lib/python3.7/site-packages/airflow/example_dags/example_branch_datetime_operator.py took 0.282 seconds
[2024-09-13T02:53:02.163+0000] {processor.py:157} INFO - Started process (PID=901) to work on /home/airflow/.local/lib/python3.7/site-packages/airflow/example_dags/example_branch_datetime_operator.py
[2024-09-13T02:53:02.175+0000] {processor.py:826} INFO - Processing file /home/airflow/.local/lib/python3.7/site-packages/airflow/example_dags/example_branch_datetime_operator.py for tasks to queue
[2024-09-13T02:53:02.180+0000] {logging_mixin.py:149} INFO - [2024-09-13T02:53:02.180+0000] {dagbag.py:541} INFO - Filling up the DagBag from /home/airflow/.local/lib/python3.7/site-packages/airflow/example_dags/example_branch_datetime_operator.py
[2024-09-13T02:53:02.220+0000] {processor.py:836} INFO - DAG(s) dict_keys(['example_branch_datetime_operator_3', 'example_branch_datetime_operator', 'example_branch_datetime_operator_2']) retrieved from /home/airflow/.local/lib/python3.7/site-packages/airflow/example_dags/example_branch_datetime_operator.py
[2024-09-13T02:53:02.351+0000] {logging_mixin.py:149} INFO - [2024-09-13T02:53:02.350+0000] {dag.py:2726} INFO - Sync 3 DAGs
[2024-09-13T02:53:02.501+0000] {logging_mixin.py:149} INFO - [2024-09-13T02:53:02.499+0000] {dag.py:3490} INFO - Setting next_dagrun for example_branch_datetime_operator to 2024-09-12T00:00:00+00:00, run_after=2024-09-13T00:00:00+00:00
[2024-09-13T02:53:02.517+0000] {logging_mixin.py:149} INFO - [2024-09-13T02:53:02.516+0000] {dag.py:3490} INFO - Setting next_dagrun for example_branch_datetime_operator_2 to 2024-09-12T00:00:00+00:00, run_after=2024-09-13T00:00:00+00:00
[2024-09-13T02:53:02.525+0000] {logging_mixin.py:149} INFO - [2024-09-13T02:53:02.524+0000] {dag.py:3490} INFO - Setting next_dagrun for example_branch_datetime_operator_3 to 2024-09-12T00:00:00+00:00, run_after=2024-09-13T00:00:00+00:00
[2024-09-13T02:53:02.585+0000] {processor.py:179} INFO - Processing /home/airflow/.local/lib/python3.7/site-packages/airflow/example_dags/example_branch_datetime_operator.py took 0.468 seconds
[2024-09-13T02:53:33.291+0000] {processor.py:157} INFO - Started process (PID=971) to work on /home/airflow/.local/lib/python3.7/site-packages/airflow/example_dags/example_branch_datetime_operator.py
[2024-09-13T02:53:33.293+0000] {processor.py:826} INFO - Processing file /home/airflow/.local/lib/python3.7/site-packages/airflow/example_dags/example_branch_datetime_operator.py for tasks to queue
[2024-09-13T02:53:33.295+0000] {logging_mixin.py:149} INFO - [2024-09-13T02:53:33.295+0000] {dagbag.py:541} INFO - Filling up the DagBag from /home/airflow/.local/lib/python3.7/site-packages/airflow/example_dags/example_branch_datetime_operator.py
[2024-09-13T02:53:33.318+0000] {processor.py:836} INFO - DAG(s) dict_keys(['example_branch_datetime_operator', 'example_branch_datetime_operator_2', 'example_branch_datetime_operator_3']) retrieved from /home/airflow/.local/lib/python3.7/site-packages/airflow/example_dags/example_branch_datetime_operator.py
[2024-09-13T02:53:33.426+0000] {logging_mixin.py:149} INFO - [2024-09-13T02:53:33.426+0000] {dag.py:2726} INFO - Sync 3 DAGs
[2024-09-13T02:53:33.494+0000] {logging_mixin.py:149} INFO - [2024-09-13T02:53:33.494+0000] {dag.py:3490} INFO - Setting next_dagrun for example_branch_datetime_operator to 2024-09-12T00:00:00+00:00, run_after=2024-09-13T00:00:00+00:00
[2024-09-13T02:53:33.506+0000] {logging_mixin.py:149} INFO - [2024-09-13T02:53:33.505+0000] {dag.py:3490} INFO - Setting next_dagrun for example_branch_datetime_operator_2 to 2024-09-12T00:00:00+00:00, run_after=2024-09-13T00:00:00+00:00
[2024-09-13T02:53:33.512+0000] {logging_mixin.py:149} INFO - [2024-09-13T02:53:33.511+0000] {dag.py:3490} INFO - Setting next_dagrun for example_branch_datetime_operator_3 to 2024-09-12T00:00:00+00:00, run_after=2024-09-13T00:00:00+00:00
[2024-09-13T02:53:33.560+0000] {processor.py:179} INFO - Processing /home/airflow/.local/lib/python3.7/site-packages/airflow/example_dags/example_branch_datetime_operator.py took 0.277 seconds
[2024-09-13T02:54:06.820+0000] {processor.py:157} INFO - Started process (PID=1042) to work on /home/airflow/.local/lib/python3.7/site-packages/airflow/example_dags/example_branch_datetime_operator.py
[2024-09-13T02:54:06.823+0000] {processor.py:826} INFO - Processing file /home/airflow/.local/lib/python3.7/site-packages/airflow/example_dags/example_branch_datetime_operator.py for tasks to queue
[2024-09-13T02:54:06.826+0000] {logging_mixin.py:149} INFO - [2024-09-13T02:54:06.825+0000] {dagbag.py:541} INFO - Filling up the DagBag from /home/airflow/.local/lib/python3.7/site-packages/airflow/example_dags/example_branch_datetime_operator.py
[2024-09-13T02:54:06.857+0000] {processor.py:836} INFO - DAG(s) dict_keys(['example_branch_datetime_operator_3', 'example_branch_datetime_operator_2', 'example_branch_datetime_operator']) retrieved from /home/airflow/.local/lib/python3.7/site-packages/airflow/example_dags/example_branch_datetime_operator.py
[2024-09-13T02:54:06.976+0000] {logging_mixin.py:149} INFO - [2024-09-13T02:54:06.975+0000] {dag.py:2726} INFO - Sync 3 DAGs
[2024-09-13T02:54:07.087+0000] {logging_mixin.py:149} INFO - [2024-09-13T02:54:07.087+0000] {dag.py:3490} INFO - Setting next_dagrun for example_branch_datetime_operator to 2024-09-12T00:00:00+00:00, run_after=2024-09-13T00:00:00+00:00
[2024-09-13T02:54:07.103+0000] {logging_mixin.py:149} INFO - [2024-09-13T02:54:07.103+0000] {dag.py:3490} INFO - Setting next_dagrun for example_branch_datetime_operator_2 to 2024-09-12T00:00:00+00:00, run_after=2024-09-13T00:00:00+00:00
[2024-09-13T02:54:07.110+0000] {logging_mixin.py:149} INFO - [2024-09-13T02:54:07.110+0000] {dag.py:3490} INFO - Setting next_dagrun for example_branch_datetime_operator_3 to 2024-09-12T00:00:00+00:00, run_after=2024-09-13T00:00:00+00:00
[2024-09-13T02:54:07.164+0000] {processor.py:179} INFO - Processing /home/airflow/.local/lib/python3.7/site-packages/airflow/example_dags/example_branch_datetime_operator.py took 0.361 seconds
[2024-09-13T02:54:37.951+0000] {processor.py:157} INFO - Started process (PID=1111) to work on /home/airflow/.local/lib/python3.7/site-packages/airflow/example_dags/example_branch_datetime_operator.py
[2024-09-13T02:54:37.954+0000] {processor.py:826} INFO - Processing file /home/airflow/.local/lib/python3.7/site-packages/airflow/example_dags/example_branch_datetime_operator.py for tasks to queue
[2024-09-13T02:54:37.957+0000] {logging_mixin.py:149} INFO - [2024-09-13T02:54:37.956+0000] {dagbag.py:541} INFO - Filling up the DagBag from /home/airflow/.local/lib/python3.7/site-packages/airflow/example_dags/example_branch_datetime_operator.py
[2024-09-13T02:54:37.984+0000] {processor.py:836} INFO - DAG(s) dict_keys(['example_branch_datetime_operator', 'example_branch_datetime_operator_2', 'example_branch_datetime_operator_3']) retrieved from /home/airflow/.local/lib/python3.7/site-packages/airflow/example_dags/example_branch_datetime_operator.py
[2024-09-13T02:54:38.083+0000] {logging_mixin.py:149} INFO - [2024-09-13T02:54:38.083+0000] {dag.py:2726} INFO - Sync 3 DAGs
[2024-09-13T02:54:38.163+0000] {logging_mixin.py:149} INFO - [2024-09-13T02:54:38.163+0000] {dag.py:3490} INFO - Setting next_dagrun for example_branch_datetime_operator to 2024-09-12T00:00:00+00:00, run_after=2024-09-13T00:00:00+00:00
[2024-09-13T02:54:38.178+0000] {logging_mixin.py:149} INFO - [2024-09-13T02:54:38.177+0000] {dag.py:3490} INFO - Setting next_dagrun for example_branch_datetime_operator_2 to 2024-09-12T00:00:00+00:00, run_after=2024-09-13T00:00:00+00:00
[2024-09-13T02:54:38.183+0000] {logging_mixin.py:149} INFO - [2024-09-13T02:54:38.183+0000] {dag.py:3490} INFO - Setting next_dagrun for example_branch_datetime_operator_3 to 2024-09-12T00:00:00+00:00, run_after=2024-09-13T00:00:00+00:00
[2024-09-13T02:54:38.229+0000] {processor.py:179} INFO - Processing /home/airflow/.local/lib/python3.7/site-packages/airflow/example_dags/example_branch_datetime_operator.py took 0.287 seconds
[2024-09-13T02:55:16.325+0000] {processor.py:157} INFO - Started process (PID=1189) to work on /home/airflow/.local/lib/python3.7/site-packages/airflow/example_dags/example_branch_datetime_operator.py
[2024-09-13T02:55:16.330+0000] {processor.py:826} INFO - Processing file /home/airflow/.local/lib/python3.7/site-packages/airflow/example_dags/example_branch_datetime_operator.py for tasks to queue
[2024-09-13T02:55:16.333+0000] {logging_mixin.py:149} INFO - [2024-09-13T02:55:16.333+0000] {dagbag.py:541} INFO - Filling up the DagBag from /home/airflow/.local/lib/python3.7/site-packages/airflow/example_dags/example_branch_datetime_operator.py
[2024-09-13T02:55:16.362+0000] {processor.py:836} INFO - DAG(s) dict_keys(['example_branch_datetime_operator_2', 'example_branch_datetime_operator', 'example_branch_datetime_operator_3']) retrieved from /home/airflow/.local/lib/python3.7/site-packages/airflow/example_dags/example_branch_datetime_operator.py
[2024-09-13T02:55:16.513+0000] {logging_mixin.py:149} INFO - [2024-09-13T02:55:16.512+0000] {dag.py:2726} INFO - Sync 3 DAGs
[2024-09-13T02:55:16.638+0000] {logging_mixin.py:149} INFO - [2024-09-13T02:55:16.637+0000] {dag.py:3490} INFO - Setting next_dagrun for example_branch_datetime_operator to 2024-09-12T00:00:00+00:00, run_after=2024-09-13T00:00:00+00:00
[2024-09-13T02:55:16.660+0000] {logging_mixin.py:149} INFO - [2024-09-13T02:55:16.660+0000] {dag.py:3490} INFO - Setting next_dagrun for example_branch_datetime_operator_2 to 2024-09-12T00:00:00+00:00, run_after=2024-09-13T00:00:00+00:00
[2024-09-13T02:55:16.668+0000] {logging_mixin.py:149} INFO - [2024-09-13T02:55:16.668+0000] {dag.py:3490} INFO - Setting next_dagrun for example_branch_datetime_operator_3 to 2024-09-12T00:00:00+00:00, run_after=2024-09-13T00:00:00+00:00
[2024-09-13T02:55:16.719+0000] {processor.py:179} INFO - Processing /home/airflow/.local/lib/python3.7/site-packages/airflow/example_dags/example_branch_datetime_operator.py took 0.404 seconds
[2024-09-13T02:55:52.061+0000] {processor.py:157} INFO - Started process (PID=1263) to work on /home/airflow/.local/lib/python3.7/site-packages/airflow/example_dags/example_branch_datetime_operator.py
[2024-09-13T02:55:52.065+0000] {processor.py:826} INFO - Processing file /home/airflow/.local/lib/python3.7/site-packages/airflow/example_dags/example_branch_datetime_operator.py for tasks to queue
[2024-09-13T02:55:52.073+0000] {logging_mixin.py:149} INFO - [2024-09-13T02:55:52.072+0000] {dagbag.py:541} INFO - Filling up the DagBag from /home/airflow/.local/lib/python3.7/site-packages/airflow/example_dags/example_branch_datetime_operator.py
[2024-09-13T02:55:52.121+0000] {processor.py:836} INFO - DAG(s) dict_keys(['example_branch_datetime_operator', 'example_branch_datetime_operator_3', 'example_branch_datetime_operator_2']) retrieved from /home/airflow/.local/lib/python3.7/site-packages/airflow/example_dags/example_branch_datetime_operator.py
[2024-09-13T02:55:52.252+0000] {logging_mixin.py:149} INFO - [2024-09-13T02:55:52.251+0000] {dag.py:2726} INFO - Sync 3 DAGs
[2024-09-13T02:55:52.357+0000] {logging_mixin.py:149} INFO - [2024-09-13T02:55:52.356+0000] {dag.py:3490} INFO - Setting next_dagrun for example_branch_datetime_operator to 2024-09-12T00:00:00+00:00, run_after=2024-09-13T00:00:00+00:00
[2024-09-13T02:55:52.375+0000] {logging_mixin.py:149} INFO - [2024-09-13T02:55:52.375+0000] {dag.py:3490} INFO - Setting next_dagrun for example_branch_datetime_operator_2 to 2024-09-12T00:00:00+00:00, run_after=2024-09-13T00:00:00+00:00
[2024-09-13T02:55:52.382+0000] {logging_mixin.py:149} INFO - [2024-09-13T02:55:52.381+0000] {dag.py:3490} INFO - Setting next_dagrun for example_branch_datetime_operator_3 to 2024-09-12T00:00:00+00:00, run_after=2024-09-13T00:00:00+00:00
[2024-09-13T02:55:52.467+0000] {processor.py:179} INFO - Processing /home/airflow/.local/lib/python3.7/site-packages/airflow/example_dags/example_branch_datetime_operator.py took 0.415 seconds
[2024-09-13T02:56:26.288+0000] {processor.py:157} INFO - Started process (PID=1332) to work on /home/airflow/.local/lib/python3.7/site-packages/airflow/example_dags/example_branch_datetime_operator.py
[2024-09-13T02:56:26.290+0000] {processor.py:826} INFO - Processing file /home/airflow/.local/lib/python3.7/site-packages/airflow/example_dags/example_branch_datetime_operator.py for tasks to queue
[2024-09-13T02:56:26.291+0000] {logging_mixin.py:149} INFO - [2024-09-13T02:56:26.291+0000] {dagbag.py:541} INFO - Filling up the DagBag from /home/airflow/.local/lib/python3.7/site-packages/airflow/example_dags/example_branch_datetime_operator.py
[2024-09-13T02:56:26.316+0000] {processor.py:836} INFO - DAG(s) dict_keys(['example_branch_datetime_operator_2', 'example_branch_datetime_operator', 'example_branch_datetime_operator_3']) retrieved from /home/airflow/.local/lib/python3.7/site-packages/airflow/example_dags/example_branch_datetime_operator.py
[2024-09-13T02:56:26.451+0000] {logging_mixin.py:149} INFO - [2024-09-13T02:56:26.449+0000] {dag.py:2726} INFO - Sync 3 DAGs
[2024-09-13T02:56:26.724+0000] {logging_mixin.py:149} INFO - [2024-09-13T02:56:26.723+0000] {dag.py:3490} INFO - Setting next_dagrun for example_branch_datetime_operator to 2024-09-12T00:00:00+00:00, run_after=2024-09-13T00:00:00+00:00
[2024-09-13T02:56:26.742+0000] {logging_mixin.py:149} INFO - [2024-09-13T02:56:26.741+0000] {dag.py:3490} INFO - Setting next_dagrun for example_branch_datetime_operator_2 to 2024-09-12T00:00:00+00:00, run_after=2024-09-13T00:00:00+00:00
[2024-09-13T02:56:26.759+0000] {logging_mixin.py:149} INFO - [2024-09-13T02:56:26.758+0000] {dag.py:3490} INFO - Setting next_dagrun for example_branch_datetime_operator_3 to 2024-09-12T00:00:00+00:00, run_after=2024-09-13T00:00:00+00:00
[2024-09-13T02:56:26.813+0000] {processor.py:179} INFO - Processing /home/airflow/.local/lib/python3.7/site-packages/airflow/example_dags/example_branch_datetime_operator.py took 0.532 seconds
[2024-09-13T02:56:57.488+0000] {processor.py:157} INFO - Started process (PID=1401) to work on /home/airflow/.local/lib/python3.7/site-packages/airflow/example_dags/example_branch_datetime_operator.py
[2024-09-13T02:56:57.492+0000] {processor.py:826} INFO - Processing file /home/airflow/.local/lib/python3.7/site-packages/airflow/example_dags/example_branch_datetime_operator.py for tasks to queue
[2024-09-13T02:56:57.497+0000] {logging_mixin.py:149} INFO - [2024-09-13T02:56:57.495+0000] {dagbag.py:541} INFO - Filling up the DagBag from /home/airflow/.local/lib/python3.7/site-packages/airflow/example_dags/example_branch_datetime_operator.py
[2024-09-13T02:56:57.538+0000] {processor.py:836} INFO - DAG(s) dict_keys(['example_branch_datetime_operator_2', 'example_branch_datetime_operator', 'example_branch_datetime_operator_3']) retrieved from /home/airflow/.local/lib/python3.7/site-packages/airflow/example_dags/example_branch_datetime_operator.py
[2024-09-13T02:56:57.785+0000] {logging_mixin.py:149} INFO - [2024-09-13T02:56:57.785+0000] {dag.py:2726} INFO - Sync 3 DAGs
[2024-09-13T02:56:57.912+0000] {logging_mixin.py:149} INFO - [2024-09-13T02:56:57.912+0000] {dag.py:3490} INFO - Setting next_dagrun for example_branch_datetime_operator to 2024-09-12T00:00:00+00:00, run_after=2024-09-13T00:00:00+00:00
[2024-09-13T02:56:57.929+0000] {logging_mixin.py:149} INFO - [2024-09-13T02:56:57.929+0000] {dag.py:3490} INFO - Setting next_dagrun for example_branch_datetime_operator_2 to 2024-09-12T00:00:00+00:00, run_after=2024-09-13T00:00:00+00:00
[2024-09-13T02:56:57.940+0000] {logging_mixin.py:149} INFO - [2024-09-13T02:56:57.939+0000] {dag.py:3490} INFO - Setting next_dagrun for example_branch_datetime_operator_3 to 2024-09-12T00:00:00+00:00, run_after=2024-09-13T00:00:00+00:00
[2024-09-13T02:56:58.010+0000] {processor.py:179} INFO - Processing /home/airflow/.local/lib/python3.7/site-packages/airflow/example_dags/example_branch_datetime_operator.py took 0.552 seconds
