[2024-09-13T02:45:05.505+0000] {processor.py:157} INFO - Started process (PID=100) to work on /home/airflow/.local/lib/python3.7/site-packages/airflow/example_dags/tutorial_dag.py
[2024-09-13T02:45:05.628+0000] {processor.py:826} INFO - Processing file /home/airflow/.local/lib/python3.7/site-packages/airflow/example_dags/tutorial_dag.py for tasks to queue
[2024-09-13T02:45:05.796+0000] {logging_mixin.py:149} INFO - [2024-09-13T02:45:05.788+0000] {dagbag.py:541} INFO - Filling up the DagBag from /home/airflow/.local/lib/python3.7/site-packages/airflow/example_dags/tutorial_dag.py
[2024-09-13T02:45:07.004+0000] {processor.py:836} INFO - DAG(s) dict_keys(['tutorial_dag']) retrieved from /home/airflow/.local/lib/python3.7/site-packages/airflow/example_dags/tutorial_dag.py
[2024-09-13T02:45:11.083+0000] {logging_mixin.py:149} INFO - [2024-09-13T02:45:10.609+0000] {dag.py:2726} INFO - Sync 1 DAGs
[2024-09-13T02:45:13.688+0000] {logging_mixin.py:149} INFO - [2024-09-13T02:45:13.674+0000] {dag.py:3490} INFO - Setting next_dagrun for tutorial_dag to None, run_after=None
[2024-09-13T02:45:14.387+0000] {processor.py:179} INFO - Processing /home/airflow/.local/lib/python3.7/site-packages/airflow/example_dags/tutorial_dag.py took 10.580 seconds
[2024-09-13T02:47:30.000+0000] {processor.py:157} INFO - Started process (PID=190) to work on /home/airflow/.local/lib/python3.7/site-packages/airflow/example_dags/tutorial_dag.py
[2024-09-13T02:47:30.004+0000] {processor.py:826} INFO - Processing file /home/airflow/.local/lib/python3.7/site-packages/airflow/example_dags/tutorial_dag.py for tasks to queue
[2024-09-13T02:47:30.006+0000] {logging_mixin.py:149} INFO - [2024-09-13T02:47:30.006+0000] {dagbag.py:541} INFO - Filling up the DagBag from /home/airflow/.local/lib/python3.7/site-packages/airflow/example_dags/tutorial_dag.py
[2024-09-13T02:47:30.024+0000] {processor.py:836} INFO - DAG(s) dict_keys(['tutorial_dag']) retrieved from /home/airflow/.local/lib/python3.7/site-packages/airflow/example_dags/tutorial_dag.py
[2024-09-13T02:47:30.093+0000] {logging_mixin.py:149} INFO - [2024-09-13T02:47:30.093+0000] {dag.py:2726} INFO - Sync 1 DAGs
[2024-09-13T02:47:30.157+0000] {logging_mixin.py:149} INFO - [2024-09-13T02:47:30.156+0000] {dag.py:3490} INFO - Setting next_dagrun for tutorial_dag to None, run_after=None
[2024-09-13T02:47:30.231+0000] {processor.py:179} INFO - Processing /home/airflow/.local/lib/python3.7/site-packages/airflow/example_dags/tutorial_dag.py took 0.240 seconds
[2024-09-13T02:48:01.479+0000] {processor.py:157} INFO - Started process (PID=259) to work on /home/airflow/.local/lib/python3.7/site-packages/airflow/example_dags/tutorial_dag.py
[2024-09-13T02:48:01.482+0000] {processor.py:826} INFO - Processing file /home/airflow/.local/lib/python3.7/site-packages/airflow/example_dags/tutorial_dag.py for tasks to queue
[2024-09-13T02:48:01.484+0000] {logging_mixin.py:149} INFO - [2024-09-13T02:48:01.484+0000] {dagbag.py:541} INFO - Filling up the DagBag from /home/airflow/.local/lib/python3.7/site-packages/airflow/example_dags/tutorial_dag.py
[2024-09-13T02:48:01.499+0000] {processor.py:836} INFO - DAG(s) dict_keys(['tutorial_dag']) retrieved from /home/airflow/.local/lib/python3.7/site-packages/airflow/example_dags/tutorial_dag.py
[2024-09-13T02:48:01.652+0000] {logging_mixin.py:149} INFO - [2024-09-13T02:48:01.652+0000] {dag.py:2726} INFO - Sync 1 DAGs
[2024-09-13T02:48:01.730+0000] {logging_mixin.py:149} INFO - [2024-09-13T02:48:01.729+0000] {dag.py:3490} INFO - Setting next_dagrun for tutorial_dag to None, run_after=None
[2024-09-13T02:48:01.806+0000] {processor.py:179} INFO - Processing /home/airflow/.local/lib/python3.7/site-packages/airflow/example_dags/tutorial_dag.py took 0.334 seconds
[2024-09-13T02:48:32.584+0000] {processor.py:157} INFO - Started process (PID=328) to work on /home/airflow/.local/lib/python3.7/site-packages/airflow/example_dags/tutorial_dag.py
[2024-09-13T02:48:32.586+0000] {processor.py:826} INFO - Processing file /home/airflow/.local/lib/python3.7/site-packages/airflow/example_dags/tutorial_dag.py for tasks to queue
[2024-09-13T02:48:32.588+0000] {logging_mixin.py:149} INFO - [2024-09-13T02:48:32.588+0000] {dagbag.py:541} INFO - Filling up the DagBag from /home/airflow/.local/lib/python3.7/site-packages/airflow/example_dags/tutorial_dag.py
[2024-09-13T02:48:32.599+0000] {processor.py:836} INFO - DAG(s) dict_keys(['tutorial_dag']) retrieved from /home/airflow/.local/lib/python3.7/site-packages/airflow/example_dags/tutorial_dag.py
[2024-09-13T02:48:32.647+0000] {logging_mixin.py:149} INFO - [2024-09-13T02:48:32.646+0000] {dag.py:2726} INFO - Sync 1 DAGs
[2024-09-13T02:48:32.696+0000] {logging_mixin.py:149} INFO - [2024-09-13T02:48:32.695+0000] {dag.py:3490} INFO - Setting next_dagrun for tutorial_dag to None, run_after=None
[2024-09-13T02:48:32.735+0000] {processor.py:179} INFO - Processing /home/airflow/.local/lib/python3.7/site-packages/airflow/example_dags/tutorial_dag.py took 0.158 seconds
[2024-09-13T02:49:16.357+0000] {processor.py:157} INFO - Started process (PID=411) to work on /home/airflow/.local/lib/python3.7/site-packages/airflow/example_dags/tutorial_dag.py
[2024-09-13T02:49:16.374+0000] {processor.py:826} INFO - Processing file /home/airflow/.local/lib/python3.7/site-packages/airflow/example_dags/tutorial_dag.py for tasks to queue
[2024-09-13T02:49:16.383+0000] {logging_mixin.py:149} INFO - [2024-09-13T02:49:16.382+0000] {dagbag.py:541} INFO - Filling up the DagBag from /home/airflow/.local/lib/python3.7/site-packages/airflow/example_dags/tutorial_dag.py
[2024-09-13T02:49:16.407+0000] {processor.py:836} INFO - DAG(s) dict_keys(['tutorial_dag']) retrieved from /home/airflow/.local/lib/python3.7/site-packages/airflow/example_dags/tutorial_dag.py
[2024-09-13T02:49:16.613+0000] {logging_mixin.py:149} INFO - [2024-09-13T02:49:16.613+0000] {dag.py:2726} INFO - Sync 1 DAGs
[2024-09-13T02:49:16.720+0000] {logging_mixin.py:149} INFO - [2024-09-13T02:49:16.719+0000] {dag.py:3490} INFO - Setting next_dagrun for tutorial_dag to None, run_after=None
[2024-09-13T02:49:16.790+0000] {processor.py:179} INFO - Processing /home/airflow/.local/lib/python3.7/site-packages/airflow/example_dags/tutorial_dag.py took 0.446 seconds
[2024-09-13T02:49:52.323+0000] {processor.py:157} INFO - Started process (PID=482) to work on /home/airflow/.local/lib/python3.7/site-packages/airflow/example_dags/tutorial_dag.py
[2024-09-13T02:49:52.328+0000] {processor.py:826} INFO - Processing file /home/airflow/.local/lib/python3.7/site-packages/airflow/example_dags/tutorial_dag.py for tasks to queue
[2024-09-13T02:49:52.333+0000] {logging_mixin.py:149} INFO - [2024-09-13T02:49:52.332+0000] {dagbag.py:541} INFO - Filling up the DagBag from /home/airflow/.local/lib/python3.7/site-packages/airflow/example_dags/tutorial_dag.py
[2024-09-13T02:49:52.352+0000] {processor.py:836} INFO - DAG(s) dict_keys(['tutorial_dag']) retrieved from /home/airflow/.local/lib/python3.7/site-packages/airflow/example_dags/tutorial_dag.py
[2024-09-13T02:49:52.466+0000] {logging_mixin.py:149} INFO - [2024-09-13T02:49:52.466+0000] {dag.py:2726} INFO - Sync 1 DAGs
[2024-09-13T02:49:52.574+0000] {logging_mixin.py:149} INFO - [2024-09-13T02:49:52.572+0000] {dag.py:3490} INFO - Setting next_dagrun for tutorial_dag to None, run_after=None
[2024-09-13T02:49:52.678+0000] {processor.py:179} INFO - Processing /home/airflow/.local/lib/python3.7/site-packages/airflow/example_dags/tutorial_dag.py took 0.379 seconds
[2024-09-13T02:50:23.168+0000] {processor.py:157} INFO - Started process (PID=551) to work on /home/airflow/.local/lib/python3.7/site-packages/airflow/example_dags/tutorial_dag.py
[2024-09-13T02:50:23.170+0000] {processor.py:826} INFO - Processing file /home/airflow/.local/lib/python3.7/site-packages/airflow/example_dags/tutorial_dag.py for tasks to queue
[2024-09-13T02:50:23.172+0000] {logging_mixin.py:149} INFO - [2024-09-13T02:50:23.171+0000] {dagbag.py:541} INFO - Filling up the DagBag from /home/airflow/.local/lib/python3.7/site-packages/airflow/example_dags/tutorial_dag.py
[2024-09-13T02:50:23.184+0000] {processor.py:836} INFO - DAG(s) dict_keys(['tutorial_dag']) retrieved from /home/airflow/.local/lib/python3.7/site-packages/airflow/example_dags/tutorial_dag.py
[2024-09-13T02:50:23.291+0000] {logging_mixin.py:149} INFO - [2024-09-13T02:50:23.290+0000] {dag.py:2726} INFO - Sync 1 DAGs
[2024-09-13T02:50:23.372+0000] {logging_mixin.py:149} INFO - [2024-09-13T02:50:23.372+0000] {dag.py:3490} INFO - Setting next_dagrun for tutorial_dag to None, run_after=None
[2024-09-13T02:50:23.435+0000] {processor.py:179} INFO - Processing /home/airflow/.local/lib/python3.7/site-packages/airflow/example_dags/tutorial_dag.py took 0.277 seconds
[2024-09-13T02:50:53.849+0000] {processor.py:157} INFO - Started process (PID=620) to work on /home/airflow/.local/lib/python3.7/site-packages/airflow/example_dags/tutorial_dag.py
[2024-09-13T02:50:53.851+0000] {processor.py:826} INFO - Processing file /home/airflow/.local/lib/python3.7/site-packages/airflow/example_dags/tutorial_dag.py for tasks to queue
[2024-09-13T02:50:53.853+0000] {logging_mixin.py:149} INFO - [2024-09-13T02:50:53.853+0000] {dagbag.py:541} INFO - Filling up the DagBag from /home/airflow/.local/lib/python3.7/site-packages/airflow/example_dags/tutorial_dag.py
[2024-09-13T02:50:53.863+0000] {processor.py:836} INFO - DAG(s) dict_keys(['tutorial_dag']) retrieved from /home/airflow/.local/lib/python3.7/site-packages/airflow/example_dags/tutorial_dag.py
[2024-09-13T02:50:53.917+0000] {logging_mixin.py:149} INFO - [2024-09-13T02:50:53.917+0000] {dag.py:2726} INFO - Sync 1 DAGs
[2024-09-13T02:50:53.991+0000] {logging_mixin.py:149} INFO - [2024-09-13T02:50:53.990+0000] {dag.py:3490} INFO - Setting next_dagrun for tutorial_dag to None, run_after=None
[2024-09-13T02:50:54.052+0000] {processor.py:179} INFO - Processing /home/airflow/.local/lib/python3.7/site-packages/airflow/example_dags/tutorial_dag.py took 0.210 seconds
[2024-09-13T02:51:24.508+0000] {processor.py:157} INFO - Started process (PID=689) to work on /home/airflow/.local/lib/python3.7/site-packages/airflow/example_dags/tutorial_dag.py
[2024-09-13T02:51:24.510+0000] {processor.py:826} INFO - Processing file /home/airflow/.local/lib/python3.7/site-packages/airflow/example_dags/tutorial_dag.py for tasks to queue
[2024-09-13T02:51:24.512+0000] {logging_mixin.py:149} INFO - [2024-09-13T02:51:24.512+0000] {dagbag.py:541} INFO - Filling up the DagBag from /home/airflow/.local/lib/python3.7/site-packages/airflow/example_dags/tutorial_dag.py
[2024-09-13T02:51:24.524+0000] {processor.py:836} INFO - DAG(s) dict_keys(['tutorial_dag']) retrieved from /home/airflow/.local/lib/python3.7/site-packages/airflow/example_dags/tutorial_dag.py
[2024-09-13T02:51:24.581+0000] {logging_mixin.py:149} INFO - [2024-09-13T02:51:24.581+0000] {dag.py:2726} INFO - Sync 1 DAGs
[2024-09-13T02:51:24.638+0000] {logging_mixin.py:149} INFO - [2024-09-13T02:51:24.638+0000] {dag.py:3490} INFO - Setting next_dagrun for tutorial_dag to None, run_after=None
[2024-09-13T02:51:24.686+0000] {processor.py:179} INFO - Processing /home/airflow/.local/lib/python3.7/site-packages/airflow/example_dags/tutorial_dag.py took 0.186 seconds
[2024-09-13T02:51:55.514+0000] {processor.py:157} INFO - Started process (PID=758) to work on /home/airflow/.local/lib/python3.7/site-packages/airflow/example_dags/tutorial_dag.py
[2024-09-13T02:51:55.517+0000] {processor.py:826} INFO - Processing file /home/airflow/.local/lib/python3.7/site-packages/airflow/example_dags/tutorial_dag.py for tasks to queue
[2024-09-13T02:51:55.520+0000] {logging_mixin.py:149} INFO - [2024-09-13T02:51:55.519+0000] {dagbag.py:541} INFO - Filling up the DagBag from /home/airflow/.local/lib/python3.7/site-packages/airflow/example_dags/tutorial_dag.py
[2024-09-13T02:51:55.543+0000] {processor.py:836} INFO - DAG(s) dict_keys(['tutorial_dag']) retrieved from /home/airflow/.local/lib/python3.7/site-packages/airflow/example_dags/tutorial_dag.py
[2024-09-13T02:51:56.269+0000] {logging_mixin.py:149} INFO - [2024-09-13T02:51:56.267+0000] {dag.py:2726} INFO - Sync 1 DAGs
[2024-09-13T02:51:56.403+0000] {logging_mixin.py:149} INFO - [2024-09-13T02:51:56.402+0000] {dag.py:3490} INFO - Setting next_dagrun for tutorial_dag to None, run_after=None
[2024-09-13T02:51:56.532+0000] {processor.py:179} INFO - Processing /home/airflow/.local/lib/python3.7/site-packages/airflow/example_dags/tutorial_dag.py took 1.030 seconds
[2024-09-13T02:52:26.638+0000] {processor.py:157} INFO - Started process (PID=826) to work on /home/airflow/.local/lib/python3.7/site-packages/airflow/example_dags/tutorial_dag.py
[2024-09-13T02:52:26.640+0000] {processor.py:826} INFO - Processing file /home/airflow/.local/lib/python3.7/site-packages/airflow/example_dags/tutorial_dag.py for tasks to queue
[2024-09-13T02:52:26.641+0000] {logging_mixin.py:149} INFO - [2024-09-13T02:52:26.641+0000] {dagbag.py:541} INFO - Filling up the DagBag from /home/airflow/.local/lib/python3.7/site-packages/airflow/example_dags/tutorial_dag.py
[2024-09-13T02:52:26.649+0000] {processor.py:836} INFO - DAG(s) dict_keys(['tutorial_dag']) retrieved from /home/airflow/.local/lib/python3.7/site-packages/airflow/example_dags/tutorial_dag.py
[2024-09-13T02:52:26.683+0000] {logging_mixin.py:149} INFO - [2024-09-13T02:52:26.683+0000] {dag.py:2726} INFO - Sync 1 DAGs
[2024-09-13T02:52:26.709+0000] {logging_mixin.py:149} INFO - [2024-09-13T02:52:26.709+0000] {dag.py:3490} INFO - Setting next_dagrun for tutorial_dag to None, run_after=None
[2024-09-13T02:52:26.729+0000] {processor.py:179} INFO - Processing /home/airflow/.local/lib/python3.7/site-packages/airflow/example_dags/tutorial_dag.py took 0.096 seconds
[2024-09-13T02:52:58.862+0000] {processor.py:157} INFO - Started process (PID=896) to work on /home/airflow/.local/lib/python3.7/site-packages/airflow/example_dags/tutorial_dag.py
[2024-09-13T02:52:58.872+0000] {processor.py:826} INFO - Processing file /home/airflow/.local/lib/python3.7/site-packages/airflow/example_dags/tutorial_dag.py for tasks to queue
[2024-09-13T02:52:58.883+0000] {logging_mixin.py:149} INFO - [2024-09-13T02:52:58.882+0000] {dagbag.py:541} INFO - Filling up the DagBag from /home/airflow/.local/lib/python3.7/site-packages/airflow/example_dags/tutorial_dag.py
[2024-09-13T02:52:58.958+0000] {processor.py:836} INFO - DAG(s) dict_keys(['tutorial_dag']) retrieved from /home/airflow/.local/lib/python3.7/site-packages/airflow/example_dags/tutorial_dag.py
[2024-09-13T02:52:59.187+0000] {logging_mixin.py:149} INFO - [2024-09-13T02:52:59.186+0000] {dag.py:2726} INFO - Sync 1 DAGs
[2024-09-13T02:52:59.373+0000] {logging_mixin.py:149} INFO - [2024-09-13T02:52:59.372+0000] {dag.py:3490} INFO - Setting next_dagrun for tutorial_dag to None, run_after=None
[2024-09-13T02:52:59.472+0000] {processor.py:179} INFO - Processing /home/airflow/.local/lib/python3.7/site-packages/airflow/example_dags/tutorial_dag.py took 0.734 seconds
[2024-09-13T02:53:29.696+0000] {processor.py:157} INFO - Started process (PID=965) to work on /home/airflow/.local/lib/python3.7/site-packages/airflow/example_dags/tutorial_dag.py
[2024-09-13T02:53:29.700+0000] {processor.py:826} INFO - Processing file /home/airflow/.local/lib/python3.7/site-packages/airflow/example_dags/tutorial_dag.py for tasks to queue
[2024-09-13T02:53:29.702+0000] {logging_mixin.py:149} INFO - [2024-09-13T02:53:29.701+0000] {dagbag.py:541} INFO - Filling up the DagBag from /home/airflow/.local/lib/python3.7/site-packages/airflow/example_dags/tutorial_dag.py
[2024-09-13T02:53:29.712+0000] {processor.py:836} INFO - DAG(s) dict_keys(['tutorial_dag']) retrieved from /home/airflow/.local/lib/python3.7/site-packages/airflow/example_dags/tutorial_dag.py
[2024-09-13T02:53:29.768+0000] {logging_mixin.py:149} INFO - [2024-09-13T02:53:29.768+0000] {dag.py:2726} INFO - Sync 1 DAGs
[2024-09-13T02:53:29.805+0000] {logging_mixin.py:149} INFO - [2024-09-13T02:53:29.805+0000] {dag.py:3490} INFO - Setting next_dagrun for tutorial_dag to None, run_after=None
[2024-09-13T02:53:29.857+0000] {processor.py:179} INFO - Processing /home/airflow/.local/lib/python3.7/site-packages/airflow/example_dags/tutorial_dag.py took 0.172 seconds
[2024-09-13T02:54:05.491+0000] {processor.py:157} INFO - Started process (PID=1034) to work on /home/airflow/.local/lib/python3.7/site-packages/airflow/example_dags/tutorial_dag.py
[2024-09-13T02:54:05.494+0000] {processor.py:826} INFO - Processing file /home/airflow/.local/lib/python3.7/site-packages/airflow/example_dags/tutorial_dag.py for tasks to queue
[2024-09-13T02:54:05.495+0000] {logging_mixin.py:149} INFO - [2024-09-13T02:54:05.495+0000] {dagbag.py:541} INFO - Filling up the DagBag from /home/airflow/.local/lib/python3.7/site-packages/airflow/example_dags/tutorial_dag.py
[2024-09-13T02:54:05.506+0000] {processor.py:836} INFO - DAG(s) dict_keys(['tutorial_dag']) retrieved from /home/airflow/.local/lib/python3.7/site-packages/airflow/example_dags/tutorial_dag.py
[2024-09-13T02:54:05.569+0000] {logging_mixin.py:149} INFO - [2024-09-13T02:54:05.568+0000] {dag.py:2726} INFO - Sync 1 DAGs
[2024-09-13T02:54:05.669+0000] {logging_mixin.py:149} INFO - [2024-09-13T02:54:05.669+0000] {dag.py:3490} INFO - Setting next_dagrun for tutorial_dag to None, run_after=None
[2024-09-13T02:54:05.725+0000] {processor.py:179} INFO - Processing /home/airflow/.local/lib/python3.7/site-packages/airflow/example_dags/tutorial_dag.py took 0.243 seconds
[2024-09-13T02:54:36.766+0000] {processor.py:157} INFO - Started process (PID=1103) to work on /home/airflow/.local/lib/python3.7/site-packages/airflow/example_dags/tutorial_dag.py
[2024-09-13T02:54:36.768+0000] {processor.py:826} INFO - Processing file /home/airflow/.local/lib/python3.7/site-packages/airflow/example_dags/tutorial_dag.py for tasks to queue
[2024-09-13T02:54:36.771+0000] {logging_mixin.py:149} INFO - [2024-09-13T02:54:36.771+0000] {dagbag.py:541} INFO - Filling up the DagBag from /home/airflow/.local/lib/python3.7/site-packages/airflow/example_dags/tutorial_dag.py
[2024-09-13T02:54:36.791+0000] {processor.py:836} INFO - DAG(s) dict_keys(['tutorial_dag']) retrieved from /home/airflow/.local/lib/python3.7/site-packages/airflow/example_dags/tutorial_dag.py
[2024-09-13T02:54:36.866+0000] {logging_mixin.py:149} INFO - [2024-09-13T02:54:36.865+0000] {dag.py:2726} INFO - Sync 1 DAGs
[2024-09-13T02:54:36.958+0000] {logging_mixin.py:149} INFO - [2024-09-13T02:54:36.957+0000] {dag.py:3490} INFO - Setting next_dagrun for tutorial_dag to None, run_after=None
[2024-09-13T02:54:37.034+0000] {processor.py:179} INFO - Processing /home/airflow/.local/lib/python3.7/site-packages/airflow/example_dags/tutorial_dag.py took 0.296 seconds
[2024-09-13T02:55:15.399+0000] {processor.py:157} INFO - Started process (PID=1183) to work on /home/airflow/.local/lib/python3.7/site-packages/airflow/example_dags/tutorial_dag.py
[2024-09-13T02:55:15.431+0000] {processor.py:826} INFO - Processing file /home/airflow/.local/lib/python3.7/site-packages/airflow/example_dags/tutorial_dag.py for tasks to queue
[2024-09-13T02:55:15.445+0000] {logging_mixin.py:149} INFO - [2024-09-13T02:55:15.444+0000] {dagbag.py:541} INFO - Filling up the DagBag from /home/airflow/.local/lib/python3.7/site-packages/airflow/example_dags/tutorial_dag.py
[2024-09-13T02:55:15.494+0000] {processor.py:836} INFO - DAG(s) dict_keys(['tutorial_dag']) retrieved from /home/airflow/.local/lib/python3.7/site-packages/airflow/example_dags/tutorial_dag.py
[2024-09-13T02:55:15.587+0000] {logging_mixin.py:149} INFO - [2024-09-13T02:55:15.586+0000] {dag.py:2726} INFO - Sync 1 DAGs
[2024-09-13T02:55:15.686+0000] {logging_mixin.py:149} INFO - [2024-09-13T02:55:15.685+0000] {dag.py:3490} INFO - Setting next_dagrun for tutorial_dag to None, run_after=None
[2024-09-13T02:55:15.743+0000] {processor.py:179} INFO - Processing /home/airflow/.local/lib/python3.7/site-packages/airflow/example_dags/tutorial_dag.py took 0.358 seconds
[2024-09-13T02:55:51.098+0000] {processor.py:157} INFO - Started process (PID=1257) to work on /home/airflow/.local/lib/python3.7/site-packages/airflow/example_dags/tutorial_dag.py
[2024-09-13T02:55:51.103+0000] {processor.py:826} INFO - Processing file /home/airflow/.local/lib/python3.7/site-packages/airflow/example_dags/tutorial_dag.py for tasks to queue
[2024-09-13T02:55:51.110+0000] {logging_mixin.py:149} INFO - [2024-09-13T02:55:51.109+0000] {dagbag.py:541} INFO - Filling up the DagBag from /home/airflow/.local/lib/python3.7/site-packages/airflow/example_dags/tutorial_dag.py
[2024-09-13T02:55:51.130+0000] {processor.py:836} INFO - DAG(s) dict_keys(['tutorial_dag']) retrieved from /home/airflow/.local/lib/python3.7/site-packages/airflow/example_dags/tutorial_dag.py
[2024-09-13T02:55:51.299+0000] {logging_mixin.py:149} INFO - [2024-09-13T02:55:51.298+0000] {dag.py:2726} INFO - Sync 1 DAGs
[2024-09-13T02:55:51.414+0000] {logging_mixin.py:149} INFO - [2024-09-13T02:55:51.413+0000] {dag.py:3490} INFO - Setting next_dagrun for tutorial_dag to None, run_after=None
[2024-09-13T02:55:51.482+0000] {processor.py:179} INFO - Processing /home/airflow/.local/lib/python3.7/site-packages/airflow/example_dags/tutorial_dag.py took 0.400 seconds
[2024-09-13T02:56:25.238+0000] {processor.py:157} INFO - Started process (PID=1326) to work on /home/airflow/.local/lib/python3.7/site-packages/airflow/example_dags/tutorial_dag.py
[2024-09-13T02:56:25.241+0000] {processor.py:826} INFO - Processing file /home/airflow/.local/lib/python3.7/site-packages/airflow/example_dags/tutorial_dag.py for tasks to queue
[2024-09-13T02:56:25.245+0000] {logging_mixin.py:149} INFO - [2024-09-13T02:56:25.245+0000] {dagbag.py:541} INFO - Filling up the DagBag from /home/airflow/.local/lib/python3.7/site-packages/airflow/example_dags/tutorial_dag.py
[2024-09-13T02:56:25.265+0000] {processor.py:836} INFO - DAG(s) dict_keys(['tutorial_dag']) retrieved from /home/airflow/.local/lib/python3.7/site-packages/airflow/example_dags/tutorial_dag.py
[2024-09-13T02:56:25.405+0000] {logging_mixin.py:149} INFO - [2024-09-13T02:56:25.405+0000] {dag.py:2726} INFO - Sync 1 DAGs
[2024-09-13T02:56:25.516+0000] {logging_mixin.py:149} INFO - [2024-09-13T02:56:25.515+0000] {dag.py:3490} INFO - Setting next_dagrun for tutorial_dag to None, run_after=None
[2024-09-13T02:56:25.631+0000] {processor.py:179} INFO - Processing /home/airflow/.local/lib/python3.7/site-packages/airflow/example_dags/tutorial_dag.py took 0.409 seconds
[2024-09-13T02:56:56.394+0000] {processor.py:157} INFO - Started process (PID=1395) to work on /home/airflow/.local/lib/python3.7/site-packages/airflow/example_dags/tutorial_dag.py
[2024-09-13T02:56:56.399+0000] {processor.py:826} INFO - Processing file /home/airflow/.local/lib/python3.7/site-packages/airflow/example_dags/tutorial_dag.py for tasks to queue
[2024-09-13T02:56:56.403+0000] {logging_mixin.py:149} INFO - [2024-09-13T02:56:56.403+0000] {dagbag.py:541} INFO - Filling up the DagBag from /home/airflow/.local/lib/python3.7/site-packages/airflow/example_dags/tutorial_dag.py
[2024-09-13T02:56:56.429+0000] {processor.py:836} INFO - DAG(s) dict_keys(['tutorial_dag']) retrieved from /home/airflow/.local/lib/python3.7/site-packages/airflow/example_dags/tutorial_dag.py
[2024-09-13T02:56:56.503+0000] {logging_mixin.py:149} INFO - [2024-09-13T02:56:56.503+0000] {dag.py:2726} INFO - Sync 1 DAGs
[2024-09-13T02:56:56.571+0000] {logging_mixin.py:149} INFO - [2024-09-13T02:56:56.570+0000] {dag.py:3490} INFO - Setting next_dagrun for tutorial_dag to None, run_after=None
[2024-09-13T02:56:56.615+0000] {processor.py:179} INFO - Processing /home/airflow/.local/lib/python3.7/site-packages/airflow/example_dags/tutorial_dag.py took 0.263 seconds
